[09.26 16:46:20] ┇ INFO     ┇                       chrisbase.data ┇ =========================================================================================================================================
[09.26 16:46:20] ┇ INFO     ┇                       chrisbase.data ┇ [INIT] python /Users/chris/PycharmProjects/WiseData-2023.08/src/chrisdata/cli.py wikidata parse --output-table-reset --input-limit 100000
[09.26 16:46:20] ┇ INFO     ┇                       chrisbase.data ┇ =========================================================================================================================================
[09.26 16:46:20] ┇ INFO     ┇                       chrisbase.data ┇ -----+----------------------+--------------------------------------------------------------------------
[09.26 16:46:20] ┇ INFO     ┇                       chrisbase.data ┇    # | ParseArguments       | value
[09.26 16:46:20] ┇ INFO     ┇                       chrisbase.data ┇ -----+----------------------+--------------------------------------------------------------------------
[09.26 16:46:20] ┇ INFO     ┇                       chrisbase.data ┇    1 | env.project          | WiseData
[09.26 16:46:20] ┇ INFO     ┇                       chrisbase.data ┇    2 | env.job_name         | parse_wikidata
[09.26 16:46:20] ┇ INFO     ┇                       chrisbase.data ┇    3 | env.job_version      |
[09.26 16:46:20] ┇ INFO     ┇                       chrisbase.data ┇    4 | env.hostname         | ChrisBookPro.local
[09.26 16:46:20] ┇ INFO     ┇                       chrisbase.data ┇    5 | env.hostaddr         | 192.168.0.69
[09.26 16:46:20] ┇ INFO     ┇                       chrisbase.data ┇    6 | env.time_stamp       | 0926.164619
[09.26 16:46:20] ┇ INFO     ┇                       chrisbase.data ┇    7 | env.python_path      | /Users/chris/miniforge3/envs/WiseData/bin/python
[09.26 16:46:20] ┇ INFO     ┇                       chrisbase.data ┇    8 | env.current_dir      | /Users/chris/PycharmProjects/WiseData-2023.08/src/chrisdata
[09.26 16:46:20] ┇ INFO     ┇                       chrisbase.data ┇    9 | env.current_file     | /Users/chris/PycharmProjects/WiseData-2023.08/src/chrisdata/cli.py
[09.26 16:46:20] ┇ INFO     ┇                       chrisbase.data ┇   10 | env.working_dir      | /Users/chris/PycharmProjects/WiseData-2023.08
[09.26 16:46:20] ┇ INFO     ┇                       chrisbase.data ┇   11 | env.command_args     | ['wikidata', 'parse', '--output-table-reset', '--input-limit', '100000']
[09.26 16:46:20] ┇ INFO     ┇                       chrisbase.data ┇   12 | env.num_ip_addrs     | 0
[09.26 16:46:20] ┇ INFO     ┇                       chrisbase.data ┇   13 | env.max_workers      | 1
[09.26 16:46:20] ┇ INFO     ┇                       chrisbase.data ┇   14 | env.calling_sec      | 0.001
[09.26 16:46:20] ┇ INFO     ┇                       chrisbase.data ┇   15 | env.waiting_sec      | 300.0
[09.26 16:46:20] ┇ INFO     ┇                       chrisbase.data ┇   16 | env.debugging        | False
[09.26 16:46:20] ┇ INFO     ┇                       chrisbase.data ┇   17 | env.msg_level        | 20
[09.26 16:46:20] ┇ INFO     ┇                       chrisbase.data ┇   18 | env.msg_format       | %(asctime)s ┇ %(levelname)-8s ┇ %(name)36s ┇ %(message)s
[09.26 16:46:20] ┇ INFO     ┇                       chrisbase.data ┇   19 | env.date_format      | [%m.%d %H:%M:%S]
[09.26 16:46:20] ┇ INFO     ┇                       chrisbase.data ┇   20 | env.output_home      | /Users/chris/PycharmProjects/WiseData-2023.08/output/parse_wikidata
[09.26 16:46:20] ┇ INFO     ┇                       chrisbase.data ┇   21 | env.logging_file     | logging-0926.164619.out
[09.26 16:46:20] ┇ INFO     ┇                       chrisbase.data ┇   22 | env.argument_file    |
[09.26 16:46:20] ┇ INFO     ┇                       chrisbase.data ┇   23 | input.start          | 0.0
[09.26 16:46:20] ┇ INFO     ┇                       chrisbase.data ┇   24 | input.limit          | 100000.0
[09.26 16:46:20] ┇ INFO     ┇                       chrisbase.data ┇   25 | input.batch          | 1000.0
[09.26 16:46:20] ┇ INFO     ┇                       chrisbase.data ┇   26 | input.inter          | 10000.0
[09.26 16:46:20] ┇ INFO     ┇                       chrisbase.data ┇   27 | input.data           | nan
[09.26 16:46:20] ┇ INFO     ┇                       chrisbase.data ┇   28 | input.file.name      | wikidata-20230911-all.json.bz2
[09.26 16:46:20] ┇ INFO     ┇                       chrisbase.data ┇   29 | input.file.home      | input/Wikidata
[09.26 16:46:20] ┇ INFO     ┇                       chrisbase.data ┇   30 | input.file.user      |
[09.26 16:46:20] ┇ INFO     ┇                       chrisbase.data ┇   31 | input.file.pswd      |
[09.26 16:46:20] ┇ INFO     ┇                       chrisbase.data ┇   32 | input.file.reset     | False
[09.26 16:46:20] ┇ INFO     ┇                       chrisbase.data ┇   33 | input.file.strict    | True
[09.26 16:46:20] ┇ INFO     ┇                       chrisbase.data ┇   34 | input.file.mode      | rb
[09.26 16:46:20] ┇ INFO     ┇                       chrisbase.data ┇   35 | input.file.encoding  | utf-8
[09.26 16:46:20] ┇ INFO     ┇                       chrisbase.data ┇   36 | output.file.name     | wikidata-20230911-all-parse-ko-en-0926.164619.jsonl
[09.26 16:46:20] ┇ INFO     ┇                       chrisbase.data ┇   37 | output.file.home     | output/Wikidata
[09.26 16:46:20] ┇ INFO     ┇                       chrisbase.data ┇   38 | output.file.user     |
[09.26 16:46:20] ┇ INFO     ┇                       chrisbase.data ┇   39 | output.file.pswd     |
[09.26 16:46:20] ┇ INFO     ┇                       chrisbase.data ┇   40 | output.file.reset    | False
[09.26 16:46:20] ┇ INFO     ┇                       chrisbase.data ┇   41 | output.file.strict   | True
[09.26 16:46:20] ┇ INFO     ┇                       chrisbase.data ┇   42 | output.file.mode     | w
[09.26 16:46:20] ┇ INFO     ┇                       chrisbase.data ┇   43 | output.file.encoding | utf-8
[09.26 16:46:20] ┇ INFO     ┇                       chrisbase.data ┇   44 | output.table.name    | wikidata-20230911-all-parse-ko-en
[09.26 16:46:20] ┇ INFO     ┇                       chrisbase.data ┇   45 | output.table.home    | localhost:6382/Wikidata
[09.26 16:46:20] ┇ INFO     ┇                       chrisbase.data ┇   46 | output.table.user    |
[09.26 16:46:20] ┇ INFO     ┇                       chrisbase.data ┇   47 | output.table.pswd    |
[09.26 16:46:20] ┇ INFO     ┇                       chrisbase.data ┇   48 | output.table.reset   | True
[09.26 16:46:20] ┇ INFO     ┇                       chrisbase.data ┇   49 | output.table.strict  | True
[09.26 16:46:20] ┇ INFO     ┇                       chrisbase.data ┇   50 | output.table.sort    | _id
[09.26 16:46:20] ┇ INFO     ┇                       chrisbase.data ┇   51 | output.table.find    | {}
[09.26 16:46:20] ┇ INFO     ┇                       chrisbase.data ┇   52 | output.table.timeout | 5000
[09.26 16:46:20] ┇ INFO     ┇                       chrisbase.data ┇   53 | filter.lang1         | ko
[09.26 16:46:20] ┇ INFO     ┇                       chrisbase.data ┇   54 | filter.lang2         | en
[09.26 16:46:20] ┇ INFO     ┇                       chrisbase.data ┇   55 | filter.strict        | False
[09.26 16:46:20] ┇ INFO     ┇                       chrisbase.data ┇   56 | filter.truthy        | False
[09.26 16:46:20] ┇ INFO     ┇                       chrisbase.data ┇ -----+----------------------+--------------------------------------------------------------------------
[09.26 16:46:20] ┇ INFO     ┇                       chrisbase.data ┇ Drop an existing table: localhost:6382/Wikidata/wikidata-20230911-all-parse-ko-en
[09.26 16:46:20] ┇ INFO     ┇    chrisdata.wikidata.parse_wikidata ┇ Parse from [input/Wikidata/wikidata-20230911-all.json.bz2] to [localhost:6382/Wikidata/wikidata-20230911-all-parse-ko-en]
[09.26 16:46:20] ┇ INFO     ┇    chrisdata.wikidata.parse_wikidata ┇ - amount: 100 * 1000 (BatchItems)
[09.26 16:46:20] ┇ INFO     ┇    chrisdata.wikidata.parse_wikidata ┇ - filter: lang1=ko, lang2=en, strict=False, truthy=False
[09.26 16:46:43] ┇ INFO     ┇    chrisdata.wikidata.parse_wikidata ┇ =>    parsing:  10%|█████                                             | 10/100 [00:23<03:20,  2.23s/item]
[09.26 16:47:00] ┇ INFO     ┇    chrisdata.wikidata.parse_wikidata ┇ =>    parsing:  20%|██████████                                        | 20/100 [00:40<02:22,  1.79s/item]
[09.26 16:47:18] ┇ INFO     ┇    chrisdata.wikidata.parse_wikidata ┇ =>    parsing:  30%|███████████████                                   | 30/100 [00:57<01:48,  1.56s/item]
[09.26 16:47:34] ┇ INFO     ┇    chrisdata.wikidata.parse_wikidata ┇ =>    parsing:  40%|████████████████████                              | 40/100 [01:13<01:34,  1.58s/item]
[09.26 16:47:46] ┇ INFO     ┇    chrisdata.wikidata.parse_wikidata ┇ =>    parsing:  50%|█████████████████████████                         | 50/100 [01:26<01:00,  1.20s/item]
[09.26 16:48:01] ┇ INFO     ┇    chrisdata.wikidata.parse_wikidata ┇ =>    parsing:  60%|██████████████████████████████                    | 60/100 [01:41<01:01,  1.55s/item]
[09.26 16:48:14] ┇ INFO     ┇    chrisdata.wikidata.parse_wikidata ┇ =>    parsing:  70%|███████████████████████████████████               | 70/100 [01:54<00:37,  1.26s/item]
[09.26 16:48:27] ┇ INFO     ┇    chrisdata.wikidata.parse_wikidata ┇ =>    parsing:  80%|████████████████████████████████████████          | 80/100 [02:07<00:25,  1.29s/item]
[09.26 16:48:39] ┇ INFO     ┇    chrisdata.wikidata.parse_wikidata ┇ =>    parsing:  90%|█████████████████████████████████████████████     | 90/100 [02:19<00:11,  1.13s/item]
[09.26 16:48:49] ┇ INFO     ┇    chrisdata.wikidata.parse_wikidata ┇ =>    parsing: 100%|██████████████████████████████████████████████████| 100/100 [02:29<00:00,  1.10s/item]
[09.26 16:49:05] ┇ INFO     ┇    chrisdata.wikidata.parse_wikidata ┇ =>  exporting: 100%|██████████████████████████████████████████████████| 100000/100000 [00:16<00:00, 7976.41row/s]
[09.26 16:49:05] ┇ INFO     ┇    chrisdata.wikidata.parse_wikidata ┇ Export 100000/105485440 rows to [output/Wikidata/wikidata-20230911-all-parse-ko-en-0926.164619.jsonl]
[09.26 16:49:06] ┇ INFO     ┇                       chrisbase.data ┇ =========================================================================================================================================
[09.26 16:49:06] ┇ INFO     ┇                       chrisbase.data ┇ [EXIT] python /Users/chris/PycharmProjects/WiseData-2023.08/src/chrisdata/cli.py wikidata parse --output-table-reset --input-limit 100000 ($=00:02:45.702)
[09.26 16:49:06] ┇ INFO     ┇                       chrisbase.data ┇ =========================================================================================================================================
