[09.26 19:56:05] ┇ INFO     ┇ =========================================================================================================================================
[09.26 19:56:05] ┇ INFO     ┇ [INIT] python /Users/chris/PycharmProjects/WiseData-2023.08/src/chrisdata/cli.py wikidata parse --output-table-reset --input-limit 100000
[09.26 19:56:05] ┇ INFO     ┇ =========================================================================================================================================
[09.26 19:56:05] ┇ INFO     ┇ -----+-----------------------+--------------------------------------------------------------------------
[09.26 19:56:05] ┇ INFO     ┇    # | IOArguments           | value
[09.26 19:56:05] ┇ INFO     ┇ -----+-----------------------+--------------------------------------------------------------------------
[09.26 19:56:05] ┇ INFO     ┇    1 | tag                   |
[09.26 19:56:05] ┇ INFO     ┇    2 | env.project           | WiseData
[09.26 19:56:05] ┇ INFO     ┇    3 | env.job_name          | parse_wikidata
[09.26 19:56:05] ┇ INFO     ┇    4 | env.job_version       |
[09.26 19:56:05] ┇ INFO     ┇    5 | env.hostname          | ChrisBookPro.local
[09.26 19:56:05] ┇ INFO     ┇    6 | env.hostaddr          | 192.168.0.69
[09.26 19:56:05] ┇ INFO     ┇    7 | env.time_stamp        | 0926.195605
[09.26 19:56:05] ┇ INFO     ┇    8 | env.python_path       | /Users/chris/miniforge3/envs/WiseData/bin/python
[09.26 19:56:05] ┇ INFO     ┇    9 | env.current_dir       | /Users/chris/PycharmProjects/WiseData-2023.08/src/chrisdata
[09.26 19:56:05] ┇ INFO     ┇   10 | env.current_file      | /Users/chris/PycharmProjects/WiseData-2023.08/src/chrisdata/cli.py
[09.26 19:56:05] ┇ INFO     ┇   11 | env.working_dir       | /Users/chris/PycharmProjects/WiseData-2023.08
[09.26 19:56:05] ┇ INFO     ┇   12 | env.command_args      | ['wikidata', 'parse', '--output-table-reset', '--input-limit', '100000']
[09.26 19:56:05] ┇ INFO     ┇   13 | env.num_ip_addrs      | 0
[09.26 19:56:05] ┇ INFO     ┇   14 | env.max_workers       | 1
[09.26 19:56:05] ┇ INFO     ┇   15 | env.calling_sec       | 0.001
[09.26 19:56:05] ┇ INFO     ┇   16 | env.waiting_sec       | 300.0
[09.26 19:56:05] ┇ INFO     ┇   17 | env.debugging         | False
[09.26 19:56:05] ┇ INFO     ┇   18 | env.logging_home      | /Users/chris/PycharmProjects/WiseData-2023.08/output/parse_wikidata
[09.26 19:56:05] ┇ INFO     ┇   19 | env.logging_file      | logging-0926.195605.out
[09.26 19:56:05] ┇ INFO     ┇   20 | env.argument_file     |
[09.26 19:56:05] ┇ INFO     ┇   21 | env.date_format       | [%m.%d %H:%M:%S]
[09.26 19:56:05] ┇ INFO     ┇   22 | env.message_level     | 20
[09.26 19:56:05] ┇ INFO     ┇   23 | env.message_format    | %(asctime)s ┇ %(levelname)-8s ┇ %(message)s
[09.26 19:56:05] ┇ INFO     ┇   24 | time.started          | [09.26 19:56:05]
[09.26 19:56:05] ┇ INFO     ┇   25 | time.settled          |
[09.26 19:56:05] ┇ INFO     ┇   26 | time.elapsed          |
[09.26 19:56:05] ┇ INFO     ┇   27 | input.start           | 0.0
[09.26 19:56:05] ┇ INFO     ┇   28 | input.limit           | 100000.0
[09.26 19:56:05] ┇ INFO     ┇   29 | input.batch           | 1000.0
[09.26 19:56:05] ┇ INFO     ┇   30 | input.inter           | 10000.0
[09.26 19:56:05] ┇ INFO     ┇   31 | input.total           | 105485440.0
[09.26 19:56:05] ┇ INFO     ┇   32 | input.data            | nan
[09.26 19:56:05] ┇ INFO     ┇   33 | input.file.name       | wikidata-20230911-all.json.bz2
[09.26 19:56:05] ┇ INFO     ┇   34 | input.file.home       | input/Wikidata
[09.26 19:56:05] ┇ INFO     ┇   35 | input.file.user       |
[09.26 19:56:05] ┇ INFO     ┇   36 | input.file.pswd       |
[09.26 19:56:05] ┇ INFO     ┇   37 | input.file.reset      | False
[09.26 19:56:05] ┇ INFO     ┇   38 | input.file.required   | True
[09.26 19:56:05] ┇ INFO     ┇   39 | input.file.mode       | rb
[09.26 19:56:05] ┇ INFO     ┇   40 | input.file.encoding   | utf-8
[09.26 19:56:05] ┇ INFO     ┇   41 | output.file.name      | wikidata-20230911-all-parse-ko-en-0926.195605.jsonl
[09.26 19:56:05] ┇ INFO     ┇   42 | output.file.home      | output/Wikidata
[09.26 19:56:05] ┇ INFO     ┇   43 | output.file.user      |
[09.26 19:56:05] ┇ INFO     ┇   44 | output.file.pswd      |
[09.26 19:56:05] ┇ INFO     ┇   45 | output.file.reset     | False
[09.26 19:56:05] ┇ INFO     ┇   46 | output.file.required  | True
[09.26 19:56:05] ┇ INFO     ┇   47 | output.file.mode      | w
[09.26 19:56:05] ┇ INFO     ┇   48 | output.file.encoding  | utf-8
[09.26 19:56:05] ┇ INFO     ┇   49 | output.table.name     | wikidata-20230911-all-parse-ko-en
[09.26 19:56:05] ┇ INFO     ┇   50 | output.table.home     | localhost:8800/Wikidata
[09.26 19:56:05] ┇ INFO     ┇   51 | output.table.user     |
[09.26 19:56:05] ┇ INFO     ┇   52 | output.table.pswd     |
[09.26 19:56:05] ┇ INFO     ┇   53 | output.table.reset    | True
[09.26 19:56:05] ┇ INFO     ┇   54 | output.table.required | True
[09.26 19:56:05] ┇ INFO     ┇   55 | output.table.sort     | _id
[09.26 19:56:05] ┇ INFO     ┇   56 | output.table.find     | {}
[09.26 19:56:05] ┇ INFO     ┇   57 | output.table.timeout  | 5000
[09.26 19:56:05] ┇ INFO     ┇   58 | option.processor      | parse_many1
[09.26 19:56:05] ┇ INFO     ┇   59 | option.lang1          | ko
[09.26 19:56:05] ┇ INFO     ┇   60 | option.lang2          | en
[09.26 19:56:05] ┇ INFO     ┇   61 | option.filter         | False
[09.26 19:56:05] ┇ INFO     ┇   62 | option.truthy         | False
[09.26 19:56:05] ┇ INFO     ┇ -----+-----------------------+--------------------------------------------------------------------------
[09.26 19:56:05] ┇ INFO     ┇ Drop an existing table: localhost:8800/Wikidata/wikidata-20230911-all-parse-ko-en
[09.26 19:56:05] ┇ INFO     ┇ Parse from [input/Wikidata/wikidata-20230911-all.json.bz2] to [localhost:8800/Wikidata/wikidata-20230911-all-parse-ko-en]
[09.26 19:56:05] ┇ INFO     ┇ - [input] total=105485440 | start=0 | limit=100000 | BatchItems=100x1000ea
[09.26 19:56:05] ┇ INFO     ┇ - [output] table.reset=True | table.timeout=5000
[09.26 19:56:05] ┇ INFO     ┇ - [option] processor=parse_many1 | lang1=ko | lang2=en | filter=False | truthy=False
[09.26 19:56:30] ┇ INFO     ┇ =>    parsing:  10%|█████                                             | 10/100 [00:24<03:17,  2.19s/item]
[09.26 19:56:46] ┇ INFO     ┇ =>    parsing:  20%|██████████                                        | 20/100 [00:40<02:19,  1.75s/item]
[09.26 19:57:03] ┇ INFO     ┇ =>    parsing:  30%|███████████████                                   | 30/100 [00:57<01:45,  1.50s/item]
[09.26 19:57:18] ┇ INFO     ┇ =>    parsing:  40%|████████████████████                              | 40/100 [01:12<01:31,  1.52s/item]
[09.26 19:57:30] ┇ INFO     ┇ =>    parsing:  50%|█████████████████████████                         | 50/100 [01:24<00:59,  1.19s/item]
[09.26 19:57:45] ┇ INFO     ┇ =>    parsing:  60%|██████████████████████████████                    | 60/100 [01:39<01:00,  1.51s/item]
[09.26 19:57:58] ┇ INFO     ┇ =>    parsing:  70%|███████████████████████████████████               | 70/100 [01:52<00:36,  1.23s/item]
[09.26 19:58:10] ┇ INFO     ┇ =>    parsing:  80%|████████████████████████████████████████          | 80/100 [02:04<00:25,  1.26s/item]
[09.26 19:58:22] ┇ INFO     ┇ =>    parsing:  90%|█████████████████████████████████████████████     | 90/100 [02:16<00:10,  1.09s/item]
[09.26 19:58:32] ┇ INFO     ┇ =>    parsing: 100%|██████████████████████████████████████████████████| 100/100 [02:26<00:00,  1.05s/item]
[09.26 19:58:47] ┇ INFO     ┇ =>  exporting: 100%|██████████████████████████████████████████████████| 100000/100000 [00:15<00:00, 7352.84row/s]
[09.26 19:58:47] ┇ INFO     ┇ Export 100000/105485440 rows to [output/Wikidata/wikidata-20230911-all-parse-ko-en-0926.195605.jsonl]
[09.26 19:58:47] ┇ INFO     ┇ =========================================================================================================================================
[09.26 19:58:47] ┇ INFO     ┇ [EXIT] python /Users/chris/PycharmProjects/WiseData-2023.08/src/chrisdata/cli.py wikidata parse --output-table-reset --input-limit 100000 ($=00:02:41.829)
[09.26 19:58:47] ┇ INFO     ┇ =========================================================================================================================================
