[10.06 05:51:40] ┇ INFO     ┇                       chrisbase.data ┇ =========================================================================================================================================
[10.06 05:51:40] ┇ INFO     ┇                       chrisbase.data ┇ [INIT] python index_wikipedia.py 
[10.06 05:51:40] ┇ INFO     ┇                       chrisbase.data ┇ =========================================================================================================================================
[10.06 05:51:40] ┇ INFO     ┇                       chrisbase.data ┇ -----+----------------------+----------------------------------------------------------
[10.06 05:51:40] ┇ INFO     ┇                       chrisbase.data ┇    # | IndexArguments       | value
[10.06 05:51:40] ┇ INFO     ┇                       chrisbase.data ┇ -----+----------------------+----------------------------------------------------------
[10.06 05:51:40] ┇ INFO     ┇                       chrisbase.data ┇    1 | env.project          | WiseData
[10.06 05:51:40] ┇ INFO     ┇                       chrisbase.data ┇    2 | env.job_name         | index_wikipedia
[10.06 05:51:40] ┇ INFO     ┇                       chrisbase.data ┇    3 | env.hostname         | chrisBookPro.local
[10.06 05:51:40] ┇ INFO     ┇                       chrisbase.data ┇    4 | env.hostaddr         | 192.168.0.2
[10.06 05:51:40] ┇ INFO     ┇                       chrisbase.data ┇    5 | env.python_path      | /Users/chris/miniforge3/envs/WiseData-2023.08/bin/python
[10.06 05:51:40] ┇ INFO     ┇                       chrisbase.data ┇    6 | env.working_path     | /Users/chris/proj/WiseData-2023.08
[10.06 05:51:40] ┇ INFO     ┇                       chrisbase.data ┇    7 | env.running_file     | index_wikipedia.py
[10.06 05:51:40] ┇ INFO     ┇                       chrisbase.data ┇    8 | env.command_args     | []
[10.06 05:51:40] ┇ INFO     ┇                       chrisbase.data ┇    9 | env.num_ip_addrs     | 0
[10.06 05:51:40] ┇ INFO     ┇                       chrisbase.data ┇   10 | env.max_workers      | 1
[10.06 05:51:40] ┇ INFO     ┇                       chrisbase.data ┇   11 | env.output_home      | output-index_wikipedia
[10.06 05:51:40] ┇ INFO     ┇                       chrisbase.data ┇   12 | env.logging_file     | logging-1006.055139.out
[10.06 05:51:40] ┇ INFO     ┇                       chrisbase.data ┇   13 | env.argument_file    | arguments-1006.055139.json
[10.06 05:51:40] ┇ INFO     ┇                       chrisbase.data ┇   14 | env.debugging        | False
[10.06 05:51:40] ┇ INFO     ┇                       chrisbase.data ┇   15 | env.msg_level        | 20
[10.06 05:51:40] ┇ INFO     ┇                       chrisbase.data ┇   16 | env.msg_format       | %(asctime)s ┇ %(levelname)-8s ┇ %(name)36s ┇ %(message)s
[10.06 05:51:40] ┇ INFO     ┇                       chrisbase.data ┇   17 | env.date_format      | [%m.%d %H:%M:%S]
[10.06 05:51:40] ┇ INFO     ┇                       chrisbase.data ┇   18 | env.time_stamp       | 1006.055139
[10.06 05:51:40] ┇ INFO     ┇                       chrisbase.data ┇   19 | input.start          | 0
[10.06 05:51:40] ┇ INFO     ┇                       chrisbase.data ┇   20 | input.limit          | -1
[10.06 05:51:40] ┇ INFO     ┇                       chrisbase.data ┇   21 | input.batch          | 10000
[10.06 05:51:40] ┇ INFO     ┇                       chrisbase.data ┇   22 | input.inter          | 100000
[10.06 05:51:40] ┇ INFO     ┇                       chrisbase.data ┇   23 | input.total          | 2013506
[10.06 05:51:40] ┇ INFO     ┇                       chrisbase.data ┇   24 | input.file.home      | input/wikimedia
[10.06 05:51:40] ┇ INFO     ┇                       chrisbase.data ┇   25 | input.file.name      | wikipedia-20230920-parse-kowiki.jsonl
[10.06 05:51:40] ┇ INFO     ┇                       chrisbase.data ┇   26 | input.file.mode      | rb
[10.06 05:51:40] ┇ INFO     ┇                       chrisbase.data ┇   27 | input.file.strict    | False
[10.06 05:51:40] ┇ INFO     ┇                       chrisbase.data ┇   28 | input.file.encoding  | utf-8
[10.06 05:51:40] ┇ INFO     ┇                       chrisbase.data ┇   29 | input.table.home     | localhost:6382/wikimedia
[10.06 05:51:40] ┇ INFO     ┇                       chrisbase.data ┇   30 | input.table.name     | wikipedia-20230920-parse-kowiki
[10.06 05:51:40] ┇ INFO     ┇                       chrisbase.data ┇   31 | input.table.sort     | _id
[10.06 05:51:40] ┇ INFO     ┇                       chrisbase.data ┇   32 | input.table.find     | {}
[10.06 05:51:40] ┇ INFO     ┇                       chrisbase.data ┇   33 | input.table.reset    | False
[10.06 05:51:40] ┇ INFO     ┇                       chrisbase.data ┇   34 | input.table.strict   | False
[10.06 05:51:40] ┇ INFO     ┇                       chrisbase.data ┇   35 | input.table.timeout  | 5000
[10.06 05:51:40] ┇ INFO     ┇                       chrisbase.data ┇   36 | output.index.home    | localhost:9810
[10.06 05:51:40] ┇ INFO     ┇                       chrisbase.data ┇   37 | output.index.name    | wikipedia-20230920-index-kowiki
[10.06 05:51:40] ┇ INFO     ┇                       chrisbase.data ┇   38 | output.index.user    | elastic
[10.06 05:51:40] ┇ INFO     ┇                       chrisbase.data ┇   39 | output.index.pswd    | cIrEP5OCwTLn0QIQwnsA
[10.06 05:51:40] ┇ INFO     ┇                       chrisbase.data ┇   40 | output.index.reset   | True
[10.06 05:51:40] ┇ INFO     ┇                       chrisbase.data ┇   41 | output.index.strict  | False
[10.06 05:51:40] ┇ INFO     ┇                       chrisbase.data ┇   42 | output.index.timeout | 10
[10.06 05:51:40] ┇ INFO     ┇                       chrisbase.data ┇   43 | output.index.retrial | 3
[10.06 05:51:40] ┇ INFO     ┇                       chrisbase.data ┇   44 | output.index.create  | input/wikimedia/wikipedia-index_create_args.json
[10.06 05:51:40] ┇ INFO     ┇                       chrisbase.data ┇ -----+----------------------+----------------------------------------------------------
[10.06 05:51:40] ┇ INFO     ┇                       chrisbase.data ┇ Drop an existing index: elastic@localhost:9810/wikipedia-20230920-index-kowiki
[10.06 05:51:41] ┇ INFO     ┇                       chrisbase.data ┇ Created a new index: elastic@localhost:9810/wikipedia-20230920-index-kowiki
[10.06 05:51:41] ┇ INFO     ┇                       chrisbase.data ┇ - option: keys=['settings', 'mappings']
[10.06 05:51:41] ┇ INFO     ┇                             __main__ ┇ Index from [localhost:6382/wikimedia/wikipedia-20230920-parse-kowiki] to [elastic@localhost:9810/wikipedia-20230920-index-kowiki]
[10.06 05:51:41] ┇ INFO     ┇                             __main__ ┇ - amount: inputs=2013506, batches=202
[10.06 05:51:46] ┇ INFO     ┇                             __main__ ┇ *   indexing:   5%|██▍                                               | 10/202 [00:04<01:28,  2.18batch/s]
[10.06 05:51:50] ┇ INFO     ┇                             __main__ ┇ *   indexing:  10%|████▉                                             | 20/202 [00:09<01:22,  2.20batch/s]
[10.06 05:51:55] ┇ INFO     ┇                             __main__ ┇ *   indexing:  15%|███████▍                                          | 30/202 [00:14<01:21,  2.11batch/s]
[10.06 05:52:00] ┇ INFO     ┇                             __main__ ┇ *   indexing:  20%|█████████▉                                        | 40/202 [00:18<01:13,  2.20batch/s]
[10.06 05:52:04] ┇ INFO     ┇                             __main__ ┇ *   indexing:  25%|████████████▍                                     | 50/202 [00:23<01:10,  2.14batch/s]
[10.06 05:52:09] ┇ INFO     ┇                             __main__ ┇ *   indexing:  30%|██████████████▊                                   | 60/202 [00:27<01:05,  2.18batch/s]
[10.06 05:52:14] ┇ INFO     ┇                             __main__ ┇ *   indexing:  35%|█████████████████▎                                | 70/202 [00:32<01:01,  2.16batch/s]
[10.06 05:52:18] ┇ INFO     ┇                             __main__ ┇ *   indexing:  40%|███████████████████▊                              | 80/202 [00:37<00:57,  2.13batch/s]
[10.06 05:52:23] ┇ INFO     ┇                             __main__ ┇ *   indexing:  45%|██████████████████████▎                           | 90/202 [00:41<00:49,  2.26batch/s]
[10.06 05:52:27] ┇ INFO     ┇                             __main__ ┇ *   indexing:  50%|████████████████████████▊                         | 100/202 [00:46<00:43,  2.36batch/s]
[10.06 05:52:31] ┇ INFO     ┇                             __main__ ┇ *   indexing:  54%|███████████████████████████▏                      | 110/202 [00:50<00:41,  2.20batch/s]
[10.06 05:52:36] ┇ INFO     ┇                             __main__ ┇ *   indexing:  59%|█████████████████████████████▋                    | 120/202 [00:54<00:36,  2.27batch/s]
[10.06 05:52:40] ┇ INFO     ┇                             __main__ ┇ *   indexing:  64%|████████████████████████████████▏                 | 130/202 [00:59<00:31,  2.29batch/s]
[10.06 05:52:45] ┇ INFO     ┇                             __main__ ┇ *   indexing:  69%|██████████████████████████████████▋               | 140/202 [01:03<00:28,  2.17batch/s]
[10.06 05:52:49] ┇ INFO     ┇                             __main__ ┇ *   indexing:  74%|█████████████████████████████████████▏            | 150/202 [01:08<00:25,  2.07batch/s]
[10.06 05:52:54] ┇ INFO     ┇                             __main__ ┇ *   indexing:  79%|███████████████████████████████████████▌          | 160/202 [01:13<00:20,  2.05batch/s]
[10.06 05:52:59] ┇ INFO     ┇                             __main__ ┇ *   indexing:  84%|██████████████████████████████████████████        | 170/202 [01:17<00:14,  2.26batch/s]
[10.06 05:53:03] ┇ INFO     ┇                             __main__ ┇ *   indexing:  89%|████████████████████████████████████████████▌     | 180/202 [01:21<00:09,  2.24batch/s]
[10.06 05:53:07] ┇ INFO     ┇                             __main__ ┇ *   indexing:  94%|███████████████████████████████████████████████   | 190/202 [01:26<00:05,  2.32batch/s]
[10.06 05:53:12] ┇ INFO     ┇                             __main__ ┇ *   indexing:  99%|█████████████████████████████████████████████████▌| 200/202 [01:30<00:00,  2.22batch/s]
[10.06 05:53:12] ┇ INFO     ┇                             __main__ ┇ *   indexing: 100%|█████████████████████████████████████████████████▊| 201/202 [01:31<00:00,  2.20batch/s]
[10.06 05:53:18] ┇ INFO     ┇                       chrisbase.data ┇ -----------------------------------------------------------------------------------------------------------------------------------------
[10.06 05:53:18] ┇ INFO     ┇                       chrisbase.data ┇ health status index                           uuid                   pri rep docs.count docs.deleted store.size pri.store.size
[10.06 05:53:18] ┇ INFO     ┇                       chrisbase.data ┇ yellow open   wikipedia-20230920-index-kowiki GJSnoTExQKidtNZkajwznw   1   1    2009658            0      1.4gb          1.4gb
[10.06 05:53:18] ┇ INFO     ┇                       chrisbase.data ┇ -----------------------------------------------------------------------------------------------------------------------------------------
[10.06 05:53:18] ┇ INFO     ┇                             __main__ ┇ Indexed 2009658 documents to [elastic@localhost:9810/wikipedia-20230920-index-kowiki]
[10.06 05:53:18] ┇ INFO     ┇                       chrisbase.data ┇ =========================================================================================================================================
[10.06 05:53:18] ┇ INFO     ┇                       chrisbase.data ┇ [EXIT] python index_wikipedia.py  ($=00:01:37.503)
[10.06 05:53:18] ┇ INFO     ┇                       chrisbase.data ┇ =========================================================================================================================================
