[10.03 18:02:00] ┇ INFO     ┇                       chrisbase.data ┇ =========================================================================================================================================
[10.03 18:02:00] ┇ INFO     ┇                       chrisbase.data ┇ [INIT] python index_wikipedia.py 
[10.03 18:02:00] ┇ INFO     ┇                       chrisbase.data ┇ =========================================================================================================================================
[10.03 18:02:01] ┇ INFO     ┇                       chrisbase.data ┇ -----+--------------------+---------------------------------------------------------------------------------------------------------------------------------------------------------------------------------------------------------------------------------------------------------------------------------------------------------------------------------------------------------------------------------------------------------------------------------------------------------------------
[10.03 18:02:01] ┇ INFO     ┇                       chrisbase.data ┇    # | ProgramArguments   | value
[10.03 18:02:01] ┇ INFO     ┇                       chrisbase.data ┇ -----+--------------------+---------------------------------------------------------------------------------------------------------------------------------------------------------------------------------------------------------------------------------------------------------------------------------------------------------------------------------------------------------------------------------------------------------------------------------------------------------------------
[10.03 18:02:01] ┇ INFO     ┇                       chrisbase.data ┇    1 | time.started       | [10.03 18:02:01]
[10.03 18:02:01] ┇ INFO     ┇                       chrisbase.data ┇    2 | time.settled       |
[10.03 18:02:01] ┇ INFO     ┇                       chrisbase.data ┇    3 | time.elapsed       |
[10.03 18:02:01] ┇ INFO     ┇                       chrisbase.data ┇    4 | env.project        | WiseData
[10.03 18:02:01] ┇ INFO     ┇                       chrisbase.data ┇    5 | env.job_name       | index_wikipedia
[10.03 18:02:01] ┇ INFO     ┇                       chrisbase.data ┇    6 | env.hostname       | chrisBookPro.local
[10.03 18:02:01] ┇ INFO     ┇                       chrisbase.data ┇    7 | env.hostaddr       | 192.168.0.41
[10.03 18:02:01] ┇ INFO     ┇                       chrisbase.data ┇    8 | env.python_path    | /Users/chris/miniforge3/envs/WiseData-2023.08/bin/python
[10.03 18:02:01] ┇ INFO     ┇                       chrisbase.data ┇    9 | env.working_path   | /Users/chris/proj/WiseData-2023.08
[10.03 18:02:01] ┇ INFO     ┇                       chrisbase.data ┇   10 | env.running_file   | index_wikipedia.py
[10.03 18:02:01] ┇ INFO     ┇                       chrisbase.data ┇   11 | env.command_args   | []
[10.03 18:02:01] ┇ INFO     ┇                       chrisbase.data ┇   12 | env.num_ip_addrs   | 0
[10.03 18:02:01] ┇ INFO     ┇                       chrisbase.data ┇   13 | env.max_workers    | 1
[10.03 18:02:01] ┇ INFO     ┇                       chrisbase.data ┇   14 | env.output_home    | output-index_wikipedia
[10.03 18:02:01] ┇ INFO     ┇                       chrisbase.data ┇   15 | env.logging_file   | logging-1003.180159.out
[10.03 18:02:01] ┇ INFO     ┇                       chrisbase.data ┇   16 | env.argument_file  | arguments-1003.180159.json
[10.03 18:02:01] ┇ INFO     ┇                       chrisbase.data ┇   17 | env.debugging      | False
[10.03 18:02:01] ┇ INFO     ┇                       chrisbase.data ┇   18 | env.msg_level      | 20
[10.03 18:02:01] ┇ INFO     ┇                       chrisbase.data ┇   19 | env.msg_format     | %(asctime)s ┇ %(levelname)-8s ┇ %(name)36s ┇ %(message)s
[10.03 18:02:01] ┇ INFO     ┇                       chrisbase.data ┇   20 | env.date_format    | [%m.%d %H:%M:%S]
[10.03 18:02:01] ┇ INFO     ┇                       chrisbase.data ┇   21 | env.time_stamp     | 1003.180159
[10.03 18:02:01] ┇ INFO     ┇                       chrisbase.data ┇   22 | data.home          | input/Wikidata-parse
[10.03 18:02:01] ┇ INFO     ┇                       chrisbase.data ┇   23 | data.name          | Wikipedia-20230920-parse-kowiki.jsonl.bz2
[10.03 18:02:01] ┇ INFO     ┇                       chrisbase.data ┇   24 | data.total         | 9740173
[10.03 18:02:01] ┇ INFO     ┇                       chrisbase.data ┇   25 | data.start         | 0
[10.03 18:02:01] ┇ INFO     ┇                       chrisbase.data ┇   26 | data.limit         | -1
[10.03 18:02:01] ┇ INFO     ┇                       chrisbase.data ┇   27 | data.batch         | 10000
[10.03 18:02:01] ┇ INFO     ┇                       chrisbase.data ┇   28 | data.from_table    | True
[10.03 18:02:01] ┇ INFO     ┇                       chrisbase.data ┇   29 | data.prog_interval | 100000
[10.03 18:02:01] ┇ INFO     ┇                       chrisbase.data ┇   30 | index.host         | localhost:9810
[10.03 18:02:01] ┇ INFO     ┇                       chrisbase.data ┇   31 | index.user         | elastic
[10.03 18:02:01] ┇ INFO     ┇                       chrisbase.data ┇   32 | index.pswd         | cIrEP5OCwTLn0QIQwnsA
[10.03 18:02:01] ┇ INFO     ┇                       chrisbase.data ┇   33 | index.name         | wikipedia-20230920-index-kowiki
[10.03 18:02:01] ┇ INFO     ┇                       chrisbase.data ┇   34 | index.create_opt   | {'settings': {'index': {'number_of_shards': 1, 'blocks': {'read_only_allow_delete': 'false'}}, 'analysis': {'analyzer': {'bigram_analyzer': {'tokenizer': 'bigram_tokenizer'}}, 'tokenizer': {'bigram_tokenizer': {'type': 'ngram', 'min_gram': 2, 'max_gram': 2}}}}, 'mappings': {'properties': {'title': {'type': 'keyword'}, 'subtitle1': {'type': 'keyword'}, 'subtitle2': {'type': 'keyword'}, 'body_text': {'type': 'text', 'analyzer': 'bigram_analyzer'}}}}
[10.03 18:02:01] ┇ INFO     ┇                       chrisbase.data ┇   35 | other              |
[10.03 18:02:01] ┇ INFO     ┇                       chrisbase.data ┇ -----+--------------------+---------------------------------------------------------------------------------------------------------------------------------------------------------------------------------------------------------------------------------------------------------------------------------------------------------------------------------------------------------------------------------------------------------------------------------------------------------------------
[10.03 18:02:01] ┇ INFO     ┇                             __main__ ┇ Use database table: localhost:6382/WiseData/Wikipedia-20230920-parse-kowiki
[10.03 18:02:02] ┇ INFO     ┇                             __main__ ┇ Index 9740173 inputs with 975 batches to elastic@localhost:9810/wikipedia-20230920-index-kowiki
[10.03 18:02:02] ┇ INFO     ┇                             __main__ ┇ Delete an existing index: elastic@localhost:9810/wikipedia-20230920-index-kowiki
[10.03 18:02:02] ┇ INFO     ┇                             __main__ ┇ Created a new index: elastic@localhost:9810/wikipedia-20230920-index-kowiki
[10.03 18:02:04] ┇ INFO     ┇                             __main__ ┇ *   indexing:   1%|▌                                                 | 10/975 [00:02<03:49,  4.20batch/s]
[10.03 18:02:07] ┇ INFO     ┇                             __main__ ┇ *   indexing:   2%|█                                                 | 20/975 [00:05<04:16,  3.72batch/s]
[10.03 18:02:10] ┇ INFO     ┇                             __main__ ┇ *   indexing:   3%|█▌                                                | 30/975 [00:08<04:33,  3.46batch/s]
[10.03 18:02:13] ┇ INFO     ┇                             __main__ ┇ *   indexing:   4%|██                                                | 40/975 [00:10<03:58,  3.92batch/s]
[10.03 18:02:15] ┇ INFO     ┇                             __main__ ┇ *   indexing:   5%|██▌                                               | 50/975 [00:13<04:02,  3.81batch/s]
[10.03 18:02:18] ┇ INFO     ┇                             __main__ ┇ *   indexing:   6%|███                                               | 60/975 [00:16<04:05,  3.73batch/s]
[10.03 18:02:21] ┇ INFO     ┇                             __main__ ┇ *   indexing:   7%|███▌                                              | 70/975 [00:19<04:17,  3.51batch/s]
[10.03 18:02:24] ┇ INFO     ┇                             __main__ ┇ *   indexing:   8%|████                                              | 80/975 [00:22<04:45,  3.14batch/s]
[10.03 18:02:27] ┇ INFO     ┇                             __main__ ┇ *   indexing:   9%|████▌                                             | 90/975 [00:25<04:09,  3.54batch/s]
[10.03 18:02:30] ┇ INFO     ┇                             __main__ ┇ *   indexing:  10%|█████▏                                            | 100/975 [00:28<04:26,  3.28batch/s]
[10.03 18:02:33] ┇ INFO     ┇                             __main__ ┇ *   indexing:  11%|█████▋                                            | 110/975 [00:31<04:30,  3.19batch/s]
[10.03 18:02:36] ┇ INFO     ┇                             __main__ ┇ *   indexing:  12%|██████▏                                           | 120/975 [00:34<03:49,  3.73batch/s]
[10.03 18:02:39] ┇ INFO     ┇                             __main__ ┇ *   indexing:  13%|██████▋                                           | 130/975 [00:37<04:23,  3.21batch/s]
[10.03 18:02:42] ┇ INFO     ┇                             __main__ ┇ *   indexing:  14%|███████▏                                          | 140/975 [00:40<04:20,  3.20batch/s]
[10.03 18:02:45] ┇ INFO     ┇                             __main__ ┇ *   indexing:  15%|███████▋                                          | 150/975 [00:43<04:03,  3.38batch/s]
[10.03 18:02:48] ┇ INFO     ┇                             __main__ ┇ *   indexing:  16%|████████▏                                         | 160/975 [00:45<03:55,  3.46batch/s]
[10.03 18:02:50] ┇ INFO     ┇                             __main__ ┇ *   indexing:  17%|████████▋                                         | 170/975 [00:48<03:33,  3.77batch/s]
[10.03 18:02:53] ┇ INFO     ┇                             __main__ ┇ *   indexing:  18%|█████████▏                                        | 180/975 [00:51<03:44,  3.55batch/s]
[10.03 18:02:56] ┇ INFO     ┇                             __main__ ┇ *   indexing:  19%|█████████▋                                        | 190/975 [00:54<03:45,  3.49batch/s]
[10.03 18:02:59] ┇ INFO     ┇                             __main__ ┇ *   indexing:  21%|██████████▎                                       | 200/975 [00:57<03:49,  3.38batch/s]
[10.03 18:03:02] ┇ INFO     ┇                             __main__ ┇ *   indexing:  22%|██████████▊                                       | 210/975 [01:00<03:44,  3.41batch/s]
[10.03 18:03:05] ┇ INFO     ┇                             __main__ ┇ *   indexing:  23%|███████████▎                                      | 220/975 [01:03<03:47,  3.32batch/s]
[10.03 18:03:08] ┇ INFO     ┇                             __main__ ┇ *   indexing:  24%|███████████▊                                      | 230/975 [01:06<03:47,  3.27batch/s]
[10.03 18:03:10] ┇ INFO     ┇                             __main__ ┇ *   indexing:  25%|████████████▎                                     | 240/975 [01:08<03:09,  3.87batch/s]
[10.03 18:03:13] ┇ INFO     ┇                             __main__ ┇ *   indexing:  26%|████████████▊                                     | 250/975 [01:11<03:11,  3.78batch/s]
[10.03 18:03:16] ┇ INFO     ┇                             __main__ ┇ *   indexing:  27%|█████████████▎                                    | 260/975 [01:14<03:23,  3.52batch/s]
[10.03 18:03:19] ┇ INFO     ┇                             __main__ ┇ *   indexing:  28%|█████████████▊                                    | 270/975 [01:16<03:01,  3.89batch/s]
[10.03 18:03:21] ┇ INFO     ┇                             __main__ ┇ *   indexing:  29%|██████████████▎                                   | 280/975 [01:19<03:07,  3.70batch/s]
[10.03 18:03:24] ┇ INFO     ┇                             __main__ ┇ *   indexing:  30%|██████████████▊                                   | 290/975 [01:22<03:17,  3.47batch/s]
[10.03 18:03:27] ┇ INFO     ┇                             __main__ ┇ *   indexing:  31%|███████████████▍                                  | 300/975 [01:24<02:56,  3.83batch/s]
[10.03 18:03:29] ┇ INFO     ┇                             __main__ ┇ *   indexing:  32%|███████████████▉                                  | 310/975 [01:27<03:01,  3.66batch/s]
[10.03 18:03:32] ┇ INFO     ┇                             __main__ ┇ *   indexing:  33%|████████████████▍                                 | 320/975 [01:30<02:55,  3.74batch/s]
[10.03 18:03:35] ┇ INFO     ┇                             __main__ ┇ *   indexing:  34%|████████████████▉                                 | 330/975 [01:33<03:05,  3.48batch/s]
[10.03 18:03:38] ┇ INFO     ┇                             __main__ ┇ *   indexing:  35%|█████████████████▍                                | 340/975 [01:36<02:59,  3.54batch/s]
[10.03 18:03:41] ┇ INFO     ┇                             __main__ ┇ *   indexing:  36%|█████████████████▉                                | 350/975 [01:38<02:48,  3.72batch/s]
[10.03 18:03:43] ┇ INFO     ┇                             __main__ ┇ *   indexing:  37%|██████████████████▍                               | 360/975 [01:41<02:37,  3.90batch/s]
[10.03 18:03:46] ┇ INFO     ┇                             __main__ ┇ *   indexing:  38%|██████████████████▉                               | 370/975 [01:44<02:54,  3.46batch/s]
[10.03 18:03:48] ┇ INFO     ┇                             __main__ ┇ *   indexing:  39%|███████████████████▍                              | 380/975 [01:46<02:25,  4.08batch/s]
[10.03 18:03:51] ┇ INFO     ┇                             __main__ ┇ *   indexing:  40%|████████████████████                              | 390/975 [01:49<02:31,  3.86batch/s]
[10.03 18:03:54] ┇ INFO     ┇                             __main__ ┇ *   indexing:  41%|████████████████████▌                             | 400/975 [01:52<02:33,  3.75batch/s]
[10.03 18:03:57] ┇ INFO     ┇                             __main__ ┇ *   indexing:  42%|█████████████████████                             | 410/975 [01:54<02:38,  3.56batch/s]
[10.03 18:03:59] ┇ INFO     ┇                             __main__ ┇ *   indexing:  43%|█████████████████████▌                            | 420/975 [01:57<02:23,  3.88batch/s]
[10.03 18:04:02] ┇ INFO     ┇                             __main__ ┇ *   indexing:  44%|██████████████████████                            | 430/975 [02:00<02:33,  3.54batch/s]
[10.03 18:04:05] ┇ INFO     ┇                             __main__ ┇ *   indexing:  45%|██████████████████████▌                           | 440/975 [02:02<02:39,  3.36batch/s]
[10.03 18:04:07] ┇ INFO     ┇                             __main__ ┇ *   indexing:  46%|███████████████████████                           | 450/975 [02:05<02:07,  4.13batch/s]
[10.03 18:04:10] ┇ INFO     ┇                             __main__ ┇ *   indexing:  47%|███████████████████████▌                          | 460/975 [02:08<02:11,  3.91batch/s]
[10.03 18:04:12] ┇ INFO     ┇                             __main__ ┇ *   indexing:  48%|████████████████████████                          | 470/975 [02:10<02:16,  3.71batch/s]
[10.03 18:04:15] ┇ INFO     ┇                             __main__ ┇ *   indexing:  49%|████████████████████████▌                         | 480/975 [02:13<02:11,  3.77batch/s]
[10.03 18:04:17] ┇ INFO     ┇                             __main__ ┇ *   indexing:  50%|█████████████████████████▏                        | 490/975 [02:15<01:53,  4.27batch/s]
[10.03 18:04:20] ┇ INFO     ┇                             __main__ ┇ *   indexing:  51%|█████████████████████████▋                        | 500/975 [02:18<01:56,  4.08batch/s]
[10.03 18:04:23] ┇ INFO     ┇                             __main__ ┇ *   indexing:  52%|██████████████████████████▏                       | 510/975 [02:20<01:56,  3.98batch/s]
[10.03 18:04:25] ┇ INFO     ┇                             __main__ ┇ *   indexing:  53%|██████████████████████████▋                       | 520/975 [02:23<01:47,  4.22batch/s]
[10.03 18:04:28] ┇ INFO     ┇                             __main__ ┇ *   indexing:  54%|███████████████████████████▏                      | 530/975 [02:26<02:02,  3.63batch/s]
[10.03 18:04:30] ┇ INFO     ┇                             __main__ ┇ *   indexing:  55%|███████████████████████████▋                      | 540/975 [02:28<01:44,  4.15batch/s]
[10.03 18:04:33] ┇ INFO     ┇                             __main__ ┇ *   indexing:  56%|████████████████████████████▏                     | 550/975 [02:31<01:57,  3.61batch/s]
[10.03 18:04:35] ┇ INFO     ┇                             __main__ ┇ *   indexing:  57%|████████████████████████████▋                     | 560/975 [02:33<01:42,  4.07batch/s]
[10.03 18:04:38] ┇ INFO     ┇                             __main__ ┇ *   indexing:  58%|█████████████████████████████▏                    | 570/975 [02:36<01:31,  4.41batch/s]
[10.03 18:04:40] ┇ INFO     ┇                             __main__ ┇ *   indexing:  59%|█████████████████████████████▋                    | 580/975 [02:38<01:46,  3.71batch/s]
[10.03 18:04:43] ┇ INFO     ┇                             __main__ ┇ *   indexing:  61%|██████████████████████████████▎                   | 590/975 [02:41<01:35,  4.03batch/s]
[10.03 18:04:45] ┇ INFO     ┇                             __main__ ┇ *   indexing:  62%|██████████████████████████████▊                   | 600/975 [02:43<01:32,  4.04batch/s]
[10.03 18:04:48] ┇ INFO     ┇                             __main__ ┇ *   indexing:  63%|███████████████████████████████▎                  | 610/975 [02:46<01:38,  3.72batch/s]
[10.03 18:04:50] ┇ INFO     ┇                             __main__ ┇ *   indexing:  64%|███████████████████████████████▊                  | 620/975 [02:48<01:24,  4.19batch/s]
[10.03 18:04:53] ┇ INFO     ┇                             __main__ ┇ *   indexing:  65%|████████████████████████████████▎                 | 630/975 [02:51<01:22,  4.19batch/s]
[10.03 18:04:56] ┇ INFO     ┇                             __main__ ┇ *   indexing:  66%|████████████████████████████████▊                 | 640/975 [02:53<01:28,  3.79batch/s]
[10.03 18:04:58] ┇ INFO     ┇                             __main__ ┇ *   indexing:  67%|█████████████████████████████████▎                | 650/975 [02:56<01:22,  3.92batch/s]
[10.03 18:05:01] ┇ INFO     ┇                             __main__ ┇ *   indexing:  68%|█████████████████████████████████▊                | 660/975 [02:59<01:22,  3.82batch/s]
[10.03 18:05:03] ┇ INFO     ┇                             __main__ ┇ *   indexing:  69%|██████████████████████████████████▎               | 670/975 [03:01<01:13,  4.13batch/s]
[10.03 18:05:06] ┇ INFO     ┇                             __main__ ┇ *   indexing:  70%|██████████████████████████████████▊               | 680/975 [03:04<01:23,  3.52batch/s]
[10.03 18:05:09] ┇ INFO     ┇                             __main__ ┇ *   indexing:  71%|███████████████████████████████████▍              | 690/975 [03:06<01:12,  3.94batch/s]
[10.03 18:05:11] ┇ INFO     ┇                             __main__ ┇ *   indexing:  72%|███████████████████████████████████▉              | 700/975 [03:09<01:10,  3.93batch/s]
[10.03 18:05:14] ┇ INFO     ┇                             __main__ ┇ *   indexing:  73%|████████████████████████████████████▍             | 710/975 [03:12<01:06,  3.97batch/s]
[10.03 18:05:16] ┇ INFO     ┇                             __main__ ┇ *   indexing:  74%|████████████████████████████████████▉             | 720/975 [03:14<01:03,  3.99batch/s]
[10.03 18:05:19] ┇ INFO     ┇                             __main__ ┇ *   indexing:  75%|█████████████████████████████████████▍            | 730/975 [03:17<01:05,  3.76batch/s]
[10.03 18:05:22] ┇ INFO     ┇                             __main__ ┇ *   indexing:  76%|█████████████████████████████████████▉            | 740/975 [03:19<00:57,  4.07batch/s]
[10.03 18:05:24] ┇ INFO     ┇                             __main__ ┇ *   indexing:  77%|██████████████████████████████████████▍           | 750/975 [03:22<01:00,  3.70batch/s]
[10.03 18:05:27] ┇ INFO     ┇                             __main__ ┇ *   indexing:  78%|██████████████████████████████████████▉           | 760/975 [03:25<00:56,  3.82batch/s]
[10.03 18:05:29] ┇ INFO     ┇                             __main__ ┇ *   indexing:  79%|███████████████████████████████████████▍          | 770/975 [03:27<00:46,  4.38batch/s]
[10.03 18:05:32] ┇ INFO     ┇                             __main__ ┇ *   indexing:  80%|████████████████████████████████████████          | 780/975 [03:30<00:53,  3.63batch/s]
[10.03 18:05:35] ┇ INFO     ┇                             __main__ ┇ *   indexing:  81%|████████████████████████████████████████▌         | 790/975 [03:33<00:49,  3.71batch/s]
[10.03 18:05:38] ┇ INFO     ┇                             __main__ ┇ *   indexing:  82%|█████████████████████████████████████████         | 800/975 [03:35<00:47,  3.68batch/s]
[10.03 18:05:40] ┇ INFO     ┇                             __main__ ┇ *   indexing:  83%|█████████████████████████████████████████▌        | 810/975 [03:38<00:40,  4.03batch/s]
[10.03 18:05:43] ┇ INFO     ┇                             __main__ ┇ *   indexing:  84%|██████████████████████████████████████████        | 820/975 [03:41<00:42,  3.68batch/s]
[10.03 18:05:45] ┇ INFO     ┇                             __main__ ┇ *   indexing:  85%|██████████████████████████████████████████▌       | 830/975 [03:43<00:31,  4.67batch/s]
[10.03 18:05:48] ┇ INFO     ┇                             __main__ ┇ *   indexing:  86%|███████████████████████████████████████████       | 840/975 [03:46<00:30,  4.36batch/s]
[10.03 18:05:50] ┇ INFO     ┇                             __main__ ┇ *   indexing:  87%|███████████████████████████████████████████▌      | 850/975 [03:48<00:34,  3.60batch/s]
[10.03 18:05:53] ┇ INFO     ┇                             __main__ ┇ *   indexing:  88%|████████████████████████████████████████████      | 860/975 [03:51<00:32,  3.50batch/s]
[10.03 18:05:56] ┇ INFO     ┇                             __main__ ┇ *   indexing:  89%|████████████████████████████████████████████▌     | 870/975 [03:54<00:30,  3.49batch/s]
[10.03 18:05:59] ┇ INFO     ┇                             __main__ ┇ *   indexing:  90%|█████████████████████████████████████████████▏    | 880/975 [03:57<00:28,  3.34batch/s]
[10.03 18:06:02] ┇ INFO     ┇                             __main__ ┇ *   indexing:  91%|█████████████████████████████████████████████▋    | 890/975 [03:59<00:22,  3.70batch/s]
[10.03 18:06:04] ┇ INFO     ┇                             __main__ ┇ *   indexing:  92%|██████████████████████████████████████████████▏   | 900/975 [04:02<00:21,  3.55batch/s]
[10.03 18:06:07] ┇ INFO     ┇                             __main__ ┇ *   indexing:  93%|██████████████████████████████████████████████▋   | 910/975 [04:05<00:17,  3.66batch/s]
[10.03 18:06:10] ┇ INFO     ┇                             __main__ ┇ *   indexing:  94%|███████████████████████████████████████████████▏  | 920/975 [04:08<00:16,  3.43batch/s]
[10.03 18:06:13] ┇ INFO     ┇                             __main__ ┇ *   indexing:  95%|███████████████████████████████████████████████▋  | 930/975 [04:11<00:11,  3.77batch/s]
[10.03 18:06:16] ┇ INFO     ┇                             __main__ ┇ *   indexing:  96%|████████████████████████████████████████████████▏ | 940/975 [04:13<00:09,  3.85batch/s]
[10.03 18:06:18] ┇ INFO     ┇                             __main__ ┇ *   indexing:  97%|████████████████████████████████████████████████▋ | 950/975 [04:16<00:05,  4.27batch/s]
[10.03 18:06:21] ┇ INFO     ┇                             __main__ ┇ *   indexing:  98%|█████████████████████████████████████████████████▏| 960/975 [04:18<00:04,  3.74batch/s]
[10.03 18:06:23] ┇ INFO     ┇                             __main__ ┇ *   indexing:  99%|█████████████████████████████████████████████████▋| 970/975 [04:21<00:01,  4.10batch/s]
[10.03 18:06:24] ┇ INFO     ┇                             __main__ ┇ *   indexing: 100%|██████████████████████████████████████████████████| 975/975 [04:22<00:00,  3.71batch/s]
[10.03 18:06:26] ┇ INFO     ┇                             __main__ ┇ health status index                           uuid                   pri rep docs.count docs.deleted store.size pri.store.size
[10.03 18:06:26] ┇ INFO     ┇                             __main__ ┇ yellow open   wikipedia-20230920-index-kowiki MpOe3JLrSeOdLs4p31CoVw   1   1    9740173            0      2.3gb          2.3gb
[10.03 18:06:26] ┇ INFO     ┇                             __main__ ┇ Got 10000 Hits (Max=40.468):
[10.03 18:06:26] ┇ INFO     ┇                             __main__ ┇   - {'_index': 'wikipedia-20230920-index-kowiki', '_id': '3121328-003-002-001', '_score': 40.46759, '_source': {'title': '민주주의 정상회의', 'subtitle1': '대륙별 참가국 목록', 'subtitle2': '동아시아ㆍ오세아니아', 'body_text': '오스트레일리아 * 피지 * 인도네시아 * 일본 * 키리바시 * 말레이시아 * 마셜 제도 * 미크로네시아 연방 * 몽골 * 나우루 * 뉴질랜드 * 팔라우 * 파푸아뉴기니 * 필리핀 * 사모아 * 대한민국 * 솔로몬 제도 * 동티모르 * 중화민국 (대만) * 통가 * 바누아투'}}
[10.03 18:06:26] ┇ INFO     ┇                             __main__ ┇   - {'_index': 'wikipedia-20230920-index-kowiki', '_id': '3121328-003-003-001', '_score': 31.221617, '_source': {'title': '민주주의 정상회의', 'subtitle1': '대륙별 참가국 목록', 'subtitle2': '유럽', 'body_text': '알바니아 * 아르메니아 * 오스트리아 * 벨기에 * 불가리아 * 크로아티아 * 체코 * 키프로스 * 덴마크 * 에스토니아 * 핀란드 * 프랑스 * 독일 * 그리스 * 조지아 * 아이슬란드 * 아일랜드 * 이탈리아 * 라트비아 * 리투아니아 * 룩셈부르크 * 몰타 * 몬테네그로 * 몰도바 * 네덜란드 * 북마케도니아 * 노르웨이 * 폴란드 * 포르투갈 * 루마니아 * 슬로바키아 * 슬로베니아 * 스페인 * 스웨덴 * 스위스 * 우크라이나 * 영국'}}
[10.03 18:06:26] ┇ INFO     ┇                             __main__ ┇   - {'_index': 'wikipedia-20230920-index-kowiki', '_id': '3629446-002-023-012', '_score': 30.950428, '_source': {'title': '제23회 부천국제애니메이션페스티벌', 'subtitle1': '수상 및 후보', 'subtitle2': '학생경쟁부문', 'body_text': '암호 * * * * * - 아델 세게디'}}
[10.03 18:06:26] ┇ INFO     ┇                             __main__ ┇   - {'_index': 'wikipedia-20230920-index-kowiki', '_id': '3121328-003-006-001', '_score': 30.808208, '_source': {'title': '민주주의 정상회의', 'subtitle1': '대륙별 참가국 목록', 'subtitle2': '북미·중남미', 'body_text': '앤티가 바부다 * 아르헨티나 * 바베이도스 * 바하마 * 벨리즈 * 브라질 * 캐나다 * 칠레 * 콜롬비아 * 코스타리카 * 도미니카 연방 * 도미니카 공화국 * 에콰도르 * 그레나다 * 가이아나 * 자메이카 * 멕시코 * 파나마 * 파라과이 * 페루 * 세인트키츠 네비스 * 세인트루시아 * 세인트빈센트 그레나딘 * 수리남 * 트리니다드 토바고 * 미국 * 우루과이'}}
[10.03 18:06:26] ┇ INFO     ┇                             __main__ ┇   - {'_index': 'wikipedia-20230920-index-kowiki', '_id': '3121328-003-001-001', '_score': 30.687489, '_source': {'title': '민주주의 정상회의', 'subtitle1': '대륙별 참가국 목록', 'subtitle2': '아프리카', 'body_text': '앙골라 * 보츠와나 * 카보베르데 * 콩고 민주 공화국 * 가나 * 케냐 * 라이베리아 * 말라위 * 모리셔스 * 나미비아 * 니제르 * 나이지리아 * 상투메 프린시페 * 세네갈 * 세이셸 * 남아프리카 공화국 * 잠비아'}}
[10.03 18:06:26] ┇ INFO     ┇                             __main__ ┇   - {'_index': 'wikipedia-20230920-index-kowiki', '_id': '1829160-001-002-001', '_score': 30.425442, '_source': {'title': '별들의전쟁', 'subtitle1': '', 'subtitle2': '', 'body_text': '별들의전쟁 * (GALACTIKA *) 은 F R I D A Y . 와 CHANG으로 이루어진 대한민국의 음악 프로듀싱 팀이며,'}}
[10.03 18:06:26] ┇ INFO     ┇                             __main__ ┇   - {'_index': 'wikipedia-20230920-index-kowiki', '_id': '2885791-007-003-003', '_score': 30.181103, '_source': {'title': '바흐 칸타타', 'subtitle1': '작곡 시기', 'subtitle2': '바이마르', 'body_text': '1714: BWV 182 * 12 * 172 * 21 * 54 * 199 * 61 * 152'}}
[10.03 18:06:26] ┇ INFO     ┇                             __main__ ┇   - {'_index': 'wikipedia-20230920-index-kowiki', '_id': '1451207-002-003-010', '_score': 30.166756, '_source': {'title': 'Cron', 'subtitle1': '개요', 'subtitle2': '구성 파일', 'body_text': '# * * * * *  command to execute'}}
[10.03 18:06:26] ┇ INFO     ┇                             __main__ ┇   - {'_index': 'wikipedia-20230920-index-kowiki', '_id': '0012453-002-001-006', '_score': 29.939335, '_source': {'title': 'PATH (프로그래밍 언어)', 'subtitle1': '예제 코드', 'subtitle2': '', 'body_text': '*        *     *     *     *     *'}}
[10.03 18:06:26] ┇ INFO     ┇                             __main__ ┇   - {'_index': 'wikipedia-20230920-index-kowiki', '_id': '1101505-004-001-001', '_score': 29.807938, '_source': {'title': '대한예수교침례회', 'subtitle1': '교회현황(2021년 기준)', 'subtitle2': '', 'body_text': '* 대한민국: 222개 교회'}}
[10.03 18:06:27] ┇ INFO     ┇                       chrisbase.data ┇ =========================================================================================================================================
[10.03 18:06:27] ┇ INFO     ┇                       chrisbase.data ┇ [EXIT] python index_wikipedia.py  ($=00:04:25.482)
[10.03 18:06:27] ┇ INFO     ┇                       chrisbase.data ┇ =========================================================================================================================================
