[10.03 18:50:09] ┇ INFO     ┇                       chrisbase.data ┇ =========================================================================================================================================
[10.03 18:50:09] ┇ INFO     ┇                       chrisbase.data ┇ [INIT] python index_wikipedia.py 
[10.03 18:50:09] ┇ INFO     ┇                       chrisbase.data ┇ =========================================================================================================================================
[10.03 18:50:10] ┇ INFO     ┇                       chrisbase.data ┇ -----+--------------------+---------------------------------------------------------------------------------------------------------------------------------------------------------------------------------------------------------------------------------------------------------------------------------------------------------------------------------------------------------------------------------------------------------------------------------------------------------------------
[10.03 18:50:10] ┇ INFO     ┇                       chrisbase.data ┇    # | ProgramArguments   | value
[10.03 18:50:10] ┇ INFO     ┇                       chrisbase.data ┇ -----+--------------------+---------------------------------------------------------------------------------------------------------------------------------------------------------------------------------------------------------------------------------------------------------------------------------------------------------------------------------------------------------------------------------------------------------------------------------------------------------------------
[10.03 18:50:10] ┇ INFO     ┇                       chrisbase.data ┇    1 | time.started       | [10.03 18:50:10]
[10.03 18:50:10] ┇ INFO     ┇                       chrisbase.data ┇    2 | time.settled       |
[10.03 18:50:10] ┇ INFO     ┇                       chrisbase.data ┇    3 | time.elapsed       |
[10.03 18:50:10] ┇ INFO     ┇                       chrisbase.data ┇    4 | env.project        | WiseData
[10.03 18:50:10] ┇ INFO     ┇                       chrisbase.data ┇    5 | env.job_name       | index_wikipedia
[10.03 18:50:10] ┇ INFO     ┇                       chrisbase.data ┇    6 | env.hostname       | chrisBookPro.local
[10.03 18:50:10] ┇ INFO     ┇                       chrisbase.data ┇    7 | env.hostaddr       | 172.20.10.9
[10.03 18:50:10] ┇ INFO     ┇                       chrisbase.data ┇    8 | env.python_path    | /Users/chris/miniforge3/envs/WiseData-2023.08/bin/python
[10.03 18:50:10] ┇ INFO     ┇                       chrisbase.data ┇    9 | env.working_path   | /Users/chris/proj/WiseData-2023.08
[10.03 18:50:10] ┇ INFO     ┇                       chrisbase.data ┇   10 | env.running_file   | index_wikipedia.py
[10.03 18:50:10] ┇ INFO     ┇                       chrisbase.data ┇   11 | env.command_args   | []
[10.03 18:50:10] ┇ INFO     ┇                       chrisbase.data ┇   12 | env.num_ip_addrs   | 0
[10.03 18:50:10] ┇ INFO     ┇                       chrisbase.data ┇   13 | env.max_workers    | 1
[10.03 18:50:10] ┇ INFO     ┇                       chrisbase.data ┇   14 | env.output_home    | output-index_wikipedia
[10.03 18:50:10] ┇ INFO     ┇                       chrisbase.data ┇   15 | env.logging_file   | logging-1003.185008.out
[10.03 18:50:10] ┇ INFO     ┇                       chrisbase.data ┇   16 | env.argument_file  | arguments-1003.185008.json
[10.03 18:50:10] ┇ INFO     ┇                       chrisbase.data ┇   17 | env.debugging      | False
[10.03 18:50:10] ┇ INFO     ┇                       chrisbase.data ┇   18 | env.msg_level      | 20
[10.03 18:50:10] ┇ INFO     ┇                       chrisbase.data ┇   19 | env.msg_format     | %(asctime)s ┇ %(levelname)-8s ┇ %(name)36s ┇ %(message)s
[10.03 18:50:10] ┇ INFO     ┇                       chrisbase.data ┇   20 | env.date_format    | [%m.%d %H:%M:%S]
[10.03 18:50:10] ┇ INFO     ┇                       chrisbase.data ┇   21 | env.time_stamp     | 1003.185008
[10.03 18:50:10] ┇ INFO     ┇                       chrisbase.data ┇   22 | data.home          | input/Wikidata-parse
[10.03 18:50:10] ┇ INFO     ┇                       chrisbase.data ┇   23 | data.name          | Wikipedia-20230920-parse-kowiki.jsonl.bz2
[10.03 18:50:10] ┇ INFO     ┇                       chrisbase.data ┇   24 | data.total         | 9740173
[10.03 18:50:10] ┇ INFO     ┇                       chrisbase.data ┇   25 | data.start         | 0
[10.03 18:50:10] ┇ INFO     ┇                       chrisbase.data ┇   26 | data.limit         | -1
[10.03 18:50:10] ┇ INFO     ┇                       chrisbase.data ┇   27 | data.batch         | 10000
[10.03 18:50:10] ┇ INFO     ┇                       chrisbase.data ┇   28 | data.from_table    | False
[10.03 18:50:10] ┇ INFO     ┇                       chrisbase.data ┇   29 | data.prog_interval | 100000
[10.03 18:50:10] ┇ INFO     ┇                       chrisbase.data ┇   30 | index.host         | localhost:9810
[10.03 18:50:10] ┇ INFO     ┇                       chrisbase.data ┇   31 | index.user         | elastic
[10.03 18:50:10] ┇ INFO     ┇                       chrisbase.data ┇   32 | index.pswd         | cIrEP5OCwTLn0QIQwnsA
[10.03 18:50:10] ┇ INFO     ┇                       chrisbase.data ┇   33 | index.name         | wikipedia-20230920-index-kowiki
[10.03 18:50:10] ┇ INFO     ┇                       chrisbase.data ┇   34 | index.create_opt   | {'settings': {'index': {'number_of_shards': 1, 'blocks': {'read_only_allow_delete': 'false'}}, 'analysis': {'analyzer': {'bigram_analyzer': {'tokenizer': 'bigram_tokenizer'}}, 'tokenizer': {'bigram_tokenizer': {'type': 'ngram', 'min_gram': 2, 'max_gram': 2}}}}, 'mappings': {'properties': {'title': {'type': 'keyword'}, 'subtitle1': {'type': 'keyword'}, 'subtitle2': {'type': 'keyword'}, 'body_text': {'type': 'text', 'analyzer': 'bigram_analyzer'}}}}
[10.03 18:50:10] ┇ INFO     ┇                       chrisbase.data ┇   35 | other              |
[10.03 18:50:10] ┇ INFO     ┇                       chrisbase.data ┇ -----+--------------------+---------------------------------------------------------------------------------------------------------------------------------------------------------------------------------------------------------------------------------------------------------------------------------------------------------------------------------------------------------------------------------------------------------------------------------------------------------------------
[10.03 18:50:10] ┇ INFO     ┇                             __main__ ┇ Index 9740173 inputs with 975 batches to elastic@localhost:9810/wikipedia-20230920-index-kowiki
[10.03 18:50:10] ┇ INFO     ┇                             __main__ ┇ Delete an existing index: elastic@localhost:9810/wikipedia-20230920-index-kowiki
[10.03 18:50:10] ┇ INFO     ┇                             __main__ ┇ Created a new index: elastic@localhost:9810/wikipedia-20230920-index-kowiki
[10.03 18:50:17] ┇ INFO     ┇                             __main__ ┇ *   indexing:   1%|▌                                                 | 10/975 [00:07<11:34,  1.39batch/s]
[10.03 18:50:25] ┇ INFO     ┇                             __main__ ┇ *   indexing:   2%|█                                                 | 20/975 [00:15<12:15,  1.30batch/s]
[10.03 18:50:33] ┇ INFO     ┇                             __main__ ┇ *   indexing:   3%|█▌                                                | 30/975 [00:23<12:34,  1.25batch/s]
[10.03 18:50:40] ┇ INFO     ┇                             __main__ ┇ *   indexing:   4%|██                                                | 40/975 [00:30<11:34,  1.35batch/s]
[10.03 18:50:48] ┇ INFO     ┇                             __main__ ┇ *   indexing:   5%|██▌                                               | 50/975 [00:38<11:58,  1.29batch/s]
[10.03 18:50:56] ┇ INFO     ┇                             __main__ ┇ *   indexing:   6%|███                                               | 60/975 [00:46<11:58,  1.27batch/s]
[10.03 18:51:04] ┇ INFO     ┇                             __main__ ┇ *   indexing:   7%|███▌                                              | 70/975 [00:54<11:50,  1.27batch/s]
[10.03 18:51:12] ┇ INFO     ┇                             __main__ ┇ *   indexing:   8%|████                                              | 80/975 [01:02<11:55,  1.25batch/s]
[10.03 18:51:20] ┇ INFO     ┇                             __main__ ┇ *   indexing:   9%|████▌                                             | 90/975 [01:10<11:25,  1.29batch/s]
[10.03 18:51:28] ┇ INFO     ┇                             __main__ ┇ *   indexing:  10%|█████▏                                            | 100/975 [01:17<11:34,  1.26batch/s]
[10.03 18:51:36] ┇ INFO     ┇                             __main__ ┇ *   indexing:  11%|█████▋                                            | 110/975 [01:26<11:29,  1.26batch/s]
[10.03 18:51:43] ┇ INFO     ┇                             __main__ ┇ *   indexing:  12%|██████▏                                           | 120/975 [01:33<10:56,  1.30batch/s]
[10.03 18:51:51] ┇ INFO     ┇                             __main__ ┇ *   indexing:  13%|██████▋                                           | 130/975 [01:41<11:16,  1.25batch/s]
[10.03 18:51:59] ┇ INFO     ┇                             __main__ ┇ *   indexing:  14%|███████▏                                          | 140/975 [01:49<10:53,  1.28batch/s]
[10.03 18:52:07] ┇ INFO     ┇                             __main__ ┇ *   indexing:  15%|███████▋                                          | 150/975 [01:57<10:55,  1.26batch/s]
[10.03 18:52:15] ┇ INFO     ┇                             __main__ ┇ *   indexing:  16%|████████▏                                         | 160/975 [02:05<11:05,  1.23batch/s]
[10.03 18:52:23] ┇ INFO     ┇                             __main__ ┇ *   indexing:  17%|████████▋                                         | 170/975 [02:13<10:29,  1.28batch/s]
[10.03 18:52:31] ┇ INFO     ┇                             __main__ ┇ *   indexing:  18%|█████████▏                                        | 180/975 [02:21<10:35,  1.25batch/s]
[10.03 18:52:39] ┇ INFO     ┇                             __main__ ┇ *   indexing:  19%|█████████▋                                        | 190/975 [02:29<10:32,  1.24batch/s]
[10.03 18:52:47] ┇ INFO     ┇                             __main__ ┇ *   indexing:  21%|██████████▎                                       | 200/975 [02:37<10:19,  1.25batch/s]
[10.03 18:52:55] ┇ INFO     ┇                             __main__ ┇ *   indexing:  22%|██████████▊                                       | 210/975 [02:45<10:01,  1.27batch/s]
[10.03 18:53:03] ┇ INFO     ┇                             __main__ ┇ *   indexing:  23%|███████████▎                                      | 220/975 [02:53<10:28,  1.20batch/s]
[10.03 18:53:11] ┇ INFO     ┇                             __main__ ┇ *   indexing:  24%|███████████▊                                      | 230/975 [03:01<10:05,  1.23batch/s]
[10.03 18:53:19] ┇ INFO     ┇                             __main__ ┇ *   indexing:  25%|████████████▎                                     | 240/975 [03:09<09:45,  1.26batch/s]
[10.03 18:53:27] ┇ INFO     ┇                             __main__ ┇ *   indexing:  26%|████████████▊                                     | 250/975 [03:17<09:37,  1.26batch/s]
[10.03 18:53:35] ┇ INFO     ┇                             __main__ ┇ *   indexing:  27%|█████████████▎                                    | 260/975 [03:25<09:26,  1.26batch/s]
[10.03 18:53:43] ┇ INFO     ┇                             __main__ ┇ *   indexing:  28%|█████████████▊                                    | 270/975 [03:33<09:13,  1.27batch/s]
[10.03 18:53:51] ┇ INFO     ┇                             __main__ ┇ *   indexing:  29%|██████████████▎                                   | 280/975 [03:41<09:15,  1.25batch/s]
[10.03 18:53:59] ┇ INFO     ┇                             __main__ ┇ *   indexing:  30%|██████████████▊                                   | 290/975 [03:49<09:04,  1.26batch/s]
[10.03 18:54:07] ┇ INFO     ┇                             __main__ ┇ *   indexing:  31%|███████████████▍                                  | 300/975 [03:57<08:59,  1.25batch/s]
[10.03 18:54:15] ┇ INFO     ┇                             __main__ ┇ *   indexing:  32%|███████████████▉                                  | 310/975 [04:05<08:49,  1.26batch/s]
[10.03 18:54:23] ┇ INFO     ┇                             __main__ ┇ *   indexing:  33%|████████████████▍                                 | 320/975 [04:13<08:37,  1.27batch/s]
[10.03 18:54:31] ┇ INFO     ┇                             __main__ ┇ *   indexing:  34%|████████████████▉                                 | 330/975 [04:21<08:51,  1.21batch/s]
[10.03 18:54:39] ┇ INFO     ┇                             __main__ ┇ *   indexing:  35%|█████████████████▍                                | 340/975 [04:29<08:23,  1.26batch/s]
[10.03 18:54:47] ┇ INFO     ┇                             __main__ ┇ *   indexing:  36%|█████████████████▉                                | 350/975 [04:37<08:15,  1.26batch/s]
[10.03 18:54:55] ┇ INFO     ┇                             __main__ ┇ *   indexing:  37%|██████████████████▍                               | 360/975 [04:44<08:04,  1.27batch/s]
[10.03 18:55:03] ┇ INFO     ┇                             __main__ ┇ *   indexing:  38%|██████████████████▉                               | 370/975 [04:52<07:50,  1.29batch/s]
[10.03 18:55:10] ┇ INFO     ┇                             __main__ ┇ *   indexing:  39%|███████████████████▍                              | 380/975 [05:00<07:37,  1.30batch/s]
[10.03 18:55:18] ┇ INFO     ┇                             __main__ ┇ *   indexing:  40%|████████████████████                              | 390/975 [05:08<07:34,  1.29batch/s]
[10.03 18:55:26] ┇ INFO     ┇                             __main__ ┇ *   indexing:  41%|████████████████████▌                             | 400/975 [05:16<07:31,  1.27batch/s]
[10.03 18:55:34] ┇ INFO     ┇                             __main__ ┇ *   indexing:  42%|█████████████████████                             | 410/975 [05:23<07:15,  1.30batch/s]
[10.03 18:55:42] ┇ INFO     ┇                             __main__ ┇ *   indexing:  43%|█████████████████████▌                            | 420/975 [05:31<07:11,  1.29batch/s]
[10.03 18:55:49] ┇ INFO     ┇                             __main__ ┇ *   indexing:  44%|██████████████████████                            | 430/975 [05:39<07:08,  1.27batch/s]
[10.03 18:55:57] ┇ INFO     ┇                             __main__ ┇ *   indexing:  45%|██████████████████████▌                           | 440/975 [05:47<07:01,  1.27batch/s]
[10.03 18:56:05] ┇ INFO     ┇                             __main__ ┇ *   indexing:  46%|███████████████████████                           | 450/975 [05:55<06:38,  1.32batch/s]
[10.03 18:56:13] ┇ INFO     ┇                             __main__ ┇ *   indexing:  47%|███████████████████████▌                          | 460/975 [06:02<06:36,  1.30batch/s]
[10.03 18:56:20] ┇ INFO     ┇                             __main__ ┇ *   indexing:  48%|████████████████████████                          | 470/975 [06:10<06:30,  1.29batch/s]
[10.03 18:56:28] ┇ INFO     ┇                             __main__ ┇ *   indexing:  49%|████████████████████████▌                         | 480/975 [06:18<06:17,  1.31batch/s]
[10.03 18:56:36] ┇ INFO     ┇                             __main__ ┇ *   indexing:  50%|█████████████████████████▏                        | 490/975 [06:26<06:17,  1.28batch/s]
[10.03 18:56:44] ┇ INFO     ┇                             __main__ ┇ *   indexing:  51%|█████████████████████████▋                        | 500/975 [06:33<06:03,  1.31batch/s]
[10.03 18:56:51] ┇ INFO     ┇                             __main__ ┇ *   indexing:  52%|██████████████████████████▏                       | 510/975 [06:41<06:05,  1.27batch/s]
[10.03 18:56:59] ┇ INFO     ┇                             __main__ ┇ *   indexing:  53%|██████████████████████████▋                       | 520/975 [06:49<05:54,  1.28batch/s]
[10.03 18:57:07] ┇ INFO     ┇                             __main__ ┇ *   indexing:  54%|███████████████████████████▏                      | 530/975 [06:57<05:44,  1.29batch/s]
[10.03 18:57:15] ┇ INFO     ┇                             __main__ ┇ *   indexing:  55%|███████████████████████████▋                      | 540/975 [07:05<05:36,  1.29batch/s]
[10.03 18:57:22] ┇ INFO     ┇                             __main__ ┇ *   indexing:  56%|████████████████████████████▏                     | 550/975 [07:12<05:25,  1.30batch/s]
[10.03 18:57:30] ┇ INFO     ┇                             __main__ ┇ *   indexing:  57%|████████████████████████████▋                     | 560/975 [07:20<05:12,  1.33batch/s]
[10.03 18:57:37] ┇ INFO     ┇                             __main__ ┇ *   indexing:  58%|█████████████████████████████▏                    | 570/975 [07:27<05:05,  1.33batch/s]
[10.03 18:57:45] ┇ INFO     ┇                             __main__ ┇ *   indexing:  59%|█████████████████████████████▋                    | 580/975 [07:35<04:56,  1.33batch/s]
[10.03 18:57:53] ┇ INFO     ┇                             __main__ ┇ *   indexing:  61%|██████████████████████████████▎                   | 590/975 [07:42<04:55,  1.30batch/s]
[10.03 18:58:00] ┇ INFO     ┇                             __main__ ┇ *   indexing:  62%|██████████████████████████████▊                   | 600/975 [07:50<04:53,  1.28batch/s]
[10.03 18:58:08] ┇ INFO     ┇                             __main__ ┇ *   indexing:  63%|███████████████████████████████▎                  | 610/975 [07:58<04:39,  1.30batch/s]
[10.03 18:58:16] ┇ INFO     ┇                             __main__ ┇ *   indexing:  64%|███████████████████████████████▊                  | 620/975 [08:06<04:34,  1.29batch/s]
[10.03 18:58:24] ┇ INFO     ┇                             __main__ ┇ *   indexing:  65%|████████████████████████████████▎                 | 630/975 [08:13<04:22,  1.32batch/s]
[10.03 18:58:31] ┇ INFO     ┇                             __main__ ┇ *   indexing:  66%|████████████████████████████████▊                 | 640/975 [08:21<04:23,  1.27batch/s]
[10.03 18:58:39] ┇ INFO     ┇                             __main__ ┇ *   indexing:  67%|█████████████████████████████████▎                | 650/975 [08:29<04:12,  1.28batch/s]
[10.03 18:58:47] ┇ INFO     ┇                             __main__ ┇ *   indexing:  68%|█████████████████████████████████▊                | 660/975 [08:37<04:06,  1.28batch/s]
[10.03 18:58:55] ┇ INFO     ┇                             __main__ ┇ *   indexing:  69%|██████████████████████████████████▎               | 670/975 [08:45<03:56,  1.29batch/s]
[10.03 18:59:03] ┇ INFO     ┇                             __main__ ┇ *   indexing:  70%|██████████████████████████████████▊               | 680/975 [08:52<03:50,  1.28batch/s]
[10.03 18:59:10] ┇ INFO     ┇                             __main__ ┇ *   indexing:  71%|███████████████████████████████████▍              | 690/975 [09:00<03:36,  1.31batch/s]
[10.03 18:59:18] ┇ INFO     ┇                             __main__ ┇ *   indexing:  72%|███████████████████████████████████▉              | 700/975 [09:08<03:34,  1.28batch/s]
[10.03 18:59:26] ┇ INFO     ┇                             __main__ ┇ *   indexing:  73%|████████████████████████████████████▍             | 710/975 [09:16<03:25,  1.29batch/s]
[10.03 18:59:34] ┇ INFO     ┇                             __main__ ┇ *   indexing:  74%|████████████████████████████████████▉             | 720/975 [09:23<03:21,  1.27batch/s]
[10.03 18:59:41] ┇ INFO     ┇                             __main__ ┇ *   indexing:  75%|█████████████████████████████████████▍            | 730/975 [09:31<03:10,  1.28batch/s]
[10.03 18:59:49] ┇ INFO     ┇                             __main__ ┇ *   indexing:  76%|█████████████████████████████████████▉            | 740/975 [09:39<03:04,  1.28batch/s]
[10.03 18:59:57] ┇ INFO     ┇                             __main__ ┇ *   indexing:  77%|██████████████████████████████████████▍           | 750/975 [09:47<02:55,  1.29batch/s]
[10.03 19:00:05] ┇ INFO     ┇                             __main__ ┇ *   indexing:  78%|██████████████████████████████████████▉           | 760/975 [09:55<02:43,  1.31batch/s]
[10.03 19:00:13] ┇ INFO     ┇                             __main__ ┇ *   indexing:  79%|███████████████████████████████████████▍          | 770/975 [10:02<02:36,  1.31batch/s]
[10.03 19:00:20] ┇ INFO     ┇                             __main__ ┇ *   indexing:  80%|████████████████████████████████████████          | 780/975 [10:10<02:35,  1.26batch/s]
[10.03 19:00:28] ┇ INFO     ┇                             __main__ ┇ *   indexing:  81%|████████████████████████████████████████▌         | 790/975 [10:18<02:32,  1.22batch/s]
[10.03 19:00:36] ┇ INFO     ┇                             __main__ ┇ *   indexing:  82%|█████████████████████████████████████████         | 800/975 [10:26<02:19,  1.25batch/s]
[10.03 19:00:44] ┇ INFO     ┇                             __main__ ┇ *   indexing:  83%|█████████████████████████████████████████▌        | 810/975 [10:34<02:09,  1.28batch/s]
[10.03 19:00:52] ┇ INFO     ┇                             __main__ ┇ *   indexing:  84%|██████████████████████████████████████████        | 820/975 [10:42<02:03,  1.26batch/s]
[10.03 19:01:00] ┇ INFO     ┇                             __main__ ┇ *   indexing:  85%|██████████████████████████████████████████▌       | 830/975 [10:50<01:47,  1.35batch/s]
[10.03 19:01:07] ┇ INFO     ┇                             __main__ ┇ *   indexing:  86%|███████████████████████████████████████████       | 840/975 [10:57<01:40,  1.35batch/s]
[10.03 19:01:15] ┇ INFO     ┇                             __main__ ┇ *   indexing:  87%|███████████████████████████████████████████▌      | 850/975 [11:04<01:37,  1.29batch/s]
[10.03 19:01:23] ┇ INFO     ┇                             __main__ ┇ *   indexing:  88%|████████████████████████████████████████████      | 860/975 [11:13<01:33,  1.23batch/s]
[10.03 19:01:31] ┇ INFO     ┇                             __main__ ┇ *   indexing:  89%|████████████████████████████████████████████▌     | 870/975 [11:21<01:25,  1.23batch/s]
[10.03 19:01:39] ┇ INFO     ┇                             __main__ ┇ *   indexing:  90%|█████████████████████████████████████████████▏    | 880/975 [11:29<01:16,  1.24batch/s]
[10.03 19:01:47] ┇ INFO     ┇                             __main__ ┇ *   indexing:  91%|█████████████████████████████████████████████▋    | 890/975 [11:37<01:07,  1.25batch/s]
[10.03 19:01:55] ┇ INFO     ┇                             __main__ ┇ *   indexing:  92%|██████████████████████████████████████████████▏   | 900/975 [11:45<00:59,  1.25batch/s]
[10.03 19:02:03] ┇ INFO     ┇                             __main__ ┇ *   indexing:  93%|██████████████████████████████████████████████▋   | 910/975 [11:53<00:53,  1.23batch/s]
[10.03 19:02:11] ┇ INFO     ┇                             __main__ ┇ *   indexing:  94%|███████████████████████████████████████████████▏  | 920/975 [12:01<00:43,  1.26batch/s]
[10.03 19:02:19] ┇ INFO     ┇                             __main__ ┇ *   indexing:  95%|███████████████████████████████████████████████▋  | 930/975 [12:09<00:36,  1.24batch/s]
[10.03 19:02:27] ┇ INFO     ┇                             __main__ ┇ *   indexing:  96%|████████████████████████████████████████████████▏ | 940/975 [12:17<00:27,  1.28batch/s]
[10.03 19:02:35] ┇ INFO     ┇                             __main__ ┇ *   indexing:  97%|████████████████████████████████████████████████▋ | 950/975 [12:24<00:19,  1.31batch/s]
[10.03 19:02:42] ┇ INFO     ┇                             __main__ ┇ *   indexing:  98%|█████████████████████████████████████████████████▏| 960/975 [12:32<00:11,  1.30batch/s]
[10.03 19:02:50] ┇ INFO     ┇                             __main__ ┇ *   indexing:  99%|█████████████████████████████████████████████████▋| 970/975 [12:40<00:03,  1.29batch/s]
[10.03 19:02:53] ┇ INFO     ┇                             __main__ ┇ *   indexing: 100%|██████████████████████████████████████████████████| 975/975 [12:43<00:00,  1.28batch/s]
[10.03 19:02:55] ┇ INFO     ┇                             __main__ ┇ health status index                           uuid                   pri rep docs.count docs.deleted store.size pri.store.size
[10.03 19:02:55] ┇ INFO     ┇                             __main__ ┇ yellow open   wikipedia-20230920-index-kowiki mxWAQkNkSfueleghN0hDxA   1   1    9740173            0      2.3gb          2.3gb
[10.03 19:02:55] ┇ INFO     ┇                             __main__ ┇ Got 10000 Hits (Max=40.468):
[10.03 19:02:55] ┇ INFO     ┇                             __main__ ┇   - {'_index': 'wikipedia-20230920-index-kowiki', '_id': '3121328-003-002-001', '_score': 40.46759, '_source': {'title': '민주주의 정상회의', 'subtitle1': '대륙별 참가국 목록', 'subtitle2': '동아시아ㆍ오세아니아', 'body_text': '오스트레일리아 * 피지 * 인도네시아 * 일본 * 키리바시 * 말레이시아 * 마셜 제도 * 미크로네시아 연방 * 몽골 * 나우루 * 뉴질랜드 * 팔라우 * 파푸아뉴기니 * 필리핀 * 사모아 * 대한민국 * 솔로몬 제도 * 동티모르 * 중화민국 (대만) * 통가 * 바누아투'}}
[10.03 19:02:55] ┇ INFO     ┇                             __main__ ┇   - {'_index': 'wikipedia-20230920-index-kowiki', '_id': '3121328-003-003-001', '_score': 31.221617, '_source': {'title': '민주주의 정상회의', 'subtitle1': '대륙별 참가국 목록', 'subtitle2': '유럽', 'body_text': '알바니아 * 아르메니아 * 오스트리아 * 벨기에 * 불가리아 * 크로아티아 * 체코 * 키프로스 * 덴마크 * 에스토니아 * 핀란드 * 프랑스 * 독일 * 그리스 * 조지아 * 아이슬란드 * 아일랜드 * 이탈리아 * 라트비아 * 리투아니아 * 룩셈부르크 * 몰타 * 몬테네그로 * 몰도바 * 네덜란드 * 북마케도니아 * 노르웨이 * 폴란드 * 포르투갈 * 루마니아 * 슬로바키아 * 슬로베니아 * 스페인 * 스웨덴 * 스위스 * 우크라이나 * 영국'}}
[10.03 19:02:55] ┇ INFO     ┇                             __main__ ┇   - {'_index': 'wikipedia-20230920-index-kowiki', '_id': '3629446-002-023-012', '_score': 30.950428, '_source': {'title': '제23회 부천국제애니메이션페스티벌', 'subtitle1': '수상 및 후보', 'subtitle2': '학생경쟁부문', 'body_text': '암호 * * * * * - 아델 세게디'}}
[10.03 19:02:55] ┇ INFO     ┇                             __main__ ┇   - {'_index': 'wikipedia-20230920-index-kowiki', '_id': '3121328-003-006-001', '_score': 30.808208, '_source': {'title': '민주주의 정상회의', 'subtitle1': '대륙별 참가국 목록', 'subtitle2': '북미·중남미', 'body_text': '앤티가 바부다 * 아르헨티나 * 바베이도스 * 바하마 * 벨리즈 * 브라질 * 캐나다 * 칠레 * 콜롬비아 * 코스타리카 * 도미니카 연방 * 도미니카 공화국 * 에콰도르 * 그레나다 * 가이아나 * 자메이카 * 멕시코 * 파나마 * 파라과이 * 페루 * 세인트키츠 네비스 * 세인트루시아 * 세인트빈센트 그레나딘 * 수리남 * 트리니다드 토바고 * 미국 * 우루과이'}}
[10.03 19:02:55] ┇ INFO     ┇                             __main__ ┇   - {'_index': 'wikipedia-20230920-index-kowiki', '_id': '3121328-003-001-001', '_score': 30.687489, '_source': {'title': '민주주의 정상회의', 'subtitle1': '대륙별 참가국 목록', 'subtitle2': '아프리카', 'body_text': '앙골라 * 보츠와나 * 카보베르데 * 콩고 민주 공화국 * 가나 * 케냐 * 라이베리아 * 말라위 * 모리셔스 * 나미비아 * 니제르 * 나이지리아 * 상투메 프린시페 * 세네갈 * 세이셸 * 남아프리카 공화국 * 잠비아'}}
[10.03 19:02:55] ┇ INFO     ┇                             __main__ ┇   - {'_index': 'wikipedia-20230920-index-kowiki', '_id': '1829160-001-002-001', '_score': 30.425442, '_source': {'title': '별들의전쟁', 'subtitle1': '', 'subtitle2': '', 'body_text': '별들의전쟁 * (GALACTIKA *) 은 F R I D A Y . 와 CHANG으로 이루어진 대한민국의 음악 프로듀싱 팀이며,'}}
[10.03 19:02:55] ┇ INFO     ┇                             __main__ ┇   - {'_index': 'wikipedia-20230920-index-kowiki', '_id': '2885791-007-003-003', '_score': 30.181103, '_source': {'title': '바흐 칸타타', 'subtitle1': '작곡 시기', 'subtitle2': '바이마르', 'body_text': '1714: BWV 182 * 12 * 172 * 21 * 54 * 199 * 61 * 152'}}
[10.03 19:02:55] ┇ INFO     ┇                             __main__ ┇   - {'_index': 'wikipedia-20230920-index-kowiki', '_id': '1451207-002-003-010', '_score': 30.166756, '_source': {'title': 'Cron', 'subtitle1': '개요', 'subtitle2': '구성 파일', 'body_text': '# * * * * *  command to execute'}}
[10.03 19:02:55] ┇ INFO     ┇                             __main__ ┇   - {'_index': 'wikipedia-20230920-index-kowiki', '_id': '0012453-002-001-006', '_score': 29.939335, '_source': {'title': 'PATH (프로그래밍 언어)', 'subtitle1': '예제 코드', 'subtitle2': '', 'body_text': '*        *     *     *     *     *'}}
[10.03 19:02:55] ┇ INFO     ┇                             __main__ ┇   - {'_index': 'wikipedia-20230920-index-kowiki', '_id': '1101505-004-001-001', '_score': 29.807938, '_source': {'title': '대한예수교침례회', 'subtitle1': '교회현황(2021년 기준)', 'subtitle2': '', 'body_text': '* 대한민국: 222개 교회'}}
[10.03 19:02:55] ┇ INFO     ┇                       chrisbase.data ┇ =========================================================================================================================================
[10.03 19:02:55] ┇ INFO     ┇                       chrisbase.data ┇ [EXIT] python index_wikipedia.py  ($=00:12:45.195)
[10.03 19:02:55] ┇ INFO     ┇                       chrisbase.data ┇ =========================================================================================================================================
