[10.06 00:26:48] ┇ INFO     ┇                       chrisbase.data ┇ =========================================================================================================================================
[10.06 00:26:48] ┇ INFO     ┇                       chrisbase.data ┇ [INIT] python parse_wikidata.py restore
[10.06 00:26:48] ┇ INFO     ┇                       chrisbase.data ┇ =========================================================================================================================================
[10.06 00:26:48] ┇ INFO     ┇                       chrisbase.data ┇ -----+--------------------+----------------------------------------------------------
[10.06 00:26:48] ┇ INFO     ┇                       chrisbase.data ┇    # | RestoreArguments   | value
[10.06 00:26:48] ┇ INFO     ┇                       chrisbase.data ┇ -----+--------------------+----------------------------------------------------------
[10.06 00:26:48] ┇ INFO     ┇                       chrisbase.data ┇    1 | env.project        | WiseData
[10.06 00:26:48] ┇ INFO     ┇                       chrisbase.data ┇    2 | env.job_name       | restore_wikidata
[10.06 00:26:48] ┇ INFO     ┇                       chrisbase.data ┇    3 | env.hostname       | chrisBookPro.local
[10.06 00:26:48] ┇ INFO     ┇                       chrisbase.data ┇    4 | env.hostaddr       | 192.168.0.2
[10.06 00:26:48] ┇ INFO     ┇                       chrisbase.data ┇    5 | env.python_path    | /Users/chris/miniforge3/envs/WiseData-2023.08/bin/python
[10.06 00:26:48] ┇ INFO     ┇                       chrisbase.data ┇    6 | env.working_path   | /Users/chris/proj/WiseData-2023.08
[10.06 00:26:48] ┇ INFO     ┇                       chrisbase.data ┇    7 | env.running_file   | parse_wikidata.py
[10.06 00:26:48] ┇ INFO     ┇                       chrisbase.data ┇    8 | env.command_args   | ['restore']
[10.06 00:26:48] ┇ INFO     ┇                       chrisbase.data ┇    9 | env.num_ip_addrs   | 0
[10.06 00:26:48] ┇ INFO     ┇                       chrisbase.data ┇   10 | env.max_workers    | 1
[10.06 00:26:48] ┇ INFO     ┇                       chrisbase.data ┇   11 | env.output_home    | output-restore_wikidata
[10.06 00:26:48] ┇ INFO     ┇                       chrisbase.data ┇   12 | env.logging_file   | logging-1006.002647.out
[10.06 00:26:48] ┇ INFO     ┇                       chrisbase.data ┇   13 | env.argument_file  | arguments-1006.002647.json
[10.06 00:26:48] ┇ INFO     ┇                       chrisbase.data ┇   14 | env.debugging      | False
[10.06 00:26:48] ┇ INFO     ┇                       chrisbase.data ┇   15 | env.msg_level      | 20
[10.06 00:26:48] ┇ INFO     ┇                       chrisbase.data ┇   16 | env.msg_format     | %(asctime)s ┇ %(levelname)-8s ┇ %(name)36s ┇ %(message)s
[10.06 00:26:48] ┇ INFO     ┇                       chrisbase.data ┇   17 | env.date_format    | [%m.%d %H:%M:%S]
[10.06 00:26:48] ┇ INFO     ┇                       chrisbase.data ┇   18 | env.time_stamp     | 1006.002647
[10.06 00:26:48] ┇ INFO     ┇                       chrisbase.data ┇   19 | data.start         | 0
[10.06 00:26:48] ┇ INFO     ┇                       chrisbase.data ┇   20 | data.limit         | -1
[10.06 00:26:48] ┇ INFO     ┇                       chrisbase.data ┇   21 | data.batch         | 10000
[10.06 00:26:48] ┇ INFO     ┇                       chrisbase.data ┇   22 | data.inter         | 100000
[10.06 00:26:48] ┇ INFO     ┇                       chrisbase.data ┇   23 | data.total         | 1018174
[10.06 00:26:48] ┇ INFO     ┇                       chrisbase.data ┇   24 | data.file.home     | input/wikimedia
[10.06 00:26:48] ┇ INFO     ┇                       chrisbase.data ┇   25 | data.file.name     | wikidata-20230920-parse-kowiki.jsonl
[10.06 00:26:48] ┇ INFO     ┇                       chrisbase.data ┇   26 | data.file.mode     | rb
[10.06 00:26:48] ┇ INFO     ┇                       chrisbase.data ┇   27 | data.file.strict   | False
[10.06 00:26:48] ┇ INFO     ┇                       chrisbase.data ┇   28 | data.file.encoding | utf-8
[10.06 00:26:48] ┇ INFO     ┇                       chrisbase.data ┇   29 | data.table.home    | localhost:6382/wikimedia
[10.06 00:26:48] ┇ INFO     ┇                       chrisbase.data ┇   30 | data.table.name    | wikidata-20230920-parse-kowiki
[10.06 00:26:48] ┇ INFO     ┇                       chrisbase.data ┇   31 | data.table.sort    | _id
[10.06 00:26:48] ┇ INFO     ┇                       chrisbase.data ┇   32 | data.table.find    | {}
[10.06 00:26:48] ┇ INFO     ┇                       chrisbase.data ┇   33 | data.table.reset   | True
[10.06 00:26:48] ┇ INFO     ┇                       chrisbase.data ┇   34 | data.table.strict  | False
[10.06 00:26:48] ┇ INFO     ┇                       chrisbase.data ┇   35 | data.table.timeout | 5000
[10.06 00:26:48] ┇ INFO     ┇                       chrisbase.data ┇ -----+--------------------+----------------------------------------------------------
[10.06 00:26:48] ┇ INFO     ┇                       chrisbase.data ┇ Drop an existing table: localhost:6382/wikimedia/wikidata-20230920-parse-kowiki
[10.06 00:26:48] ┇ INFO     ┇                             __main__ ┇ Restore from [input/wikimedia/wikidata-20230920-parse-kowiki.jsonl] to [localhost:6382/wikimedia/wikidata-20230920-parse-kowiki]
[10.06 00:26:48] ┇ INFO     ┇                             __main__ ┇ - amount: inputs=1018174, batches=102
[10.06 00:26:55] ┇ INFO     ┇                             __main__ ┇ *  restoring:  10%|████▉                                             | 10/102 [00:06<00:53,  1.73batch/s]
[10.06 00:27:00] ┇ INFO     ┇                             __main__ ┇ *  restoring:  20%|█████████▊                                        | 20/102 [00:11<01:02,  1.31batch/s]
[10.06 00:27:07] ┇ INFO     ┇                             __main__ ┇ *  restoring:  29%|██████████████▋                                   | 30/102 [00:18<00:53,  1.34batch/s]
[10.06 00:27:15] ┇ INFO     ┇                             __main__ ┇ *  restoring:  39%|███████████████████▌                              | 40/102 [00:26<00:56,  1.09batch/s]
[10.06 00:27:23] ┇ INFO     ┇                             __main__ ┇ *  restoring:  49%|████████████████████████▌                         | 50/102 [00:34<00:47,  1.09batch/s]
[10.06 00:27:34] ┇ INFO     ┇                             __main__ ┇ *  restoring:  59%|█████████████████████████████▍                    | 60/102 [00:45<00:47,  1.13s/batch]
[10.06 00:27:40] ┇ INFO     ┇                             __main__ ┇ *  restoring:  69%|██████████████████████████████████▎               | 70/102 [00:51<00:16,  1.91batch/s]
[10.06 00:27:45] ┇ INFO     ┇                             __main__ ┇ *  restoring:  78%|███████████████████████████████████████▏          | 80/102 [00:56<00:11,  1.87batch/s]
[10.06 00:27:49] ┇ INFO     ┇                             __main__ ┇ *  restoring:  88%|████████████████████████████████████████████      | 90/102 [01:01<00:04,  2.47batch/s]
[10.06 00:27:54] ┇ INFO     ┇                             __main__ ┇ *  restoring:  98%|█████████████████████████████████████████████████ | 100/102 [01:05<00:01,  1.94batch/s]
[10.06 00:27:54] ┇ INFO     ┇                             __main__ ┇ *  restoring: 100%|██████████████████████████████████████████████████| 102/102 [01:05<00:00,  1.55batch/s]
[10.06 00:28:01] ┇ INFO     ┇                             __main__ ┇ *     saving:  10%|████▊                                             | 98026/1018174 [00:06<01:03, 14538.00row/s]
[10.06 00:28:06] ┇ INFO     ┇                             __main__ ┇ *     saving:  20%|█████████▊                                        | 199327/1018174 [00:11<01:19, 10271.89row/s]
[10.06 00:28:13] ┇ INFO     ┇                             __main__ ┇ *     saving:  29%|██████████████▌                                   | 297537/1018174 [00:18<01:06, 10901.40row/s]
[10.06 00:28:20] ┇ INFO     ┇                             __main__ ┇ *     saving:  39%|███████████████████▌                              | 398963/1018174 [00:25<01:02, 9859.96row/s]
[10.06 00:28:28] ┇ INFO     ┇                             __main__ ┇ *     saving:  49%|████████████████████████▌                         | 499699/1018174 [00:33<00:45, 11355.08row/s]
[10.06 00:28:38] ┇ INFO     ┇                             __main__ ┇ *     saving:  59%|█████████████████████████████▎                    | 597920/1018174 [00:42<00:46, 8976.53row/s]
[10.06 00:28:43] ┇ INFO     ┇                             __main__ ┇ *     saving:  69%|██████████████████████████████████▎               | 698140/1018174 [00:48<00:11, 27402.20row/s]
[10.06 00:28:49] ┇ INFO     ┇                             __main__ ┇ *     saving:  78%|███████████████████████████████████████▏          | 799047/1018174 [00:53<00:14, 15031.32row/s]
[10.06 00:28:53] ┇ INFO     ┇                             __main__ ┇ *     saving:  88%|████████████████████████████████████████████      | 896897/1018174 [00:58<00:04, 29172.81row/s]
[10.06 00:28:57] ┇ INFO     ┇                             __main__ ┇ *     saving:  98%|█████████████████████████████████████████████████ | 998539/1018174 [01:02<00:00, 22420.15row/s]
[10.06 00:28:57] ┇ INFO     ┇                             __main__ ┇ *     saving: 100%|██████████████████████████████████████████████████| 1018174/1018174 [01:02<00:00, 16199.31row/s]
[10.06 00:28:57] ┇ INFO     ┇                             __main__ ┇ Saved 1018174 rows to [output-restore_wikidata/wikidata-20230920-parse-kowiki-1006.002647.jsonl]
[10.06 00:28:58] ┇ INFO     ┇                       chrisbase.data ┇ =========================================================================================================================================
[10.06 00:28:58] ┇ INFO     ┇                       chrisbase.data ┇ [EXIT] python parse_wikidata.py restore ($=00:02:09.123)
[10.06 00:28:58] ┇ INFO     ┇                       chrisbase.data ┇ =========================================================================================================================================
