[10.09 03:41:16] ┇ INFO     ┇                       chrisbase.data ┇ =========================================================================================================================================
[10.09 03:41:16] ┇ INFO     ┇                       chrisbase.data ┇ [INIT] python index_wikipedia.py index wikipedia
[10.09 03:41:16] ┇ INFO     ┇                       chrisbase.data ┇ =========================================================================================================================================
[10.09 03:41:16] ┇ INFO     ┇                       chrisbase.data ┇ -----+----------------------+----------------------------------------------------------
[10.09 03:41:16] ┇ INFO     ┇                       chrisbase.data ┇    # | IOArguments          | value
[10.09 03:41:16] ┇ INFO     ┇                       chrisbase.data ┇ -----+----------------------+----------------------------------------------------------
[10.09 03:41:16] ┇ INFO     ┇                       chrisbase.data ┇    1 | env.project          | WiseData
[10.09 03:41:16] ┇ INFO     ┇                       chrisbase.data ┇    2 | env.job_name         | index_wikipedia
[10.09 03:41:16] ┇ INFO     ┇                       chrisbase.data ┇    3 | env.hostname         | chrisBookPro.local
[10.09 03:41:16] ┇ INFO     ┇                       chrisbase.data ┇    4 | env.hostaddr         | 192.168.0.41
[10.09 03:41:16] ┇ INFO     ┇                       chrisbase.data ┇    5 | env.python_path      | /Users/chris/miniforge3/envs/WiseData-2023.08/bin/python
[10.09 03:41:16] ┇ INFO     ┇                       chrisbase.data ┇    6 | env.working_path     | /Users/chris/proj/WiseData-2023.08
[10.09 03:41:16] ┇ INFO     ┇                       chrisbase.data ┇    7 | env.running_file     | index_wikipedia.py
[10.09 03:41:16] ┇ INFO     ┇                       chrisbase.data ┇    8 | env.command_args     | ['index', 'wikipedia']
[10.09 03:41:16] ┇ INFO     ┇                       chrisbase.data ┇    9 | env.num_ip_addrs     | 0
[10.09 03:41:16] ┇ INFO     ┇                       chrisbase.data ┇   10 | env.max_workers      | 1
[10.09 03:41:16] ┇ INFO     ┇                       chrisbase.data ┇   11 | env.output_home      | output-index_wikipedia
[10.09 03:41:16] ┇ INFO     ┇                       chrisbase.data ┇   12 | env.logging_file     | logging-1009.034115.out
[10.09 03:41:16] ┇ INFO     ┇                       chrisbase.data ┇   13 | env.argument_file    | arguments-1009.034115.json
[10.09 03:41:16] ┇ INFO     ┇                       chrisbase.data ┇   14 | env.debugging        | False
[10.09 03:41:16] ┇ INFO     ┇                       chrisbase.data ┇   15 | env.msg_level        | 20
[10.09 03:41:16] ┇ INFO     ┇                       chrisbase.data ┇   16 | env.msg_format       | %(asctime)s ┇ %(levelname)-8s ┇ %(name)36s ┇ %(message)s
[10.09 03:41:16] ┇ INFO     ┇                       chrisbase.data ┇   17 | env.date_format      | [%m.%d %H:%M:%S]
[10.09 03:41:16] ┇ INFO     ┇                       chrisbase.data ┇   18 | env.time_stamp       | 1009.034115
[10.09 03:41:16] ┇ INFO     ┇                       chrisbase.data ┇   19 | input.start          | 0
[10.09 03:41:16] ┇ INFO     ┇                       chrisbase.data ┇   20 | input.limit          | -1
[10.09 03:41:16] ┇ INFO     ┇                       chrisbase.data ┇   21 | input.batch          | 10000
[10.09 03:41:16] ┇ INFO     ┇                       chrisbase.data ┇   22 | input.inter          | 100000
[10.09 03:41:16] ┇ INFO     ┇                       chrisbase.data ┇   23 | input.file.home      | input/wikimedia
[10.09 03:41:16] ┇ INFO     ┇                       chrisbase.data ┇   24 | input.file.name      | wikipedia-20230920-parse-kowiki.jsonl
[10.09 03:41:16] ┇ INFO     ┇                       chrisbase.data ┇   25 | input.file.user      |
[10.09 03:41:16] ┇ INFO     ┇                       chrisbase.data ┇   26 | input.file.pswd      |
[10.09 03:41:16] ┇ INFO     ┇                       chrisbase.data ┇   27 | input.file.reset     | False
[10.09 03:41:16] ┇ INFO     ┇                       chrisbase.data ┇   28 | input.file.strict    | False
[10.09 03:41:16] ┇ INFO     ┇                       chrisbase.data ┇   29 | input.file.mode      | rb
[10.09 03:41:16] ┇ INFO     ┇                       chrisbase.data ┇   30 | input.file.encoding  | utf-8
[10.09 03:41:16] ┇ INFO     ┇                       chrisbase.data ┇   31 | input.table.home     | localhost:6382/wikimedia
[10.09 03:41:16] ┇ INFO     ┇                       chrisbase.data ┇   32 | input.table.name     | wikipedia-20230920-parse-kowiki
[10.09 03:41:16] ┇ INFO     ┇                       chrisbase.data ┇   33 | input.table.user     |
[10.09 03:41:16] ┇ INFO     ┇                       chrisbase.data ┇   34 | input.table.pswd     |
[10.09 03:41:16] ┇ INFO     ┇                       chrisbase.data ┇   35 | input.table.reset    | False
[10.09 03:41:16] ┇ INFO     ┇                       chrisbase.data ┇   36 | input.table.strict   | False
[10.09 03:41:16] ┇ INFO     ┇                       chrisbase.data ┇   37 | input.table.sort     | _id
[10.09 03:41:16] ┇ INFO     ┇                       chrisbase.data ┇   38 | input.table.find     | {}
[10.09 03:41:16] ┇ INFO     ┇                       chrisbase.data ┇   39 | input.table.timeout  | 5000
[10.09 03:41:16] ┇ INFO     ┇                       chrisbase.data ┇   40 | output.file.home     | output-index_wikipedia
[10.09 03:41:16] ┇ INFO     ┇                       chrisbase.data ┇   41 | output.file.name     | wikipedia-20230920-index-kowiki.jsonl
[10.09 03:41:16] ┇ INFO     ┇                       chrisbase.data ┇   42 | output.file.user     |
[10.09 03:41:16] ┇ INFO     ┇                       chrisbase.data ┇   43 | output.file.pswd     |
[10.09 03:41:16] ┇ INFO     ┇                       chrisbase.data ┇   44 | output.file.reset    | False
[10.09 03:41:16] ┇ INFO     ┇                       chrisbase.data ┇   45 | output.file.strict   | False
[10.09 03:41:16] ┇ INFO     ┇                       chrisbase.data ┇   46 | output.file.mode     | a
[10.09 03:41:16] ┇ INFO     ┇                       chrisbase.data ┇   47 | output.file.encoding | utf-8
[10.09 03:41:16] ┇ INFO     ┇                       chrisbase.data ┇   48 | output.index.home    | localhost:9810
[10.09 03:41:16] ┇ INFO     ┇                       chrisbase.data ┇   49 | output.index.name    | wikipedia-20230920-index-kowiki
[10.09 03:41:16] ┇ INFO     ┇                       chrisbase.data ┇   50 | output.index.user    | elastic
[10.09 03:41:16] ┇ INFO     ┇                       chrisbase.data ┇   51 | output.index.pswd    | cIrEP5OCwTLn0QIQwnsA
[10.09 03:41:16] ┇ INFO     ┇                       chrisbase.data ┇   52 | output.index.reset   | True
[10.09 03:41:16] ┇ INFO     ┇                       chrisbase.data ┇   53 | output.index.strict  | False
[10.09 03:41:16] ┇ INFO     ┇                       chrisbase.data ┇   54 | output.index.window  | 10000
[10.09 03:41:16] ┇ INFO     ┇                       chrisbase.data ┇   55 | output.index.timeout | 10
[10.09 03:41:16] ┇ INFO     ┇                       chrisbase.data ┇   56 | output.index.retrial | 3
[10.09 03:41:16] ┇ INFO     ┇                       chrisbase.data ┇   57 | output.index.create  | input/wikimedia/wikipedia-index_create_args.json
[10.09 03:41:16] ┇ INFO     ┇                       chrisbase.data ┇ -----+----------------------+----------------------------------------------------------
[10.09 03:41:16] ┇ INFO     ┇                       chrisbase.data ┇ Drop an existing index: elastic@localhost:9810/wikipedia-20230920-index-kowiki
[10.09 03:41:17] ┇ INFO     ┇                       chrisbase.data ┇ Created a new index: elastic@localhost:9810/wikipedia-20230920-index-kowiki
[10.09 03:41:17] ┇ INFO     ┇                       chrisbase.data ┇ - option: keys=['settings', 'mappings']
[10.09 03:41:17] ┇ INFO     ┇                             __main__ ┇ Index from [localhost:6382/wikimedia/wikipedia-20230920-parse-kowiki] to [elastic@localhost:9810/wikipedia-20230920-index-kowiki]
[10.09 03:41:17] ┇ INFO     ┇                             __main__ ┇ - amount: 201 * 10000 (BatchItems)
[10.09 03:41:21] ┇ INFO     ┇                             __main__ ┇ *   indexing:   5%|██▍                                               | 10/201 [00:04<01:20,  2.36batch/s]
[10.09 03:41:25] ┇ INFO     ┇                             __main__ ┇ *   indexing:  10%|████▉                                             | 20/201 [00:08<01:16,  2.36batch/s]
[10.09 03:41:30] ┇ INFO     ┇                             __main__ ┇ *   indexing:  15%|███████▍                                          | 30/201 [00:13<01:14,  2.29batch/s]
[10.09 03:41:34] ┇ INFO     ┇                             __main__ ┇ *   indexing:  20%|█████████▉                                        | 40/201 [00:17<01:05,  2.46batch/s]
[10.09 03:41:38] ┇ INFO     ┇                             __main__ ┇ *   indexing:  25%|████████████▍                                     | 50/201 [00:21<01:05,  2.31batch/s]
[10.09 03:41:42] ┇ INFO     ┇                             __main__ ┇ *   indexing:  30%|██████████████▉                                   | 60/201 [00:25<00:59,  2.37batch/s]
[10.09 03:41:46] ┇ INFO     ┇                             __main__ ┇ *   indexing:  35%|█████████████████▍                                | 70/201 [00:29<00:53,  2.45batch/s]
[10.09 03:41:51] ┇ INFO     ┇                             __main__ ┇ *   indexing:  40%|███████████████████▉                              | 80/201 [00:34<00:54,  2.21batch/s]
[10.09 03:41:55] ┇ INFO     ┇                             __main__ ┇ *   indexing:  45%|██████████████████████▍                           | 90/201 [00:38<00:48,  2.29batch/s]
[10.09 03:42:00] ┇ INFO     ┇                             __main__ ┇ *   indexing:  50%|████████████████████████▉                         | 100/201 [00:42<00:42,  2.36batch/s]
[10.09 03:42:04] ┇ INFO     ┇                             __main__ ┇ *   indexing:  55%|███████████████████████████▎                      | 110/201 [00:47<00:40,  2.25batch/s]
[10.09 03:42:08] ┇ INFO     ┇                             __main__ ┇ *   indexing:  60%|█████████████████████████████▊                    | 120/201 [00:51<00:36,  2.25batch/s]
[10.09 03:42:13] ┇ INFO     ┇                             __main__ ┇ *   indexing:  65%|████████████████████████████████▎                 | 130/201 [00:55<00:30,  2.36batch/s]
[10.09 03:42:17] ┇ INFO     ┇                             __main__ ┇ *   indexing:  70%|██████████████████████████████████▊               | 140/201 [01:00<00:26,  2.31batch/s]
[10.09 03:42:21] ┇ INFO     ┇                             __main__ ┇ *   indexing:  75%|█████████████████████████████████████▎            | 150/201 [01:04<00:21,  2.38batch/s]
[10.09 03:42:26] ┇ INFO     ┇                             __main__ ┇ *   indexing:  80%|███████████████████████████████████████▊          | 160/201 [01:08<00:19,  2.15batch/s]
[10.09 03:42:30] ┇ INFO     ┇                             __main__ ┇ *   indexing:  85%|██████████████████████████████████████████▎       | 170/201 [01:13<00:13,  2.34batch/s]
[10.09 03:42:34] ┇ INFO     ┇                             __main__ ┇ *   indexing:  90%|████████████████████████████████████████████▊     | 180/201 [01:17<00:08,  2.34batch/s]
[10.09 03:42:38] ┇ INFO     ┇                             __main__ ┇ *   indexing:  95%|███████████████████████████████████████████████▎  | 190/201 [01:21<00:04,  2.37batch/s]
[10.09 03:42:43] ┇ INFO     ┇                             __main__ ┇ *   indexing: 100%|█████████████████████████████████████████████████▊| 200/201 [01:25<00:00,  2.35batch/s]
[10.09 03:42:43] ┇ INFO     ┇                             __main__ ┇ *   indexing: 100%|██████████████████████████████████████████████████| 201/201 [01:26<00:00,  2.33batch/s]
[10.09 03:42:48] ┇ INFO     ┇                       chrisbase.data ┇ -----------------------------------------------------------------------------------------------------------------------------------------
[10.09 03:42:48] ┇ INFO     ┇                       chrisbase.data ┇ health status index                           uuid                   pri rep docs.count docs.deleted store.size pri.store.size
[10.09 03:42:48] ┇ INFO     ┇                       chrisbase.data ┇ yellow open   wikipedia-20230920-index-kowiki jlJ-bTzOQPyekrTEMmX5Lg   1   1    2009658            0      1.4gb          1.4gb
[10.09 03:42:48] ┇ INFO     ┇                       chrisbase.data ┇ -----------------------------------------------------------------------------------------------------------------------------------------
[10.09 03:42:48] ┇ INFO     ┇                             __main__ ┇ Indexed 2009658 items to [elastic@localhost:9810/wikipedia-20230920-index-kowiki]
[10.09 03:42:48] ┇ INFO     ┇                       chrisbase.data ┇ =========================================================================================================================================
[10.09 03:42:48] ┇ INFO     ┇                       chrisbase.data ┇ [EXIT] python index_wikipedia.py index wikipedia ($=00:01:31.340)
[10.09 03:42:48] ┇ INFO     ┇                       chrisbase.data ┇ =========================================================================================================================================
