[10.03 20:05:35] ┇ INFO     ┇                       chrisbase.data ┇ =========================================================================================================================================
[10.03 20:05:35] ┇ INFO     ┇                       chrisbase.data ┇ [INIT] python index_wikipedia.py 
[10.03 20:05:35] ┇ INFO     ┇                       chrisbase.data ┇ =========================================================================================================================================
[10.03 20:05:36] ┇ INFO     ┇                       chrisbase.data ┇ -----+--------------------+---------------------------------------------------------------------------------------------------------------------------------------------------------------------------------------------------------------------------------------------------------------------------------------------------------------------------------------------------------------------------------------------------------------------------------------------------------------------
[10.03 20:05:36] ┇ INFO     ┇                       chrisbase.data ┇    # | ProgramArguments   | value
[10.03 20:05:36] ┇ INFO     ┇                       chrisbase.data ┇ -----+--------------------+---------------------------------------------------------------------------------------------------------------------------------------------------------------------------------------------------------------------------------------------------------------------------------------------------------------------------------------------------------------------------------------------------------------------------------------------------------------------
[10.03 20:05:36] ┇ INFO     ┇                       chrisbase.data ┇    1 | time.started       | [10.03 20:05:36]
[10.03 20:05:36] ┇ INFO     ┇                       chrisbase.data ┇    2 | time.settled       |
[10.03 20:05:36] ┇ INFO     ┇                       chrisbase.data ┇    3 | time.elapsed       |
[10.03 20:05:36] ┇ INFO     ┇                       chrisbase.data ┇    4 | env.project        | WiseData
[10.03 20:05:36] ┇ INFO     ┇                       chrisbase.data ┇    5 | env.job_name       | index_wikipedia
[10.03 20:05:36] ┇ INFO     ┇                       chrisbase.data ┇    6 | env.hostname       | chrisBookPro.local
[10.03 20:05:36] ┇ INFO     ┇                       chrisbase.data ┇    7 | env.hostaddr       | 192.168.0.41
[10.03 20:05:36] ┇ INFO     ┇                       chrisbase.data ┇    8 | env.python_path    | /Users/chris/miniforge3/envs/WiseData-2023.08/bin/python
[10.03 20:05:36] ┇ INFO     ┇                       chrisbase.data ┇    9 | env.working_path   | /Users/chris/proj/WiseData-2023.08
[10.03 20:05:36] ┇ INFO     ┇                       chrisbase.data ┇   10 | env.running_file   | index_wikipedia.py
[10.03 20:05:36] ┇ INFO     ┇                       chrisbase.data ┇   11 | env.command_args   | []
[10.03 20:05:36] ┇ INFO     ┇                       chrisbase.data ┇   12 | env.num_ip_addrs   | 0
[10.03 20:05:36] ┇ INFO     ┇                       chrisbase.data ┇   13 | env.max_workers    | 1
[10.03 20:05:36] ┇ INFO     ┇                       chrisbase.data ┇   14 | env.output_home    | output-index_wikipedia
[10.03 20:05:36] ┇ INFO     ┇                       chrisbase.data ┇   15 | env.logging_file   | logging-1003.200535.out
[10.03 20:05:36] ┇ INFO     ┇                       chrisbase.data ┇   16 | env.argument_file  | arguments-1003.200535.json
[10.03 20:05:36] ┇ INFO     ┇                       chrisbase.data ┇   17 | env.debugging      | False
[10.03 20:05:36] ┇ INFO     ┇                       chrisbase.data ┇   18 | env.msg_level      | 20
[10.03 20:05:36] ┇ INFO     ┇                       chrisbase.data ┇   19 | env.msg_format     | %(asctime)s ┇ %(levelname)-8s ┇ %(name)36s ┇ %(message)s
[10.03 20:05:36] ┇ INFO     ┇                       chrisbase.data ┇   20 | env.date_format    | [%m.%d %H:%M:%S]
[10.03 20:05:36] ┇ INFO     ┇                       chrisbase.data ┇   21 | env.time_stamp     | 1003.200535
[10.03 20:05:36] ┇ INFO     ┇                       chrisbase.data ┇   22 | data.home          | input/Wikidata-parse
[10.03 20:05:36] ┇ INFO     ┇                       chrisbase.data ┇   23 | data.name          | Wikipedia-20230920-parse-kowiki.jsonl
[10.03 20:05:36] ┇ INFO     ┇                       chrisbase.data ┇   24 | data.total         | 9740173
[10.03 20:05:36] ┇ INFO     ┇                       chrisbase.data ┇   25 | data.start         | 0
[10.03 20:05:36] ┇ INFO     ┇                       chrisbase.data ┇   26 | data.limit         | -1
[10.03 20:05:36] ┇ INFO     ┇                       chrisbase.data ┇   27 | data.batch         | 10000
[10.03 20:05:36] ┇ INFO     ┇                       chrisbase.data ┇   28 | data.from_table    | False
[10.03 20:05:36] ┇ INFO     ┇                       chrisbase.data ┇   29 | data.prog_interval | 100000
[10.03 20:05:36] ┇ INFO     ┇                       chrisbase.data ┇   30 | index.host         | localhost:9717
[10.03 20:05:36] ┇ INFO     ┇                       chrisbase.data ┇   31 | index.user         | elastic
[10.03 20:05:36] ┇ INFO     ┇                       chrisbase.data ┇   32 | index.pswd         | HOExBs8qAzdL3gUEdEq2
[10.03 20:05:36] ┇ INFO     ┇                       chrisbase.data ┇   33 | index.name         | wikipedia-20230920-index-kowiki
[10.03 20:05:36] ┇ INFO     ┇                       chrisbase.data ┇   34 | index.create_opt   | {'settings': {'index': {'number_of_shards': 1, 'blocks': {'read_only_allow_delete': 'false'}}, 'analysis': {'analyzer': {'bigram_analyzer': {'tokenizer': 'bigram_tokenizer'}}, 'tokenizer': {'bigram_tokenizer': {'type': 'ngram', 'min_gram': 2, 'max_gram': 2}}}}, 'mappings': {'properties': {'title': {'type': 'keyword'}, 'subtitle1': {'type': 'keyword'}, 'subtitle2': {'type': 'keyword'}, 'body_text': {'type': 'text', 'analyzer': 'bigram_analyzer'}}}}
[10.03 20:05:36] ┇ INFO     ┇                       chrisbase.data ┇   35 | other              |
[10.03 20:05:36] ┇ INFO     ┇                       chrisbase.data ┇ -----+--------------------+---------------------------------------------------------------------------------------------------------------------------------------------------------------------------------------------------------------------------------------------------------------------------------------------------------------------------------------------------------------------------------------------------------------------------------------------------------------------
[10.03 20:05:36] ┇ INFO     ┇                             __main__ ┇ Index 9740173 inputs with 975 batches to elastic@localhost:9717/wikipedia-20230920-index-kowiki
[10.03 20:05:36] ┇ INFO     ┇                             __main__ ┇ Delete an existing index: elastic@localhost:9717/wikipedia-20230920-index-kowiki
[10.03 20:05:36] ┇ INFO     ┇                             __main__ ┇ Created a new index: elastic@localhost:9717/wikipedia-20230920-index-kowiki
[10.03 20:05:43] ┇ INFO     ┇                             __main__ ┇ *   indexing:   1%|▌                                                 | 10/975 [00:07<11:17,  1.42batch/s]
[10.03 20:05:51] ┇ INFO     ┇                             __main__ ┇ *   indexing:   2%|█                                                 | 20/975 [00:14<12:18,  1.29batch/s]
[10.03 20:05:58] ┇ INFO     ┇                             __main__ ┇ *   indexing:   3%|█▌                                                | 30/975 [00:22<12:02,  1.31batch/s]
[10.03 20:06:06] ┇ INFO     ┇                             __main__ ┇ *   indexing:   4%|██                                                | 40/975 [00:29<11:21,  1.37batch/s]
[10.03 20:06:13] ┇ INFO     ┇                             __main__ ┇ *   indexing:   5%|██▌                                               | 50/975 [00:37<11:39,  1.32batch/s]
[10.03 20:06:21] ┇ INFO     ┇                             __main__ ┇ *   indexing:   6%|███                                               | 60/975 [00:45<11:46,  1.30batch/s]
[10.03 20:06:29] ┇ INFO     ┇                             __main__ ┇ *   indexing:   7%|███▌                                              | 70/975 [00:52<11:35,  1.30batch/s]
[10.03 20:06:37] ┇ INFO     ┇                             __main__ ┇ *   indexing:   8%|████                                              | 80/975 [01:00<11:34,  1.29batch/s]
[10.03 20:06:44] ┇ INFO     ┇                             __main__ ┇ *   indexing:   9%|████▌                                             | 90/975 [01:08<11:08,  1.32batch/s]
[10.03 20:06:52] ┇ INFO     ┇                             __main__ ┇ *   indexing:  10%|█████▏                                            | 100/975 [01:15<11:25,  1.28batch/s]
[10.03 20:07:00] ┇ INFO     ┇                             __main__ ┇ *   indexing:  11%|█████▋                                            | 110/975 [01:23<11:08,  1.29batch/s]
[10.03 20:07:07] ┇ INFO     ┇                             __main__ ┇ *   indexing:  12%|██████▏                                           | 120/975 [01:31<10:51,  1.31batch/s]
[10.03 20:07:15] ┇ INFO     ┇                             __main__ ┇ *   indexing:  13%|██████▋                                           | 130/975 [01:38<10:47,  1.30batch/s]
[10.03 20:07:22] ┇ INFO     ┇                             __main__ ┇ *   indexing:  14%|███████▏                                          | 140/975 [01:46<10:26,  1.33batch/s]
[10.03 20:07:30] ┇ INFO     ┇                             __main__ ┇ *   indexing:  15%|███████▋                                          | 150/975 [01:54<10:34,  1.30batch/s]
[10.03 20:07:38] ┇ INFO     ┇                             __main__ ┇ *   indexing:  16%|████████▏                                         | 160/975 [02:01<10:54,  1.25batch/s]
[10.03 20:07:45] ┇ INFO     ┇                             __main__ ┇ *   indexing:  17%|████████▋                                         | 170/975 [02:09<10:07,  1.33batch/s]
[10.03 20:07:53] ┇ INFO     ┇                             __main__ ┇ *   indexing:  18%|█████████▏                                        | 180/975 [02:17<10:18,  1.28batch/s]
[10.03 20:08:01] ┇ INFO     ┇                             __main__ ┇ *   indexing:  19%|█████████▋                                        | 190/975 [02:24<10:26,  1.25batch/s]
[10.03 20:08:08] ┇ INFO     ┇                             __main__ ┇ *   indexing:  21%|██████████▎                                       | 200/975 [02:32<09:46,  1.32batch/s]
[10.03 20:08:16] ┇ INFO     ┇                             __main__ ┇ *   indexing:  22%|██████████▊                                       | 210/975 [02:40<09:34,  1.33batch/s]
[10.03 20:08:24] ┇ INFO     ┇                             __main__ ┇ *   indexing:  23%|███████████▎                                      | 220/975 [02:47<09:57,  1.26batch/s]
[10.03 20:08:32] ┇ INFO     ┇                             __main__ ┇ *   indexing:  24%|███████████▊                                      | 230/975 [02:55<09:37,  1.29batch/s]
[10.03 20:08:39] ┇ INFO     ┇                             __main__ ┇ *   indexing:  25%|████████████▎                                     | 240/975 [03:03<09:24,  1.30batch/s]
[10.03 20:08:47] ┇ INFO     ┇                             __main__ ┇ *   indexing:  26%|████████████▊                                     | 250/975 [03:11<09:22,  1.29batch/s]
[10.03 20:08:55] ┇ INFO     ┇                             __main__ ┇ *   indexing:  27%|█████████████▎                                    | 260/975 [03:18<09:03,  1.31batch/s]
[10.03 20:09:02] ┇ INFO     ┇                             __main__ ┇ *   indexing:  28%|█████████████▊                                    | 270/975 [03:26<08:54,  1.32batch/s]
[10.03 20:09:10] ┇ INFO     ┇                             __main__ ┇ *   indexing:  29%|██████████████▎                                   | 280/975 [03:34<08:50,  1.31batch/s]
[10.03 20:09:18] ┇ INFO     ┇                             __main__ ┇ *   indexing:  30%|██████████████▊                                   | 290/975 [03:41<08:45,  1.30batch/s]
[10.03 20:09:25] ┇ INFO     ┇                             __main__ ┇ *   indexing:  31%|███████████████▍                                  | 300/975 [03:49<08:37,  1.30batch/s]
[10.03 20:09:33] ┇ INFO     ┇                             __main__ ┇ *   indexing:  32%|███████████████▉                                  | 310/975 [03:57<08:36,  1.29batch/s]
[10.03 20:09:41] ┇ INFO     ┇                             __main__ ┇ *   indexing:  33%|████████████████▍                                 | 320/975 [04:04<08:19,  1.31batch/s]
[10.03 20:09:49] ┇ INFO     ┇                             __main__ ┇ *   indexing:  34%|████████████████▉                                 | 330/975 [04:12<08:39,  1.24batch/s]
[10.03 20:09:56] ┇ INFO     ┇                             __main__ ┇ *   indexing:  35%|█████████████████▍                                | 340/975 [04:20<08:01,  1.32batch/s]
[10.03 20:10:04] ┇ INFO     ┇                             __main__ ┇ *   indexing:  36%|█████████████████▉                                | 350/975 [04:27<07:54,  1.32batch/s]
[10.03 20:10:12] ┇ INFO     ┇                             __main__ ┇ *   indexing:  37%|██████████████████▍                               | 360/975 [04:35<08:32,  1.20batch/s]
[10.03 20:10:19] ┇ INFO     ┇                             __main__ ┇ *   indexing:  38%|██████████████████▉                               | 370/975 [04:43<07:42,  1.31batch/s]
[10.03 20:10:26] ┇ INFO     ┇                             __main__ ┇ *   indexing:  39%|███████████████████▍                              | 380/975 [04:50<07:12,  1.37batch/s]
[10.03 20:10:34] ┇ INFO     ┇                             __main__ ┇ *   indexing:  40%|████████████████████                              | 390/975 [04:57<07:13,  1.35batch/s]
[10.03 20:10:41] ┇ INFO     ┇                             __main__ ┇ *   indexing:  41%|████████████████████▌                             | 400/975 [05:05<07:11,  1.33batch/s]
[10.03 20:10:49] ┇ INFO     ┇                             __main__ ┇ *   indexing:  42%|█████████████████████                             | 410/975 [05:12<06:57,  1.35batch/s]
[10.03 20:10:56] ┇ INFO     ┇                             __main__ ┇ *   indexing:  43%|█████████████████████▌                            | 420/975 [05:20<06:50,  1.35batch/s]
[10.03 20:11:04] ┇ INFO     ┇                             __main__ ┇ *   indexing:  44%|██████████████████████                            | 430/975 [05:27<06:45,  1.34batch/s]
[10.03 20:11:11] ┇ INFO     ┇                             __main__ ┇ *   indexing:  45%|██████████████████████▌                           | 440/975 [05:35<06:34,  1.36batch/s]
[10.03 20:11:18] ┇ INFO     ┇                             __main__ ┇ *   indexing:  46%|███████████████████████                           | 450/975 [05:42<06:23,  1.37batch/s]
[10.03 20:11:26] ┇ INFO     ┇                             __main__ ┇ *   indexing:  47%|███████████████████████▌                          | 460/975 [05:49<06:10,  1.39batch/s]
[10.03 20:11:33] ┇ INFO     ┇                             __main__ ┇ *   indexing:  48%|████████████████████████                          | 470/975 [05:57<06:14,  1.35batch/s]
[10.03 20:11:41] ┇ INFO     ┇                             __main__ ┇ *   indexing:  49%|████████████████████████▌                         | 480/975 [06:04<06:04,  1.36batch/s]
[10.03 20:11:48] ┇ INFO     ┇                             __main__ ┇ *   indexing:  50%|█████████████████████████▏                        | 490/975 [06:12<05:56,  1.36batch/s]
[10.03 20:11:55] ┇ INFO     ┇                             __main__ ┇ *   indexing:  51%|█████████████████████████▋                        | 500/975 [06:19<05:56,  1.33batch/s]
[10.03 20:12:03] ┇ INFO     ┇                             __main__ ┇ *   indexing:  52%|██████████████████████████▏                       | 510/975 [06:26<05:41,  1.36batch/s]
[10.03 20:12:10] ┇ INFO     ┇                             __main__ ┇ *   indexing:  53%|██████████████████████████▋                       | 520/975 [06:34<05:34,  1.36batch/s]
[10.03 20:12:17] ┇ INFO     ┇                             __main__ ┇ *   indexing:  54%|███████████████████████████▏                      | 530/975 [06:41<05:32,  1.34batch/s]
[10.03 20:12:25] ┇ INFO     ┇                             __main__ ┇ *   indexing:  55%|███████████████████████████▋                      | 540/975 [06:48<05:15,  1.38batch/s]
[10.03 20:12:32] ┇ INFO     ┇                             __main__ ┇ *   indexing:  56%|████████████████████████████▏                     | 550/975 [06:56<05:12,  1.36batch/s]
[10.03 20:12:40] ┇ INFO     ┇                             __main__ ┇ *   indexing:  57%|████████████████████████████▋                     | 560/975 [07:03<05:01,  1.38batch/s]
[10.03 20:12:47] ┇ INFO     ┇                             __main__ ┇ *   indexing:  58%|█████████████████████████████▏                    | 570/975 [07:10<04:55,  1.37batch/s]
[10.03 20:12:54] ┇ INFO     ┇                             __main__ ┇ *   indexing:  59%|█████████████████████████████▋                    | 580/975 [07:18<04:41,  1.40batch/s]
[10.03 20:13:01] ┇ INFO     ┇                             __main__ ┇ *   indexing:  61%|██████████████████████████████▎                   | 590/975 [07:25<04:37,  1.39batch/s]
[10.03 20:13:09] ┇ INFO     ┇                             __main__ ┇ *   indexing:  62%|██████████████████████████████▊                   | 600/975 [07:32<04:33,  1.37batch/s]
[10.03 20:13:16] ┇ INFO     ┇                             __main__ ┇ *   indexing:  63%|███████████████████████████████▎                  | 610/975 [07:39<04:29,  1.35batch/s]
[10.03 20:13:23] ┇ INFO     ┇                             __main__ ┇ *   indexing:  64%|███████████████████████████████▊                  | 620/975 [07:47<04:22,  1.35batch/s]
[10.03 20:13:31] ┇ INFO     ┇                             __main__ ┇ *   indexing:  65%|████████████████████████████████▎                 | 630/975 [07:54<04:08,  1.39batch/s]
[10.03 20:13:38] ┇ INFO     ┇                             __main__ ┇ *   indexing:  66%|████████████████████████████████▊                 | 640/975 [08:01<04:08,  1.35batch/s]
[10.03 20:13:45] ┇ INFO     ┇                             __main__ ┇ *   indexing:  67%|█████████████████████████████████▎                | 650/975 [08:09<03:59,  1.36batch/s]
[10.03 20:13:53] ┇ INFO     ┇                             __main__ ┇ *   indexing:  68%|█████████████████████████████████▊                | 660/975 [08:16<03:50,  1.37batch/s]
[10.03 20:14:00] ┇ INFO     ┇                             __main__ ┇ *   indexing:  69%|██████████████████████████████████▎               | 670/975 [08:23<03:39,  1.39batch/s]
[10.03 20:14:07] ┇ INFO     ┇                             __main__ ┇ *   indexing:  70%|██████████████████████████████████▊               | 680/975 [08:31<03:39,  1.34batch/s]
[10.03 20:14:15] ┇ INFO     ┇                             __main__ ┇ *   indexing:  71%|███████████████████████████████████▍              | 690/975 [08:38<03:27,  1.38batch/s]
[10.03 20:14:22] ┇ INFO     ┇                             __main__ ┇ *   indexing:  72%|███████████████████████████████████▉              | 700/975 [08:45<03:20,  1.37batch/s]
[10.03 20:14:29] ┇ INFO     ┇                             __main__ ┇ *   indexing:  73%|████████████████████████████████████▍             | 710/975 [08:53<03:14,  1.37batch/s]
[10.03 20:14:37] ┇ INFO     ┇                             __main__ ┇ *   indexing:  74%|████████████████████████████████████▉             | 720/975 [09:00<03:10,  1.34batch/s]
[10.03 20:14:44] ┇ INFO     ┇                             __main__ ┇ *   indexing:  75%|█████████████████████████████████████▍            | 730/975 [09:08<02:59,  1.37batch/s]
[10.03 20:14:52] ┇ INFO     ┇                             __main__ ┇ *   indexing:  76%|█████████████████████████████████████▉            | 740/975 [09:15<03:07,  1.26batch/s]
[10.03 20:14:59] ┇ INFO     ┇                             __main__ ┇ *   indexing:  77%|██████████████████████████████████████▍           | 750/975 [09:23<02:47,  1.34batch/s]
[10.03 20:15:07] ┇ INFO     ┇                             __main__ ┇ *   indexing:  78%|██████████████████████████████████████▉           | 760/975 [09:30<02:38,  1.36batch/s]
[10.03 20:15:14] ┇ INFO     ┇                             __main__ ┇ *   indexing:  79%|███████████████████████████████████████▍          | 770/975 [09:37<02:27,  1.39batch/s]
[10.03 20:15:21] ┇ INFO     ┇                             __main__ ┇ *   indexing:  80%|████████████████████████████████████████          | 780/975 [09:45<02:25,  1.34batch/s]
[10.03 20:15:29] ┇ INFO     ┇                             __main__ ┇ *   indexing:  81%|████████████████████████████████████████▌         | 790/975 [09:52<02:19,  1.33batch/s]
[10.03 20:15:36] ┇ INFO     ┇                             __main__ ┇ *   indexing:  82%|█████████████████████████████████████████         | 800/975 [10:00<02:09,  1.35batch/s]
[10.03 20:15:44] ┇ INFO     ┇                             __main__ ┇ *   indexing:  83%|█████████████████████████████████████████▌        | 810/975 [10:07<02:00,  1.37batch/s]
[10.03 20:15:51] ┇ INFO     ┇                             __main__ ┇ *   indexing:  84%|██████████████████████████████████████████        | 820/975 [10:15<01:55,  1.34batch/s]
[10.03 20:15:58] ┇ INFO     ┇                             __main__ ┇ *   indexing:  85%|██████████████████████████████████████████▌       | 830/975 [10:22<01:41,  1.42batch/s]
[10.03 20:16:05] ┇ INFO     ┇                             __main__ ┇ *   indexing:  86%|███████████████████████████████████████████       | 840/975 [10:29<01:33,  1.44batch/s]
[10.03 20:16:12] ┇ INFO     ┇                             __main__ ┇ *   indexing:  87%|███████████████████████████████████████████▌      | 850/975 [10:36<01:31,  1.37batch/s]
[10.03 20:16:20] ┇ INFO     ┇                             __main__ ┇ *   indexing:  88%|████████████████████████████████████████████      | 860/975 [10:43<01:26,  1.33batch/s]
[10.03 20:16:27] ┇ INFO     ┇                             __main__ ┇ *   indexing:  89%|████████████████████████████████████████████▌     | 870/975 [10:51<01:19,  1.32batch/s]
[10.03 20:16:35] ┇ INFO     ┇                             __main__ ┇ *   indexing:  90%|█████████████████████████████████████████████▏    | 880/975 [10:59<01:12,  1.30batch/s]
[10.03 20:16:43] ┇ INFO     ┇                             __main__ ┇ *   indexing:  91%|█████████████████████████████████████████████▋    | 890/975 [11:06<01:03,  1.34batch/s]
[10.03 20:16:50] ┇ INFO     ┇                             __main__ ┇ *   indexing:  92%|██████████████████████████████████████████████▏   | 900/975 [11:13<00:55,  1.35batch/s]
[10.03 20:16:57] ┇ INFO     ┇                             __main__ ┇ *   indexing:  93%|██████████████████████████████████████████████▋   | 910/975 [11:21<00:48,  1.33batch/s]
[10.03 20:17:05] ┇ INFO     ┇                             __main__ ┇ *   indexing:  94%|███████████████████████████████████████████████▏  | 920/975 [11:28<00:40,  1.35batch/s]
[10.03 20:17:12] ┇ INFO     ┇                             __main__ ┇ *   indexing:  95%|███████████████████████████████████████████████▋  | 930/975 [11:36<00:33,  1.33batch/s]
[10.03 20:17:20] ┇ INFO     ┇                             __main__ ┇ *   indexing:  96%|████████████████████████████████████████████████▏ | 940/975 [11:43<00:25,  1.35batch/s]
[10.03 20:17:27] ┇ INFO     ┇                             __main__ ┇ *   indexing:  97%|████████████████████████████████████████████████▋ | 950/975 [11:51<00:18,  1.38batch/s]
[10.03 20:17:34] ┇ INFO     ┇                             __main__ ┇ *   indexing:  98%|█████████████████████████████████████████████████▏| 960/975 [11:58<00:11,  1.32batch/s]
[10.03 20:17:42] ┇ INFO     ┇                             __main__ ┇ *   indexing:  99%|█████████████████████████████████████████████████▋| 970/975 [12:06<00:04,  1.24batch/s]
[10.03 20:17:45] ┇ INFO     ┇                             __main__ ┇ *   indexing: 100%|██████████████████████████████████████████████████| 975/975 [12:09<00:00,  1.34batch/s]
[10.03 20:17:46] ┇ INFO     ┇                             __main__ ┇ health status index                           uuid                   pri rep docs.count docs.deleted store.size pri.store.size
[10.03 20:17:46] ┇ INFO     ┇                             __main__ ┇ yellow open   wikipedia-20230920-index-kowiki tZYKrKshRiyiUyEvx2xAHg   1   1    9740173            0      2.1gb          2.1gb
[10.03 20:17:46] ┇ INFO     ┇                             __main__ ┇ Got 10000 Hits (Max=40.468):
[10.03 20:17:46] ┇ INFO     ┇                             __main__ ┇   - {'_index': 'wikipedia-20230920-index-kowiki', '_type': '_doc', '_id': '3121328-003-002-001', '_score': 40.46759, '_source': {'subtitle2': '동아시아ㆍ오세아니아', 'subtitle1': '대륙별 참가국 목록', 'body_text': '오스트레일리아 * 피지 * 인도네시아 * 일본 * 키리바시 * 말레이시아 * 마셜 제도 * 미크로네시아 연방 * 몽골 * 나우루 * 뉴질랜드 * 팔라우 * 파푸아뉴기니 * 필리핀 * 사모아 * 대한민국 * 솔로몬 제도 * 동티모르 * 중화민국 (대만) * 통가 * 바누아투', 'title': '민주주의 정상회의'}}
[10.03 20:17:46] ┇ INFO     ┇                             __main__ ┇   - {'_index': 'wikipedia-20230920-index-kowiki', '_type': '_doc', '_id': '3121328-003-003-001', '_score': 31.221617, '_source': {'subtitle2': '유럽', 'subtitle1': '대륙별 참가국 목록', 'body_text': '알바니아 * 아르메니아 * 오스트리아 * 벨기에 * 불가리아 * 크로아티아 * 체코 * 키프로스 * 덴마크 * 에스토니아 * 핀란드 * 프랑스 * 독일 * 그리스 * 조지아 * 아이슬란드 * 아일랜드 * 이탈리아 * 라트비아 * 리투아니아 * 룩셈부르크 * 몰타 * 몬테네그로 * 몰도바 * 네덜란드 * 북마케도니아 * 노르웨이 * 폴란드 * 포르투갈 * 루마니아 * 슬로바키아 * 슬로베니아 * 스페인 * 스웨덴 * 스위스 * 우크라이나 * 영국', 'title': '민주주의 정상회의'}}
[10.03 20:17:46] ┇ INFO     ┇                             __main__ ┇   - {'_index': 'wikipedia-20230920-index-kowiki', '_type': '_doc', '_id': '3629446-002-023-012', '_score': 30.950428, '_source': {'subtitle2': '학생경쟁부문', 'subtitle1': '수상 및 후보', 'body_text': '암호 * * * * * - 아델 세게디', 'title': '제23회 부천국제애니메이션페스티벌'}}
[10.03 20:17:46] ┇ INFO     ┇                             __main__ ┇   - {'_index': 'wikipedia-20230920-index-kowiki', '_type': '_doc', '_id': '3121328-003-006-001', '_score': 30.808208, '_source': {'subtitle2': '북미·중남미', 'subtitle1': '대륙별 참가국 목록', 'body_text': '앤티가 바부다 * 아르헨티나 * 바베이도스 * 바하마 * 벨리즈 * 브라질 * 캐나다 * 칠레 * 콜롬비아 * 코스타리카 * 도미니카 연방 * 도미니카 공화국 * 에콰도르 * 그레나다 * 가이아나 * 자메이카 * 멕시코 * 파나마 * 파라과이 * 페루 * 세인트키츠 네비스 * 세인트루시아 * 세인트빈센트 그레나딘 * 수리남 * 트리니다드 토바고 * 미국 * 우루과이', 'title': '민주주의 정상회의'}}
[10.03 20:17:46] ┇ INFO     ┇                             __main__ ┇   - {'_index': 'wikipedia-20230920-index-kowiki', '_type': '_doc', '_id': '3121328-003-001-001', '_score': 30.687489, '_source': {'subtitle2': '아프리카', 'subtitle1': '대륙별 참가국 목록', 'body_text': '앙골라 * 보츠와나 * 카보베르데 * 콩고 민주 공화국 * 가나 * 케냐 * 라이베리아 * 말라위 * 모리셔스 * 나미비아 * 니제르 * 나이지리아 * 상투메 프린시페 * 세네갈 * 세이셸 * 남아프리카 공화국 * 잠비아', 'title': '민주주의 정상회의'}}
[10.03 20:17:46] ┇ INFO     ┇                             __main__ ┇   - {'_index': 'wikipedia-20230920-index-kowiki', '_type': '_doc', '_id': '1829160-001-002-001', '_score': 30.425442, '_source': {'subtitle2': '', 'subtitle1': '', 'body_text': '별들의전쟁 * (GALACTIKA *) 은 F R I D A Y . 와 CHANG으로 이루어진 대한민국의 음악 프로듀싱 팀이며,', 'title': '별들의전쟁'}}
[10.03 20:17:46] ┇ INFO     ┇                             __main__ ┇   - {'_index': 'wikipedia-20230920-index-kowiki', '_type': '_doc', '_id': '2885791-007-003-003', '_score': 30.181103, '_source': {'subtitle2': '바이마르', 'subtitle1': '작곡 시기', 'body_text': '1714: BWV 182 * 12 * 172 * 21 * 54 * 199 * 61 * 152', 'title': '바흐 칸타타'}}
[10.03 20:17:46] ┇ INFO     ┇                             __main__ ┇   - {'_index': 'wikipedia-20230920-index-kowiki', '_type': '_doc', '_id': '1451207-002-003-010', '_score': 30.166756, '_source': {'subtitle2': '구성 파일', 'subtitle1': '개요', 'body_text': '# * * * * *  command to execute', 'title': 'Cron'}}
[10.03 20:17:46] ┇ INFO     ┇                             __main__ ┇   - {'_index': 'wikipedia-20230920-index-kowiki', '_type': '_doc', '_id': '0012453-002-001-006', '_score': 29.939335, '_source': {'subtitle2': '', 'subtitle1': '예제 코드', 'body_text': '*        *     *     *     *     *', 'title': 'PATH (프로그래밍 언어)'}}
[10.03 20:17:46] ┇ INFO     ┇                             __main__ ┇   - {'_index': 'wikipedia-20230920-index-kowiki', '_type': '_doc', '_id': '1101505-004-001-001', '_score': 29.807938, '_source': {'subtitle2': '', 'subtitle1': '교회현황(2021년 기준)', 'body_text': '* 대한민국: 222개 교회', 'title': '대한예수교침례회'}}
[10.03 20:17:46] ┇ INFO     ┇                       chrisbase.data ┇ =========================================================================================================================================
[10.03 20:17:46] ┇ INFO     ┇                       chrisbase.data ┇ [EXIT] python index_wikipedia.py  ($=00:12:09.837)
[10.03 20:17:46] ┇ INFO     ┇                       chrisbase.data ┇ =========================================================================================================================================
