[10.06 02:16:57] ┇ INFO     ┇                       chrisbase.data ┇ =========================================================================================================================================
[10.06 02:16:57] ┇ INFO     ┇                       chrisbase.data ┇ [INIT] python index_wikipedia.py 
[10.06 02:16:57] ┇ INFO     ┇                       chrisbase.data ┇ =========================================================================================================================================
[10.06 02:16:58] ┇ INFO     ┇                       chrisbase.data ┇ -----+----------------------+----------------------------------------------------------
[10.06 02:16:58] ┇ INFO     ┇                       chrisbase.data ┇    # | IndexArguments       | value
[10.06 02:16:58] ┇ INFO     ┇                       chrisbase.data ┇ -----+----------------------+----------------------------------------------------------
[10.06 02:16:58] ┇ INFO     ┇                       chrisbase.data ┇    1 | env.project          | WiseData
[10.06 02:16:58] ┇ INFO     ┇                       chrisbase.data ┇    2 | env.job_name         | index_wikipedia
[10.06 02:16:58] ┇ INFO     ┇                       chrisbase.data ┇    3 | env.hostname         | chrisBookPro.local
[10.06 02:16:58] ┇ INFO     ┇                       chrisbase.data ┇    4 | env.hostaddr         | 192.168.0.2
[10.06 02:16:58] ┇ INFO     ┇                       chrisbase.data ┇    5 | env.python_path      | /Users/chris/miniforge3/envs/WiseData-2023.08/bin/python
[10.06 02:16:58] ┇ INFO     ┇                       chrisbase.data ┇    6 | env.working_path     | /Users/chris/proj/WiseData-2023.08
[10.06 02:16:58] ┇ INFO     ┇                       chrisbase.data ┇    7 | env.running_file     | index_wikipedia.py
[10.06 02:16:58] ┇ INFO     ┇                       chrisbase.data ┇    8 | env.command_args     | []
[10.06 02:16:58] ┇ INFO     ┇                       chrisbase.data ┇    9 | env.num_ip_addrs     | 0
[10.06 02:16:58] ┇ INFO     ┇                       chrisbase.data ┇   10 | env.max_workers      | 1
[10.06 02:16:58] ┇ INFO     ┇                       chrisbase.data ┇   11 | env.output_home      | output-index_wikipedia
[10.06 02:16:58] ┇ INFO     ┇                       chrisbase.data ┇   12 | env.logging_file     | logging-1006.021657.out
[10.06 02:16:58] ┇ INFO     ┇                       chrisbase.data ┇   13 | env.argument_file    | arguments-1006.021657.json
[10.06 02:16:58] ┇ INFO     ┇                       chrisbase.data ┇   14 | env.debugging        | False
[10.06 02:16:58] ┇ INFO     ┇                       chrisbase.data ┇   15 | env.msg_level        | 20
[10.06 02:16:58] ┇ INFO     ┇                       chrisbase.data ┇   16 | env.msg_format       | %(asctime)s ┇ %(levelname)-8s ┇ %(name)36s ┇ %(message)s
[10.06 02:16:58] ┇ INFO     ┇                       chrisbase.data ┇   17 | env.date_format      | [%m.%d %H:%M:%S]
[10.06 02:16:58] ┇ INFO     ┇                       chrisbase.data ┇   18 | env.time_stamp       | 1006.021657
[10.06 02:16:58] ┇ INFO     ┇                       chrisbase.data ┇   19 | input.start          | 0
[10.06 02:16:58] ┇ INFO     ┇                       chrisbase.data ┇   20 | input.limit          | -1
[10.06 02:16:58] ┇ INFO     ┇                       chrisbase.data ┇   21 | input.batch          | 10000
[10.06 02:16:58] ┇ INFO     ┇                       chrisbase.data ┇   22 | input.inter          | 100000
[10.06 02:16:58] ┇ INFO     ┇                       chrisbase.data ┇   23 | input.total          | 2013506
[10.06 02:16:58] ┇ INFO     ┇                       chrisbase.data ┇   24 | input.file.home      | input/wikimedia
[10.06 02:16:58] ┇ INFO     ┇                       chrisbase.data ┇   25 | input.file.name      | wikipedia-20230920-parse-kowiki.jsonl
[10.06 02:16:58] ┇ INFO     ┇                       chrisbase.data ┇   26 | input.file.mode      | rb
[10.06 02:16:58] ┇ INFO     ┇                       chrisbase.data ┇   27 | input.file.strict    | False
[10.06 02:16:58] ┇ INFO     ┇                       chrisbase.data ┇   28 | input.file.encoding  | utf-8
[10.06 02:16:58] ┇ INFO     ┇                       chrisbase.data ┇   29 | input.table.home     | localhost:6382/wikimedia
[10.06 02:16:58] ┇ INFO     ┇                       chrisbase.data ┇   30 | input.table.name     | wikipedia-20230920-parse-kowiki
[10.06 02:16:58] ┇ INFO     ┇                       chrisbase.data ┇   31 | input.table.sort     | _id
[10.06 02:16:58] ┇ INFO     ┇                       chrisbase.data ┇   32 | input.table.find     | {}
[10.06 02:16:58] ┇ INFO     ┇                       chrisbase.data ┇   33 | input.table.reset    | False
[10.06 02:16:58] ┇ INFO     ┇                       chrisbase.data ┇   34 | input.table.strict   | False
[10.06 02:16:58] ┇ INFO     ┇                       chrisbase.data ┇   35 | input.table.timeout  | 5000
[10.06 02:16:58] ┇ INFO     ┇                       chrisbase.data ┇   36 | output.index.home    | localhost:9810
[10.06 02:16:58] ┇ INFO     ┇                       chrisbase.data ┇   37 | output.index.name    | wikipedia-20230920-index-kowiki
[10.06 02:16:58] ┇ INFO     ┇                       chrisbase.data ┇   38 | output.index.user    | elastic
[10.06 02:16:58] ┇ INFO     ┇                       chrisbase.data ┇   39 | output.index.pswd    | cIrEP5OCwTLn0QIQwnsA
[10.06 02:16:58] ┇ INFO     ┇                       chrisbase.data ┇   40 | output.index.reset   | True
[10.06 02:16:58] ┇ INFO     ┇                       chrisbase.data ┇   41 | output.index.strict  | False
[10.06 02:16:58] ┇ INFO     ┇                       chrisbase.data ┇   42 | output.index.timeout | 10
[10.06 02:16:58] ┇ INFO     ┇                       chrisbase.data ┇   43 | output.index.retrial | 3
[10.06 02:16:58] ┇ INFO     ┇                       chrisbase.data ┇   44 | output.index.create  | input/wikimedia/wikipedia-index_create_args.json
[10.06 02:16:58] ┇ INFO     ┇                       chrisbase.data ┇ -----+----------------------+----------------------------------------------------------
[10.06 02:16:58] ┇ INFO     ┇                       chrisbase.data ┇ Drop an existing index: elastic@localhost:9810/wikipedia-20230920-index-kowiki
[10.06 02:16:58] ┇ INFO     ┇                       chrisbase.data ┇ Created a new index: elastic@localhost:9810/wikipedia-20230920-index-kowiki
[10.06 02:16:58] ┇ INFO     ┇                       chrisbase.data ┇ - option: keys=['settings', 'mappings']
[10.06 02:16:59] ┇ INFO     ┇                             __main__ ┇ Index from [localhost:6382/wikimedia/wikipedia-20230920-parse-kowiki] to [elastic@localhost:9810/wikipedia-20230920-index-kowiki]
[10.06 02:16:59] ┇ INFO     ┇                             __main__ ┇ - amount: inputs=2013506, batches=202
[10.06 02:17:04] ┇ INFO     ┇                             __main__ ┇ *   indexing:   5%|██▍                                               | 10/202 [00:04<01:29,  2.13batch/s]
[10.06 02:17:09] ┇ INFO     ┇                             __main__ ┇ *   indexing:  10%|████▉                                             | 20/202 [00:09<01:27,  2.07batch/s]
[10.06 02:17:13] ┇ INFO     ┇                             __main__ ┇ *   indexing:  15%|███████▍                                          | 30/202 [00:14<01:24,  2.04batch/s]
[10.06 02:17:18] ┇ INFO     ┇                             __main__ ┇ *   indexing:  20%|█████████▉                                        | 40/202 [00:19<01:12,  2.22batch/s]
[10.06 02:17:23] ┇ INFO     ┇                             __main__ ┇ *   indexing:  25%|████████████▍                                     | 50/202 [00:23<01:11,  2.14batch/s]
[10.06 02:17:28] ┇ INFO     ┇                             __main__ ┇ *   indexing:  30%|██████████████▊                                   | 60/202 [00:28<01:05,  2.18batch/s]
[10.06 02:17:32] ┇ INFO     ┇                             __main__ ┇ *   indexing:  35%|█████████████████▎                                | 70/202 [00:33<00:55,  2.36batch/s]
[10.06 02:17:36] ┇ INFO     ┇                             __main__ ┇ *   indexing:  40%|███████████████████▊                              | 80/202 [00:37<00:56,  2.14batch/s]
[10.06 02:17:41] ┇ INFO     ┇                             __main__ ┇ *   indexing:  45%|██████████████████████▎                           | 90/202 [00:42<00:49,  2.26batch/s]
[10.06 02:17:45] ┇ INFO     ┇                             __main__ ┇ *   indexing:  50%|████████████████████████▊                         | 100/202 [00:46<00:45,  2.26batch/s]
[10.06 02:17:50] ┇ INFO     ┇                             __main__ ┇ *   indexing:  54%|███████████████████████████▏                      | 110/202 [00:51<00:43,  2.13batch/s]
[10.06 02:17:54] ┇ INFO     ┇                             __main__ ┇ *   indexing:  59%|█████████████████████████████▋                    | 120/202 [00:55<00:37,  2.20batch/s]
[10.06 02:17:59] ┇ INFO     ┇                             __main__ ┇ *   indexing:  64%|████████████████████████████████▏                 | 130/202 [00:59<00:31,  2.30batch/s]
[10.06 02:18:03] ┇ INFO     ┇                             __main__ ┇ *   indexing:  69%|██████████████████████████████████▋               | 140/202 [01:04<00:27,  2.28batch/s]
[10.06 02:18:07] ┇ INFO     ┇                             __main__ ┇ *   indexing:  74%|█████████████████████████████████████▏            | 150/202 [01:08<00:21,  2.40batch/s]
[10.06 02:18:12] ┇ INFO     ┇                             __main__ ┇ *   indexing:  79%|███████████████████████████████████████▌          | 160/202 [01:13<00:18,  2.23batch/s]
[10.06 02:18:16] ┇ INFO     ┇                             __main__ ┇ *   indexing:  84%|██████████████████████████████████████████        | 170/202 [01:17<00:13,  2.30batch/s]
[10.06 02:18:20] ┇ INFO     ┇                             __main__ ┇ *   indexing:  89%|████████████████████████████████████████████▌     | 180/202 [01:21<00:09,  2.27batch/s]
[10.06 02:18:25] ┇ INFO     ┇                             __main__ ┇ *   indexing:  94%|███████████████████████████████████████████████   | 190/202 [01:25<00:05,  2.31batch/s]
[10.06 02:18:29] ┇ INFO     ┇                             __main__ ┇ *   indexing:  99%|█████████████████████████████████████████████████▌| 200/202 [01:30<00:00,  2.12batch/s]
[10.06 02:18:30] ┇ INFO     ┇                             __main__ ┇ *   indexing: 100%|██████████████████████████████████████████████████| 202/202 [01:31<00:00,  2.21batch/s]
[10.06 02:18:36] ┇ INFO     ┇                       chrisbase.data ┇ -----------------------------------------------------------------------------------------------------------------------------------------
[10.06 02:18:36] ┇ INFO     ┇                       chrisbase.data ┇ health status index                           uuid                   pri rep docs.count docs.deleted store.size pri.store.size
[10.06 02:18:36] ┇ INFO     ┇                       chrisbase.data ┇ yellow open   wikipedia-20230920-index-kowiki JWZGaXNbReePWwALaf8TfQ   1   1    2013506            0      1.3gb          1.3gb
[10.06 02:18:36] ┇ INFO     ┇                       chrisbase.data ┇ -----------------------------------------------------------------------------------------------------------------------------------------
[10.06 02:18:36] ┇ INFO     ┇                             __main__ ┇ Indexed 2013506 documents to [elastic@localhost:9810/wikipedia-20230920-index-kowiki]
[10.06 02:18:37] ┇ INFO     ┇                       chrisbase.data ┇ =========================================================================================================================================
[10.06 02:18:37] ┇ INFO     ┇                       chrisbase.data ┇ [EXIT] python index_wikipedia.py  ($=00:01:38.139)
[10.06 02:18:37] ┇ INFO     ┇                       chrisbase.data ┇ =========================================================================================================================================
