[09.27 01:50:44] ┇ INFO     ┇           chrisbase.data ┇ =========================================================================================================================================
[09.27 01:50:44] ┇ INFO     ┇           chrisbase.data ┇ [INIT] python index_wikipedia.py 
[09.27 01:50:44] ┇ INFO     ┇           chrisbase.data ┇ =========================================================================================================================================
[09.27 01:50:45] ┇ INFO     ┇           chrisbase.data ┇ -----+--------------------+----------------------------------------------------------
[09.27 01:50:45] ┇ INFO     ┇           chrisbase.data ┇    # | ProgramArguments   | value
[09.27 01:50:45] ┇ INFO     ┇           chrisbase.data ┇ -----+--------------------+----------------------------------------------------------
[09.27 01:50:45] ┇ INFO     ┇           chrisbase.data ┇    1 | time.started       | [09.27 01:50:45]
[09.27 01:50:45] ┇ INFO     ┇           chrisbase.data ┇    2 | time.settled       |
[09.27 01:50:45] ┇ INFO     ┇           chrisbase.data ┇    3 | time.elapsed       |
[09.27 01:50:45] ┇ INFO     ┇           chrisbase.data ┇    4 | env.project        | WiseData
[09.27 01:50:45] ┇ INFO     ┇           chrisbase.data ┇    5 | env.job_name       | index_wikipedia
[09.27 01:50:45] ┇ INFO     ┇           chrisbase.data ┇    6 | env.hostname       | chrisBookPro.local
[09.27 01:50:45] ┇ INFO     ┇           chrisbase.data ┇    7 | env.hostaddr       | 10.117.47.35
[09.27 01:50:45] ┇ INFO     ┇           chrisbase.data ┇    8 | env.python_path    | /Users/chris/miniforge3/envs/WiseData-2023.08/bin/python
[09.27 01:50:45] ┇ INFO     ┇           chrisbase.data ┇    9 | env.working_path   | /Users/chris/proj/WiseData-2023.08
[09.27 01:50:45] ┇ INFO     ┇           chrisbase.data ┇   10 | env.running_file   | index_wikipedia.py
[09.27 01:50:45] ┇ INFO     ┇           chrisbase.data ┇   11 | env.command_args   | []
[09.27 01:50:45] ┇ INFO     ┇           chrisbase.data ┇   12 | env.num_ip_addrs   | 0
[09.27 01:50:45] ┇ INFO     ┇           chrisbase.data ┇   13 | env.max_workers    | 1
[09.27 01:50:45] ┇ INFO     ┇           chrisbase.data ┇   14 | env.output_home    | output-index_wikipedia
[09.27 01:50:45] ┇ INFO     ┇           chrisbase.data ┇   15 | env.logging_file   | logging-0927.015044.out
[09.27 01:50:45] ┇ INFO     ┇           chrisbase.data ┇   16 | env.argument_file  | arguments-0927.015044.json
[09.27 01:50:45] ┇ INFO     ┇           chrisbase.data ┇   17 | env.debugging      | False
[09.27 01:50:45] ┇ INFO     ┇           chrisbase.data ┇   18 | env.msg_level      | 20
[09.27 01:50:45] ┇ INFO     ┇           chrisbase.data ┇   19 | env.msg_format     | %(asctime)s ┇ %(levelname)-8s ┇ %(name)24s ┇ %(message)s
[09.27 01:50:45] ┇ INFO     ┇           chrisbase.data ┇   20 | env.date_format    | [%m.%d %H:%M:%S]
[09.27 01:50:45] ┇ INFO     ┇           chrisbase.data ┇   21 | env.time_stamp     | 0927.015044
[09.27 01:50:45] ┇ INFO     ┇           chrisbase.data ┇   22 | data.home          | input/Wikidata-parse
[09.27 01:50:45] ┇ INFO     ┇           chrisbase.data ┇   23 | data.name          | Wikipedia-20230920-crawl-kowiki.jsonl.bz2
[09.27 01:50:45] ┇ INFO     ┇           chrisbase.data ┇   24 | data.total         | 1410203
[09.27 01:50:45] ┇ INFO     ┇           chrisbase.data ┇   25 | data.start         | 0
[09.27 01:50:45] ┇ INFO     ┇           chrisbase.data ┇   26 | data.limit         | -1
[09.27 01:50:45] ┇ INFO     ┇           chrisbase.data ┇   27 | data.batch         | 1000
[09.27 01:50:45] ┇ INFO     ┇           chrisbase.data ┇   28 | data.from_scratch  | True
[09.27 01:50:45] ┇ INFO     ┇           chrisbase.data ┇   29 | data.prog_interval | 10000
[09.27 01:50:45] ┇ INFO     ┇           chrisbase.data ┇   30 | index.host         | localhost:9200
[09.27 01:50:45] ┇ INFO     ┇           chrisbase.data ┇   31 | index.cert         | cfg/http_ca.crt
[09.27 01:50:45] ┇ INFO     ┇           chrisbase.data ┇   32 | index.pswd         | cfg/eleastic-pw.txt
[09.27 01:50:45] ┇ INFO     ┇           chrisbase.data ┇   33 | index.name         | Wikipedia-20230920-crawl-kowiki
[09.27 01:50:45] ┇ INFO     ┇           chrisbase.data ┇   34 | other              |
[09.27 01:50:45] ┇ INFO     ┇           chrisbase.data ┇ -----+--------------------+----------------------------------------------------------
[09.27 01:50:45] ┇ INFO     ┇                 __main__ ┇ Clear database table: localhost:6382/WiseData/index_wikipedia
[09.27 01:50:45] ┇ INFO     ┇                 __main__ ┇ Parse 1410203 inputs with 1411 batches
[09.27 01:50:51] ┇ INFO     ┇                 __main__ ┇ *  importing:   1%|▎                                                 | 10/1411 [00:05<09:58,  2.34batch/s]
[09.27 01:50:55] ┇ INFO     ┇                 __main__ ┇ *  importing:   1%|▋                                                 | 20/1411 [00:09<09:34,  2.42batch/s]
[09.27 01:51:00] ┇ INFO     ┇                 __main__ ┇ *  importing:   2%|█                                                 | 30/1411 [00:15<12:24,  1.86batch/s]
[09.27 01:51:07] ┇ INFO     ┇                 __main__ ┇ *  importing:   3%|█▍                                                | 40/1411 [00:22<16:38,  1.37batch/s]
[09.27 01:51:14] ┇ INFO     ┇                 __main__ ┇ *  importing:   4%|█▊                                                | 50/1411 [00:28<16:01,  1.42batch/s]
[09.27 01:51:19] ┇ INFO     ┇                 __main__ ┇ *  importing:   4%|██▏                                               | 60/1411 [00:34<12:06,  1.86batch/s]
[09.27 01:51:24] ┇ INFO     ┇                 __main__ ┇ *  importing:   5%|██▍                                               | 70/1411 [00:38<09:13,  2.42batch/s]
[09.27 01:51:28] ┇ INFO     ┇                 __main__ ┇ *  importing:   6%|██▊                                               | 80/1411 [00:43<10:13,  2.17batch/s]
[09.27 01:51:33] ┇ INFO     ┇                 __main__ ┇ *  importing:   6%|███▏                                              | 90/1411 [00:48<09:48,  2.25batch/s]
[09.27 01:51:37] ┇ INFO     ┇                 __main__ ┇ *  importing:   7%|███▌                                              | 100/1411 [00:52<08:44,  2.50batch/s]
[09.27 01:51:41] ┇ INFO     ┇                 __main__ ┇ *  importing:   8%|███▉                                              | 110/1411 [00:56<08:05,  2.68batch/s]
[09.27 01:51:46] ┇ INFO     ┇                 __main__ ┇ *  importing:   9%|████▎                                             | 120/1411 [01:01<10:55,  1.97batch/s]
[09.27 01:51:51] ┇ INFO     ┇                 __main__ ┇ *  importing:   9%|████▌                                             | 130/1411 [01:05<09:31,  2.24batch/s]
[09.27 01:51:55] ┇ INFO     ┇                 __main__ ┇ *  importing:  10%|████▉                                             | 140/1411 [01:09<08:45,  2.42batch/s]
[09.27 01:51:59] ┇ INFO     ┇                 __main__ ┇ *  importing:  11%|█████▎                                            | 150/1411 [01:14<09:57,  2.11batch/s]
[09.27 01:52:04] ┇ INFO     ┇                 __main__ ┇ *  importing:  11%|█████▋                                            | 160/1411 [01:19<10:20,  2.01batch/s]
[09.27 01:52:08] ┇ INFO     ┇                 __main__ ┇ *  importing:  12%|██████                                            | 170/1411 [01:23<07:48,  2.65batch/s]
[09.27 01:52:13] ┇ INFO     ┇                 __main__ ┇ *  importing:  13%|██████▍                                           | 180/1411 [01:27<09:48,  2.09batch/s]
[09.27 01:52:18] ┇ INFO     ┇                 __main__ ┇ *  importing:  13%|██████▋                                           | 190/1411 [01:32<10:21,  1.96batch/s]
[09.27 01:52:23] ┇ INFO     ┇                 __main__ ┇ *  importing:  14%|███████                                           | 200/1411 [01:38<11:00,  1.83batch/s]
[09.27 01:52:29] ┇ INFO     ┇                 __main__ ┇ *  importing:  15%|███████▍                                          | 210/1411 [01:43<09:50,  2.03batch/s]
[09.27 01:52:35] ┇ INFO     ┇                 __main__ ┇ *  importing:  16%|███████▊                                          | 220/1411 [01:49<11:33,  1.72batch/s]
[09.27 01:52:40] ┇ INFO     ┇                 __main__ ┇ *  importing:  16%|████████▏                                         | 230/1411 [01:54<09:17,  2.12batch/s]
[09.27 01:52:45] ┇ INFO     ┇                 __main__ ┇ *  importing:  17%|████████▌                                         | 240/1411 [02:00<10:07,  1.93batch/s]
[09.27 01:52:50] ┇ INFO     ┇                 __main__ ┇ *  importing:  18%|████████▊                                         | 250/1411 [02:05<08:55,  2.17batch/s]
[09.27 01:52:55] ┇ INFO     ┇                 __main__ ┇ *  importing:  18%|█████████▏                                        | 260/1411 [02:10<09:55,  1.93batch/s]
[09.27 01:53:00] ┇ INFO     ┇                 __main__ ┇ *  importing:  19%|█████████▌                                        | 270/1411 [02:15<10:11,  1.87batch/s]
[09.27 01:53:06] ┇ INFO     ┇                 __main__ ┇ *  importing:  20%|█████████▉                                        | 280/1411 [02:20<09:24,  2.00batch/s]
[09.27 01:53:10] ┇ INFO     ┇                 __main__ ┇ *  importing:  21%|██████████▎                                       | 290/1411 [02:25<10:56,  1.71batch/s]
[09.27 01:53:16] ┇ INFO     ┇                 __main__ ┇ *  importing:  21%|██████████▋                                       | 300/1411 [02:31<10:34,  1.75batch/s]
[09.27 01:53:21] ┇ INFO     ┇                 __main__ ┇ *  importing:  22%|██████████▉                                       | 310/1411 [02:36<08:11,  2.24batch/s]
[09.27 01:53:25] ┇ INFO     ┇                 __main__ ┇ *  importing:  23%|███████████▎                                      | 320/1411 [02:40<07:27,  2.44batch/s]
[09.27 01:53:30] ┇ INFO     ┇                 __main__ ┇ *  importing:  23%|███████████▋                                      | 330/1411 [02:44<07:21,  2.45batch/s]
[09.27 01:53:34] ┇ INFO     ┇                 __main__ ┇ *  importing:  24%|████████████                                      | 340/1411 [02:49<07:38,  2.34batch/s]
[09.27 01:53:38] ┇ INFO     ┇                 __main__ ┇ *  importing:  25%|████████████▍                                     | 350/1411 [02:52<06:30,  2.72batch/s]
[09.27 01:53:42] ┇ INFO     ┇                 __main__ ┇ *  importing:  26%|████████████▊                                     | 360/1411 [02:56<07:00,  2.50batch/s]
[09.27 01:53:47] ┇ INFO     ┇                 __main__ ┇ *  importing:  26%|█████████████                                     | 370/1411 [03:02<07:50,  2.21batch/s]
[09.27 01:53:53] ┇ INFO     ┇                 __main__ ┇ *  importing:  27%|█████████████▍                                    | 380/1411 [03:08<09:45,  1.76batch/s]
[09.27 01:53:57] ┇ INFO     ┇                 __main__ ┇ *  importing:  28%|█████████████▊                                    | 390/1411 [03:12<07:21,  2.31batch/s]
[09.27 01:54:01] ┇ INFO     ┇                 __main__ ┇ *  importing:  28%|██████████████▏                                   | 400/1411 [03:15<05:58,  2.82batch/s]
[09.27 01:54:05] ┇ INFO     ┇                 __main__ ┇ *  importing:  29%|██████████████▌                                   | 410/1411 [03:20<07:33,  2.21batch/s]
[09.27 01:54:10] ┇ INFO     ┇                 __main__ ┇ *  importing:  30%|██████████████▉                                   | 420/1411 [03:24<07:43,  2.14batch/s]
[09.27 01:54:14] ┇ INFO     ┇                 __main__ ┇ *  importing:  30%|███████████████▏                                  | 430/1411 [03:29<07:18,  2.24batch/s]
[09.27 01:54:18] ┇ INFO     ┇                 __main__ ┇ *  importing:  31%|███████████████▌                                  | 440/1411 [03:33<06:40,  2.42batch/s]
[09.27 01:54:22] ┇ INFO     ┇                 __main__ ┇ *  importing:  32%|███████████████▉                                  | 450/1411 [03:37<06:11,  2.59batch/s]
[09.27 01:54:27] ┇ INFO     ┇                 __main__ ┇ *  importing:  33%|████████████████▎                                 | 460/1411 [03:41<07:23,  2.14batch/s]
[09.27 01:54:30] ┇ INFO     ┇                 __main__ ┇ *  importing:  33%|████████████████▋                                 | 470/1411 [03:45<06:16,  2.50batch/s]
[09.27 01:54:35] ┇ INFO     ┇                 __main__ ┇ *  importing:  34%|█████████████████                                 | 480/1411 [03:50<08:36,  1.80batch/s]
[09.27 01:54:39] ┇ INFO     ┇                 __main__ ┇ *  importing:  35%|█████████████████▎                                | 490/1411 [03:53<05:22,  2.86batch/s]
[09.27 01:54:42] ┇ INFO     ┇                 __main__ ┇ *  importing:  35%|█████████████████▋                                | 500/1411 [03:57<05:21,  2.84batch/s]
[09.27 01:54:46] ┇ INFO     ┇                 __main__ ┇ *  importing:  36%|██████████████████                                | 510/1411 [04:01<05:22,  2.79batch/s]
[09.27 01:54:51] ┇ INFO     ┇                 __main__ ┇ *  importing:  37%|██████████████████▍                               | 520/1411 [04:05<06:04,  2.44batch/s]
[09.27 01:54:54] ┇ INFO     ┇                 __main__ ┇ *  importing:  38%|██████████████████▊                               | 530/1411 [04:09<05:47,  2.53batch/s]
[09.27 01:54:59] ┇ INFO     ┇                 __main__ ┇ *  importing:  38%|███████████████████▏                              | 540/1411 [04:13<06:07,  2.37batch/s]
[09.27 01:55:03] ┇ INFO     ┇                 __main__ ┇ *  importing:  39%|███████████████████▍                              | 550/1411 [04:18<07:21,  1.95batch/s]
[09.27 01:55:08] ┇ INFO     ┇                 __main__ ┇ *  importing:  40%|███████████████████▊                              | 560/1411 [04:22<06:26,  2.20batch/s]
[09.27 01:55:12] ┇ INFO     ┇                 __main__ ┇ *  importing:  40%|████████████████████▏                             | 570/1411 [04:27<06:20,  2.21batch/s]
[09.27 01:55:16] ┇ INFO     ┇                 __main__ ┇ *  importing:  41%|████████████████████▌                             | 580/1411 [04:31<06:32,  2.11batch/s]
[09.27 01:55:22] ┇ INFO     ┇                 __main__ ┇ *  importing:  42%|████████████████████▉                             | 590/1411 [04:36<06:01,  2.27batch/s]
[09.27 01:55:26] ┇ INFO     ┇                 __main__ ┇ *  importing:  43%|█████████████████████▎                            | 600/1411 [04:41<05:23,  2.51batch/s]
[09.27 01:55:31] ┇ INFO     ┇                 __main__ ┇ *  importing:  43%|█████████████████████▌                            | 610/1411 [04:45<05:41,  2.34batch/s]
[09.27 01:55:35] ┇ INFO     ┇                 __main__ ┇ *  importing:  44%|█████████████████████▉                            | 620/1411 [04:50<07:22,  1.79batch/s]
[09.27 01:55:39] ┇ INFO     ┇                 __main__ ┇ *  importing:  45%|██████████████████████▎                           | 630/1411 [04:54<05:16,  2.47batch/s]
[09.27 01:55:44] ┇ INFO     ┇                 __main__ ┇ *  importing:  45%|██████████████████████▋                           | 640/1411 [04:59<05:28,  2.35batch/s]
[09.27 01:55:48] ┇ INFO     ┇                 __main__ ┇ *  importing:  46%|███████████████████████                           | 650/1411 [05:03<05:13,  2.43batch/s]
[09.27 01:55:52] ┇ INFO     ┇                 __main__ ┇ *  importing:  47%|███████████████████████▍                          | 660/1411 [05:07<05:13,  2.40batch/s]
[09.27 01:55:56] ┇ INFO     ┇                 __main__ ┇ *  importing:  47%|███████████████████████▋                          | 670/1411 [05:11<05:08,  2.40batch/s]
[09.27 01:56:00] ┇ INFO     ┇                 __main__ ┇ *  importing:  48%|████████████████████████                          | 680/1411 [05:15<04:14,  2.87batch/s]
[09.27 01:56:05] ┇ INFO     ┇                 __main__ ┇ *  importing:  49%|████████████████████████▍                         | 690/1411 [05:20<05:24,  2.22batch/s]
[09.27 01:56:09] ┇ INFO     ┇                 __main__ ┇ *  importing:  50%|████████████████████████▊                         | 700/1411 [05:23<04:16,  2.77batch/s]
[09.27 01:56:13] ┇ INFO     ┇                 __main__ ┇ *  importing:  50%|█████████████████████████▏                        | 710/1411 [05:28<04:57,  2.35batch/s]
[09.27 01:56:18] ┇ INFO     ┇                 __main__ ┇ *  importing:  51%|█████████████████████████▌                        | 720/1411 [05:32<04:25,  2.60batch/s]
[09.27 01:56:21] ┇ INFO     ┇                 __main__ ┇ *  importing:  52%|█████████████████████████▊                        | 730/1411 [05:36<04:21,  2.60batch/s]
[09.27 01:56:26] ┇ INFO     ┇                 __main__ ┇ *  importing:  52%|██████████████████████████▏                       | 740/1411 [05:41<05:16,  2.12batch/s]
[09.27 01:56:31] ┇ INFO     ┇                 __main__ ┇ *  importing:  53%|██████████████████████████▌                       | 750/1411 [05:45<05:43,  1.93batch/s]
[09.27 01:56:35] ┇ INFO     ┇                 __main__ ┇ *  importing:  54%|██████████████████████████▉                       | 760/1411 [05:50<04:10,  2.60batch/s]
[09.27 01:56:39] ┇ INFO     ┇                 __main__ ┇ *  importing:  55%|███████████████████████████▎                      | 770/1411 [05:54<04:42,  2.27batch/s]
[09.27 01:56:43] ┇ INFO     ┇                 __main__ ┇ *  importing:  55%|███████████████████████████▋                      | 780/1411 [05:57<03:29,  3.02batch/s]
[09.27 01:56:47] ┇ INFO     ┇                 __main__ ┇ *  importing:  56%|███████████████████████████▉                      | 790/1411 [06:02<04:53,  2.11batch/s]
[09.27 01:56:52] ┇ INFO     ┇                 __main__ ┇ *  importing:  57%|████████████████████████████▎                     | 800/1411 [06:06<04:39,  2.18batch/s]
[09.27 01:56:56] ┇ INFO     ┇                 __main__ ┇ *  importing:  57%|████████████████████████████▋                     | 810/1411 [06:10<03:55,  2.55batch/s]
[09.27 01:56:59] ┇ INFO     ┇                 __main__ ┇ *  importing:  58%|█████████████████████████████                     | 820/1411 [06:14<03:53,  2.53batch/s]
[09.27 01:57:03] ┇ INFO     ┇                 __main__ ┇ *  importing:  59%|█████████████████████████████▍                    | 830/1411 [06:18<03:43,  2.60batch/s]
[09.27 01:57:07] ┇ INFO     ┇                 __main__ ┇ *  importing:  60%|█████████████████████████████▊                    | 840/1411 [06:22<04:02,  2.35batch/s]
[09.27 01:57:11] ┇ INFO     ┇                 __main__ ┇ *  importing:  60%|██████████████████████████████                    | 850/1411 [06:25<03:02,  3.08batch/s]
[09.27 01:57:14] ┇ INFO     ┇                 __main__ ┇ *  importing:  61%|██████████████████████████████▍                   | 860/1411 [06:29<02:48,  3.28batch/s]
[09.27 01:57:18] ┇ INFO     ┇                 __main__ ┇ *  importing:  62%|██████████████████████████████▊                   | 870/1411 [06:33<04:22,  2.06batch/s]
[09.27 01:57:22] ┇ INFO     ┇                 __main__ ┇ *  importing:  62%|███████████████████████████████▏                  | 880/1411 [06:37<03:29,  2.53batch/s]
[09.27 01:57:25] ┇ INFO     ┇                 __main__ ┇ *  importing:  63%|███████████████████████████████▌                  | 890/1411 [06:40<02:55,  2.98batch/s]
[09.27 01:57:29] ┇ INFO     ┇                 __main__ ┇ *  importing:  64%|███████████████████████████████▉                  | 900/1411 [06:44<03:17,  2.59batch/s]
[09.27 01:57:34] ┇ INFO     ┇                 __main__ ┇ *  importing:  64%|████████████████████████████████▏                 | 910/1411 [06:48<03:34,  2.33batch/s]
[09.27 01:57:37] ┇ INFO     ┇                 __main__ ┇ *  importing:  65%|████████████████████████████████▌                 | 920/1411 [06:52<03:05,  2.65batch/s]
[09.27 01:57:41] ┇ INFO     ┇                 __main__ ┇ *  importing:  66%|████████████████████████████████▉                 | 930/1411 [06:56<03:32,  2.26batch/s]
[09.27 01:57:45] ┇ INFO     ┇                 __main__ ┇ *  importing:  67%|█████████████████████████████████▎                | 940/1411 [06:59<02:29,  3.16batch/s]
[09.27 01:57:49] ┇ INFO     ┇                 __main__ ┇ *  importing:  67%|█████████████████████████████████▋                | 950/1411 [07:03<02:48,  2.73batch/s]
[09.27 01:57:53] ┇ INFO     ┇                 __main__ ┇ *  importing:  68%|██████████████████████████████████                | 960/1411 [07:07<03:01,  2.48batch/s]
[09.27 01:57:57] ┇ INFO     ┇                 __main__ ┇ *  importing:  69%|██████████████████████████████████▎               | 970/1411 [07:11<03:18,  2.22batch/s]
[09.27 01:58:01] ┇ INFO     ┇                 __main__ ┇ *  importing:  69%|██████████████████████████████████▋               | 980/1411 [07:15<03:00,  2.39batch/s]
[09.27 01:58:05] ┇ INFO     ┇                 __main__ ┇ *  importing:  70%|███████████████████████████████████               | 990/1411 [07:19<02:57,  2.38batch/s]
[09.27 01:58:10] ┇ INFO     ┇                 __main__ ┇ *  importing:  71%|███████████████████████████████████▍              | 1000/1411 [07:25<02:59,  2.30batch/s]
[09.27 01:58:14] ┇ INFO     ┇                 __main__ ┇ *  importing:  72%|███████████████████████████████████▊              | 1010/1411 [07:29<02:51,  2.34batch/s]
[09.27 01:58:19] ┇ INFO     ┇                 __main__ ┇ *  importing:  72%|████████████████████████████████████▏             | 1020/1411 [07:33<02:48,  2.32batch/s]
[09.27 01:58:24] ┇ INFO     ┇                 __main__ ┇ *  importing:  73%|████████████████████████████████████▍             | 1030/1411 [07:38<03:13,  1.97batch/s]
[09.27 01:58:28] ┇ INFO     ┇                 __main__ ┇ *  importing:  74%|████████████████████████████████████▊             | 1040/1411 [07:43<02:28,  2.49batch/s]
[09.27 01:58:33] ┇ INFO     ┇                 __main__ ┇ *  importing:  74%|█████████████████████████████████████▏            | 1050/1411 [07:48<02:57,  2.03batch/s]
[09.27 01:58:38] ┇ INFO     ┇                 __main__ ┇ *  importing:  75%|█████████████████████████████████████▌            | 1060/1411 [07:52<02:28,  2.36batch/s]
[09.27 01:58:42] ┇ INFO     ┇                 __main__ ┇ *  importing:  76%|█████████████████████████████████████▉            | 1070/1411 [07:56<02:19,  2.45batch/s]
[09.27 01:58:47] ┇ INFO     ┇                 __main__ ┇ *  importing:  77%|██████████████████████████████████████▎           | 1080/1411 [08:02<02:56,  1.87batch/s]
[09.27 01:58:52] ┇ INFO     ┇                 __main__ ┇ *  importing:  77%|██████████████████████████████████████▋           | 1090/1411 [08:07<02:25,  2.21batch/s]
[09.27 01:58:55] ┇ INFO     ┇                 __main__ ┇ *  importing:  78%|██████████████████████████████████████▉           | 1100/1411 [08:10<01:44,  2.98batch/s]
[09.27 01:59:00] ┇ INFO     ┇                 __main__ ┇ *  importing:  79%|███████████████████████████████████████▎          | 1110/1411 [08:14<02:35,  1.94batch/s]
[09.27 01:59:04] ┇ INFO     ┇                 __main__ ┇ *  importing:  79%|███████████████████████████████████████▋          | 1120/1411 [08:19<01:59,  2.43batch/s]
[09.27 01:59:08] ┇ INFO     ┇                 __main__ ┇ *  importing:  80%|████████████████████████████████████████          | 1130/1411 [08:23<01:53,  2.48batch/s]
[09.27 01:59:12] ┇ INFO     ┇                 __main__ ┇ *  importing:  81%|████████████████████████████████████████▍         | 1140/1411 [08:27<01:47,  2.53batch/s]
[09.27 01:59:16] ┇ INFO     ┇                 __main__ ┇ *  importing:  82%|████████████████████████████████████████▊         | 1150/1411 [08:31<01:43,  2.53batch/s]
[09.27 01:59:20] ┇ INFO     ┇                 __main__ ┇ *  importing:  82%|█████████████████████████████████████████         | 1160/1411 [08:35<01:49,  2.30batch/s]
[09.27 01:59:25] ┇ INFO     ┇                 __main__ ┇ *  importing:  83%|█████████████████████████████████████████▍        | 1170/1411 [08:39<01:53,  2.12batch/s]
[09.27 01:59:30] ┇ INFO     ┇                 __main__ ┇ *  importing:  84%|█████████████████████████████████████████▊        | 1180/1411 [08:44<01:37,  2.37batch/s]
[09.27 01:59:33] ┇ INFO     ┇                 __main__ ┇ *  importing:  84%|██████████████████████████████████████████▏       | 1190/1411 [08:48<01:13,  3.00batch/s]
[09.27 01:59:37] ┇ INFO     ┇                 __main__ ┇ *  importing:  85%|██████████████████████████████████████████▌       | 1200/1411 [08:51<01:08,  3.07batch/s]
[09.27 01:59:40] ┇ INFO     ┇                 __main__ ┇ *  importing:  86%|██████████████████████████████████████████▉       | 1210/1411 [08:55<01:12,  2.76batch/s]
[09.27 01:59:44] ┇ INFO     ┇                 __main__ ┇ *  importing:  86%|███████████████████████████████████████████▏      | 1220/1411 [08:58<01:05,  2.90batch/s]
[09.27 01:59:47] ┇ INFO     ┇                 __main__ ┇ *  importing:  87%|███████████████████████████████████████████▌      | 1230/1411 [09:02<01:04,  2.82batch/s]
[09.27 01:59:51] ┇ INFO     ┇                 __main__ ┇ *  importing:  88%|███████████████████████████████████████████▉      | 1240/1411 [09:05<00:55,  3.08batch/s]
[09.27 01:59:54] ┇ INFO     ┇                 __main__ ┇ *  importing:  89%|████████████████████████████████████████████▎     | 1250/1411 [09:09<01:00,  2.68batch/s]
[09.27 01:59:58] ┇ INFO     ┇                 __main__ ┇ *  importing:  89%|████████████████████████████████████████████▋     | 1260/1411 [09:13<00:51,  2.94batch/s]
[09.27 02:00:01] ┇ INFO     ┇                 __main__ ┇ *  importing:  90%|█████████████████████████████████████████████     | 1270/1411 [09:16<00:47,  2.98batch/s]
[09.27 02:00:05] ┇ INFO     ┇                 __main__ ┇ *  importing:  91%|█████████████████████████████████████████████▎    | 1280/1411 [09:20<00:45,  2.88batch/s]
[09.27 02:00:09] ┇ INFO     ┇                 __main__ ┇ *  importing:  91%|█████████████████████████████████████████████▋    | 1290/1411 [09:23<00:40,  2.98batch/s]
[09.27 02:00:12] ┇ INFO     ┇                 __main__ ┇ *  importing:  92%|██████████████████████████████████████████████    | 1300/1411 [09:27<00:44,  2.51batch/s]
[09.27 02:00:16] ┇ INFO     ┇                 __main__ ┇ *  importing:  93%|██████████████████████████████████████████████▍   | 1310/1411 [09:31<00:41,  2.43batch/s]
[09.27 02:00:20] ┇ INFO     ┇                 __main__ ┇ *  importing:  94%|██████████████████████████████████████████████▊   | 1320/1411 [09:35<00:34,  2.66batch/s]
[09.27 02:00:24] ┇ INFO     ┇                 __main__ ┇ *  importing:  94%|███████████████████████████████████████████████▏  | 1330/1411 [09:38<00:28,  2.88batch/s]
[09.27 02:00:27] ┇ INFO     ┇                 __main__ ┇ *  importing:  95%|███████████████████████████████████████████████▍  | 1340/1411 [09:42<00:26,  2.69batch/s]
[09.27 02:00:32] ┇ INFO     ┇                 __main__ ┇ *  importing:  96%|███████████████████████████████████████████████▊  | 1350/1411 [09:47<00:33,  1.81batch/s]
[09.27 02:00:36] ┇ INFO     ┇                 __main__ ┇ *  importing:  96%|████████████████████████████████████████████████▏ | 1360/1411 [09:51<00:20,  2.50batch/s]
[09.27 02:00:40] ┇ INFO     ┇                 __main__ ┇ *  importing:  97%|████████████████████████████████████████████████▌ | 1370/1411 [09:55<00:15,  2.66batch/s]
[09.27 02:00:44] ┇ INFO     ┇                 __main__ ┇ *  importing:  98%|████████████████████████████████████████████████▉ | 1380/1411 [09:59<00:11,  2.60batch/s]
[09.27 02:00:49] ┇ INFO     ┇                 __main__ ┇ *  importing:  99%|█████████████████████████████████████████████████▎| 1390/1411 [10:03<00:08,  2.33batch/s]
[09.27 02:00:53] ┇ INFO     ┇                 __main__ ┇ *  importing:  99%|█████████████████████████████████████████████████▌| 1400/1411 [10:07<00:04,  2.62batch/s]
[09.27 02:00:56] ┇ INFO     ┇                 __main__ ┇ *  importing: 100%|█████████████████████████████████████████████████▉| 1410/1411 [10:11<00:00,  2.53batch/s]
[09.27 02:00:57] ┇ INFO     ┇                 __main__ ┇ *  importing: 100%|██████████████████████████████████████████████████| 1411/1411 [10:11<00:00,  2.31batch/s]
[09.27 02:01:05] ┇ INFO     ┇                 __main__ ┇ *  exporting:  10%|█████                                             | 979658/9740173 [00:05<00:38, 230035.86row/s]
[09.27 02:01:10] ┇ INFO     ┇                 __main__ ┇ *  exporting:  20%|██████████▏                                       | 1986741/9740173 [00:10<00:37, 207496.76row/s]
[09.27 02:01:15] ┇ INFO     ┇                 __main__ ┇ *  exporting:  31%|███████████████▎                                  | 2991210/9740173 [00:15<00:40, 168659.10row/s]
[09.27 02:01:20] ┇ INFO     ┇                 __main__ ┇ *  exporting:  41%|████████████████████▍                             | 3991487/9740173 [00:20<00:33, 172653.41row/s]
[09.27 02:01:26] ┇ INFO     ┇                 __main__ ┇ *  exporting:  51%|█████████████████████████▋                        | 4995361/9740173 [00:25<00:19, 238778.66row/s]
[09.27 02:01:31] ┇ INFO     ┇                 __main__ ┇ *  exporting:  62%|██████████████████████████████▊                   | 5999494/9740173 [00:31<00:19, 192350.46row/s]
[09.27 02:01:36] ┇ INFO     ┇                 __main__ ┇ *  exporting:  72%|███████████████████████████████████▊              | 6981160/9740173 [00:36<00:15, 178295.97row/s]
[09.27 02:01:41] ┇ INFO     ┇                 __main__ ┇ *  exporting:  82%|████████████████████████████████████████▉         | 7985854/9740173 [00:41<00:08, 215245.72row/s]
[09.27 02:01:46] ┇ INFO     ┇                 __main__ ┇ *  exporting:  92%|██████████████████████████████████████████████▏   | 8988924/9740173 [00:46<00:04, 176865.14row/s]
[09.27 02:01:50] ┇ INFO     ┇                 __main__ ┇ *  exporting: 100%|██████████████████████████████████████████████████| 9740173/9740173 [00:50<00:00, 192998.03row/s]
[09.27 02:01:50] ┇ INFO     ┇                 __main__ ┇ Export 9740173 rows to output-index_wikipedia/Wikipedia-20230920-parse-kowiki-0927.015044.jsonl
[09.27 02:01:51] ┇ INFO     ┇           chrisbase.data ┇ =========================================================================================================================================
[09.27 02:01:51] ┇ INFO     ┇           chrisbase.data ┇ [EXIT] python index_wikipedia.py  ($=00:11:05.219)
[09.27 02:01:51] ┇ INFO     ┇           chrisbase.data ┇ =========================================================================================================================================
