[10.04 17:50:06] ┇ INFO     ┇                       chrisbase.data ┇ =========================================================================================================================================
[10.04 17:50:06] ┇ INFO     ┇                       chrisbase.data ┇ [INIT] python index_wikipedia.py 
[10.04 17:50:06] ┇ INFO     ┇                       chrisbase.data ┇ =========================================================================================================================================
[10.04 17:50:06] ┇ INFO     ┇                       chrisbase.data ┇ -----+--------------------+----------------------------------------------------------
[10.04 17:50:06] ┇ INFO     ┇                       chrisbase.data ┇    # | ProgramArguments   | value
[10.04 17:50:06] ┇ INFO     ┇                       chrisbase.data ┇ -----+--------------------+----------------------------------------------------------
[10.04 17:50:06] ┇ INFO     ┇                       chrisbase.data ┇    1 | env.project        | WiseData
[10.04 17:50:06] ┇ INFO     ┇                       chrisbase.data ┇    2 | env.job_name       | index_wikipedia
[10.04 17:50:06] ┇ INFO     ┇                       chrisbase.data ┇    3 | env.hostname       | chrisBookPro.local
[10.04 17:50:06] ┇ INFO     ┇                       chrisbase.data ┇    4 | env.hostaddr       | 192.168.0.2
[10.04 17:50:06] ┇ INFO     ┇                       chrisbase.data ┇    5 | env.python_path    | /Users/chris/miniforge3/envs/WiseData-2023.08/bin/python
[10.04 17:50:06] ┇ INFO     ┇                       chrisbase.data ┇    6 | env.working_path   | /Users/chris/proj/WiseData-2023.08
[10.04 17:50:06] ┇ INFO     ┇                       chrisbase.data ┇    7 | env.running_file   | index_wikipedia.py
[10.04 17:50:06] ┇ INFO     ┇                       chrisbase.data ┇    8 | env.command_args   | []
[10.04 17:50:06] ┇ INFO     ┇                       chrisbase.data ┇    9 | env.num_ip_addrs   | 0
[10.04 17:50:06] ┇ INFO     ┇                       chrisbase.data ┇   10 | env.max_workers    | 1
[10.04 17:50:06] ┇ INFO     ┇                       chrisbase.data ┇   11 | env.output_home    | output-index_wikipedia
[10.04 17:50:06] ┇ INFO     ┇                       chrisbase.data ┇   12 | env.logging_file   | logging-1004.175005.out
[10.04 17:50:06] ┇ INFO     ┇                       chrisbase.data ┇   13 | env.argument_file  | arguments-1004.175005.json
[10.04 17:50:06] ┇ INFO     ┇                       chrisbase.data ┇   14 | env.debugging      | False
[10.04 17:50:06] ┇ INFO     ┇                       chrisbase.data ┇   15 | env.msg_level      | 20
[10.04 17:50:06] ┇ INFO     ┇                       chrisbase.data ┇   16 | env.msg_format     | %(asctime)s ┇ %(levelname)-8s ┇ %(name)36s ┇ %(message)s
[10.04 17:50:06] ┇ INFO     ┇                       chrisbase.data ┇   17 | env.date_format    | [%m.%d %H:%M:%S]
[10.04 17:50:06] ┇ INFO     ┇                       chrisbase.data ┇   18 | env.time_stamp     | 1004.175005
[10.04 17:50:06] ┇ INFO     ┇                       chrisbase.data ┇   19 | data.home          | input/Wikidata-parse
[10.04 17:50:06] ┇ INFO     ┇                       chrisbase.data ┇   20 | data.name          | wikipedia-20230920-parse-kowiki.jsonl.bz2
[10.04 17:50:06] ┇ INFO     ┇                       chrisbase.data ┇   21 | data.total         | 2009624
[10.04 17:50:06] ┇ INFO     ┇                       chrisbase.data ┇   22 | data.start         | 0
[10.04 17:50:06] ┇ INFO     ┇                       chrisbase.data ┇   23 | data.limit         | -1
[10.04 17:50:06] ┇ INFO     ┇                       chrisbase.data ┇   24 | data.batch         | 10000
[10.04 17:50:06] ┇ INFO     ┇                       chrisbase.data ┇   25 | data.logging       | 100000
[10.04 17:50:06] ┇ INFO     ┇                       chrisbase.data ┇   26 | data.from_table    | True
[10.04 17:50:06] ┇ INFO     ┇                       chrisbase.data ┇   27 | table.db_host      | localhost:6382
[10.04 17:50:06] ┇ INFO     ┇                       chrisbase.data ┇   28 | table.db_name      | WiseData
[10.04 17:50:06] ┇ INFO     ┇                       chrisbase.data ┇   29 | table.tab_name     | wikipedia-20230920-parse-kowiki
[10.04 17:50:06] ┇ INFO     ┇                       chrisbase.data ┇   30 | table.tab_reset    | False
[10.04 17:50:06] ┇ INFO     ┇                       chrisbase.data ┇   31 | index.host         | localhost:9810
[10.04 17:50:06] ┇ INFO     ┇                       chrisbase.data ┇   32 | index.user         | elastic
[10.04 17:50:06] ┇ INFO     ┇                       chrisbase.data ┇   33 | index.pswd         | cIrEP5OCwTLn0QIQwnsA
[10.04 17:50:06] ┇ INFO     ┇                       chrisbase.data ┇   34 | index.name         | wikipedia-20230920-index-kowiki
[10.04 17:50:06] ┇ INFO     ┇                       chrisbase.data ┇   35 | index.reset        | True
[10.04 17:50:06] ┇ INFO     ┇                       chrisbase.data ┇   36 | index.create       | input/Wikidata-parse/wikipedia-index_create_opt.json
[10.04 17:50:06] ┇ INFO     ┇                       chrisbase.data ┇ -----+--------------------+----------------------------------------------------------
[10.04 17:50:06] ┇ INFO     ┇                             __main__ ┇ Created a new index: elastic@localhost:9810/wikipedia-20230920-index-kowiki
[10.04 17:50:06] ┇ INFO     ┇                             __main__ ┇ - Option: keys=['settings', 'mappings']
[10.04 17:50:06] ┇ INFO     ┇                             __main__ ┇ Use database table: localhost:6382/WiseData/wikipedia-20230920-parse-kowiki
[10.04 17:50:08] ┇ INFO     ┇                             __main__ ┇ Index 2009624 inputs with 201 batches to elastic@localhost:9810/wikipedia-20230920-index-kowiki
[10.04 17:50:14] ┇ INFO     ┇                             __main__ ┇ *   indexing:   5%|██▍                                               | 10/201 [00:05<01:30,  2.11batch/s]
[10.04 17:50:18] ┇ INFO     ┇                             __main__ ┇ *   indexing:  10%|████▉                                             | 20/201 [00:10<01:21,  2.23batch/s]
[10.04 17:50:23] ┇ INFO     ┇                             __main__ ┇ *   indexing:  15%|███████▍                                          | 30/201 [00:14<01:19,  2.16batch/s]
[10.04 17:50:27] ┇ INFO     ┇                             __main__ ┇ *   indexing:  20%|█████████▉                                        | 40/201 [00:18<01:10,  2.30batch/s]
[10.04 17:50:32] ┇ INFO     ┇                             __main__ ┇ *   indexing:  25%|████████████▍                                     | 50/201 [00:23<01:08,  2.19batch/s]
[10.04 17:50:36] ┇ INFO     ┇                             __main__ ┇ *   indexing:  30%|██████████████▉                                   | 60/201 [00:28<01:03,  2.22batch/s]
[10.04 17:50:41] ┇ INFO     ┇                             __main__ ┇ *   indexing:  35%|█████████████████▍                                | 70/201 [00:32<00:58,  2.24batch/s]
[10.04 17:50:46] ┇ INFO     ┇                             __main__ ┇ *   indexing:  40%|███████████████████▉                              | 80/201 [00:37<01:02,  1.93batch/s]
[10.04 17:50:51] ┇ INFO     ┇                             __main__ ┇ *   indexing:  45%|██████████████████████▍                           | 90/201 [00:42<00:53,  2.08batch/s]
[10.04 17:50:55] ┇ INFO     ┇                             __main__ ┇ *   indexing:  50%|████████████████████████▉                         | 100/201 [00:47<00:47,  2.15batch/s]
[10.04 17:51:00] ┇ INFO     ┇                             __main__ ┇ *   indexing:  55%|███████████████████████████▎                      | 110/201 [00:52<00:46,  1.96batch/s]
[10.04 17:51:05] ┇ INFO     ┇                             __main__ ┇ *   indexing:  60%|█████████████████████████████▊                    | 120/201 [00:57<00:39,  2.03batch/s]
[10.04 17:51:10] ┇ INFO     ┇                             __main__ ┇ *   indexing:  65%|████████████████████████████████▎                 | 130/201 [01:01<00:33,  2.13batch/s]
[10.04 17:51:15] ┇ INFO     ┇                             __main__ ┇ *   indexing:  70%|██████████████████████████████████▊               | 140/201 [01:06<00:31,  1.96batch/s]
[10.04 17:51:19] ┇ INFO     ┇                             __main__ ┇ *   indexing:  75%|█████████████████████████████████████▎            | 150/201 [01:11<00:22,  2.23batch/s]
[10.04 17:51:24] ┇ INFO     ┇                             __main__ ┇ *   indexing:  80%|███████████████████████████████████████▊          | 160/201 [01:16<00:19,  2.10batch/s]
[10.04 17:51:29] ┇ INFO     ┇                             __main__ ┇ *   indexing:  85%|██████████████████████████████████████████▎       | 170/201 [01:20<00:15,  1.99batch/s]
[10.04 17:51:34] ┇ INFO     ┇                             __main__ ┇ *   indexing:  90%|████████████████████████████████████████████▊     | 180/201 [01:25<00:10,  2.09batch/s]
[10.04 17:51:39] ┇ INFO     ┇                             __main__ ┇ *   indexing:  95%|███████████████████████████████████████████████▎  | 190/201 [01:30<00:05,  2.14batch/s]
[10.04 17:51:44] ┇ INFO     ┇                             __main__ ┇ *   indexing: 100%|█████████████████████████████████████████████████▊| 200/201 [01:35<00:00,  2.05batch/s]
[10.04 17:51:44] ┇ INFO     ┇                             __main__ ┇ *   indexing: 100%|██████████████████████████████████████████████████| 201/201 [01:35<00:00,  2.10batch/s]
[10.04 17:51:51] ┇ INFO     ┇                             __main__ ┇ health status index                           uuid                   pri rep docs.count docs.deleted store.size pri.store.size
[10.04 17:51:51] ┇ INFO     ┇                             __main__ ┇ yellow open   wikipedia-20230920-index-kowiki Sucfl2VJRI2wxkKWciI6LQ   1   1    2009624            0      1.4gb          1.4gb
[10.04 17:51:51] ┇ INFO     ┇                             __main__ ┇ Got 10 hits (Max=36.110416):
[10.04 17:51:51] ┇ INFO     ┇                             __main__ ┇   - {'_index': 'wikipedia-20230920-index-kowiki', '_id': '0218509-007-005-009', '_score': 36.110416, '_source': {'title': '대한민국의 병역 제도', 'subtitle1': '군사제도에 관한 현재 상황과 방안', 'subtitle2': '그 외 현재까지와, 앞으로 계획된 정부의 정책', 'body_text': '1977년 : 미국 지미 카터 전 대통령의 주한 미군 7사단 철수로 인하여, 3급 방위병도 현역으로 판정. 부사관 제도 개선. 이 시점에 대한민국은 북한의 산업 수준을 추월하였다.'}}
[10.04 17:51:51] ┇ INFO     ┇                             __main__ ┇   - {'_index': 'wikipedia-20230920-index-kowiki', '_id': '0000005-003-002-005', '_score': 28.64975, '_source': {'title': '지미 카터', 'subtitle1': '대통령 재임', 'subtitle2': '외교 정책', 'body_text': '지미 카터는 대한민국과의 관계에서도 중요한 영향을 미쳤던 대통령 중 하나다. 인권 문제와 주한미군 철수 문제로 한때 한미 관계가 불편하기도 했다. 1978년 대한민국에 대한 북한의 위협에 대비해 한미연합사를 창설하면서, 1982년까지 3단계에 걸쳐 주한미군을 철수하기로 했다. 그러나 주한미군사령부와 정보기관·의회의 반대에 부딪혀 주한미군은 완전철수 대신 6,000명을 감축하는 데 그쳤다. 또한 박정희 정권의 인권 문제 등과의 논란으로 불협화음을 냈으나, 1979년 6월 하순, 대한민국을 방문하여 관계가 다소 회복되었다.'}}
[10.04 17:51:51] ┇ INFO     ┇                             __main__ ┇   - {'_index': 'wikipedia-20230920-index-kowiki', '_id': '0008974-003-002-003', '_score': 23.337498, '_source': {'title': '김영삼 정부', 'subtitle1': '외교', 'subtitle2': '남북 관계', 'body_text': '지미 카터의 방북시, 김일성은 지미 카터에게 김영삼 대통령과 김일성 주석의 정상회담을 주선해 줄 것을 요청하였다. 갑작스러운 북미관계 개선으로 김영삼 정부는 당황했고 6월 18일, 북측이 김영삼 정부에 남북정상회담을 제의하자 무조건 수락했다. 불과 하루만에 북측의 놀라운 태도변화로 정부는 오히려 당혹스러운 태도를 보였다. 그러나 갑작스런 국제적인 해빙무드를 거스를 수 없어 북측의 정상회담제의를 무조건 수락했다. 김영삼은 역사상 최초로 남북 정상회담의 주인공이 될 수도 있었다. 7월 2일에는 남북 정상회담을 위한 실무협의 절차도 완전히 마무리되었다. 이제 역사상 최초의 남북정상회담과 대한민국의 통일은 눈앞에 보이는듯 했다. 그러나 7월 9일, 김일성이 갑작스럽게 사망하는 사태가 벌어졌고 남북 정상회담은 무산되었다. 당시 미국은 북미 협상을 진행하던 로버트 갈루치를 제네바의 북측 대표부에 보내 조문했다.김일성 사망 이후 남북관계는 더더욱 악화되었다. 김영삼 정부는 전군에 비상경계령을 내렸다. 조문을 공식적으로 거부하면서, 정상회담까지 약속했던 남북 관계는 불신만 커져 남북관계는 최악의 상황으로 경색되기 시작했다.'}}
[10.04 17:51:51] ┇ INFO     ┇                             __main__ ┇   - {'_index': 'wikipedia-20230920-index-kowiki', '_id': '0822026-001-002-004', '_score': 22.63349, '_source': {'title': '다니엘 오두베르 키로스', 'subtitle1': '', 'subtitle2': '', 'body_text': '1974년 대통령으로 당선되었다. 그는 대통령으로 재임하면서 시골 주민들의 삶을 개선하고자 했다. 그의 정부는 다른 중미 국가들에게 큰 인기를 얻게 되었다. 그는 당시 불법 정당이던 공산당 활동을 허용하는 가 하면 쿠바와의 외교 관계를 복귀하고자 했다. 또한 파나마의 주권 보호를 위해 지미 카터(Jimmy Carter) 미국대통령과 오마르 토리호스(Omar Torrijos) 파나마 정부수반 등과 정치를 함께 했다. 퇴임 후에도 전두환 대한민국 대통령과 회담을 하기도 했다.리베라 부근에는 그의 이름을 딴 다니엘 오두베르 국제 공항이 있고, 산호세에는 그의 동상이 있다.'}}
[10.04 17:51:51] ┇ INFO     ┇                             __main__ ┇   - {'_index': 'wikipedia-20230920-index-kowiki', '_id': '1461956-003-001-001', '_score': 20.379848, '_source': {'title': '제4회 G7 정상회의', 'subtitle1': '배경 및 진행상황', 'subtitle2': '', 'body_text': '회의 당시 세계경제는 에너지 문제로 미국 달러화가 2차대전 후 최악 수준으로 폭락한 상태였다. 미국 대통령 지미 카터는 정상회의 개최 전 멕시코, 브라질, 대한민국 등 중진국이 세계 경제성장에 협력해야 하며 그 일환으로 관세인하협정의 혜택을 이들 국가에 확대적용할 것을 주장했다. 프랑스 대통령 데스탱은 경제위기에 대처하기 위해서는 서방선진국과 일본뿐 아니라 개발도상국, 공산권 국가, 중진국들의 공동대응이 필요한데 G7 회의는 이 중 일부만 참여하므로 경제문제의 완전한 해결책이 될 수 없다고 말했다.샤움부르크 궁에서 16일 회의가 개막되었으며 두 번의 회의를 통해 경제성장 정책과 에너지 문제를 협의하였다. 17일 오후 6시(현지시간) 전날 협의한 내용을 공동성명으로 발표하였다.'}}
[10.04 17:51:51] ┇ INFO     ┇                             __main__ ┇   - {'_index': 'wikipedia-20230920-index-kowiki', '_id': '0657769-001-002-001', '_score': 19.41334, '_source': {'title': '제임스 R. 슐레진저', 'subtitle1': '', 'subtitle2': '', 'body_text': '제임스 로드니 슐레진저(영어: James Rodney Schlesinger, 1929년 2월 15일 ~ 2014년 3월 27일)는 미국의 정치가이자 경제학자이다. 1971년부터 2년간 미국 원자력 위원회 위원장을 지냈다. 1973년 2월에는 CIA국장에 임명되어 5개월간 그 자리에 있었다. 이어서 1973년 7월부터 1975년까지 미국 국방장관을 지냈었다. 지미 카터행정부 시절이었던 1977년에는 초대 에너지부 장관을 2년간 지냈다. 국방장관 재임시절 징병기피자 사면에 반대했었고 A-10 공격기 도입사업을 지원했었고 경량 전투기 도입사업이 완료될 수 있도록 했다. 당시 경량 전투기 도입사업은 YF-17(후에 F-18)과 YF-16(후에 F-16)이 경쟁했는데 결국 YF-16이 채택되었다. 대한민국에는 1975년 8월 방문하였다.'}}
[10.04 17:51:51] ┇ INFO     ┇                             __main__ ┇   - {'_index': 'wikipedia-20230920-index-kowiki', '_id': '1989698-002-001-001', '_score': 14.073792, '_source': {'title': '영기준예산제도', 'subtitle1': '역사', 'subtitle2': '', 'body_text': '미국의 피터 파이흐(Peter A. Pyhrr)에 의해 개발되었다. 1970년 파이흐가 텍사스 인스트루먼트에서 회계 관리자로 근무하면서, 회사의 재정 효율화를 위해 도입하여 효과를 본 것이 그 시초라 할 수 있다. 파이흐는 제도가 효과를 보자 1970년 《하버드 비즈니스 리뷰》지에 짧은 논문을 기고하고, 1973년에는 내용을 덧붙여 책으로 출간하였다. 당시, 조지아 주지사로 있던 지미 카터가 파이흐의 논문을 읽고 조지아 주에 이 제도를 도입할 것을 결심하고 파이흐를 등용하였다. 카터는 1973년 회계연도부터 영기준예산제도를 적용해 좋은 성과를 얻어 내었다.당시 미국은 석유 파동을 겪으며 감축관리에 대한 관심이 커졌는데, 이러한 시대적 요구에 부응하는 제도가 영기준예산제도였다. 이러한 배경과 조지아 주에서의 성공이 맞물려 이후 여러 정부기관과 사기업이 이 제도를 도입하게 되었다.1977년 대통령에 당선된 카터는 영기준예산제도의 적용을 골자로 한 「정부경제와 지출개혁법」(Government Economy and Spending Reform Act)을 의회에서 통과시키고, 미국 관리예산실에 지시해 연방정부와 중앙행정기관에 영기준예산제도를 적용하였다. 이에 따라 1979년도부터 연방정부 예산이 영기준예산제도에 의하여 편성하게 되었다. 이후 1981년 로널드 레이건 행정부의 출범과 함께 연방정부에서의 영기준예산제도는 폐지되었다.대한민국에서는 1983년에 처음으로 영기준예산제도를 시도하였다.'}}
[10.04 17:51:51] ┇ INFO     ┇                             __main__ ┇   - {'_index': 'wikipedia-20230920-index-kowiki', '_id': '0039542-002-001-001', '_score': 9.963271, '_source': {'title': '한국어 위키백과', 'subtitle1': '역사', 'subtitle2': '', 'body_text': '위키백과의 최상위 도메인이 .com이던 시절 ko.wikipedia.com에 구판 미디어위키가 깔렸으나 한글 처리에 문제가 있어 글을 올릴 수도 없는 이름뿐인 곳이었다. 2002년 10월에 새로운 위키 소프트웨어를 쓰면서 한글 처리 문제가 풀리기 시작했지만, 가장 많은 사람이 쓰는 인터넷 익스플로러에서는 인코딩 문제가 여전했다. 이런 이유로 초기에는 도움말을 옮기거나 쓰는 일에 어려움을 겪었다. 이런 어려움이 있었는데도 위키백과 통계로는, 2002년 10월에서 2003년 7월까지 열 달 사이에 글이 13개에서 159개로 늘었고 2003년 7월과 8월 사이에는 한 달 만에 159개에서 348개로 늘어났다. 2003년 9월부터는 인터넷 익스플로러의 인코딩 문제가 사라졌으며, 대한민국 언론에서도 몇 차례 위키백과를 소개하면서 참여자가 점증하리라고 예측했다. 참고로 한국어 위키백과의 최초 문서는 2002년 10월 12일에 등재된 지미 카터 문서이다.2005년 6월 5일 양자장론 문서 등재를 기점으로 총 등재 문서 수가 1만 개를 돌파하였고 이어 동년 11월에 제1회 정보트러스트 어워드 인터넷 문화 일반 분야에 선정되었다. 2007년 8월 9일에는 《한겨레21》에서 한국어 위키백과와 위키백과 오프라인 첫 모임을 취재한 기사를 표지 이야기로 다루었다.2008년 광우병 촛불 시위 때 생긴 신조어인 명박산성이 한국어 위키백과에 등재되고 이 문서의 존치 여부를 두고 갑론을박의 과정이 화제가 되고 각종 매체에도 보도가 되었다. 시위대의 난입과 충돌을 방지하기 위해 거리에 설치되었던 컨테이너 박스를 이명박 정부의 불통으로 풍자를 하기 위해 사용된 이 신조어는 중립성을 지켰는지와 백과사전에 올라올 만한 문서인지가 쟁점이 되었는데 일시적으로 사용된 신조어일 뿐이라는 주장과 이미 여러 매체에서 사용되어 지속성이 보장되었다는 주장 등 논쟁이 벌어졌고 《다음 아고라》 등지에서 이 항목을 존치하는 방안을 지지하는 의견을 남기기 위해 여러 사람이 새로 가입하는 등 혼란이 빚어졌다. 11월 4일에는 다음커뮤니케이션에서 《글로벌 세계 대백과사전》을 기증받았으며, 2009년 3월에는 서울특별시로부터 콘텐츠를 기증받았다. 2009년 6월 4일에는 액세스권 문서의 등재를 기점으로 10만 개 문서 수를 돌파했다.'}}
[10.04 17:51:51] ┇ INFO     ┇                             __main__ ┇   - {'_index': 'wikipedia-20230920-index-kowiki', '_id': '1932401-008-001-001', '_score': 8.190552, '_source': {'title': '2018년 북미정상회담', 'subtitle1': '국내외 반응', 'subtitle2': '회담 이전', 'body_text': '첫번째 북미 정상회담에 대해서 한반도 정세에 큰 영향을 주는 회담이 될것이며, 의제로 북한의 비핵화가 동결 수준인지 아니면 완전히 핵무기의 폐기 수준인지, 그리고 북한의 체제 보장에 따라, 기존에 2차 남북 정상회담에서 협의된, 평화 유지군으로 주한 미군을 어느정도 유지하면서, 일정 수준의 주한 미군 철수가 포함될것인지에 대해 관심이 높다. 트럼프 대통령은 2018년 3월 11일 북미 정상회담에 대해서 중국의 시진핑 주석 대화를 하였으며, 중국 역시도 북미 정상회담을 통한 외교를 통한 북핵 문제 해결에 반가움을 표시 하였다고 하였다. 또한 북한이 북미 정상회담 전에 미사일 발사 및 북핵 실험을 중지 하기로한 약속을 지킬것을 믿는다고 도널드 드럼프 대통령 개인 트위터 계정을 통해서 의견을 발표하였다. 대한민국 정부는 트럼프의 북미 정상회담요청에 수락한것에 대한, 평양의 확답이 늦어지는것에 대해서, 워낙에 중요한 첫번째 북한과 미국간의 정상회담이므로 신중을 하기 위한 것으로 이해 한다고 발표하였다. 기존에도 북한이 중요한 결정을 할때는 신중한 준비를 통하여 발표를 한 경우가 있었다.제네바 합의 협상을 이끌어냈던 전 미국 대통령 지미 카터는 미국 공화당이 현재 미국 의회에서 주도적 영향력을 갖고 있기 때문에 이번 2018년 북미 정상회담이 실질적 결과를 낼 수 있는, 참으로 좋은 기회라고 말했다.더불어민주당의 추미애 대표는 "북미정상회담 성공은 한반도 역사의 대전환점이 될 것"이라며 "(미국과 북한) 두 정상의 만남만으로도 70여년간 적재적 관계이던 양국 관계의 진전이 이뤄지는 것"이라며 "한반도 평화와 번영을 위해 북미정상회담에서 긍정적 성과가 도출되기를 기대한다"고 입장을 밝혔다.자유한국당의 홍준표 대표는 대한민국 제7회 지방 선거의 전날에 북미정상회담이 열리는 것에 대해 "오로지 지방선거를 남북평화쇼로 치르려는 생각 뿐"이라고 비판하였다. 그러면서 "북한이 거짓말을 하고 있다는 전제로 회담을 해야 한다." 면서 미국이 북한에 무엇을 요구해야 하는지 미국 백악관에 공개서한을 보내겠다고 개인적인 의견을 말했다.미국의 도널드 트럼프 대통령은 북미 정상회담에 앞서, 북한의 함경북도에 있는 그동안 핵실험의 주축으로 여러번 활용된 풍계리 핵실험장을 공개적으로 폐쇄 조치 후, 핵사찰 전문가와 언론에 공개 하겠다고 한 북한의 조치에 대해서는, 향후 한반도 비핵화 약속의 이행을 위해서, 매우 현명하고 신뢰 할 수 있는 선제적인 대응이라며, 평가 하였다. 중국 뿐 아니라, 미국과 북한에 공식적인 외교 관계를 돈독하게 유지하는 중립 국가인, 싱가폴에서 2018년 6월 12일에 열리기로 확정된, 북미 정상회담에서 한반도 비핵화와 평화협정에 실질적인 상호 도움이 될 협상결과를 도출해 낼것을 믿는다고, 북미정상회담 결과에 조심스럽게 낙관적인 예측을 공개적으로 발표하였다.미국의 42대 대통령이었던 빌 클린턴 전 대통령은 미국 방송사 NBC에 출연해 북미 간 대화 진전 상황과 관련해 "지금까지의 과정에서 진짜 영웅은 한국의 문재인 대통령"이라고 밝혔다. 클린턴 전 대통령은 "문대통령은 북한이 2018 평창동계올림픽에 참가하게 했고, 그들은 (남북)단일팀을 이뤄 참가했다"고 설명하면서 2018년 6월 12일 개최되는 북미정상회담에 대해서 "나는 이것이 성공할 가능성이 있다고 생각한다. 그러나 그들(북한)이 가진  것을 포기하게 하는 데에는 어느 정도의 신뢰가 필요하다. 희망을 품고 (북미 양국이) 얼마나 해 나갈 수 있는지를 지켜보는 것이 중요하다. 이 거래 과정에서 타협이 이뤄져야 한다."고 말했다.'}}
[10.04 17:51:51] ┇ INFO     ┇                             __main__ ┇   - {'_index': 'wikipedia-20230920-index-kowiki', '_id': '0386847-006-001-001', '_score': 7.2748375, '_source': {'title': '5·17 쿠데타', 'subtitle1': '미국의 반응', 'subtitle2': '', 'body_text': '1979년 10·26 사건 직후 미국은 유신헌법 개정을 통한 민간 정부 수립을 희망하면서 대한민국의 정치일정에 깊숙이 관여했다. 12·12 군사 반란으로 신군부가 실세로 군부를 장악하고 나서 미국 정부와 신군부 간의 갈등이 고조됐지만, 결국 미국 정부는 전두환이 한국군의 실권을 장악한다고 해서 반드시 한국의 민주화가 불가능하지는 않을 것이라 판단, 사실상 군사 반란을 묵인했다. 12·12 군사 반란 이후, 미국은 신군부가 국방에만 주력하도록 하고 대한민국에 민간정부를 수립하는 것을 목표로 설정했다. 미국은 전두환의 중앙정보부장 겸임·경제 사정 악화·언론 검열 강화 등으로 민주화 일정이 지연되는 것을 우려했다.1980년 5월 8일 학생 시위가 가열되는 가운데 주한 미국대사 글라이스틴은 전두환(보안사령관), 최광수(대통령 비서실장)와 면담을 가졌다. 그는 군 투입을 통한 폭력 사태와 체포 상황을 우려하는 입장을 보이면서도, "한국 정부의 법질서 유지 필요성을 이해하며, 미국은 군대를 투입하는 \'비상계획\'의 수립을 막지 않겠다"고 밝혔다. 글라이스틴은 면담 이후 한국 정부가 군투입의 위험성을 알고 있으며 군투입에 신중한 입장이라고 미국 국무부에 보고했다. 이는 결과적으로 신군부 주도 세력에 대해 안이하게 판단, 정국 흐름을 오판한 것이었다. 당시 미국의 입장은 서울에서 발생한 학생 시위를 확고하게 진압하는 것은 필요할지 모르지만 계엄령 확대나 정치인 체포와 같은 정치 탄압을 수반하는 데 반대한다는 것이었다.5월 17일 신군부가 계엄확대와 정치인 체포 준비를 완료한 뒤, 미국은 비상계엄 2시간 전에 신군부로부터 비상계엄 전국확대 조치를 갑작스럽게 통보받았다. 월리엄 글라이스틴 주한 미국대사는 워싱턴의 지시에 따라 5월 18일 최규하 전 대통령을 방문해 전날의 탄압과 비상계엄 확대는 \'충격적이고 경악할 일\'이라는 미국 측의 강력한 항의를 전달했다. 미국이 신군부가 5·17 비상계엄 전국확대 조치를 내리도록 조종했다는 주장도 있지만 미국은 신군부의 5·17 비상계엄 전국확대 조치를 사전에 알지 못했고, 미국이 이와 관련됐다는 주장은 전혀 근거가 없다. 5·17 비상계엄 전국확대 조치에 항거한 5·18 광주 민주화 운동이 발발하자, 미국은 신군부에 평화적 해결을 촉구하는 입장을 거듭 밝혔지만 신군부의 무력 진압을 강력하게 제지하지는 않았다.5월 30일 전두환이 국보위 상임위원장에 취임하고 신군부로 권력이 완전히 넘어가게 되자, 미국은 대화를 꺼리던 이전과 달리 실권자가 된 전두환과 접촉하기 시작했다. 미국 정부 내에서 신군부를 배제하고 북한과 대화를 해서라도 신군부를 강경하게 다뤄야 한다는 카터·머스키 등 강경파와 전두환을 현실로 인정하자는 홀브룩·글라이스틴 등 신중파의 대립이 있었지만, 결국 미국은 전두환을 현실로 인정하는 대신 타협을 통해 최대한 한국의 정치발전을 이끌어낸다는 쪽으로 방향을 설정했다. 계엄령 아래서 보안사에 의해 통제되던 한국언론은 한국의 사태 전개에 대한 미국관리들의 말을 번번이 무시하고 왜곡하기도 했다. 미국관리가 한미 안보관계를 지지하는 말을 하면 그 말은 반드시 대서특필됐으나, 민주화와 인권존중을 촉구하는 말은 대수롭지 않게 취급되거나 아예 보도되지도 않았다. 당시 지미 카터 미 행정부는 이란 인질 사건과 대통령 선거를 맞아 어려움을 겪고 있어 한국 상황에 신경 쓸 여유를 갖지 못 했고, 전두환은 철저하게 친미적인 태도를 보이면서 미국의 이러한 상황을 활용함으로써 집권을 굳혔다.한국은 레이건 대통령 취임 이후 미국과 정상회담 교섭을 위한 교섭을 시작했다. 미국 측은 \'레이건 대통령이 취임하자마자 어떻게 광주에서 수많은 사람을 죽인, 손에서 피가 흐르는 사람을 만날 수 있겠느냐\'며 정상회담을 거부했지만, 한국 측에서 사형을 선고받은 김대중 전 대통령의 구명 문제를 언급하여 성사될 수 있었다. 81년 2월 2일 방미한 전두환은 정치적으로 자신을 지지해 달라고 미국에 요청을 했지만 거절당했다. 전두환의 미국 방문은 80년 5월 광주민주화운동에 대한 군당국의 유혈진압을 계기로 불안정했던 전두환 정권에 대한 미국의 공식지지로 해석돼 비판을 받기도 했다.'}}
[10.04 17:51:52] ┇ INFO     ┇                       chrisbase.data ┇ =========================================================================================================================================
[10.04 17:51:52] ┇ INFO     ┇                       chrisbase.data ┇ [EXIT] python index_wikipedia.py  ($=00:01:45.148)
[10.04 17:51:52] ┇ INFO     ┇                       chrisbase.data ┇ =========================================================================================================================================
