[10.05 21:49:32] ┇ INFO     ┇                       chrisbase.data ┇ =========================================================================================================================================
[10.05 21:49:32] ┇ INFO     ┇                       chrisbase.data ┇ [INIT] python index_wikipedia.py 
[10.05 21:49:32] ┇ INFO     ┇                       chrisbase.data ┇ =========================================================================================================================================
[10.05 21:49:32] ┇ INFO     ┇                       chrisbase.data ┇ -----+--------------------+----------------------------------------------------------
[10.05 21:49:32] ┇ INFO     ┇                       chrisbase.data ┇    # | ProgramArguments   | value
[10.05 21:49:32] ┇ INFO     ┇                       chrisbase.data ┇ -----+--------------------+----------------------------------------------------------
[10.05 21:49:32] ┇ INFO     ┇                       chrisbase.data ┇    1 | env.project        | WiseData
[10.05 21:49:32] ┇ INFO     ┇                       chrisbase.data ┇    2 | env.job_name       | index_wikipedia
[10.05 21:49:32] ┇ INFO     ┇                       chrisbase.data ┇    3 | env.hostname       | chrisBookPro.local
[10.05 21:49:32] ┇ INFO     ┇                       chrisbase.data ┇    4 | env.hostaddr       | 192.168.0.2
[10.05 21:49:32] ┇ INFO     ┇                       chrisbase.data ┇    5 | env.python_path    | /Users/chris/miniforge3/envs/WiseData-2023.08/bin/python
[10.05 21:49:32] ┇ INFO     ┇                       chrisbase.data ┇    6 | env.working_path   | /Users/chris/proj/WiseData-2023.08
[10.05 21:49:32] ┇ INFO     ┇                       chrisbase.data ┇    7 | env.running_file   | index_wikipedia.py
[10.05 21:49:32] ┇ INFO     ┇                       chrisbase.data ┇    8 | env.command_args   | []
[10.05 21:49:32] ┇ INFO     ┇                       chrisbase.data ┇    9 | env.num_ip_addrs   | 0
[10.05 21:49:32] ┇ INFO     ┇                       chrisbase.data ┇   10 | env.max_workers    | 1
[10.05 21:49:32] ┇ INFO     ┇                       chrisbase.data ┇   11 | env.output_home    | output-index_wikipedia
[10.05 21:49:32] ┇ INFO     ┇                       chrisbase.data ┇   12 | env.logging_file   | logging-1005.214931.out
[10.05 21:49:32] ┇ INFO     ┇                       chrisbase.data ┇   13 | env.argument_file  | arguments-1005.214931.json
[10.05 21:49:32] ┇ INFO     ┇                       chrisbase.data ┇   14 | env.debugging      | False
[10.05 21:49:32] ┇ INFO     ┇                       chrisbase.data ┇   15 | env.msg_level      | 20
[10.05 21:49:32] ┇ INFO     ┇                       chrisbase.data ┇   16 | env.msg_format     | %(asctime)s ┇ %(levelname)-8s ┇ %(name)36s ┇ %(message)s
[10.05 21:49:32] ┇ INFO     ┇                       chrisbase.data ┇   17 | env.date_format    | [%m.%d %H:%M:%S]
[10.05 21:49:32] ┇ INFO     ┇                       chrisbase.data ┇   18 | env.time_stamp     | 1005.214931
[10.05 21:49:32] ┇ INFO     ┇                       chrisbase.data ┇   19 | data.start         | 0
[10.05 21:49:32] ┇ INFO     ┇                       chrisbase.data ┇   20 | data.limit         | -1
[10.05 21:49:32] ┇ INFO     ┇                       chrisbase.data ┇   21 | data.batch         | 10000
[10.05 21:49:32] ┇ INFO     ┇                       chrisbase.data ┇   22 | data.inter         | 100000
[10.05 21:49:32] ┇ INFO     ┇                       chrisbase.data ┇   23 | data.total         | 2013506
[10.05 21:49:32] ┇ INFO     ┇                       chrisbase.data ┇   24 | data.file.home     | input/wikimedia
[10.05 21:49:32] ┇ INFO     ┇                       chrisbase.data ┇   25 | data.file.name     | wikipedia-20230920-parse-kowiki.jsonl
[10.05 21:49:32] ┇ INFO     ┇                       chrisbase.data ┇   26 | data.file.mode     | rb
[10.05 21:49:32] ┇ INFO     ┇                       chrisbase.data ┇   27 | data.file.strict   | False
[10.05 21:49:32] ┇ INFO     ┇                       chrisbase.data ┇   28 | data.file.encoding | utf-8
[10.05 21:49:32] ┇ INFO     ┇                       chrisbase.data ┇   29 | data.table.home    | localhost:6382/wikimedia
[10.05 21:49:32] ┇ INFO     ┇                       chrisbase.data ┇   30 | data.table.name    | wikipedia-20230920-parse-kowiki
[10.05 21:49:32] ┇ INFO     ┇                       chrisbase.data ┇   31 | data.table.sort    | _id
[10.05 21:49:32] ┇ INFO     ┇                       chrisbase.data ┇   32 | data.table.find    | {}
[10.05 21:49:32] ┇ INFO     ┇                       chrisbase.data ┇   33 | data.table.reset   | False
[10.05 21:49:32] ┇ INFO     ┇                       chrisbase.data ┇   34 | data.table.strict  | False
[10.05 21:49:32] ┇ INFO     ┇                       chrisbase.data ┇   35 | data.table.timeout | 5000
[10.05 21:49:32] ┇ INFO     ┇                       chrisbase.data ┇   36 | data.index.home    | localhost:9810
[10.05 21:49:32] ┇ INFO     ┇                       chrisbase.data ┇   37 | data.index.name    | wikipedia-20230920-index-kowiki
[10.05 21:49:32] ┇ INFO     ┇                       chrisbase.data ┇   38 | data.index.user    | elastic
[10.05 21:49:32] ┇ INFO     ┇                       chrisbase.data ┇   39 | data.index.pswd    | cIrEP5OCwTLn0QIQwnsA
[10.05 21:49:32] ┇ INFO     ┇                       chrisbase.data ┇   40 | data.index.reset   | True
[10.05 21:49:32] ┇ INFO     ┇                       chrisbase.data ┇   41 | data.index.strict  | False
[10.05 21:49:32] ┇ INFO     ┇                       chrisbase.data ┇   42 | data.index.timeout | 10
[10.05 21:49:32] ┇ INFO     ┇                       chrisbase.data ┇   43 | data.index.retrial | 3
[10.05 21:49:32] ┇ INFO     ┇                       chrisbase.data ┇   44 | data.index.create  | input/wikimedia/wikipedia-index_create_args.json
[10.05 21:49:32] ┇ INFO     ┇                       chrisbase.data ┇ -----+--------------------+----------------------------------------------------------
[10.05 21:49:32] ┇ INFO     ┇                       chrisbase.data ┇ Drop an existing index: elastic@localhost:9810/wikipedia-20230920-index-kowiki
[10.05 21:49:32] ┇ INFO     ┇                       chrisbase.data ┇ Created a new index: elastic@localhost:9810/wikipedia-20230920-index-kowiki
[10.05 21:49:32] ┇ INFO     ┇                       chrisbase.data ┇ - option: keys=['settings', 'mappings']
[10.05 21:49:33] ┇ INFO     ┇                             __main__ ┇ Index from [localhost:6382/wikimedia/wikipedia-20230920-parse-kowiki] to [elastic@localhost:9810/wikipedia-20230920-index-kowiki]
[10.05 21:49:33] ┇ INFO     ┇                             __main__ ┇ - amount: inputs=2013506, batches=202
[10.05 21:49:38] ┇ INFO     ┇                             __main__ ┇ *   indexing:   5%|██▍                                               | 10/202 [00:04<01:27,  2.20batch/s]
[10.05 21:49:42] ┇ INFO     ┇                             __main__ ┇ *   indexing:  10%|████▉                                             | 20/202 [00:09<01:19,  2.28batch/s]
[10.05 21:49:47] ┇ INFO     ┇                             __main__ ┇ *   indexing:  15%|███████▍                                          | 30/202 [00:13<01:20,  2.15batch/s]
[10.05 21:49:51] ┇ INFO     ┇                             __main__ ┇ *   indexing:  20%|█████████▉                                        | 40/202 [00:18<01:09,  2.32batch/s]
[10.05 21:49:56] ┇ INFO     ┇                             __main__ ┇ *   indexing:  25%|████████████▍                                     | 50/202 [00:22<01:08,  2.21batch/s]
[10.05 21:50:00] ┇ INFO     ┇                             __main__ ┇ *   indexing:  30%|██████████████▊                                   | 60/202 [00:27<01:08,  2.09batch/s]
[10.05 21:50:05] ┇ INFO     ┇                             __main__ ┇ *   indexing:  35%|█████████████████▎                                | 70/202 [00:31<00:58,  2.24batch/s]
[10.05 21:50:10] ┇ INFO     ┇                             __main__ ┇ *   indexing:  40%|███████████████████▊                              | 80/202 [00:36<01:00,  2.02batch/s]
[10.05 21:50:15] ┇ INFO     ┇                             __main__ ┇ *   indexing:  45%|██████████████████████▎                           | 90/202 [00:41<00:52,  2.12batch/s]
[10.05 21:50:19] ┇ INFO     ┇                             __main__ ┇ *   indexing:  50%|████████████████████████▊                         | 100/202 [00:46<00:46,  2.22batch/s]
[10.05 21:50:24] ┇ INFO     ┇                             __main__ ┇ *   indexing:  54%|███████████████████████████▏                      | 110/202 [00:50<00:43,  2.10batch/s]
[10.05 21:50:29] ┇ INFO     ┇                             __main__ ┇ *   indexing:  59%|█████████████████████████████▋                    | 120/202 [00:55<00:39,  2.05batch/s]
[10.05 21:50:33] ┇ INFO     ┇                             __main__ ┇ *   indexing:  64%|████████████████████████████████▏                 | 130/202 [01:00<00:33,  2.14batch/s]
[10.05 21:50:38] ┇ INFO     ┇                             __main__ ┇ *   indexing:  69%|██████████████████████████████████▋               | 140/202 [01:04<00:27,  2.26batch/s]
[10.05 21:50:42] ┇ INFO     ┇                             __main__ ┇ *   indexing:  74%|█████████████████████████████████████▏            | 150/202 [01:09<00:21,  2.38batch/s]
[10.05 21:50:47] ┇ INFO     ┇                             __main__ ┇ *   indexing:  79%|███████████████████████████████████████▌          | 160/202 [01:13<00:18,  2.27batch/s]
[10.05 21:50:51] ┇ INFO     ┇                             __main__ ┇ *   indexing:  84%|██████████████████████████████████████████        | 170/202 [01:18<00:14,  2.24batch/s]
[10.05 21:50:55] ┇ INFO     ┇                             __main__ ┇ *   indexing:  89%|████████████████████████████████████████████▌     | 180/202 [01:22<00:09,  2.29batch/s]
[10.05 21:51:00] ┇ INFO     ┇                             __main__ ┇ *   indexing:  94%|███████████████████████████████████████████████   | 190/202 [01:26<00:05,  2.30batch/s]
[10.05 21:51:05] ┇ INFO     ┇                             __main__ ┇ *   indexing:  99%|█████████████████████████████████████████████████▌| 200/202 [01:31<00:01,  2.00batch/s]
[10.05 21:51:05] ┇ INFO     ┇                             __main__ ┇ *   indexing: 100%|██████████████████████████████████████████████████| 202/202 [01:32<00:00,  2.19batch/s]
[10.05 21:51:11] ┇ INFO     ┇                       chrisbase.data ┇ -----------------------------------------------------------------------------------------------------------------------------------------
[10.05 21:51:11] ┇ INFO     ┇                       chrisbase.data ┇ health status index                           uuid                   pri rep docs.count docs.deleted store.size pri.store.size
[10.05 21:51:11] ┇ INFO     ┇                       chrisbase.data ┇ yellow open   wikipedia-20230920-index-kowiki G6YMg9UzQImohfeI9IjUug   1   1    2013506            0      1.4gb          1.4gb
[10.05 21:51:11] ┇ INFO     ┇                       chrisbase.data ┇ -----------------------------------------------------------------------------------------------------------------------------------------
[10.05 21:51:11] ┇ INFO     ┇                             __main__ ┇ Indexed 2013506 documents to [elastic@localhost:9810/wikipedia-20230920-index-kowiki]
[10.05 21:51:12] ┇ INFO     ┇                       chrisbase.data ┇ =========================================================================================================================================
[10.05 21:51:12] ┇ INFO     ┇                       chrisbase.data ┇ [EXIT] python index_wikipedia.py  ($=00:01:38.959)
[10.05 21:51:12] ┇ INFO     ┇                       chrisbase.data ┇ =========================================================================================================================================
