[10.03 16:26:26] ┇ INFO     ┇                       chrisbase.data ┇ =========================================================================================================================================
[10.03 16:26:26] ┇ INFO     ┇                       chrisbase.data ┇ [INIT] python index_wikipedia.py 
[10.03 16:26:26] ┇ INFO     ┇                       chrisbase.data ┇ =========================================================================================================================================
[10.03 16:26:27] ┇ INFO     ┇                       chrisbase.data ┇ -----+--------------------+---------------------------------------------------------------------------------------------------------------------------------------------------------------------------------------------------------------------------------------------------------------------------------------------------------------------------------------------------------------------------------------------------------------------------------------------------------------------
[10.03 16:26:27] ┇ INFO     ┇                       chrisbase.data ┇    # | ProgramArguments   | value
[10.03 16:26:27] ┇ INFO     ┇                       chrisbase.data ┇ -----+--------------------+---------------------------------------------------------------------------------------------------------------------------------------------------------------------------------------------------------------------------------------------------------------------------------------------------------------------------------------------------------------------------------------------------------------------------------------------------------------------
[10.03 16:26:27] ┇ INFO     ┇                       chrisbase.data ┇    1 | time.started       | [10.03 16:26:27]
[10.03 16:26:27] ┇ INFO     ┇                       chrisbase.data ┇    2 | time.settled       |
[10.03 16:26:27] ┇ INFO     ┇                       chrisbase.data ┇    3 | time.elapsed       |
[10.03 16:26:27] ┇ INFO     ┇                       chrisbase.data ┇    4 | env.project        | WiseData
[10.03 16:26:27] ┇ INFO     ┇                       chrisbase.data ┇    5 | env.job_name       | index_wikipedia
[10.03 16:26:27] ┇ INFO     ┇                       chrisbase.data ┇    6 | env.hostname       | chrisBookPro.local
[10.03 16:26:27] ┇ INFO     ┇                       chrisbase.data ┇    7 | env.hostaddr       | 192.168.219.105
[10.03 16:26:27] ┇ INFO     ┇                       chrisbase.data ┇    8 | env.python_path    | /Users/chris/miniforge3/envs/WiseData-2023.08/bin/python
[10.03 16:26:27] ┇ INFO     ┇                       chrisbase.data ┇    9 | env.working_path   | /Users/chris/proj/WiseData-2023.08
[10.03 16:26:27] ┇ INFO     ┇                       chrisbase.data ┇   10 | env.running_file   | index_wikipedia.py
[10.03 16:26:27] ┇ INFO     ┇                       chrisbase.data ┇   11 | env.command_args   | []
[10.03 16:26:27] ┇ INFO     ┇                       chrisbase.data ┇   12 | env.num_ip_addrs   | 0
[10.03 16:26:27] ┇ INFO     ┇                       chrisbase.data ┇   13 | env.max_workers    | 1
[10.03 16:26:27] ┇ INFO     ┇                       chrisbase.data ┇   14 | env.output_home    | output-index_wikipedia
[10.03 16:26:27] ┇ INFO     ┇                       chrisbase.data ┇   15 | env.logging_file   | logging-1003.162625.out
[10.03 16:26:27] ┇ INFO     ┇                       chrisbase.data ┇   16 | env.argument_file  | arguments-1003.162625.json
[10.03 16:26:27] ┇ INFO     ┇                       chrisbase.data ┇   17 | env.debugging      | False
[10.03 16:26:27] ┇ INFO     ┇                       chrisbase.data ┇   18 | env.msg_level      | 20
[10.03 16:26:27] ┇ INFO     ┇                       chrisbase.data ┇   19 | env.msg_format     | %(asctime)s ┇ %(levelname)-8s ┇ %(name)36s ┇ %(message)s
[10.03 16:26:27] ┇ INFO     ┇                       chrisbase.data ┇   20 | env.date_format    | [%m.%d %H:%M:%S]
[10.03 16:26:27] ┇ INFO     ┇                       chrisbase.data ┇   21 | env.time_stamp     | 1003.162625
[10.03 16:26:27] ┇ INFO     ┇                       chrisbase.data ┇   22 | data.home          | input/Wikidata-parse
[10.03 16:26:27] ┇ INFO     ┇                       chrisbase.data ┇   23 | data.name          | Wikipedia-20230920-parse-kowiki.jsonl.bz2
[10.03 16:26:27] ┇ INFO     ┇                       chrisbase.data ┇   24 | data.total         | 9740173
[10.03 16:26:27] ┇ INFO     ┇                       chrisbase.data ┇   25 | data.start         | 0
[10.03 16:26:27] ┇ INFO     ┇                       chrisbase.data ┇   26 | data.limit         | -1
[10.03 16:26:27] ┇ INFO     ┇                       chrisbase.data ┇   27 | data.batch         | 10000
[10.03 16:26:27] ┇ INFO     ┇                       chrisbase.data ┇   28 | data.from_table    | True
[10.03 16:26:27] ┇ INFO     ┇                       chrisbase.data ┇   29 | data.prog_interval | 100000
[10.03 16:26:27] ┇ INFO     ┇                       chrisbase.data ┇   30 | index.host         | localhost:9717
[10.03 16:26:27] ┇ INFO     ┇                       chrisbase.data ┇   31 | index.user         | elastic
[10.03 16:26:27] ┇ INFO     ┇                       chrisbase.data ┇   32 | index.pswd         | HOExBs8qAzdL3gUEdEq2
[10.03 16:26:27] ┇ INFO     ┇                       chrisbase.data ┇   33 | index.name         | wikipedia-20230920-index-kowiki
[10.03 16:26:27] ┇ INFO     ┇                       chrisbase.data ┇   34 | index.create_opt   | {'settings': {'index': {'number_of_shards': 1, 'blocks': {'read_only_allow_delete': 'false'}}, 'analysis': {'analyzer': {'bigram_analyzer': {'tokenizer': 'bigram_tokenizer'}}, 'tokenizer': {'bigram_tokenizer': {'type': 'ngram', 'min_gram': 2, 'max_gram': 2}}}}, 'mappings': {'properties': {'title': {'type': 'keyword'}, 'subtitle1': {'type': 'keyword'}, 'subtitle2': {'type': 'keyword'}, 'body_text': {'type': 'text', 'analyzer': 'bigram_analyzer'}}}}
[10.03 16:26:27] ┇ INFO     ┇                       chrisbase.data ┇   35 | other              |
[10.03 16:26:27] ┇ INFO     ┇                       chrisbase.data ┇ -----+--------------------+---------------------------------------------------------------------------------------------------------------------------------------------------------------------------------------------------------------------------------------------------------------------------------------------------------------------------------------------------------------------------------------------------------------------------------------------------------------------
[10.03 16:26:27] ┇ INFO     ┇                             __main__ ┇ Use database table: localhost:6382/WiseData/Wikipedia-20230920-parse-kowiki
[10.03 16:26:28] ┇ INFO     ┇                             __main__ ┇ Index 9740173 inputs with 975 batches to elastic@localhost:9717/wikipedia-20230920-index-kowiki
[10.03 16:26:28] ┇ INFO     ┇                             __main__ ┇ Delete an existing index: elastic@localhost:9717/wikipedia-20230920-index-kowiki
[10.03 16:26:28] ┇ INFO     ┇                             __main__ ┇ Created a new index: elastic@localhost:9717/wikipedia-20230920-index-kowiki
[10.03 16:26:30] ┇ INFO     ┇                             __main__ ┇ *   indexing:   1%|▌                                                 | 10/975 [00:02<03:39,  4.39batch/s]
[10.03 16:26:33] ┇ INFO     ┇                             __main__ ┇ *   indexing:   2%|█                                                 | 20/975 [00:05<04:00,  3.97batch/s]
[10.03 16:26:36] ┇ INFO     ┇                             __main__ ┇ *   indexing:   3%|█▌                                                | 30/975 [00:07<04:27,  3.53batch/s]
[10.03 16:26:38] ┇ INFO     ┇                             __main__ ┇ *   indexing:   4%|██                                                | 40/975 [00:10<03:50,  4.06batch/s]
[10.03 16:26:41] ┇ INFO     ┇                             __main__ ┇ *   indexing:   5%|██▌                                               | 50/975 [00:13<03:57,  3.89batch/s]
[10.03 16:26:43] ┇ INFO     ┇                             __main__ ┇ *   indexing:   6%|███                                               | 60/975 [00:15<03:57,  3.86batch/s]
[10.03 16:26:46] ┇ INFO     ┇                             __main__ ┇ *   indexing:   7%|███▌                                              | 70/975 [00:18<04:01,  3.75batch/s]
[10.03 16:26:49] ┇ INFO     ┇                             __main__ ┇ *   indexing:   8%|████                                              | 80/975 [00:21<04:08,  3.60batch/s]
[10.03 16:26:51] ┇ INFO     ┇                             __main__ ┇ *   indexing:   9%|████▌                                             | 90/975 [00:23<03:44,  3.95batch/s]
[10.03 16:26:54] ┇ INFO     ┇                             __main__ ┇ *   indexing:  10%|█████▏                                            | 100/975 [00:26<04:13,  3.45batch/s]
[10.03 16:26:57] ┇ INFO     ┇                             __main__ ┇ *   indexing:  11%|█████▋                                            | 110/975 [00:29<04:11,  3.43batch/s]
[10.03 16:27:00] ┇ INFO     ┇                             __main__ ┇ *   indexing:  12%|██████▏                                           | 120/975 [00:31<03:31,  4.05batch/s]
[10.03 16:27:02] ┇ INFO     ┇                             __main__ ┇ *   indexing:  13%|██████▋                                           | 130/975 [00:34<04:07,  3.41batch/s]
[10.03 16:27:05] ┇ INFO     ┇                             __main__ ┇ *   indexing:  14%|███████▏                                          | 140/975 [00:37<03:39,  3.81batch/s]
[10.03 16:27:08] ┇ INFO     ┇                             __main__ ┇ *   indexing:  15%|███████▋                                          | 150/975 [00:40<04:02,  3.40batch/s]
[10.03 16:27:11] ┇ INFO     ┇                             __main__ ┇ *   indexing:  16%|████████▏                                         | 160/975 [00:43<03:54,  3.48batch/s]
[10.03 16:27:14] ┇ INFO     ┇                             __main__ ┇ *   indexing:  17%|████████▋                                         | 170/975 [00:45<03:34,  3.75batch/s]
[10.03 16:27:16] ┇ INFO     ┇                             __main__ ┇ *   indexing:  18%|█████████▏                                        | 180/975 [00:48<03:46,  3.51batch/s]
[10.03 16:27:19] ┇ INFO     ┇                             __main__ ┇ *   indexing:  19%|█████████▋                                        | 190/975 [00:51<03:49,  3.42batch/s]
[10.03 16:27:22] ┇ INFO     ┇                             __main__ ┇ *   indexing:  21%|██████████▎                                       | 200/975 [00:54<03:49,  3.38batch/s]
[10.03 16:27:25] ┇ INFO     ┇                             __main__ ┇ *   indexing:  22%|██████████▊                                       | 210/975 [00:57<03:32,  3.60batch/s]
[10.03 16:27:28] ┇ INFO     ┇                             __main__ ┇ *   indexing:  23%|███████████▎                                      | 220/975 [01:00<03:50,  3.28batch/s]
[10.03 16:27:31] ┇ INFO     ┇                             __main__ ┇ *   indexing:  24%|███████████▊                                      | 230/975 [01:03<03:40,  3.38batch/s]
[10.03 16:27:33] ┇ INFO     ┇                             __main__ ┇ *   indexing:  25%|████████████▎                                     | 240/975 [01:05<03:16,  3.74batch/s]
[10.03 16:27:36] ┇ INFO     ┇                             __main__ ┇ *   indexing:  26%|████████████▊                                     | 250/975 [01:08<03:24,  3.55batch/s]
[10.03 16:27:39] ┇ INFO     ┇                             __main__ ┇ *   indexing:  27%|█████████████▎                                    | 260/975 [01:11<03:25,  3.48batch/s]
[10.03 16:27:42] ┇ INFO     ┇                             __main__ ┇ *   indexing:  28%|█████████████▊                                    | 270/975 [01:14<03:13,  3.65batch/s]
[10.03 16:27:45] ┇ INFO     ┇                             __main__ ┇ *   indexing:  29%|██████████████▎                                   | 280/975 [01:17<03:13,  3.59batch/s]
[10.03 16:27:48] ┇ INFO     ┇                             __main__ ┇ *   indexing:  30%|██████████████▊                                   | 290/975 [01:19<03:21,  3.40batch/s]
[10.03 16:27:50] ┇ INFO     ┇                             __main__ ┇ *   indexing:  31%|███████████████▍                                  | 300/975 [01:22<03:17,  3.42batch/s]
[10.03 16:27:53] ┇ INFO     ┇                             __main__ ┇ *   indexing:  32%|███████████████▉                                  | 310/975 [01:25<03:11,  3.48batch/s]
[10.03 16:27:56] ┇ INFO     ┇                             __main__ ┇ *   indexing:  33%|████████████████▍                                 | 320/975 [01:28<02:56,  3.71batch/s]
[10.03 16:27:59] ┇ INFO     ┇                             __main__ ┇ *   indexing:  34%|████████████████▉                                 | 330/975 [01:31<03:09,  3.40batch/s]
[10.03 16:28:02] ┇ INFO     ┇                             __main__ ┇ *   indexing:  35%|█████████████████▍                                | 340/975 [01:34<03:01,  3.50batch/s]
[10.03 16:28:05] ┇ INFO     ┇                             __main__ ┇ *   indexing:  36%|█████████████████▉                                | 350/975 [01:37<02:47,  3.73batch/s]
[10.03 16:28:08] ┇ INFO     ┇                             __main__ ┇ *   indexing:  37%|██████████████████▍                               | 360/975 [01:39<02:45,  3.72batch/s]
[10.03 16:28:10] ┇ INFO     ┇                             __main__ ┇ *   indexing:  38%|██████████████████▉                               | 370/975 [01:42<02:54,  3.47batch/s]
[10.03 16:28:13] ┇ INFO     ┇                             __main__ ┇ *   indexing:  39%|███████████████████▍                              | 380/975 [01:45<02:33,  3.89batch/s]
[10.03 16:28:16] ┇ INFO     ┇                             __main__ ┇ *   indexing:  40%|████████████████████                              | 390/975 [01:47<02:34,  3.80batch/s]
[10.03 16:28:18] ┇ INFO     ┇                             __main__ ┇ *   indexing:  41%|████████████████████▌                             | 400/975 [01:50<02:44,  3.49batch/s]
[10.03 16:28:21] ┇ INFO     ┇                             __main__ ┇ *   indexing:  42%|█████████████████████                             | 410/975 [01:53<02:37,  3.59batch/s]
[10.03 16:28:24] ┇ INFO     ┇                             __main__ ┇ *   indexing:  43%|█████████████████████▌                            | 420/975 [01:56<02:20,  3.95batch/s]
[10.03 16:28:26] ┇ INFO     ┇                             __main__ ┇ *   indexing:  44%|██████████████████████                            | 430/975 [01:58<02:32,  3.57batch/s]
[10.03 16:28:29] ┇ INFO     ┇                             __main__ ┇ *   indexing:  45%|██████████████████████▌                           | 440/975 [02:01<02:18,  3.87batch/s]
[10.03 16:28:31] ┇ INFO     ┇                             __main__ ┇ *   indexing:  46%|███████████████████████                           | 450/975 [02:03<02:05,  4.18batch/s]
[10.03 16:28:34] ┇ INFO     ┇                             __main__ ┇ *   indexing:  47%|███████████████████████▌                          | 460/975 [02:06<02:13,  3.86batch/s]
[10.03 16:28:37] ┇ INFO     ┇                             __main__ ┇ *   indexing:  48%|████████████████████████                          | 470/975 [02:08<02:09,  3.91batch/s]
[10.03 16:28:39] ┇ INFO     ┇                             __main__ ┇ *   indexing:  49%|████████████████████████▌                         | 480/975 [02:11<02:15,  3.65batch/s]
[10.03 16:28:42] ┇ INFO     ┇                             __main__ ┇ *   indexing:  50%|█████████████████████████▏                        | 490/975 [02:14<02:01,  3.98batch/s]
[10.03 16:28:44] ┇ INFO     ┇                             __main__ ┇ *   indexing:  51%|█████████████████████████▋                        | 500/975 [02:16<02:09,  3.67batch/s]
[10.03 16:28:47] ┇ INFO     ┇                             __main__ ┇ *   indexing:  52%|██████████████████████████▏                       | 510/975 [02:19<02:02,  3.80batch/s]
[10.03 16:28:50] ┇ INFO     ┇                             __main__ ┇ *   indexing:  53%|██████████████████████████▋                       | 520/975 [02:21<01:50,  4.14batch/s]
[10.03 16:28:52] ┇ INFO     ┇                             __main__ ┇ *   indexing:  54%|███████████████████████████▏                      | 530/975 [02:24<01:58,  3.77batch/s]
[10.03 16:28:55] ┇ INFO     ┇                             __main__ ┇ *   indexing:  55%|███████████████████████████▋                      | 540/975 [02:26<01:47,  4.05batch/s]
[10.03 16:28:57] ┇ INFO     ┇                             __main__ ┇ *   indexing:  56%|████████████████████████████▏                     | 550/975 [02:29<01:55,  3.66batch/s]
[10.03 16:29:00] ┇ INFO     ┇                             __main__ ┇ *   indexing:  57%|████████████████████████████▋                     | 560/975 [02:32<01:41,  4.10batch/s]
[10.03 16:29:02] ┇ INFO     ┇                             __main__ ┇ *   indexing:  58%|█████████████████████████████▏                    | 570/975 [02:34<01:34,  4.27batch/s]
[10.03 16:29:05] ┇ INFO     ┇                             __main__ ┇ *   indexing:  59%|█████████████████████████████▋                    | 580/975 [02:37<01:49,  3.61batch/s]
[10.03 16:29:07] ┇ INFO     ┇                             __main__ ┇ *   indexing:  61%|██████████████████████████████▎                   | 590/975 [02:39<01:39,  3.88batch/s]
[10.03 16:29:10] ┇ INFO     ┇                             __main__ ┇ *   indexing:  62%|██████████████████████████████▊                   | 600/975 [02:41<01:30,  4.13batch/s]
[10.03 16:29:12] ┇ INFO     ┇                             __main__ ┇ *   indexing:  63%|███████████████████████████████▎                  | 610/975 [02:44<01:32,  3.97batch/s]
[10.03 16:29:15] ┇ INFO     ┇                             __main__ ┇ *   indexing:  64%|███████████████████████████████▊                  | 620/975 [02:47<01:26,  4.13batch/s]
[10.03 16:29:17] ┇ INFO     ┇                             __main__ ┇ *   indexing:  65%|████████████████████████████████▎                 | 630/975 [02:49<01:20,  4.31batch/s]
[10.03 16:29:20] ┇ INFO     ┇                             __main__ ┇ *   indexing:  66%|████████████████████████████████▊                 | 640/975 [02:52<01:26,  3.89batch/s]
[10.03 16:29:22] ┇ INFO     ┇                             __main__ ┇ *   indexing:  67%|█████████████████████████████████▎                | 650/975 [02:54<01:22,  3.93batch/s]
[10.03 16:29:25] ┇ INFO     ┇                             __main__ ┇ *   indexing:  68%|█████████████████████████████████▊                | 660/975 [02:57<01:20,  3.93batch/s]
[10.03 16:29:27] ┇ INFO     ┇                             __main__ ┇ *   indexing:  69%|██████████████████████████████████▎               | 670/975 [02:59<01:13,  4.13batch/s]
[10.03 16:29:30] ┇ INFO     ┇                             __main__ ┇ *   indexing:  70%|██████████████████████████████████▊               | 680/975 [03:02<01:20,  3.67batch/s]
[10.03 16:29:33] ┇ INFO     ┇                             __main__ ┇ *   indexing:  71%|███████████████████████████████████▍              | 690/975 [03:05<01:10,  4.03batch/s]
[10.03 16:29:35] ┇ INFO     ┇                             __main__ ┇ *   indexing:  72%|███████████████████████████████████▉              | 700/975 [03:07<01:08,  3.99batch/s]
[10.03 16:29:38] ┇ INFO     ┇                             __main__ ┇ *   indexing:  73%|████████████████████████████████████▍             | 710/975 [03:10<01:09,  3.82batch/s]
[10.03 16:29:41] ┇ INFO     ┇                             __main__ ┇ *   indexing:  74%|████████████████████████████████████▉             | 720/975 [03:12<01:06,  3.82batch/s]
[10.03 16:29:43] ┇ INFO     ┇                             __main__ ┇ *   indexing:  75%|█████████████████████████████████████▍            | 730/975 [03:15<01:04,  3.81batch/s]
[10.03 16:29:46] ┇ INFO     ┇                             __main__ ┇ *   indexing:  76%|█████████████████████████████████████▉            | 740/975 [03:18<00:59,  3.92batch/s]
[10.03 16:29:49] ┇ INFO     ┇                             __main__ ┇ *   indexing:  77%|██████████████████████████████████████▍           | 750/975 [03:20<01:01,  3.67batch/s]
[10.03 16:29:51] ┇ INFO     ┇                             __main__ ┇ *   indexing:  78%|██████████████████████████████████████▉           | 760/975 [03:23<00:58,  3.70batch/s]
[10.03 16:29:54] ┇ INFO     ┇                             __main__ ┇ *   indexing:  79%|███████████████████████████████████████▍          | 770/975 [03:26<00:48,  4.22batch/s]
[10.03 16:29:57] ┇ INFO     ┇                             __main__ ┇ *   indexing:  80%|████████████████████████████████████████          | 780/975 [03:28<00:53,  3.62batch/s]
[10.03 16:29:59] ┇ INFO     ┇                             __main__ ┇ *   indexing:  81%|████████████████████████████████████████▌         | 790/975 [03:31<00:51,  3.61batch/s]
[10.03 16:30:02] ┇ INFO     ┇                             __main__ ┇ *   indexing:  82%|█████████████████████████████████████████         | 800/975 [03:34<00:47,  3.67batch/s]
[10.03 16:30:05] ┇ INFO     ┇                             __main__ ┇ *   indexing:  83%|█████████████████████████████████████████▌        | 810/975 [03:37<00:41,  4.01batch/s]
[10.03 16:30:08] ┇ INFO     ┇                             __main__ ┇ *   indexing:  84%|██████████████████████████████████████████        | 820/975 [03:39<00:41,  3.75batch/s]
[10.03 16:30:10] ┇ INFO     ┇                             __main__ ┇ *   indexing:  85%|██████████████████████████████████████████▌       | 830/975 [03:42<00:30,  4.69batch/s]
[10.03 16:30:12] ┇ INFO     ┇                             __main__ ┇ *   indexing:  86%|███████████████████████████████████████████       | 840/975 [03:44<00:30,  4.46batch/s]
[10.03 16:30:15] ┇ INFO     ┇                             __main__ ┇ *   indexing:  87%|███████████████████████████████████████████▌      | 850/975 [03:46<00:35,  3.56batch/s]
[10.03 16:30:17] ┇ INFO     ┇                             __main__ ┇ *   indexing:  88%|████████████████████████████████████████████      | 860/975 [03:49<00:32,  3.51batch/s]
[10.03 16:30:20] ┇ INFO     ┇                             __main__ ┇ *   indexing:  89%|████████████████████████████████████████████▌     | 870/975 [03:52<00:32,  3.25batch/s]
[10.03 16:30:23] ┇ INFO     ┇                             __main__ ┇ *   indexing:  90%|█████████████████████████████████████████████▏    | 880/975 [03:55<00:28,  3.38batch/s]
[10.03 16:30:26] ┇ INFO     ┇                             __main__ ┇ *   indexing:  91%|█████████████████████████████████████████████▋    | 890/975 [03:58<00:22,  3.70batch/s]
[10.03 16:30:29] ┇ INFO     ┇                             __main__ ┇ *   indexing:  92%|██████████████████████████████████████████████▏   | 900/975 [04:01<00:21,  3.44batch/s]
[10.03 16:30:31] ┇ INFO     ┇                             __main__ ┇ *   indexing:  93%|██████████████████████████████████████████████▋   | 910/975 [04:03<00:17,  3.72batch/s]
[10.03 16:30:34] ┇ INFO     ┇                             __main__ ┇ *   indexing:  94%|███████████████████████████████████████████████▏  | 920/975 [04:06<00:14,  3.70batch/s]
[10.03 16:30:37] ┇ INFO     ┇                             __main__ ┇ *   indexing:  95%|███████████████████████████████████████████████▋  | 930/975 [04:09<00:12,  3.75batch/s]
[10.03 16:30:40] ┇ INFO     ┇                             __main__ ┇ *   indexing:  96%|████████████████████████████████████████████████▏ | 940/975 [04:12<00:09,  3.78batch/s]
[10.03 16:30:42] ┇ INFO     ┇                             __main__ ┇ *   indexing:  97%|████████████████████████████████████████████████▋ | 950/975 [04:14<00:06,  4.16batch/s]
[10.03 16:30:45] ┇ INFO     ┇                             __main__ ┇ *   indexing:  98%|█████████████████████████████████████████████████▏| 960/975 [04:17<00:03,  3.77batch/s]
[10.03 16:30:47] ┇ INFO     ┇                             __main__ ┇ *   indexing:  99%|█████████████████████████████████████████████████▋| 970/975 [04:19<00:01,  4.05batch/s]
[10.03 16:30:48] ┇ INFO     ┇                             __main__ ┇ *   indexing: 100%|██████████████████████████████████████████████████| 975/975 [04:20<00:00,  3.74batch/s]
[10.03 16:30:53] ┇ INFO     ┇                             __main__ ┇ health status index                           uuid                   pri rep docs.count docs.deleted store.size pri.store.size
[10.03 16:30:53] ┇ INFO     ┇                             __main__ ┇ yellow open   wikipedia-20230920-index-kowiki kUoRYZ_DSB-2OakdQtYhxQ   1   1    9740173            0      2.3gb          2.3gb
[10.03 16:30:53] ┇ INFO     ┇                             __main__ ┇ Got 10000 Hits (Max=40.468):
[10.03 16:30:53] ┇ INFO     ┇                             __main__ ┇   - {'_index': 'wikipedia-20230920-index-kowiki', '_type': '_doc', '_id': '3121328-003-002-001', '_score': 40.46759, '_source': {'subtitle2': '동아시아ㆍ오세아니아', 'subtitle1': '대륙별 참가국 목록', 'body_text': '오스트레일리아 * 피지 * 인도네시아 * 일본 * 키리바시 * 말레이시아 * 마셜 제도 * 미크로네시아 연방 * 몽골 * 나우루 * 뉴질랜드 * 팔라우 * 파푸아뉴기니 * 필리핀 * 사모아 * 대한민국 * 솔로몬 제도 * 동티모르 * 중화민국 (대만) * 통가 * 바누아투', 'title': '민주주의 정상회의'}}
[10.03 16:30:53] ┇ INFO     ┇                             __main__ ┇   - {'_index': 'wikipedia-20230920-index-kowiki', '_type': '_doc', '_id': '3121328-003-003-001', '_score': 31.221617, '_source': {'subtitle2': '유럽', 'subtitle1': '대륙별 참가국 목록', 'body_text': '알바니아 * 아르메니아 * 오스트리아 * 벨기에 * 불가리아 * 크로아티아 * 체코 * 키프로스 * 덴마크 * 에스토니아 * 핀란드 * 프랑스 * 독일 * 그리스 * 조지아 * 아이슬란드 * 아일랜드 * 이탈리아 * 라트비아 * 리투아니아 * 룩셈부르크 * 몰타 * 몬테네그로 * 몰도바 * 네덜란드 * 북마케도니아 * 노르웨이 * 폴란드 * 포르투갈 * 루마니아 * 슬로바키아 * 슬로베니아 * 스페인 * 스웨덴 * 스위스 * 우크라이나 * 영국', 'title': '민주주의 정상회의'}}
[10.03 16:30:53] ┇ INFO     ┇                             __main__ ┇   - {'_index': 'wikipedia-20230920-index-kowiki', '_type': '_doc', '_id': '3629446-002-023-012', '_score': 30.950428, '_source': {'subtitle2': '학생경쟁부문', 'subtitle1': '수상 및 후보', 'body_text': '암호 * * * * * - 아델 세게디', 'title': '제23회 부천국제애니메이션페스티벌'}}
[10.03 16:30:53] ┇ INFO     ┇                             __main__ ┇   - {'_index': 'wikipedia-20230920-index-kowiki', '_type': '_doc', '_id': '3121328-003-006-001', '_score': 30.808208, '_source': {'subtitle2': '북미·중남미', 'subtitle1': '대륙별 참가국 목록', 'body_text': '앤티가 바부다 * 아르헨티나 * 바베이도스 * 바하마 * 벨리즈 * 브라질 * 캐나다 * 칠레 * 콜롬비아 * 코스타리카 * 도미니카 연방 * 도미니카 공화국 * 에콰도르 * 그레나다 * 가이아나 * 자메이카 * 멕시코 * 파나마 * 파라과이 * 페루 * 세인트키츠 네비스 * 세인트루시아 * 세인트빈센트 그레나딘 * 수리남 * 트리니다드 토바고 * 미국 * 우루과이', 'title': '민주주의 정상회의'}}
[10.03 16:30:53] ┇ INFO     ┇                             __main__ ┇   - {'_index': 'wikipedia-20230920-index-kowiki', '_type': '_doc', '_id': '3121328-003-001-001', '_score': 30.687489, '_source': {'subtitle2': '아프리카', 'subtitle1': '대륙별 참가국 목록', 'body_text': '앙골라 * 보츠와나 * 카보베르데 * 콩고 민주 공화국 * 가나 * 케냐 * 라이베리아 * 말라위 * 모리셔스 * 나미비아 * 니제르 * 나이지리아 * 상투메 프린시페 * 세네갈 * 세이셸 * 남아프리카 공화국 * 잠비아', 'title': '민주주의 정상회의'}}
[10.03 16:30:53] ┇ INFO     ┇                             __main__ ┇   - {'_index': 'wikipedia-20230920-index-kowiki', '_type': '_doc', '_id': '1829160-001-002-001', '_score': 30.425442, '_source': {'subtitle2': '', 'subtitle1': '', 'body_text': '별들의전쟁 * (GALACTIKA *) 은 F R I D A Y . 와 CHANG으로 이루어진 대한민국의 음악 프로듀싱 팀이며,', 'title': '별들의전쟁'}}
[10.03 16:30:53] ┇ INFO     ┇                             __main__ ┇   - {'_index': 'wikipedia-20230920-index-kowiki', '_type': '_doc', '_id': '2885791-007-003-003', '_score': 30.181103, '_source': {'subtitle2': '바이마르', 'subtitle1': '작곡 시기', 'body_text': '1714: BWV 182 * 12 * 172 * 21 * 54 * 199 * 61 * 152', 'title': '바흐 칸타타'}}
[10.03 16:30:53] ┇ INFO     ┇                             __main__ ┇   - {'_index': 'wikipedia-20230920-index-kowiki', '_type': '_doc', '_id': '1451207-002-003-010', '_score': 30.166756, '_source': {'subtitle2': '구성 파일', 'subtitle1': '개요', 'body_text': '# * * * * *  command to execute', 'title': 'Cron'}}
[10.03 16:30:53] ┇ INFO     ┇                             __main__ ┇   - {'_index': 'wikipedia-20230920-index-kowiki', '_type': '_doc', '_id': '0012453-002-001-006', '_score': 29.939335, '_source': {'subtitle2': '', 'subtitle1': '예제 코드', 'body_text': '*        *     *     *     *     *', 'title': 'PATH (프로그래밍 언어)'}}
[10.03 16:30:53] ┇ INFO     ┇                             __main__ ┇   - {'_index': 'wikipedia-20230920-index-kowiki', '_type': '_doc', '_id': '1101505-004-001-001', '_score': 29.807938, '_source': {'subtitle2': '', 'subtitle1': '교회현황(2021년 기준)', 'body_text': '* 대한민국: 222개 교회', 'title': '대한예수교침례회'}}
[10.03 16:30:54] ┇ INFO     ┇                       chrisbase.data ┇ =========================================================================================================================================
[10.03 16:30:54] ┇ INFO     ┇                       chrisbase.data ┇ [EXIT] python index_wikipedia.py  ($=00:04:26.791)
[10.03 16:30:54] ┇ INFO     ┇                       chrisbase.data ┇ =========================================================================================================================================
