[05.08 18:06:55] ┇ INFO    ┇           chrisbase.data ┇ =========================================================================================================================================
[05.08 18:06:55] ┇ INFO    ┇           chrisbase.data ┇ [INIT] python /home/chris/proj/chrisdata/src/chrisdata/cli.py wikipedia crawl
[05.08 18:06:55] ┇ INFO    ┇           chrisbase.data ┇ =========================================================================================================================================
[05.08 18:06:55] ┇ INFO    ┇           chrisbase.data ┇ -----------------------------------------------------------------------------------------------------------------------------------------
[05.08 18:06:55] ┇ INFO    ┇           chrisbase.data ┇   #	ProgramArguments  	value
[05.08 18:06:55] ┇ INFO    ┇           chrisbase.data ┇ -----------------------------------------------------------------------------------------------------------------------------------------
[05.08 18:06:55] ┇ INFO    ┇           chrisbase.data ┇   1	time.t1           	2025-05-08 18:06:55.218513
[05.08 18:06:55] ┇ INFO    ┇           chrisbase.data ┇   2	time.t2           	2025-05-08 18:06:54.119402
[05.08 18:06:55] ┇ INFO    ┇           chrisbase.data ┇   3	time.started      	[05.08 18:06:55]
[05.08 18:06:55] ┇ INFO    ┇           chrisbase.data ┇   4	time.settled
[05.08 18:06:55] ┇ INFO    ┇           chrisbase.data ┇   5	time.elapsed
[05.08 18:06:55] ┇ INFO    ┇           chrisbase.data ┇   6	env.project       	chrisdata
[05.08 18:06:55] ┇ INFO    ┇           chrisbase.data ┇   7	env.job_name      	crawl_wikipedia
[05.08 18:06:55] ┇ INFO    ┇           chrisbase.data ┇   8	env.job_version
[05.08 18:06:55] ┇ INFO    ┇           chrisbase.data ┇   9	env.hostname      	chris36
[05.08 18:06:55] ┇ INFO    ┇           chrisbase.data ┇  10	env.hostaddr      	129.254.181.36
[05.08 18:06:55] ┇ INFO    ┇           chrisbase.data ┇  11	env.time_stamp    	0508-180654
[05.08 18:06:55] ┇ INFO    ┇           chrisbase.data ┇  12	env.python_path   	/home/chris/miniforge3/envs/chrisdata/bin/python
[05.08 18:06:55] ┇ INFO    ┇           chrisbase.data ┇  13	env.current_dir   	/mnt/dat/proj/chrisdata
[05.08 18:06:55] ┇ INFO    ┇           chrisbase.data ┇  14	env.current_file  	/home/chris/proj/chrisdata/src/chrisdata/cli.py
[05.08 18:06:55] ┇ INFO    ┇           chrisbase.data ┇  15	env.working_dir   	/mnt/dat/proj/chrisdata
[05.08 18:06:55] ┇ INFO    ┇           chrisbase.data ┇  16	env.command_args  	['wikipedia', 'crawl']
[05.08 18:06:55] ┇ INFO    ┇           chrisbase.data ┇  17	env.max_workers   	10
[05.08 18:06:55] ┇ INFO    ┇           chrisbase.data ┇  18	env.calling_sec   	0.001
[05.08 18:06:55] ┇ INFO    ┇           chrisbase.data ┇  19	env.waiting_sec   	300.0
[05.08 18:06:55] ┇ INFO    ┇           chrisbase.data ┇  20	env.debugging     	False
[05.08 18:06:55] ┇ INFO    ┇           chrisbase.data ┇  21	env.logging_home  	/mnt/dat/proj/chrisdata/output-crawl_wikipedia
[05.08 18:06:55] ┇ INFO    ┇           chrisbase.data ┇  22	env.logging_file  	logging-0508-180654.out
[05.08 18:06:55] ┇ INFO    ┇           chrisbase.data ┇  23	env.argument_file
[05.08 18:06:55] ┇ INFO    ┇           chrisbase.data ┇  24	env.date_format   	[%m.%d %H:%M:%S]
[05.08 18:06:55] ┇ INFO    ┇           chrisbase.data ┇  25	env.message_level 	20
[05.08 18:06:55] ┇ INFO    ┇           chrisbase.data ┇  26	env.message_format	LoggingFormat.CHECK_24
[05.08 18:06:55] ┇ INFO    ┇           chrisbase.data ┇  27	net.calling_sec   	0.001
[05.08 18:06:55] ┇ INFO    ┇           chrisbase.data ┇  28	net.waiting_sec   	300.0
[05.08 18:06:55] ┇ INFO    ┇           chrisbase.data ┇  29	net.retrial_sec   	3.0
[05.08 18:06:55] ┇ INFO    ┇           chrisbase.data ┇  30	net.max_retrial   	10.0
[05.08 18:06:55] ┇ INFO    ┇           chrisbase.data ┇  31	data.home         	input
[05.08 18:06:55] ┇ INFO    ┇           chrisbase.data ┇  32	data.name         	backup/kowiki-sample.txt
[05.08 18:06:55] ┇ INFO    ┇           chrisbase.data ┇  33	data.lang         	ko
[05.08 18:06:55] ┇ INFO    ┇           chrisbase.data ┇  34	data.limit        	100
[05.08 18:06:55] ┇ INFO    ┇           chrisbase.data ┇  35	data.from_scratch 	False
[05.08 18:06:55] ┇ INFO    ┇           chrisbase.data ┇  36	data.prog_interval	15
[05.08 18:06:55] ┇ INFO    ┇           chrisbase.data ┇  37	table.name        	crawl_wikipedia
[05.08 18:06:55] ┇ INFO    ┇           chrisbase.data ┇  38	table.home        	localhost:8800/wikipedia
[05.08 18:06:55] ┇ INFO    ┇           chrisbase.data ┇  39	table.user
[05.08 18:06:55] ┇ INFO    ┇           chrisbase.data ┇  40	table.pswd
[05.08 18:06:55] ┇ INFO    ┇           chrisbase.data ┇  41	table.reset       	False
[05.08 18:06:55] ┇ INFO    ┇           chrisbase.data ┇  42	table.required    	False
[05.08 18:06:55] ┇ INFO    ┇           chrisbase.data ┇  43	table.sort        	_id
[05.08 18:06:55] ┇ INFO    ┇           chrisbase.data ┇  44	table.find        	{}
[05.08 18:06:55] ┇ INFO    ┇           chrisbase.data ┇  45	table.timeout     	30000
[05.08 18:06:55] ┇ INFO    ┇           chrisbase.data ┇ -----------------------------------------------------------------------------------------------------------------------------------------
[05.08 18:06:55] ┇ INFO    ┇ chrisdata.wikipedia.crawl_wikipedia ┇ Use 41 apis and 10 workers to crawl 100 wikipedia queries
[05.08 18:06:57] ┇ INFO    ┇           chrisbase.util ┇ *   visiting:  14%|███████                                           | 14/100 [00:02<00:09,  9.50ea/s]
[05.08 18:06:58] ┇ INFO    ┇           chrisbase.util ┇ *   visiting:  28%|██████████████                                    | 28/100 [00:03<00:07, 10.03ea/s]
[05.08 18:07:01] ┇ INFO    ┇           chrisbase.util ┇ *   visiting:  43%|█████████████████████▌                            | 43/100 [00:05<00:08,  6.43ea/s]
[05.08 18:07:01] ┇ INFO    ┇           chrisbase.util ┇ *   visiting:  57%|████████████████████████████▍                     | 57/100 [00:06<00:03, 13.96ea/s]
[05.08 18:07:02] ┇ INFO    ┇           chrisbase.util ┇ *   visiting:  72%|████████████████████████████████████              | 72/100 [00:07<00:01, 14.77ea/s]
[05.08 18:07:03] ┇ INFO    ┇           chrisbase.util ┇ *   visiting:  86%|███████████████████████████████████████████       | 86/100 [00:08<00:01, 13.87ea/s]
[05.08 18:07:04] ┇ INFO    ┇           chrisbase.util ┇ *   visiting: 100%|██████████████████████████████████████████████████| 100/100 [00:09<00:00, 10.76ea/s]
[05.08 18:07:04] ┇ INFO    ┇ chrisdata.wikipedia.crawl_wikipedia ┇ *  exporting: 100%|██████████████████████████████████████████████████| 100/100 [00:00<00:00, 1769.25ea/s]
[05.08 18:07:04] ┇ INFO    ┇ chrisdata.wikipedia.crawl_wikipedia ┇ Export 100/100 rows to /mnt/dat/proj/chrisdata/output-crawl_wikipedia/kowiki-sample.jsonl
[05.08 18:07:04] ┇ INFO    ┇ chrisdata.wikipedia.crawl_wikipedia ┇ Found 100 undone inputs
[05.08 18:07:04] ┇ INFO    ┇           chrisbase.data ┇ =========================================================================================================================================
[05.08 18:07:04] ┇ INFO    ┇           chrisbase.data ┇ [EXIT] python /home/chris/proj/chrisdata/src/chrisdata/cli.py wikipedia crawl ($=00:00:09.422)
[05.08 18:07:04] ┇ INFO    ┇           chrisbase.data ┇ =========================================================================================================================================
