[10.09 13:58:35] ┇ INFO     ┇                       chrisbase.data ┇ =========================================================================================================================================
[10.09 13:58:35] ┇ INFO     ┇                       chrisbase.data ┇ [INIT] python search_wikidata.py search wikidata --input-start 600000 --input-limit 200000
[10.09 13:58:35] ┇ INFO     ┇                       chrisbase.data ┇ =========================================================================================================================================
[10.09 13:58:36] ┇ INFO     ┇                       chrisbase.data ┇ -----+-----------------------+------------------------------------------------------------------------------
[10.09 13:58:36] ┇ INFO     ┇                       chrisbase.data ┇    # | SearchArguments       | value
[10.09 13:58:36] ┇ INFO     ┇                       chrisbase.data ┇ -----+-----------------------+------------------------------------------------------------------------------
[10.09 13:58:36] ┇ INFO     ┇                       chrisbase.data ┇    1 | env.project           | WiseData
[10.09 13:58:36] ┇ INFO     ┇                       chrisbase.data ┇    2 | env.job_name          | search_wikidata
[10.09 13:58:36] ┇ INFO     ┇                       chrisbase.data ┇    3 | env.hostname          | chrisBookPro.local
[10.09 13:58:36] ┇ INFO     ┇                       chrisbase.data ┇    4 | env.hostaddr          | 172.20.10.9
[10.09 13:58:36] ┇ INFO     ┇                       chrisbase.data ┇    5 | env.python_path       | /Users/chris/miniforge3/envs/WiseData-2023.08/bin/python
[10.09 13:58:36] ┇ INFO     ┇                       chrisbase.data ┇    6 | env.working_path      | /Users/chris/proj/WiseData-2023.08
[10.09 13:58:36] ┇ INFO     ┇                       chrisbase.data ┇    7 | env.running_file      | search_wikidata.py
[10.09 13:58:36] ┇ INFO     ┇                       chrisbase.data ┇    8 | env.command_args      | ['search', 'wikidata', '--input-start', '600000', '--input-limit', '200000']
[10.09 13:58:36] ┇ INFO     ┇                       chrisbase.data ┇    9 | env.num_ip_addrs      | 0
[10.09 13:58:36] ┇ INFO     ┇                       chrisbase.data ┇   10 | env.max_workers       | 1
[10.09 13:58:36] ┇ INFO     ┇                       chrisbase.data ┇   11 | env.output_home       | output-search_wikidata
[10.09 13:58:36] ┇ INFO     ┇                       chrisbase.data ┇   12 | env.logging_file      | search-1009.135834.out
[10.09 13:58:36] ┇ INFO     ┇                       chrisbase.data ┇   13 | env.argument_file     | arguments-1009.135834.json
[10.09 13:58:36] ┇ INFO     ┇                       chrisbase.data ┇   14 | env.debugging         | False
[10.09 13:58:36] ┇ INFO     ┇                       chrisbase.data ┇   15 | env.msg_level         | 20
[10.09 13:58:36] ┇ INFO     ┇                       chrisbase.data ┇   16 | env.msg_format        | %(asctime)s ┇ %(levelname)-8s ┇ %(name)36s ┇ %(message)s
[10.09 13:58:36] ┇ INFO     ┇                       chrisbase.data ┇   17 | env.date_format       | [%m.%d %H:%M:%S]
[10.09 13:58:36] ┇ INFO     ┇                       chrisbase.data ┇   18 | env.time_stamp        | 1009.135834
[10.09 13:58:36] ┇ INFO     ┇                       chrisbase.data ┇   19 | input.start           | 600000
[10.09 13:58:36] ┇ INFO     ┇                       chrisbase.data ┇   20 | input.limit           | 200000
[10.09 13:58:36] ┇ INFO     ┇                       chrisbase.data ┇   21 | input.batch           | 1000
[10.09 13:58:36] ┇ INFO     ┇                       chrisbase.data ┇   22 | input.inter           | 5000
[10.09 13:58:36] ┇ INFO     ┇                       chrisbase.data ┇   23 | input.table.home      | localhost:6382/wikimedia
[10.09 13:58:36] ┇ INFO     ┇                       chrisbase.data ┇   24 | input.table.name      | wikidata-20230920-parse-kowiki
[10.09 13:58:36] ┇ INFO     ┇                       chrisbase.data ┇   25 | input.table.user      |
[10.09 13:58:36] ┇ INFO     ┇                       chrisbase.data ┇   26 | input.table.pswd      |
[10.09 13:58:36] ┇ INFO     ┇                       chrisbase.data ┇   27 | input.table.reset     | False
[10.09 13:58:36] ┇ INFO     ┇                       chrisbase.data ┇   28 | input.table.strict    | True
[10.09 13:58:36] ┇ INFO     ┇                       chrisbase.data ┇   29 | input.table.sort      | _id
[10.09 13:58:36] ┇ INFO     ┇                       chrisbase.data ┇   30 | input.table.find      | {}
[10.09 13:58:36] ┇ INFO     ┇                       chrisbase.data ┇   31 | input.table.timeout   | 5000
[10.09 13:58:36] ┇ INFO     ┇                       chrisbase.data ┇   32 | input.index.home      | localhost:9810
[10.09 13:58:36] ┇ INFO     ┇                       chrisbase.data ┇   33 | input.index.name      | wikipedia-20230920-index-kowiki
[10.09 13:58:36] ┇ INFO     ┇                       chrisbase.data ┇   34 | input.index.user      | elastic
[10.09 13:58:36] ┇ INFO     ┇                       chrisbase.data ┇   35 | input.index.pswd      | cIrEP5OCwTLn0QIQwnsA
[10.09 13:58:36] ┇ INFO     ┇                       chrisbase.data ┇   36 | input.index.reset     | False
[10.09 13:58:36] ┇ INFO     ┇                       chrisbase.data ┇   37 | input.index.strict    | True
[10.09 13:58:36] ┇ INFO     ┇                       chrisbase.data ┇   38 | input.index.window    | 10000
[10.09 13:58:36] ┇ INFO     ┇                       chrisbase.data ┇   39 | input.index.timeout   | 10
[10.09 13:58:36] ┇ INFO     ┇                       chrisbase.data ┇   40 | input.index.retrial   | 3
[10.09 13:58:36] ┇ INFO     ┇                       chrisbase.data ┇   41 | input.index.create    |
[10.09 13:58:36] ┇ INFO     ┇                       chrisbase.data ┇   42 | output.table.home     | localhost:6382/wikimedia
[10.09 13:58:36] ┇ INFO     ┇                       chrisbase.data ┇   43 | output.table.name     | wikidata-20230920-search-kowiki
[10.09 13:58:36] ┇ INFO     ┇                       chrisbase.data ┇   44 | output.table.user     |
[10.09 13:58:36] ┇ INFO     ┇                       chrisbase.data ┇   45 | output.table.pswd     |
[10.09 13:58:36] ┇ INFO     ┇                       chrisbase.data ┇   46 | output.table.reset    | False
[10.09 13:58:36] ┇ INFO     ┇                       chrisbase.data ┇   47 | output.table.strict   | True
[10.09 13:58:36] ┇ INFO     ┇                       chrisbase.data ┇   48 | output.table.sort     | _id
[10.09 13:58:36] ┇ INFO     ┇                       chrisbase.data ┇   49 | output.table.find     | {}
[10.09 13:58:36] ┇ INFO     ┇                       chrisbase.data ┇   50 | output.table.timeout  | 5000
[10.09 13:58:36] ┇ INFO     ┇                       chrisbase.data ┇   51 | output.index.home     | localhost:9810
[10.09 13:58:36] ┇ INFO     ┇                       chrisbase.data ┇   52 | output.index.name     | wikidata-20230920-search-kowiki
[10.09 13:58:36] ┇ INFO     ┇                       chrisbase.data ┇   53 | output.index.user     | elastic
[10.09 13:58:36] ┇ INFO     ┇                       chrisbase.data ┇   54 | output.index.pswd     | cIrEP5OCwTLn0QIQwnsA
[10.09 13:58:36] ┇ INFO     ┇                       chrisbase.data ┇   55 | output.index.reset    | False
[10.09 13:58:36] ┇ INFO     ┇                       chrisbase.data ┇   56 | output.index.strict   | True
[10.09 13:58:36] ┇ INFO     ┇                       chrisbase.data ┇   57 | output.index.window   | 10000
[10.09 13:58:36] ┇ INFO     ┇                       chrisbase.data ┇   58 | output.index.timeout  | 10
[10.09 13:58:36] ┇ INFO     ┇                       chrisbase.data ┇   59 | output.index.retrial  | 3
[10.09 13:58:36] ┇ INFO     ┇                       chrisbase.data ┇   60 | output.index.create   |
[10.09 13:58:36] ┇ INFO     ┇                       chrisbase.data ┇   61 | filter.min_char       | 2
[10.09 13:58:36] ┇ INFO     ┇                       chrisbase.data ┇   62 | filter.max_char       | 20
[10.09 13:58:36] ┇ INFO     ┇                       chrisbase.data ┇   63 | filter.max_word       | 5
[10.09 13:58:36] ┇ INFO     ┇                       chrisbase.data ┇   64 | filter.min_hits       | 3
[10.09 13:58:36] ┇ INFO     ┇                       chrisbase.data ┇   65 | filter.max_hits       | 1000
[10.09 13:58:36] ┇ INFO     ┇                       chrisbase.data ┇   66 | filter.min_cooccur    | 1
[10.09 13:58:36] ┇ INFO     ┇                       chrisbase.data ┇   67 | filter.black_prop     | input/wikimedia/wikidata-black_prop-x.txt
[10.09 13:58:36] ┇ INFO     ┇                       chrisbase.data ┇   68 | filter.num_black_prop | 0
[10.09 13:58:36] ┇ INFO     ┇                       chrisbase.data ┇ -----+-----------------------+------------------------------------------------------------------------------
[10.09 13:58:36] ┇ INFO     ┇                             __main__ ┇ Run SearchApp
[10.09 13:58:36] ┇ INFO     ┇                             __main__ ┇ - from: [MongoStreamer] [localhost:6382/wikimedia/wikidata-20230920-parse-kowiki](1018174)
[10.09 13:58:36] ┇ INFO     ┇                             __main__ ┇   => amount: 200 * 1000 (BatchItems)
[10.09 13:58:36] ┇ INFO     ┇                             __main__ ┇ - with: [ElasticStreamer] [elastic@localhost:9810/wikipedia-20230920-index-kowiki](2009658)
[10.09 13:58:36] ┇ INFO     ┇                             __main__ ┇   => filter: set_black_prop=set(), ...
[10.09 13:58:36] ┇ INFO     ┇                             __main__ ┇ - into: [ElasticStreamer] [elastic@localhost:9810/wikidata-20230920-search-kowiki](12059)
[10.09 13:59:37] ┇ INFO     ┇                             __main__ ┇ *  searching:   2%|█▎                                                | 5/200 [01:01<26:54,  8.28s/batch]
[10.09 14:00:13] ┇ INFO     ┇                             __main__ ┇ *  searching:   5%|██▌                                               | 10/200 [01:37<22:44,  7.18s/batch]
[10.09 14:00:36] ┇ INFO     ┇                             __main__ ┇ *  searching:   8%|███▊                                              | 15/200 [02:00<12:55,  4.19s/batch]
[10.09 14:00:47] ┇ INFO     ┇                             __main__ ┇ *  searching:  10%|█████                                             | 20/200 [02:11<07:45,  2.58s/batch]
[10.09 14:01:01] ┇ INFO     ┇                             __main__ ┇ *  searching:  12%|██████▎                                           | 25/200 [02:25<09:02,  3.10s/batch]
[10.09 14:01:22] ┇ INFO     ┇                             __main__ ┇ *  searching:  15%|███████▌                                          | 30/200 [02:46<11:40,  4.12s/batch]
[10.09 14:02:05] ┇ INFO     ┇                             __main__ ┇ *  searching:  18%|████████▊                                         | 35/200 [03:28<19:58,  7.27s/batch]
[10.09 14:02:36] ┇ INFO     ┇                             __main__ ┇ *  searching:  20%|██████████                                        | 40/200 [04:00<17:03,  6.40s/batch]
[10.09 14:03:05] ┇ INFO     ┇                             __main__ ┇ *  searching:  22%|███████████▎                                      | 45/200 [04:29<14:20,  5.55s/batch]
[10.09 14:03:19] ┇ INFO     ┇                             __main__ ┇ *  searching:  25%|████████████▌                                     | 50/200 [04:42<07:33,  3.02s/batch]
[10.09 14:03:23] ┇ INFO     ┇                             __main__ ┇ *  searching:  28%|█████████████▊                                    | 55/200 [04:47<02:26,  1.01s/batch]
[10.09 14:03:31] ┇ INFO     ┇                             __main__ ┇ *  searching:  30%|███████████████                                   | 60/200 [04:55<04:17,  1.84s/batch]
[10.09 14:03:48] ┇ INFO     ┇                             __main__ ┇ *  searching:  32%|████████████████▎                                 | 65/200 [05:11<09:05,  4.04s/batch]
[10.09 14:04:08] ┇ INFO     ┇                             __main__ ┇ *  searching:  35%|█████████████████▌                                | 70/200 [05:32<09:37,  4.44s/batch]
[10.09 14:04:28] ┇ INFO     ┇                             __main__ ┇ *  searching:  38%|██████████████████▊                               | 75/200 [05:52<07:35,  3.64s/batch]
[10.09 14:04:42] ┇ INFO     ┇                             __main__ ┇ *  searching:  40%|████████████████████                              | 80/200 [06:06<06:10,  3.09s/batch]
[10.09 14:05:00] ┇ INFO     ┇                             __main__ ┇ *  searching:  42%|█████████████████████▎                            | 85/200 [06:24<06:54,  3.61s/batch]
[10.09 14:05:15] ┇ INFO     ┇                             __main__ ┇ *  searching:  45%|██████████████████████▌                           | 90/200 [06:39<05:19,  2.91s/batch]
[10.09 14:05:33] ┇ INFO     ┇                             __main__ ┇ *  searching:  48%|███████████████████████▊                          | 95/200 [06:57<05:33,  3.17s/batch]
[10.09 14:05:41] ┇ INFO     ┇                             __main__ ┇ *  searching:  50%|█████████████████████████                         | 100/200 [07:05<03:09,  1.90s/batch]
[10.09 14:05:51] ┇ INFO     ┇                             __main__ ┇ *  searching:  52%|██████████████████████████▎                       | 105/200 [07:14<03:11,  2.01s/batch]
[10.09 14:05:56] ┇ INFO     ┇                             __main__ ┇ *  searching:  55%|███████████████████████████▌                      | 110/200 [07:20<01:26,  1.04batch/s]
[10.09 14:06:06] ┇ INFO     ┇                             __main__ ┇ *  searching:  57%|████████████████████████████▋                     | 115/200 [07:30<03:07,  2.20s/batch]
[10.09 14:06:20] ┇ INFO     ┇                             __main__ ┇ *  searching:  60%|██████████████████████████████                    | 120/200 [07:44<03:29,  2.62s/batch]
[10.09 14:06:39] ┇ INFO     ┇                             __main__ ┇ *  searching:  62%|███████████████████████████████▎                  | 125/200 [08:03<04:33,  3.64s/batch]
[10.09 14:06:53] ┇ INFO     ┇                             __main__ ┇ *  searching:  65%|████████████████████████████████▌                 | 130/200 [08:17<03:33,  3.05s/batch]
[10.09 14:07:13] ┇ INFO     ┇                             __main__ ┇ *  searching:  68%|█████████████████████████████████▊                | 135/200 [08:36<04:03,  3.74s/batch]
[10.09 14:07:28] ┇ INFO     ┇                             __main__ ┇ *  searching:  70%|███████████████████████████████████               | 140/200 [08:52<03:22,  3.37s/batch]
[10.09 14:07:38] ┇ INFO     ┇                             __main__ ┇ *  searching:  72%|████████████████████████████████████▎             | 145/200 [09:01<01:56,  2.13s/batch]
[10.09 14:07:46] ┇ INFO     ┇                             __main__ ┇ *  searching:  75%|█████████████████████████████████████▌            | 150/200 [09:09<01:22,  1.66s/batch]
[10.09 14:07:57] ┇ INFO     ┇                             __main__ ┇ *  searching:  78%|██████████████████████████████████████▊           | 155/200 [09:21<01:52,  2.49s/batch]
[10.09 14:08:15] ┇ INFO     ┇                             __main__ ┇ *  searching:  80%|████████████████████████████████████████          | 160/200 [09:38<02:11,  3.29s/batch]
[10.09 14:08:27] ┇ INFO     ┇                             __main__ ┇ *  searching:  82%|█████████████████████████████████████████▎        | 165/200 [09:51<01:32,  2.64s/batch]
[10.09 14:08:43] ┇ INFO     ┇                             __main__ ┇ *  searching:  85%|██████████████████████████████████████████▌       | 170/200 [10:07<01:38,  3.28s/batch]
[10.09 14:08:54] ┇ INFO     ┇                             __main__ ┇ *  searching:  88%|███████████████████████████████████████████▊      | 175/200 [10:18<01:11,  2.86s/batch]
[10.09 14:09:11] ┇ INFO     ┇                             __main__ ┇ *  searching:  90%|█████████████████████████████████████████████     | 180/200 [10:35<01:02,  3.11s/batch]
[10.09 14:09:31] ┇ INFO     ┇                             __main__ ┇ *  searching:  92%|██████████████████████████████████████████████▎   | 185/200 [10:55<00:59,  3.95s/batch]
[10.09 14:09:47] ┇ INFO     ┇                             __main__ ┇ *  searching:  95%|███████████████████████████████████████████████▌  | 190/200 [11:11<00:30,  3.03s/batch]
[10.09 14:09:57] ┇ INFO     ┇                             __main__ ┇ *  searching:  98%|████████████████████████████████████████████████▊ | 195/200 [11:21<00:13,  2.65s/batch]
[10.09 14:10:17] ┇ INFO     ┇                             __main__ ┇ *  searching: 100%|██████████████████████████████████████████████████| 200/200 [11:40<00:00,  3.50s/batch]
[10.09 14:10:17] ┇ INFO     ┇                       chrisbase.data ┇ -----------------------------------------------------------------------------------------------------------------------------------------
[10.09 14:10:17] ┇ INFO     ┇                       chrisbase.data ┇ health status index                           uuid                   pri rep docs.count docs.deleted store.size pri.store.size
[10.09 14:10:17] ┇ INFO     ┇                       chrisbase.data ┇ yellow open   wikidata-20230920-search-kowiki QJnw-2w6RniOyUSnYqTeOQ   1   1     270060            0     57.6mb         57.6mb
[10.09 14:10:17] ┇ INFO     ┇                       chrisbase.data ┇ -----------------------------------------------------------------------------------------------------------------------------------------
[10.09 14:10:17] ┇ INFO     ┇                             __main__ ┇ Indexed 270060 items to [elastic@localhost:9810/wikidata-20230920-search-kowiki]
[10.09 14:10:17] ┇ INFO     ┇                       chrisbase.data ┇ =========================================================================================================================================
[10.09 14:10:17] ┇ INFO     ┇                       chrisbase.data ┇ [EXIT] python search_wikidata.py search wikidata --input-start 600000 --input-limit 200000 ($=00:11:40.789)
[10.09 14:10:17] ┇ INFO     ┇                       chrisbase.data ┇ =========================================================================================================================================
