[10.09 13:58:56] ┇ INFO     ┇                       chrisbase.data ┇ =========================================================================================================================================
[10.09 13:58:56] ┇ INFO     ┇                       chrisbase.data ┇ [INIT] python search_wikidata.py search wikidata --input-start 800000
[10.09 13:58:56] ┇ INFO     ┇                       chrisbase.data ┇ =========================================================================================================================================
[10.09 13:58:56] ┇ INFO     ┇                       chrisbase.data ┇ -----+-----------------------+----------------------------------------------------------
[10.09 13:58:56] ┇ INFO     ┇                       chrisbase.data ┇    # | SearchArguments       | value
[10.09 13:58:56] ┇ INFO     ┇                       chrisbase.data ┇ -----+-----------------------+----------------------------------------------------------
[10.09 13:58:56] ┇ INFO     ┇                       chrisbase.data ┇    1 | env.project           | WiseData
[10.09 13:58:56] ┇ INFO     ┇                       chrisbase.data ┇    2 | env.job_name          | search_wikidata
[10.09 13:58:56] ┇ INFO     ┇                       chrisbase.data ┇    3 | env.hostname          | chrisBookPro.local
[10.09 13:58:56] ┇ INFO     ┇                       chrisbase.data ┇    4 | env.hostaddr          | 172.20.10.9
[10.09 13:58:56] ┇ INFO     ┇                       chrisbase.data ┇    5 | env.python_path       | /Users/chris/miniforge3/envs/WiseData-2023.08/bin/python
[10.09 13:58:56] ┇ INFO     ┇                       chrisbase.data ┇    6 | env.working_path      | /Users/chris/proj/WiseData-2023.08
[10.09 13:58:56] ┇ INFO     ┇                       chrisbase.data ┇    7 | env.running_file      | search_wikidata.py
[10.09 13:58:56] ┇ INFO     ┇                       chrisbase.data ┇    8 | env.command_args      | ['search', 'wikidata', '--input-start', '800000']
[10.09 13:58:56] ┇ INFO     ┇                       chrisbase.data ┇    9 | env.num_ip_addrs      | 0
[10.09 13:58:56] ┇ INFO     ┇                       chrisbase.data ┇   10 | env.max_workers       | 1
[10.09 13:58:56] ┇ INFO     ┇                       chrisbase.data ┇   11 | env.output_home       | output-search_wikidata
[10.09 13:58:56] ┇ INFO     ┇                       chrisbase.data ┇   12 | env.logging_file      | search-1009.135855.out
[10.09 13:58:56] ┇ INFO     ┇                       chrisbase.data ┇   13 | env.argument_file     | arguments-1009.135855.json
[10.09 13:58:56] ┇ INFO     ┇                       chrisbase.data ┇   14 | env.debugging         | False
[10.09 13:58:56] ┇ INFO     ┇                       chrisbase.data ┇   15 | env.msg_level         | 20
[10.09 13:58:56] ┇ INFO     ┇                       chrisbase.data ┇   16 | env.msg_format        | %(asctime)s ┇ %(levelname)-8s ┇ %(name)36s ┇ %(message)s
[10.09 13:58:56] ┇ INFO     ┇                       chrisbase.data ┇   17 | env.date_format       | [%m.%d %H:%M:%S]
[10.09 13:58:56] ┇ INFO     ┇                       chrisbase.data ┇   18 | env.time_stamp        | 1009.135855
[10.09 13:58:56] ┇ INFO     ┇                       chrisbase.data ┇   19 | input.start           | 800000
[10.09 13:58:56] ┇ INFO     ┇                       chrisbase.data ┇   20 | input.limit           | -1
[10.09 13:58:56] ┇ INFO     ┇                       chrisbase.data ┇   21 | input.batch           | 1000
[10.09 13:58:56] ┇ INFO     ┇                       chrisbase.data ┇   22 | input.inter           | 5000
[10.09 13:58:56] ┇ INFO     ┇                       chrisbase.data ┇   23 | input.table.home      | localhost:6382/wikimedia
[10.09 13:58:56] ┇ INFO     ┇                       chrisbase.data ┇   24 | input.table.name      | wikidata-20230920-parse-kowiki
[10.09 13:58:56] ┇ INFO     ┇                       chrisbase.data ┇   25 | input.table.user      |
[10.09 13:58:56] ┇ INFO     ┇                       chrisbase.data ┇   26 | input.table.pswd      |
[10.09 13:58:56] ┇ INFO     ┇                       chrisbase.data ┇   27 | input.table.reset     | False
[10.09 13:58:56] ┇ INFO     ┇                       chrisbase.data ┇   28 | input.table.strict    | True
[10.09 13:58:56] ┇ INFO     ┇                       chrisbase.data ┇   29 | input.table.sort      | _id
[10.09 13:58:56] ┇ INFO     ┇                       chrisbase.data ┇   30 | input.table.find      | {}
[10.09 13:58:56] ┇ INFO     ┇                       chrisbase.data ┇   31 | input.table.timeout   | 5000
[10.09 13:58:56] ┇ INFO     ┇                       chrisbase.data ┇   32 | input.index.home      | localhost:9810
[10.09 13:58:56] ┇ INFO     ┇                       chrisbase.data ┇   33 | input.index.name      | wikipedia-20230920-index-kowiki
[10.09 13:58:56] ┇ INFO     ┇                       chrisbase.data ┇   34 | input.index.user      | elastic
[10.09 13:58:56] ┇ INFO     ┇                       chrisbase.data ┇   35 | input.index.pswd      | cIrEP5OCwTLn0QIQwnsA
[10.09 13:58:56] ┇ INFO     ┇                       chrisbase.data ┇   36 | input.index.reset     | False
[10.09 13:58:56] ┇ INFO     ┇                       chrisbase.data ┇   37 | input.index.strict    | True
[10.09 13:58:56] ┇ INFO     ┇                       chrisbase.data ┇   38 | input.index.window    | 10000
[10.09 13:58:56] ┇ INFO     ┇                       chrisbase.data ┇   39 | input.index.timeout   | 10
[10.09 13:58:56] ┇ INFO     ┇                       chrisbase.data ┇   40 | input.index.retrial   | 3
[10.09 13:58:56] ┇ INFO     ┇                       chrisbase.data ┇   41 | input.index.create    |
[10.09 13:58:56] ┇ INFO     ┇                       chrisbase.data ┇   42 | output.table.home     | localhost:6382/wikimedia
[10.09 13:58:56] ┇ INFO     ┇                       chrisbase.data ┇   43 | output.table.name     | wikidata-20230920-search-kowiki
[10.09 13:58:56] ┇ INFO     ┇                       chrisbase.data ┇   44 | output.table.user     |
[10.09 13:58:56] ┇ INFO     ┇                       chrisbase.data ┇   45 | output.table.pswd     |
[10.09 13:58:56] ┇ INFO     ┇                       chrisbase.data ┇   46 | output.table.reset    | False
[10.09 13:58:56] ┇ INFO     ┇                       chrisbase.data ┇   47 | output.table.strict   | True
[10.09 13:58:56] ┇ INFO     ┇                       chrisbase.data ┇   48 | output.table.sort     | _id
[10.09 13:58:56] ┇ INFO     ┇                       chrisbase.data ┇   49 | output.table.find     | {}
[10.09 13:58:56] ┇ INFO     ┇                       chrisbase.data ┇   50 | output.table.timeout  | 5000
[10.09 13:58:56] ┇ INFO     ┇                       chrisbase.data ┇   51 | output.index.home     | localhost:9810
[10.09 13:58:56] ┇ INFO     ┇                       chrisbase.data ┇   52 | output.index.name     | wikidata-20230920-search-kowiki
[10.09 13:58:56] ┇ INFO     ┇                       chrisbase.data ┇   53 | output.index.user     | elastic
[10.09 13:58:56] ┇ INFO     ┇                       chrisbase.data ┇   54 | output.index.pswd     | cIrEP5OCwTLn0QIQwnsA
[10.09 13:58:56] ┇ INFO     ┇                       chrisbase.data ┇   55 | output.index.reset    | False
[10.09 13:58:56] ┇ INFO     ┇                       chrisbase.data ┇   56 | output.index.strict   | True
[10.09 13:58:56] ┇ INFO     ┇                       chrisbase.data ┇   57 | output.index.window   | 10000
[10.09 13:58:56] ┇ INFO     ┇                       chrisbase.data ┇   58 | output.index.timeout  | 10
[10.09 13:58:56] ┇ INFO     ┇                       chrisbase.data ┇   59 | output.index.retrial  | 3
[10.09 13:58:56] ┇ INFO     ┇                       chrisbase.data ┇   60 | output.index.create   |
[10.09 13:58:56] ┇ INFO     ┇                       chrisbase.data ┇   61 | filter.min_char       | 2
[10.09 13:58:56] ┇ INFO     ┇                       chrisbase.data ┇   62 | filter.max_char       | 20
[10.09 13:58:56] ┇ INFO     ┇                       chrisbase.data ┇   63 | filter.max_word       | 5
[10.09 13:58:56] ┇ INFO     ┇                       chrisbase.data ┇   64 | filter.min_hits       | 3
[10.09 13:58:56] ┇ INFO     ┇                       chrisbase.data ┇   65 | filter.max_hits       | 1000
[10.09 13:58:56] ┇ INFO     ┇                       chrisbase.data ┇   66 | filter.min_cooccur    | 1
[10.09 13:58:56] ┇ INFO     ┇                       chrisbase.data ┇   67 | filter.black_prop     | input/wikimedia/wikidata-black_prop-x.txt
[10.09 13:58:56] ┇ INFO     ┇                       chrisbase.data ┇   68 | filter.num_black_prop | 0
[10.09 13:58:56] ┇ INFO     ┇                       chrisbase.data ┇ -----+-----------------------+----------------------------------------------------------
[10.09 13:58:56] ┇ INFO     ┇                             __main__ ┇ Run SearchApp
[10.09 13:58:56] ┇ INFO     ┇                             __main__ ┇ - from: [MongoStreamer] [localhost:6382/wikimedia/wikidata-20230920-parse-kowiki](1018174)
[10.09 13:58:56] ┇ INFO     ┇                             __main__ ┇   => amount: 219 * 1000 (BatchItems)
[10.09 13:58:56] ┇ INFO     ┇                             __main__ ┇ - with: [ElasticStreamer] [elastic@localhost:9810/wikipedia-20230920-index-kowiki](2009658)
[10.09 13:58:56] ┇ INFO     ┇                             __main__ ┇   => filter: set_black_prop=set(), ...
[10.09 13:58:56] ┇ INFO     ┇                             __main__ ┇ - into: [ElasticStreamer] [elastic@localhost:9810/wikidata-20230920-search-kowiki](15979)
[10.09 13:59:56] ┇ INFO     ┇                             __main__ ┇ *  searching:   2%|█▏                                                | 5/219 [00:59<26:35,  7.46s/batch]
[10.09 14:00:15] ┇ INFO     ┇                             __main__ ┇ *  searching:   5%|██▎                                               | 10/219 [01:18<14:42,  4.22s/batch]
[10.09 14:00:28] ┇ INFO     ┇                             __main__ ┇ *  searching:   7%|███▍                                              | 15/219 [01:32<10:12,  3.00s/batch]
[10.09 14:00:45] ┇ INFO     ┇                             __main__ ┇ *  searching:   9%|████▌                                             | 20/219 [01:48<09:06,  2.75s/batch]
[10.09 14:01:05] ┇ INFO     ┇                             __main__ ┇ *  searching:  11%|█████▋                                            | 25/219 [02:08<12:29,  3.86s/batch]
[10.09 14:01:26] ┇ INFO     ┇                             __main__ ┇ *  searching:  14%|██████▊                                           | 30/219 [02:29<10:26,  3.31s/batch]
[10.09 14:01:31] ┇ INFO     ┇                             __main__ ┇ *  searching:  16%|███████▉                                          | 35/219 [02:34<04:30,  1.47s/batch]
[10.09 14:01:36] ┇ INFO     ┇                             __main__ ┇ *  searching:  18%|█████████▏                                        | 40/219 [02:40<03:32,  1.19s/batch]
[10.09 14:01:44] ┇ INFO     ┇                             __main__ ┇ *  searching:  21%|██████████▎                                       | 45/219 [02:47<04:12,  1.45s/batch]
[10.09 14:01:52] ┇ INFO     ┇                             __main__ ┇ *  searching:  23%|███████████▍                                      | 50/219 [02:55<04:23,  1.56s/batch]
[10.09 14:01:59] ┇ INFO     ┇                             __main__ ┇ *  searching:  25%|████████████▌                                     | 55/219 [03:02<04:14,  1.55s/batch]
[10.09 14:02:05] ┇ INFO     ┇                             __main__ ┇ *  searching:  27%|█████████████▋                                    | 60/219 [03:08<03:36,  1.36s/batch]
[10.09 14:02:12] ┇ INFO     ┇                             __main__ ┇ *  searching:  30%|██████████████▊                                   | 65/219 [03:15<03:53,  1.51s/batch]
[10.09 14:02:22] ┇ INFO     ┇                             __main__ ┇ *  searching:  32%|███████████████▉                                  | 70/219 [03:25<05:21,  2.16s/batch]
[10.09 14:02:32] ┇ INFO     ┇                             __main__ ┇ *  searching:  34%|█████████████████                                 | 75/219 [03:36<05:07,  2.13s/batch]
[10.09 14:02:44] ┇ INFO     ┇                             __main__ ┇ *  searching:  37%|██████████████████▎                               | 80/219 [03:47<04:59,  2.15s/batch]
[10.09 14:02:55] ┇ INFO     ┇                             __main__ ┇ *  searching:  39%|███████████████████▍                              | 85/219 [03:58<04:44,  2.12s/batch]
[10.09 14:03:05] ┇ INFO     ┇                             __main__ ┇ *  searching:  41%|████████████████████▌                             | 90/219 [04:09<04:14,  1.97s/batch]
[10.09 14:03:16] ┇ INFO     ┇                             __main__ ┇ *  searching:  43%|█████████████████████▋                            | 95/219 [04:19<04:38,  2.24s/batch]
[10.09 14:03:25] ┇ INFO     ┇                             __main__ ┇ *  searching:  46%|██████████████████████▊                           | 100/219 [04:28<03:51,  1.94s/batch]
[10.09 14:03:35] ┇ INFO     ┇                             __main__ ┇ *  searching:  48%|███████████████████████▉                          | 105/219 [04:38<03:52,  2.04s/batch]
[10.09 14:03:42] ┇ INFO     ┇                             __main__ ┇ *  searching:  50%|█████████████████████████                         | 110/219 [04:45<02:56,  1.62s/batch]
[10.09 14:03:50] ┇ INFO     ┇                             __main__ ┇ *  searching:  53%|██████████████████████████▎                       | 115/219 [04:53<02:42,  1.56s/batch]
[10.09 14:03:59] ┇ INFO     ┇                             __main__ ┇ *  searching:  55%|███████████████████████████▍                      | 120/219 [05:02<03:05,  1.87s/batch]
[10.09 14:04:04] ┇ INFO     ┇                             __main__ ┇ *  searching:  57%|████████████████████████████▌                     | 125/219 [05:07<01:52,  1.20s/batch]
[10.09 14:04:12] ┇ INFO     ┇                             __main__ ┇ *  searching:  59%|█████████████████████████████▋                    | 130/219 [05:15<02:17,  1.55s/batch]
[10.09 14:04:20] ┇ INFO     ┇                             __main__ ┇ *  searching:  62%|██████████████████████████████▊                   | 135/219 [05:23<02:01,  1.45s/batch]
[10.09 14:04:25] ┇ INFO     ┇                             __main__ ┇ *  searching:  64%|███████████████████████████████▉                  | 140/219 [05:29<01:45,  1.33s/batch]
[10.09 14:04:33] ┇ INFO     ┇                             __main__ ┇ *  searching:  66%|█████████████████████████████████                 | 145/219 [05:36<01:42,  1.38s/batch]
[10.09 14:04:40] ┇ INFO     ┇                             __main__ ┇ *  searching:  68%|██████████████████████████████████▏               | 150/219 [05:43<01:26,  1.26s/batch]
[10.09 14:04:43] ┇ INFO     ┇                             __main__ ┇ *  searching:  71%|███████████████████████████████████▍              | 155/219 [05:46<00:52,  1.22batch/s]
[10.09 14:04:48] ┇ INFO     ┇                             __main__ ┇ *  searching:  73%|████████████████████████████████████▌             | 160/219 [05:51<01:01,  1.04s/batch]
[10.09 14:04:55] ┇ INFO     ┇                             __main__ ┇ *  searching:  75%|█████████████████████████████████████▋            | 165/219 [05:58<01:12,  1.34s/batch]
[10.09 14:05:08] ┇ INFO     ┇                             __main__ ┇ *  searching:  78%|██████████████████████████████████████▊           | 170/219 [06:11<02:08,  2.61s/batch]
[10.09 14:05:27] ┇ INFO     ┇                             __main__ ┇ *  searching:  80%|███████████████████████████████████████▉          | 175/219 [06:30<02:34,  3.52s/batch]
[10.09 14:05:48] ┇ INFO     ┇                             __main__ ┇ *  searching:  82%|█████████████████████████████████████████         | 180/219 [06:51<02:38,  4.08s/batch]
[10.09 14:06:17] ┇ INFO     ┇                             __main__ ┇ *  searching:  84%|██████████████████████████████████████████▏       | 185/219 [07:20<02:46,  4.90s/batch]
[10.09 14:06:29] ┇ INFO     ┇                             __main__ ┇ *  searching:  87%|███████████████████████████████████████████▍      | 190/219 [07:32<01:27,  3.03s/batch]
[10.09 14:06:42] ┇ INFO     ┇                             __main__ ┇ *  searching:  89%|████████████████████████████████████████████▌     | 195/219 [07:45<00:59,  2.47s/batch]
[10.09 14:06:52] ┇ INFO     ┇                             __main__ ┇ *  searching:  91%|█████████████████████████████████████████████▋    | 200/219 [07:55<00:36,  1.95s/batch]
[10.09 14:07:03] ┇ INFO     ┇                             __main__ ┇ *  searching:  94%|██████████████████████████████████████████████▊   | 205/219 [08:06<00:32,  2.33s/batch]
[10.09 14:07:11] ┇ INFO     ┇                             __main__ ┇ *  searching:  96%|███████████████████████████████████████████████▉  | 210/219 [08:15<00:16,  1.86s/batch]
[10.09 14:07:29] ┇ INFO     ┇                             __main__ ┇ *  searching:  98%|█████████████████████████████████████████████████ | 215/219 [08:32<00:13,  3.47s/batch]
[10.09 14:07:37] ┇ INFO     ┇                             __main__ ┇ *  searching: 100%|██████████████████████████████████████████████████| 219/219 [08:41<00:00,  2.38s/batch]
[10.09 14:07:37] ┇ INFO     ┇                       chrisbase.data ┇ -----------------------------------------------------------------------------------------------------------------------------------------
[10.09 14:07:37] ┇ INFO     ┇                       chrisbase.data ┇ health status index                           uuid                   pri rep docs.count docs.deleted store.size pri.store.size
[10.09 14:07:37] ┇ INFO     ┇                       chrisbase.data ┇ yellow open   wikidata-20230920-search-kowiki QJnw-2w6RniOyUSnYqTeOQ   1   1     215511            0     50.4mb         50.4mb
[10.09 14:07:37] ┇ INFO     ┇                       chrisbase.data ┇ -----------------------------------------------------------------------------------------------------------------------------------------
[10.09 14:07:37] ┇ INFO     ┇                             __main__ ┇ Indexed 215511 items to [elastic@localhost:9810/wikidata-20230920-search-kowiki]
[10.09 14:07:38] ┇ INFO     ┇                       chrisbase.data ┇ =========================================================================================================================================
[10.09 14:07:38] ┇ INFO     ┇                       chrisbase.data ┇ [EXIT] python search_wikidata.py search wikidata --input-start 800000 ($=00:08:41.110)
[10.09 14:07:38] ┇ INFO     ┇                       chrisbase.data ┇ =========================================================================================================================================
