[10.09 13:58:06] ┇ INFO     ┇                       chrisbase.data ┇ =========================================================================================================================================
[10.09 13:58:06] ┇ INFO     ┇                       chrisbase.data ┇ [INIT] python search_wikidata.py search wikidata --input-start 200000 --input-limit 200000
[10.09 13:58:06] ┇ INFO     ┇                       chrisbase.data ┇ =========================================================================================================================================
[10.09 13:58:06] ┇ INFO     ┇                       chrisbase.data ┇ -----+-----------------------+------------------------------------------------------------------------------
[10.09 13:58:06] ┇ INFO     ┇                       chrisbase.data ┇    # | SearchArguments       | value
[10.09 13:58:06] ┇ INFO     ┇                       chrisbase.data ┇ -----+-----------------------+------------------------------------------------------------------------------
[10.09 13:58:06] ┇ INFO     ┇                       chrisbase.data ┇    1 | env.project           | WiseData
[10.09 13:58:06] ┇ INFO     ┇                       chrisbase.data ┇    2 | env.job_name          | search_wikidata
[10.09 13:58:06] ┇ INFO     ┇                       chrisbase.data ┇    3 | env.hostname          | chrisBookPro.local
[10.09 13:58:06] ┇ INFO     ┇                       chrisbase.data ┇    4 | env.hostaddr          | 172.20.10.9
[10.09 13:58:06] ┇ INFO     ┇                       chrisbase.data ┇    5 | env.python_path       | /Users/chris/miniforge3/envs/WiseData-2023.08/bin/python
[10.09 13:58:06] ┇ INFO     ┇                       chrisbase.data ┇    6 | env.working_path      | /Users/chris/proj/WiseData-2023.08
[10.09 13:58:06] ┇ INFO     ┇                       chrisbase.data ┇    7 | env.running_file      | search_wikidata.py
[10.09 13:58:06] ┇ INFO     ┇                       chrisbase.data ┇    8 | env.command_args      | ['search', 'wikidata', '--input-start', '200000', '--input-limit', '200000']
[10.09 13:58:06] ┇ INFO     ┇                       chrisbase.data ┇    9 | env.num_ip_addrs      | 0
[10.09 13:58:06] ┇ INFO     ┇                       chrisbase.data ┇   10 | env.max_workers       | 1
[10.09 13:58:06] ┇ INFO     ┇                       chrisbase.data ┇   11 | env.output_home       | output-search_wikidata
[10.09 13:58:06] ┇ INFO     ┇                       chrisbase.data ┇   12 | env.logging_file      | search-1009.135805.out
[10.09 13:58:06] ┇ INFO     ┇                       chrisbase.data ┇   13 | env.argument_file     | arguments-1009.135805.json
[10.09 13:58:06] ┇ INFO     ┇                       chrisbase.data ┇   14 | env.debugging         | False
[10.09 13:58:06] ┇ INFO     ┇                       chrisbase.data ┇   15 | env.msg_level         | 20
[10.09 13:58:06] ┇ INFO     ┇                       chrisbase.data ┇   16 | env.msg_format        | %(asctime)s ┇ %(levelname)-8s ┇ %(name)36s ┇ %(message)s
[10.09 13:58:06] ┇ INFO     ┇                       chrisbase.data ┇   17 | env.date_format       | [%m.%d %H:%M:%S]
[10.09 13:58:06] ┇ INFO     ┇                       chrisbase.data ┇   18 | env.time_stamp        | 1009.135805
[10.09 13:58:06] ┇ INFO     ┇                       chrisbase.data ┇   19 | input.start           | 200000
[10.09 13:58:06] ┇ INFO     ┇                       chrisbase.data ┇   20 | input.limit           | 200000
[10.09 13:58:06] ┇ INFO     ┇                       chrisbase.data ┇   21 | input.batch           | 1000
[10.09 13:58:06] ┇ INFO     ┇                       chrisbase.data ┇   22 | input.inter           | 5000
[10.09 13:58:06] ┇ INFO     ┇                       chrisbase.data ┇   23 | input.table.home      | localhost:6382/wikimedia
[10.09 13:58:06] ┇ INFO     ┇                       chrisbase.data ┇   24 | input.table.name      | wikidata-20230920-parse-kowiki
[10.09 13:58:06] ┇ INFO     ┇                       chrisbase.data ┇   25 | input.table.user      |
[10.09 13:58:06] ┇ INFO     ┇                       chrisbase.data ┇   26 | input.table.pswd      |
[10.09 13:58:06] ┇ INFO     ┇                       chrisbase.data ┇   27 | input.table.reset     | False
[10.09 13:58:06] ┇ INFO     ┇                       chrisbase.data ┇   28 | input.table.strict    | True
[10.09 13:58:06] ┇ INFO     ┇                       chrisbase.data ┇   29 | input.table.sort      | _id
[10.09 13:58:06] ┇ INFO     ┇                       chrisbase.data ┇   30 | input.table.find      | {}
[10.09 13:58:06] ┇ INFO     ┇                       chrisbase.data ┇   31 | input.table.timeout   | 5000
[10.09 13:58:06] ┇ INFO     ┇                       chrisbase.data ┇   32 | input.index.home      | localhost:9810
[10.09 13:58:06] ┇ INFO     ┇                       chrisbase.data ┇   33 | input.index.name      | wikipedia-20230920-index-kowiki
[10.09 13:58:06] ┇ INFO     ┇                       chrisbase.data ┇   34 | input.index.user      | elastic
[10.09 13:58:06] ┇ INFO     ┇                       chrisbase.data ┇   35 | input.index.pswd      | cIrEP5OCwTLn0QIQwnsA
[10.09 13:58:06] ┇ INFO     ┇                       chrisbase.data ┇   36 | input.index.reset     | False
[10.09 13:58:06] ┇ INFO     ┇                       chrisbase.data ┇   37 | input.index.strict    | True
[10.09 13:58:06] ┇ INFO     ┇                       chrisbase.data ┇   38 | input.index.window    | 10000
[10.09 13:58:06] ┇ INFO     ┇                       chrisbase.data ┇   39 | input.index.timeout   | 10
[10.09 13:58:06] ┇ INFO     ┇                       chrisbase.data ┇   40 | input.index.retrial   | 3
[10.09 13:58:06] ┇ INFO     ┇                       chrisbase.data ┇   41 | input.index.create    |
[10.09 13:58:06] ┇ INFO     ┇                       chrisbase.data ┇   42 | output.table.home     | localhost:6382/wikimedia
[10.09 13:58:06] ┇ INFO     ┇                       chrisbase.data ┇   43 | output.table.name     | wikidata-20230920-search-kowiki
[10.09 13:58:06] ┇ INFO     ┇                       chrisbase.data ┇   44 | output.table.user     |
[10.09 13:58:06] ┇ INFO     ┇                       chrisbase.data ┇   45 | output.table.pswd     |
[10.09 13:58:06] ┇ INFO     ┇                       chrisbase.data ┇   46 | output.table.reset    | False
[10.09 13:58:06] ┇ INFO     ┇                       chrisbase.data ┇   47 | output.table.strict   | True
[10.09 13:58:06] ┇ INFO     ┇                       chrisbase.data ┇   48 | output.table.sort     | _id
[10.09 13:58:06] ┇ INFO     ┇                       chrisbase.data ┇   49 | output.table.find     | {}
[10.09 13:58:06] ┇ INFO     ┇                       chrisbase.data ┇   50 | output.table.timeout  | 5000
[10.09 13:58:06] ┇ INFO     ┇                       chrisbase.data ┇   51 | output.index.home     | localhost:9810
[10.09 13:58:06] ┇ INFO     ┇                       chrisbase.data ┇   52 | output.index.name     | wikidata-20230920-search-kowiki
[10.09 13:58:06] ┇ INFO     ┇                       chrisbase.data ┇   53 | output.index.user     | elastic
[10.09 13:58:06] ┇ INFO     ┇                       chrisbase.data ┇   54 | output.index.pswd     | cIrEP5OCwTLn0QIQwnsA
[10.09 13:58:06] ┇ INFO     ┇                       chrisbase.data ┇   55 | output.index.reset    | False
[10.09 13:58:06] ┇ INFO     ┇                       chrisbase.data ┇   56 | output.index.strict   | True
[10.09 13:58:06] ┇ INFO     ┇                       chrisbase.data ┇   57 | output.index.window   | 10000
[10.09 13:58:06] ┇ INFO     ┇                       chrisbase.data ┇   58 | output.index.timeout  | 10
[10.09 13:58:06] ┇ INFO     ┇                       chrisbase.data ┇   59 | output.index.retrial  | 3
[10.09 13:58:06] ┇ INFO     ┇                       chrisbase.data ┇   60 | output.index.create   |
[10.09 13:58:06] ┇ INFO     ┇                       chrisbase.data ┇   61 | filter.min_char       | 2
[10.09 13:58:06] ┇ INFO     ┇                       chrisbase.data ┇   62 | filter.max_char       | 20
[10.09 13:58:06] ┇ INFO     ┇                       chrisbase.data ┇   63 | filter.max_word       | 5
[10.09 13:58:06] ┇ INFO     ┇                       chrisbase.data ┇   64 | filter.min_hits       | 3
[10.09 13:58:06] ┇ INFO     ┇                       chrisbase.data ┇   65 | filter.max_hits       | 1000
[10.09 13:58:06] ┇ INFO     ┇                       chrisbase.data ┇   66 | filter.min_cooccur    | 1
[10.09 13:58:06] ┇ INFO     ┇                       chrisbase.data ┇   67 | filter.black_prop     | input/wikimedia/wikidata-black_prop-x.txt
[10.09 13:58:06] ┇ INFO     ┇                       chrisbase.data ┇   68 | filter.num_black_prop | 0
[10.09 13:58:06] ┇ INFO     ┇                       chrisbase.data ┇ -----+-----------------------+------------------------------------------------------------------------------
[10.09 13:58:06] ┇ INFO     ┇                             __main__ ┇ Run SearchApp
[10.09 13:58:06] ┇ INFO     ┇                             __main__ ┇ - from: [MongoStreamer] [localhost:6382/wikimedia/wikidata-20230920-parse-kowiki](1018174)
[10.09 13:58:06] ┇ INFO     ┇                             __main__ ┇   => amount: 200 * 1000 (BatchItems)
[10.09 13:58:06] ┇ INFO     ┇                             __main__ ┇ - with: [ElasticStreamer] [elastic@localhost:9810/wikipedia-20230920-index-kowiki](2009658)
[10.09 13:58:06] ┇ INFO     ┇                             __main__ ┇   => filter: set_black_prop=set(), ...
[10.09 13:58:06] ┇ INFO     ┇                             __main__ ┇ - into: [ElasticStreamer] [elastic@localhost:9810/wikidata-20230920-search-kowiki](8364)
[10.09 13:58:33] ┇ INFO     ┇                             __main__ ┇ *  searching:   2%|█▎                                                | 5/200 [00:26<10:51,  3.34s/batch]
[10.09 13:59:06] ┇ INFO     ┇                             __main__ ┇ *  searching:   5%|██▌                                               | 10/200 [00:59<20:42,  6.54s/batch]
[10.09 13:59:37] ┇ INFO     ┇                             __main__ ┇ *  searching:   8%|███▊                                              | 15/200 [01:30<19:50,  6.44s/batch]
[10.09 13:59:57] ┇ INFO     ┇                             __main__ ┇ *  searching:  10%|█████                                             | 20/200 [01:50<12:52,  4.29s/batch]
[10.09 14:00:43] ┇ INFO     ┇                             __main__ ┇ *  searching:  12%|██████▎                                           | 25/200 [02:36<24:58,  8.57s/batch]
[10.09 14:01:18] ┇ INFO     ┇                             __main__ ┇ *  searching:  15%|███████▌                                          | 30/200 [03:11<19:51,  7.01s/batch]
[10.09 14:01:39] ┇ INFO     ┇                             __main__ ┇ *  searching:  18%|████████▊                                         | 35/200 [03:32<13:09,  4.78s/batch]
[10.09 14:01:54] ┇ INFO     ┇                             __main__ ┇ *  searching:  20%|██████████                                        | 40/200 [03:48<07:53,  2.96s/batch]
[10.09 14:02:10] ┇ INFO     ┇                             __main__ ┇ *  searching:  22%|███████████▎                                      | 45/200 [04:03<07:46,  3.01s/batch]
[10.09 14:02:23] ┇ INFO     ┇                             __main__ ┇ *  searching:  25%|████████████▌                                     | 50/200 [04:16<06:53,  2.76s/batch]
[10.09 14:02:40] ┇ INFO     ┇                             __main__ ┇ *  searching:  28%|█████████████▊                                    | 55/200 [04:33<07:53,  3.27s/batch]
[10.09 14:02:58] ┇ INFO     ┇                             __main__ ┇ *  searching:  30%|███████████████                                   | 60/200 [04:52<08:34,  3.68s/batch]
[10.09 14:03:41] ┇ INFO     ┇                             __main__ ┇ *  searching:  32%|████████████████▎                                 | 65/200 [05:34<16:46,  7.46s/batch]
[10.09 14:03:54] ┇ INFO     ┇                             __main__ ┇ *  searching:  35%|█████████████████▌                                | 70/200 [05:47<06:34,  3.04s/batch]
[10.09 14:04:27] ┇ INFO     ┇                             __main__ ┇ *  searching:  38%|██████████████████▊                               | 75/200 [06:20<13:17,  6.38s/batch]
[10.09 14:04:55] ┇ INFO     ┇                             __main__ ┇ *  searching:  40%|████████████████████                              | 80/200 [06:48<10:40,  5.33s/batch]
[10.09 14:05:18] ┇ INFO     ┇                             __main__ ┇ *  searching:  42%|█████████████████████▎                            | 85/200 [07:11<09:01,  4.71s/batch]
[10.09 14:05:39] ┇ INFO     ┇                             __main__ ┇ *  searching:  45%|██████████████████████▌                           | 90/200 [07:32<07:57,  4.34s/batch]
[10.09 14:06:14] ┇ INFO     ┇                             __main__ ┇ *  searching:  48%|███████████████████████▊                          | 95/200 [08:07<10:40,  6.10s/batch]
[10.09 14:06:42] ┇ INFO     ┇                             __main__ ┇ *  searching:  50%|█████████████████████████                         | 100/200 [08:35<09:43,  5.84s/batch]
[10.09 14:07:04] ┇ INFO     ┇                             __main__ ┇ *  searching:  52%|██████████████████████████▎                       | 105/200 [08:57<06:12,  3.92s/batch]
[10.09 14:07:12] ┇ INFO     ┇                             __main__ ┇ *  searching:  55%|███████████████████████████▌                      | 110/200 [09:05<02:24,  1.60s/batch]
[10.09 14:07:28] ┇ INFO     ┇                             __main__ ┇ *  searching:  57%|████████████████████████████▋                     | 115/200 [09:21<05:15,  3.71s/batch]
[10.09 14:07:35] ┇ INFO     ┇                             __main__ ┇ *  searching:  60%|██████████████████████████████                    | 120/200 [09:28<01:57,  1.47s/batch]
[10.09 14:07:49] ┇ INFO     ┇                             __main__ ┇ *  searching:  62%|███████████████████████████████▎                  | 125/200 [09:42<04:31,  3.62s/batch]
[10.09 14:08:25] ┇ INFO     ┇                             __main__ ┇ *  searching:  65%|████████████████████████████████▌                 | 130/200 [10:18<07:46,  6.66s/batch]
[10.09 14:09:03] ┇ INFO     ┇                             __main__ ┇ *  searching:  68%|█████████████████████████████████▊                | 135/200 [10:56<07:01,  6.48s/batch]
[10.09 14:09:24] ┇ INFO     ┇                             __main__ ┇ *  searching:  70%|███████████████████████████████████               | 140/200 [11:17<04:34,  4.58s/batch]
[10.09 14:09:47] ┇ INFO     ┇                             __main__ ┇ *  searching:  72%|████████████████████████████████████▎             | 145/200 [11:40<04:29,  4.89s/batch]
[10.09 14:10:21] ┇ INFO     ┇                             __main__ ┇ *  searching:  75%|█████████████████████████████████████▌            | 150/200 [12:14<04:48,  5.77s/batch]
[10.09 14:10:48] ┇ INFO     ┇                             __main__ ┇ *  searching:  78%|██████████████████████████████████████▊           | 155/200 [12:42<04:13,  5.63s/batch]
[10.09 14:11:13] ┇ INFO     ┇                             __main__ ┇ *  searching:  80%|████████████████████████████████████████          | 160/200 [13:06<02:35,  3.89s/batch]
[10.09 14:11:28] ┇ INFO     ┇                             __main__ ┇ *  searching:  82%|█████████████████████████████████████████▎        | 165/200 [13:21<02:14,  3.84s/batch]
[10.09 14:11:49] ┇ INFO     ┇                             __main__ ┇ *  searching:  85%|██████████████████████████████████████████▌       | 170/200 [13:42<02:38,  5.28s/batch]
[10.09 14:12:23] ┇ INFO     ┇                             __main__ ┇ *  searching:  88%|███████████████████████████████████████████▊      | 175/200 [14:16<02:30,  6.02s/batch]
[10.09 14:12:51] ┇ INFO     ┇                             __main__ ┇ *  searching:  90%|█████████████████████████████████████████████     | 180/200 [14:44<01:57,  5.86s/batch]
[10.09 14:13:19] ┇ INFO     ┇                             __main__ ┇ *  searching:  92%|██████████████████████████████████████████████▎   | 185/200 [15:12<01:19,  5.33s/batch]
[10.09 14:13:38] ┇ INFO     ┇                             __main__ ┇ *  searching:  95%|███████████████████████████████████████████████▌  | 190/200 [15:31<00:39,  3.95s/batch]
[10.09 14:14:03] ┇ INFO     ┇                             __main__ ┇ *  searching:  98%|████████████████████████████████████████████████▊ | 195/200 [15:56<00:29,  5.85s/batch]
[10.09 14:14:41] ┇ INFO     ┇                             __main__ ┇ *  searching: 100%|██████████████████████████████████████████████████| 200/200 [16:34<00:00,  4.97s/batch]
[10.09 14:14:41] ┇ INFO     ┇                       chrisbase.data ┇ -----------------------------------------------------------------------------------------------------------------------------------------
[10.09 14:14:41] ┇ INFO     ┇                       chrisbase.data ┇ health status index                           uuid                   pri rep docs.count docs.deleted store.size pri.store.size
[10.09 14:14:41] ┇ INFO     ┇                       chrisbase.data ┇ yellow open   wikidata-20230920-search-kowiki QJnw-2w6RniOyUSnYqTeOQ   1   1     320212            0     67.8mb         67.8mb
[10.09 14:14:41] ┇ INFO     ┇                       chrisbase.data ┇ -----------------------------------------------------------------------------------------------------------------------------------------
[10.09 14:14:41] ┇ INFO     ┇                             __main__ ┇ Indexed 320212 items to [elastic@localhost:9810/wikidata-20230920-search-kowiki]
[10.09 14:14:42] ┇ INFO     ┇                       chrisbase.data ┇ =========================================================================================================================================
[10.09 14:14:42] ┇ INFO     ┇                       chrisbase.data ┇ [EXIT] python search_wikidata.py search wikidata --input-start 200000 --input-limit 200000 ($=00:16:34.767)
[10.09 14:14:42] ┇ INFO     ┇                       chrisbase.data ┇ =========================================================================================================================================
