[10.07 07:59:20] ┇ INFO     ┇                       chrisbase.data ┇ =========================================================================================================================================
[10.07 07:59:20] ┇ INFO     ┇                       chrisbase.data ┇ [INIT] python search_wikidata.py search --input-start 400000 --input-limit 200000
[10.07 07:59:20] ┇ INFO     ┇                       chrisbase.data ┇ =========================================================================================================================================
[10.07 07:59:20] ┇ INFO     ┇                       chrisbase.data ┇ -----+-----------------------+------------------------------------------------------------------
[10.07 07:59:20] ┇ INFO     ┇                       chrisbase.data ┇    # | SearchArguments       | value
[10.07 07:59:20] ┇ INFO     ┇                       chrisbase.data ┇ -----+-----------------------+------------------------------------------------------------------
[10.07 07:59:20] ┇ INFO     ┇                       chrisbase.data ┇    1 | env.project           | WiseData
[10.07 07:59:20] ┇ INFO     ┇                       chrisbase.data ┇    2 | env.job_name          | search_wikidata
[10.07 07:59:20] ┇ INFO     ┇                       chrisbase.data ┇    3 | env.hostname          | chrisBookPro.local
[10.07 07:59:20] ┇ INFO     ┇                       chrisbase.data ┇    4 | env.hostaddr          | 192.168.0.2
[10.07 07:59:20] ┇ INFO     ┇                       chrisbase.data ┇    5 | env.python_path       | /Users/chris/miniforge3/envs/WiseData-2023.08/bin/python
[10.07 07:59:20] ┇ INFO     ┇                       chrisbase.data ┇    6 | env.working_path      | /Users/chris/proj/WiseData-2023.08
[10.07 07:59:20] ┇ INFO     ┇                       chrisbase.data ┇    7 | env.running_file      | search_wikidata.py
[10.07 07:59:20] ┇ INFO     ┇                       chrisbase.data ┇    8 | env.command_args      | ['search', '--input-start', '400000', '--input-limit', '200000']
[10.07 07:59:20] ┇ INFO     ┇                       chrisbase.data ┇    9 | env.num_ip_addrs      | 0
[10.07 07:59:20] ┇ INFO     ┇                       chrisbase.data ┇   10 | env.max_workers       | 1
[10.07 07:59:20] ┇ INFO     ┇                       chrisbase.data ┇   11 | env.output_home       | output-search_wikidata
[10.07 07:59:20] ┇ INFO     ┇                       chrisbase.data ┇   12 | env.logging_file      | logging-1007.075919.out
[10.07 07:59:20] ┇ INFO     ┇                       chrisbase.data ┇   13 | env.argument_file     | arguments-1007.075919.json
[10.07 07:59:20] ┇ INFO     ┇                       chrisbase.data ┇   14 | env.debugging         | False
[10.07 07:59:20] ┇ INFO     ┇                       chrisbase.data ┇   15 | env.msg_level         | 20
[10.07 07:59:20] ┇ INFO     ┇                       chrisbase.data ┇   16 | env.msg_format        | %(asctime)s ┇ %(levelname)-8s ┇ %(name)36s ┇ %(message)s
[10.07 07:59:20] ┇ INFO     ┇                       chrisbase.data ┇   17 | env.date_format       | [%m.%d %H:%M:%S]
[10.07 07:59:20] ┇ INFO     ┇                       chrisbase.data ┇   18 | env.time_stamp        | 1007.075919
[10.07 07:59:20] ┇ INFO     ┇                       chrisbase.data ┇   19 | input.start           | 400000
[10.07 07:59:20] ┇ INFO     ┇                       chrisbase.data ┇   20 | input.limit           | 200000
[10.07 07:59:20] ┇ INFO     ┇                       chrisbase.data ┇   21 | input.batch           | 1000
[10.07 07:59:20] ┇ INFO     ┇                       chrisbase.data ┇   22 | input.inter           | 5000
[10.07 07:59:20] ┇ INFO     ┇                       chrisbase.data ┇   23 | input.total           | 1018174
[10.07 07:59:20] ┇ INFO     ┇                       chrisbase.data ┇   24 | input.index.home      | localhost:9810
[10.07 07:59:20] ┇ INFO     ┇                       chrisbase.data ┇   25 | input.index.name      | wikipedia-20230920-index-kowiki
[10.07 07:59:20] ┇ INFO     ┇                       chrisbase.data ┇   26 | input.index.user      | elastic
[10.07 07:59:20] ┇ INFO     ┇                       chrisbase.data ┇   27 | input.index.pswd      | cIrEP5OCwTLn0QIQwnsA
[10.07 07:59:20] ┇ INFO     ┇                       chrisbase.data ┇   28 | input.index.reset     | False
[10.07 07:59:20] ┇ INFO     ┇                       chrisbase.data ┇   29 | input.index.strict    | True
[10.07 07:59:20] ┇ INFO     ┇                       chrisbase.data ┇   30 | input.index.timeout   | 10
[10.07 07:59:20] ┇ INFO     ┇                       chrisbase.data ┇   31 | input.index.retrial   | 3
[10.07 07:59:20] ┇ INFO     ┇                       chrisbase.data ┇   32 | input.index.create    |
[10.07 07:59:20] ┇ INFO     ┇                       chrisbase.data ┇   33 | input.table.home      | localhost:6382/wikimedia
[10.07 07:59:20] ┇ INFO     ┇                       chrisbase.data ┇   34 | input.table.name      | wikidata-20230920-parse-kowiki
[10.07 07:59:20] ┇ INFO     ┇                       chrisbase.data ┇   35 | input.table.sort      | _id
[10.07 07:59:20] ┇ INFO     ┇                       chrisbase.data ┇   36 | input.table.find      | {}
[10.07 07:59:20] ┇ INFO     ┇                       chrisbase.data ┇   37 | input.table.reset     | False
[10.07 07:59:20] ┇ INFO     ┇                       chrisbase.data ┇   38 | input.table.strict    | True
[10.07 07:59:20] ┇ INFO     ┇                       chrisbase.data ┇   39 | input.table.timeout   | 5000
[10.07 07:59:20] ┇ INFO     ┇                       chrisbase.data ┇   40 | output.table.home     | localhost:6382/wikimedia
[10.07 07:59:20] ┇ INFO     ┇                       chrisbase.data ┇   41 | output.table.name     | wikidata-20230920-search-kowiki
[10.07 07:59:20] ┇ INFO     ┇                       chrisbase.data ┇   42 | output.table.sort     | _id
[10.07 07:59:20] ┇ INFO     ┇                       chrisbase.data ┇   43 | output.table.find     | {}
[10.07 07:59:20] ┇ INFO     ┇                       chrisbase.data ┇   44 | output.table.reset    | False
[10.07 07:59:20] ┇ INFO     ┇                       chrisbase.data ┇   45 | output.table.strict   | True
[10.07 07:59:20] ┇ INFO     ┇                       chrisbase.data ┇   46 | output.table.timeout  | 5000
[10.07 07:59:20] ┇ INFO     ┇                       chrisbase.data ┇   47 | filter.min_char       | 2
[10.07 07:59:20] ┇ INFO     ┇                       chrisbase.data ┇   48 | filter.max_char       | 20
[10.07 07:59:20] ┇ INFO     ┇                       chrisbase.data ┇   49 | filter.max_word       | 5
[10.07 07:59:20] ┇ INFO     ┇                       chrisbase.data ┇   50 | filter.min_hits       | 3
[10.07 07:59:20] ┇ INFO     ┇                       chrisbase.data ┇   51 | filter.max_hits       | 1000
[10.07 07:59:20] ┇ INFO     ┇                       chrisbase.data ┇   52 | filter.min_cooccur    | 1
[10.07 07:59:20] ┇ INFO     ┇                       chrisbase.data ┇   53 | filter.black_prop     | .
[10.07 07:59:20] ┇ INFO     ┇                       chrisbase.data ┇   54 | filter.num_black_prop | 0
[10.07 07:59:20] ┇ INFO     ┇                       chrisbase.data ┇ -----+-----------------------+------------------------------------------------------------------
[10.07 07:59:21] ┇ INFO     ┇                             __main__ ┇ Search from [localhost:6382/wikimedia/wikidata-20230920-parse-kowiki] with [elastic@localhost:9810/wikipedia-20230920-index-kowiki] to [localhost:6382/wikimedia/wikidata-20230920-search-kowiki]
[10.07 07:59:21] ┇ INFO     ┇                             __main__ ┇ - amount: inputs=200000, batches=200
[10.07 07:59:21] ┇ INFO     ┇                             __main__ ┇ - filter: set_black_prop=set(), ...
[10.07 08:00:03] ┇ INFO     ┇                             __main__ ┇ *  searching:   2%|█▎                                                | 5/200 [00:42<17:53,  5.50s/batch]
[10.07 08:00:38] ┇ INFO     ┇                             __main__ ┇ *  searching:   5%|██▌                                               | 10/200 [01:17<20:45,  6.56s/batch]
[10.07 08:00:53] ┇ INFO     ┇                             __main__ ┇ *  searching:   8%|███▊                                              | 15/200 [01:32<10:21,  3.36s/batch]
[10.07 08:01:06] ┇ INFO     ┇                             __main__ ┇ *  searching:  10%|█████                                             | 20/200 [01:45<08:26,  2.82s/batch]
[10.07 08:01:18] ┇ INFO     ┇                             __main__ ┇ *  searching:  12%|██████▎                                           | 25/200 [01:57<07:37,  2.62s/batch]
[10.07 08:01:46] ┇ INFO     ┇                             __main__ ┇ *  searching:  15%|███████▌                                          | 30/200 [02:25<13:48,  4.87s/batch]
[10.07 08:01:53] ┇ INFO     ┇                             __main__ ┇ *  searching:  18%|████████▊                                         | 35/200 [02:32<03:54,  1.42s/batch]
[10.07 08:02:12] ┇ INFO     ┇                             __main__ ┇ *  searching:  20%|██████████                                        | 40/200 [02:51<11:43,  4.40s/batch]
[10.07 08:02:49] ┇ INFO     ┇                             __main__ ┇ *  searching:  22%|███████████▎                                      | 45/200 [03:28<18:04,  7.00s/batch]
[10.07 08:03:28] ┇ INFO     ┇                             __main__ ┇ *  searching:  25%|████████████▌                                     | 50/200 [04:07<18:00,  7.20s/batch]
[10.07 08:03:47] ┇ INFO     ┇                             __main__ ┇ *  searching:  28%|█████████████▊                                    | 55/200 [04:26<10:35,  4.38s/batch]
[10.07 08:04:06] ┇ INFO     ┇                             __main__ ┇ *  searching:  30%|███████████████                                   | 60/200 [04:45<07:09,  3.06s/batch]
[10.07 08:04:21] ┇ INFO     ┇                             __main__ ┇ *  searching:  32%|████████████████▎                                 | 65/200 [05:00<06:36,  2.94s/batch]
[10.07 08:04:48] ┇ INFO     ┇                             __main__ ┇ *  searching:  35%|█████████████████▌                                | 70/200 [05:27<10:54,  5.03s/batch]
[10.07 08:05:23] ┇ INFO     ┇                             __main__ ┇ *  searching:  38%|██████████████████▊                               | 75/200 [06:02<13:30,  6.48s/batch]
[10.07 08:05:48] ┇ INFO     ┇                             __main__ ┇ *  searching:  40%|████████████████████                              | 80/200 [06:27<10:06,  5.06s/batch]
[10.07 08:06:09] ┇ INFO     ┇                             __main__ ┇ *  searching:  42%|█████████████████████▎                            | 85/200 [06:47<09:30,  4.96s/batch]
[10.07 08:06:32] ┇ INFO     ┇                             __main__ ┇ *  searching:  45%|██████████████████████▌                           | 90/200 [07:11<06:48,  3.71s/batch]
[10.07 08:07:31] ┇ INFO     ┇                             __main__ ┇ *  searching:  48%|███████████████████████▊                          | 95/200 [08:10<19:39, 11.23s/batch]
[10.07 08:08:07] ┇ INFO     ┇                             __main__ ┇ *  searching:  50%|█████████████████████████                         | 100/200 [08:46<11:31,  6.91s/batch]
[10.07 08:08:10] ┇ INFO     ┇                             __main__ ┇ *  searching:  52%|██████████████████████████▎                       | 105/200 [08:49<02:30,  1.59s/batch]
[10.07 08:08:13] ┇ INFO     ┇                             __main__ ┇ *  searching:  55%|███████████████████████████▌                      | 110/200 [08:52<01:25,  1.06batch/s]
[10.07 08:08:52] ┇ INFO     ┇                             __main__ ┇ *  searching:  57%|████████████████████████████▋                     | 115/200 [09:31<10:39,  7.52s/batch]
[10.07 08:09:35] ┇ INFO     ┇                             __main__ ┇ *  searching:  60%|██████████████████████████████                    | 120/200 [10:13<10:44,  8.05s/batch]
[10.07 08:10:13] ┇ INFO     ┇                             __main__ ┇ *  searching:  62%|███████████████████████████████▎                  | 125/200 [10:52<09:38,  7.72s/batch]
[10.07 08:11:01] ┇ INFO     ┇                             __main__ ┇ *  searching:  65%|████████████████████████████████▌                 | 130/200 [11:40<11:08,  9.55s/batch]
[10.07 08:11:47] ┇ INFO     ┇                             __main__ ┇ *  searching:  68%|█████████████████████████████████▊                | 135/200 [12:26<09:56,  9.17s/batch]
[10.07 08:12:20] ┇ INFO     ┇                             __main__ ┇ *  searching:  70%|███████████████████████████████████               | 140/200 [12:59<06:22,  6.37s/batch]
[10.07 08:12:53] ┇ INFO     ┇                             __main__ ┇ *  searching:  72%|████████████████████████████████████▎             | 145/200 [13:32<06:24,  6.98s/batch]
[10.07 08:13:28] ┇ INFO     ┇                             __main__ ┇ *  searching:  75%|█████████████████████████████████████▌            | 150/200 [14:07<06:03,  7.28s/batch]
[10.07 08:14:03] ┇ INFO     ┇                             __main__ ┇ *  searching:  78%|██████████████████████████████████████▊           | 155/200 [14:41<05:10,  6.89s/batch]
[10.07 08:14:38] ┇ INFO     ┇                             __main__ ┇ *  searching:  80%|████████████████████████████████████████          | 160/200 [15:17<04:34,  6.86s/batch]
[10.07 08:15:16] ┇ INFO     ┇                             __main__ ┇ *  searching:  82%|█████████████████████████████████████████▎        | 165/200 [15:55<04:31,  7.76s/batch]
[10.07 08:15:49] ┇ INFO     ┇                             __main__ ┇ *  searching:  85%|██████████████████████████████████████████▌       | 170/200 [16:28<03:05,  6.17s/batch]
[10.07 08:16:27] ┇ INFO     ┇                             __main__ ┇ *  searching:  88%|███████████████████████████████████████████▊      | 175/200 [17:05<03:23,  8.14s/batch]
[10.07 08:17:13] ┇ INFO     ┇                             __main__ ┇ *  searching:  90%|█████████████████████████████████████████████     | 180/200 [17:52<03:04,  9.22s/batch]
[10.07 08:17:51] ┇ INFO     ┇                             __main__ ┇ *  searching:  92%|██████████████████████████████████████████████▎   | 185/200 [18:30<01:55,  7.72s/batch]
[10.07 08:18:25] ┇ INFO     ┇                             __main__ ┇ *  searching:  95%|███████████████████████████████████████████████▌  | 190/200 [19:04<01:12,  7.25s/batch]
[10.07 08:18:54] ┇ INFO     ┇                             __main__ ┇ *  searching:  98%|████████████████████████████████████████████████▊ | 195/200 [19:33<00:30,  6.11s/batch]
[10.07 08:19:21] ┇ INFO     ┇                             __main__ ┇ *  searching: 100%|██████████████████████████████████████████████████| 200/200 [20:00<00:00,  6.00s/batch]
[10.07 08:19:22] ┇ INFO     ┇                       chrisbase.data ┇ =========================================================================================================================================
[10.07 08:19:22] ┇ INFO     ┇                       chrisbase.data ┇ [EXIT] python search_wikidata.py search --input-start 400000 --input-limit 200000 ($=00:20:00.577)
[10.07 08:19:22] ┇ INFO     ┇                       chrisbase.data ┇ =========================================================================================================================================
