[10.07 07:59:10] ┇ INFO     ┇                       chrisbase.data ┇ =========================================================================================================================================
[10.07 07:59:10] ┇ INFO     ┇                       chrisbase.data ┇ [INIT] python search_wikidata.py search --input-limit 200000 --output-table-reset
[10.07 07:59:10] ┇ INFO     ┇                       chrisbase.data ┇ =========================================================================================================================================
[10.07 07:59:11] ┇ INFO     ┇                       chrisbase.data ┇ -----+-----------------------+---------------------------------------------------------------
[10.07 07:59:11] ┇ INFO     ┇                       chrisbase.data ┇    # | SearchArguments       | value
[10.07 07:59:11] ┇ INFO     ┇                       chrisbase.data ┇ -----+-----------------------+---------------------------------------------------------------
[10.07 07:59:11] ┇ INFO     ┇                       chrisbase.data ┇    1 | env.project           | WiseData
[10.07 07:59:11] ┇ INFO     ┇                       chrisbase.data ┇    2 | env.job_name          | search_wikidata
[10.07 07:59:11] ┇ INFO     ┇                       chrisbase.data ┇    3 | env.hostname          | chrisBookPro.local
[10.07 07:59:11] ┇ INFO     ┇                       chrisbase.data ┇    4 | env.hostaddr          | 192.168.0.2
[10.07 07:59:11] ┇ INFO     ┇                       chrisbase.data ┇    5 | env.python_path       | /Users/chris/miniforge3/envs/WiseData-2023.08/bin/python
[10.07 07:59:11] ┇ INFO     ┇                       chrisbase.data ┇    6 | env.working_path      | /Users/chris/proj/WiseData-2023.08
[10.07 07:59:11] ┇ INFO     ┇                       chrisbase.data ┇    7 | env.running_file      | search_wikidata.py
[10.07 07:59:11] ┇ INFO     ┇                       chrisbase.data ┇    8 | env.command_args      | ['search', '--input-limit', '200000', '--output-table-reset']
[10.07 07:59:11] ┇ INFO     ┇                       chrisbase.data ┇    9 | env.num_ip_addrs      | 0
[10.07 07:59:11] ┇ INFO     ┇                       chrisbase.data ┇   10 | env.max_workers       | 1
[10.07 07:59:11] ┇ INFO     ┇                       chrisbase.data ┇   11 | env.output_home       | output-search_wikidata
[10.07 07:59:11] ┇ INFO     ┇                       chrisbase.data ┇   12 | env.logging_file      | logging-1007.075910.out
[10.07 07:59:11] ┇ INFO     ┇                       chrisbase.data ┇   13 | env.argument_file     | arguments-1007.075910.json
[10.07 07:59:11] ┇ INFO     ┇                       chrisbase.data ┇   14 | env.debugging         | False
[10.07 07:59:11] ┇ INFO     ┇                       chrisbase.data ┇   15 | env.msg_level         | 20
[10.07 07:59:11] ┇ INFO     ┇                       chrisbase.data ┇   16 | env.msg_format        | %(asctime)s ┇ %(levelname)-8s ┇ %(name)36s ┇ %(message)s
[10.07 07:59:11] ┇ INFO     ┇                       chrisbase.data ┇   17 | env.date_format       | [%m.%d %H:%M:%S]
[10.07 07:59:11] ┇ INFO     ┇                       chrisbase.data ┇   18 | env.time_stamp        | 1007.075910
[10.07 07:59:11] ┇ INFO     ┇                       chrisbase.data ┇   19 | input.start           | 0
[10.07 07:59:11] ┇ INFO     ┇                       chrisbase.data ┇   20 | input.limit           | 200000
[10.07 07:59:11] ┇ INFO     ┇                       chrisbase.data ┇   21 | input.batch           | 1000
[10.07 07:59:11] ┇ INFO     ┇                       chrisbase.data ┇   22 | input.inter           | 5000
[10.07 07:59:11] ┇ INFO     ┇                       chrisbase.data ┇   23 | input.total           | 1018174
[10.07 07:59:11] ┇ INFO     ┇                       chrisbase.data ┇   24 | input.index.home      | localhost:9810
[10.07 07:59:11] ┇ INFO     ┇                       chrisbase.data ┇   25 | input.index.name      | wikipedia-20230920-index-kowiki
[10.07 07:59:11] ┇ INFO     ┇                       chrisbase.data ┇   26 | input.index.user      | elastic
[10.07 07:59:11] ┇ INFO     ┇                       chrisbase.data ┇   27 | input.index.pswd      | cIrEP5OCwTLn0QIQwnsA
[10.07 07:59:11] ┇ INFO     ┇                       chrisbase.data ┇   28 | input.index.reset     | False
[10.07 07:59:11] ┇ INFO     ┇                       chrisbase.data ┇   29 | input.index.strict    | True
[10.07 07:59:11] ┇ INFO     ┇                       chrisbase.data ┇   30 | input.index.timeout   | 10
[10.07 07:59:11] ┇ INFO     ┇                       chrisbase.data ┇   31 | input.index.retrial   | 3
[10.07 07:59:11] ┇ INFO     ┇                       chrisbase.data ┇   32 | input.index.create    |
[10.07 07:59:11] ┇ INFO     ┇                       chrisbase.data ┇   33 | input.table.home      | localhost:6382/wikimedia
[10.07 07:59:11] ┇ INFO     ┇                       chrisbase.data ┇   34 | input.table.name      | wikidata-20230920-parse-kowiki
[10.07 07:59:11] ┇ INFO     ┇                       chrisbase.data ┇   35 | input.table.sort      | _id
[10.07 07:59:11] ┇ INFO     ┇                       chrisbase.data ┇   36 | input.table.find      | {}
[10.07 07:59:11] ┇ INFO     ┇                       chrisbase.data ┇   37 | input.table.reset     | False
[10.07 07:59:11] ┇ INFO     ┇                       chrisbase.data ┇   38 | input.table.strict    | True
[10.07 07:59:11] ┇ INFO     ┇                       chrisbase.data ┇   39 | input.table.timeout   | 5000
[10.07 07:59:11] ┇ INFO     ┇                       chrisbase.data ┇   40 | output.table.home     | localhost:6382/wikimedia
[10.07 07:59:11] ┇ INFO     ┇                       chrisbase.data ┇   41 | output.table.name     | wikidata-20230920-search-kowiki
[10.07 07:59:11] ┇ INFO     ┇                       chrisbase.data ┇   42 | output.table.sort     | _id
[10.07 07:59:11] ┇ INFO     ┇                       chrisbase.data ┇   43 | output.table.find     | {}
[10.07 07:59:11] ┇ INFO     ┇                       chrisbase.data ┇   44 | output.table.reset    | True
[10.07 07:59:11] ┇ INFO     ┇                       chrisbase.data ┇   45 | output.table.strict   | True
[10.07 07:59:11] ┇ INFO     ┇                       chrisbase.data ┇   46 | output.table.timeout  | 5000
[10.07 07:59:11] ┇ INFO     ┇                       chrisbase.data ┇   47 | filter.min_char       | 2
[10.07 07:59:11] ┇ INFO     ┇                       chrisbase.data ┇   48 | filter.max_char       | 20
[10.07 07:59:11] ┇ INFO     ┇                       chrisbase.data ┇   49 | filter.max_word       | 5
[10.07 07:59:11] ┇ INFO     ┇                       chrisbase.data ┇   50 | filter.min_hits       | 3
[10.07 07:59:11] ┇ INFO     ┇                       chrisbase.data ┇   51 | filter.max_hits       | 1000
[10.07 07:59:11] ┇ INFO     ┇                       chrisbase.data ┇   52 | filter.min_cooccur    | 1
[10.07 07:59:11] ┇ INFO     ┇                       chrisbase.data ┇   53 | filter.black_prop     | .
[10.07 07:59:11] ┇ INFO     ┇                       chrisbase.data ┇   54 | filter.num_black_prop | 0
[10.07 07:59:11] ┇ INFO     ┇                       chrisbase.data ┇ -----+-----------------------+---------------------------------------------------------------
[10.07 07:59:11] ┇ INFO     ┇                       chrisbase.data ┇ Drop an existing table: localhost:6382/wikimedia/wikidata-20230920-search-kowiki
[10.07 07:59:11] ┇ INFO     ┇                             __main__ ┇ Search from [localhost:6382/wikimedia/wikidata-20230920-parse-kowiki] with [elastic@localhost:9810/wikipedia-20230920-index-kowiki] to [localhost:6382/wikimedia/wikidata-20230920-search-kowiki]
[10.07 07:59:11] ┇ INFO     ┇                             __main__ ┇ - amount: inputs=200000, batches=200
[10.07 07:59:11] ┇ INFO     ┇                             __main__ ┇ - filter: set_black_prop=set(), ...
[10.07 07:59:15] ┇ INFO     ┇                             __main__ ┇ *  searching:   2%|█▎                                                | 5/200 [00:04<02:27,  1.32batch/s]
[10.07 07:59:19] ┇ INFO     ┇                             __main__ ┇ *  searching:   5%|██▌                                               | 10/200 [00:07<02:20,  1.35batch/s]
[10.07 07:59:30] ┇ INFO     ┇                             __main__ ┇ *  searching:   8%|███▊                                              | 15/200 [00:18<06:08,  1.99s/batch]
[10.07 07:59:44] ┇ INFO     ┇                             __main__ ┇ *  searching:  10%|█████                                             | 20/200 [00:32<08:29,  2.83s/batch]
[10.07 08:00:22] ┇ INFO     ┇                             __main__ ┇ *  searching:  12%|██████▎                                           | 25/200 [01:10<21:18,  7.30s/batch]
[10.07 08:00:54] ┇ INFO     ┇                             __main__ ┇ *  searching:  15%|███████▌                                          | 30/200 [01:43<18:08,  6.40s/batch]
[10.07 08:01:25] ┇ INFO     ┇                             __main__ ┇ *  searching:  18%|████████▊                                         | 35/200 [02:13<18:23,  6.69s/batch]
[10.07 08:01:53] ┇ INFO     ┇                             __main__ ┇ *  searching:  20%|██████████                                        | 40/200 [02:41<15:25,  5.79s/batch]
[10.07 08:02:12] ┇ INFO     ┇                             __main__ ┇ *  searching:  22%|███████████▎                                      | 45/200 [03:01<10:47,  4.18s/batch]
[10.07 08:02:33] ┇ INFO     ┇                             __main__ ┇ *  searching:  25%|████████████▌                                     | 50/200 [03:22<08:38,  3.46s/batch]
[10.07 08:02:39] ┇ INFO     ┇                             __main__ ┇ *  searching:  28%|█████████████▊                                    | 55/200 [03:28<03:53,  1.61s/batch]
[10.07 08:02:49] ┇ INFO     ┇                             __main__ ┇ *  searching:  30%|███████████████                                   | 60/200 [03:37<04:07,  1.77s/batch]
[10.07 08:03:10] ┇ INFO     ┇                             __main__ ┇ *  searching:  32%|████████████████▎                                 | 65/200 [03:59<08:49,  3.92s/batch]
[10.07 08:03:29] ┇ INFO     ┇                             __main__ ┇ *  searching:  35%|█████████████████▌                                | 70/200 [04:18<09:13,  4.26s/batch]
[10.07 08:03:57] ┇ INFO     ┇                             __main__ ┇ *  searching:  38%|██████████████████▊                               | 75/200 [04:45<11:28,  5.51s/batch]
[10.07 08:04:24] ┇ INFO     ┇                             __main__ ┇ *  searching:  40%|████████████████████                              | 80/200 [05:12<11:15,  5.63s/batch]
[10.07 08:04:53] ┇ INFO     ┇                             __main__ ┇ *  searching:  42%|█████████████████████▎                            | 85/200 [05:42<11:19,  5.91s/batch]
[10.07 08:05:20] ┇ INFO     ┇                             __main__ ┇ *  searching:  45%|██████████████████████▌                           | 90/200 [06:09<09:50,  5.37s/batch]
[10.07 08:05:47] ┇ INFO     ┇                             __main__ ┇ *  searching:  48%|███████████████████████▊                          | 95/200 [06:36<09:22,  5.36s/batch]
[10.07 08:06:13] ┇ INFO     ┇                             __main__ ┇ *  searching:  50%|█████████████████████████                         | 100/200 [07:01<09:01,  5.42s/batch]
[10.07 08:06:29] ┇ INFO     ┇                             __main__ ┇ *  searching:  52%|██████████████████████████▎                       | 105/200 [07:17<04:17,  2.71s/batch]
[10.07 08:06:33] ┇ INFO     ┇                             __main__ ┇ *  searching:  55%|███████████████████████████▌                      | 110/200 [07:22<01:49,  1.21s/batch]
[10.07 08:06:41] ┇ INFO     ┇                             __main__ ┇ *  searching:  57%|████████████████████████████▋                     | 115/200 [07:29<02:21,  1.67s/batch]
[10.07 08:07:10] ┇ INFO     ┇                             __main__ ┇ *  searching:  60%|██████████████████████████████                    | 120/200 [07:59<07:45,  5.82s/batch]
[10.07 08:07:44] ┇ INFO     ┇                             __main__ ┇ *  searching:  62%|███████████████████████████████▎                  | 125/200 [08:32<08:22,  6.70s/batch]
[10.07 08:08:15] ┇ INFO     ┇                             __main__ ┇ *  searching:  65%|████████████████████████████████▌                 | 130/200 [09:04<07:50,  6.73s/batch]
[10.07 08:08:42] ┇ INFO     ┇                             __main__ ┇ *  searching:  68%|█████████████████████████████████▊                | 135/200 [09:31<04:47,  4.42s/batch]
[10.07 08:09:00] ┇ INFO     ┇                             __main__ ┇ *  searching:  70%|███████████████████████████████████               | 140/200 [09:48<04:01,  4.03s/batch]
[10.07 08:09:14] ┇ INFO     ┇                             __main__ ┇ *  searching:  72%|████████████████████████████████████▎             | 145/200 [10:03<02:37,  2.87s/batch]
[10.07 08:09:29] ┇ INFO     ┇                             __main__ ┇ *  searching:  75%|█████████████████████████████████████▌            | 150/200 [10:18<02:21,  2.83s/batch]
[10.07 08:09:42] ┇ INFO     ┇                             __main__ ┇ *  searching:  78%|██████████████████████████████████████▊           | 155/200 [10:30<01:59,  2.65s/batch]
[10.07 08:09:58] ┇ INFO     ┇                             __main__ ┇ *  searching:  80%|████████████████████████████████████████          | 160/200 [10:46<02:11,  3.29s/batch]
[10.07 08:10:17] ┇ INFO     ┇                             __main__ ┇ *  searching:  82%|█████████████████████████████████████████▎        | 165/200 [11:06<02:06,  3.62s/batch]
[10.07 08:10:30] ┇ INFO     ┇                             __main__ ┇ *  searching:  85%|██████████████████████████████████████████▌       | 170/200 [11:19<01:21,  2.71s/batch]
[10.07 08:11:03] ┇ INFO     ┇                             __main__ ┇ *  searching:  88%|███████████████████████████████████████████▊      | 175/200 [11:51<03:02,  7.30s/batch]
[10.07 08:11:45] ┇ INFO     ┇                             __main__ ┇ *  searching:  90%|█████████████████████████████████████████████     | 180/200 [12:33<02:19,  6.99s/batch]
[10.07 08:12:03] ┇ INFO     ┇                             __main__ ┇ *  searching:  92%|██████████████████████████████████████████████▎   | 185/200 [12:51<01:04,  4.29s/batch]
[10.07 08:12:28] ┇ INFO     ┇                             __main__ ┇ *  searching:  95%|███████████████████████████████████████████████▌  | 190/200 [13:16<00:49,  4.99s/batch]
[10.07 08:13:03] ┇ INFO     ┇                             __main__ ┇ *  searching:  98%|████████████████████████████████████████████████▊ | 195/200 [13:51<00:32,  6.49s/batch]
[10.07 08:13:40] ┇ INFO     ┇                             __main__ ┇ *  searching: 100%|██████████████████████████████████████████████████| 200/200 [14:28<00:00,  4.34s/batch]
[10.07 08:13:41] ┇ INFO     ┇                       chrisbase.data ┇ =========================================================================================================================================
[10.07 08:13:41] ┇ INFO     ┇                       chrisbase.data ┇ [EXIT] python search_wikidata.py search --input-limit 200000 --output-table-reset ($=00:14:29.155)
[10.07 08:13:41] ┇ INFO     ┇                       chrisbase.data ┇ =========================================================================================================================================
