[10.10 04:56:14] ┇ INFO     ┇                       chrisbase.data ┇ =========================================================================================================================================
[10.10 04:56:14] ┇ INFO     ┇                       chrisbase.data ┇ [INIT] python search_wikidata.py export run
[10.10 04:56:14] ┇ INFO     ┇                       chrisbase.data ┇ =========================================================================================================================================
[10.10 04:56:15] ┇ INFO     ┇                       chrisbase.data ┇ -----+----------------------+----------------------------------------------------------
[10.10 04:56:15] ┇ INFO     ┇                       chrisbase.data ┇    # | IOArguments          | value
[10.10 04:56:15] ┇ INFO     ┇                       chrisbase.data ┇ -----+----------------------+----------------------------------------------------------
[10.10 04:56:15] ┇ INFO     ┇                       chrisbase.data ┇    1 | env.project          | WiseData
[10.10 04:56:15] ┇ INFO     ┇                       chrisbase.data ┇    2 | env.job_name         | search_wikidata
[10.10 04:56:15] ┇ INFO     ┇                       chrisbase.data ┇    3 | env.hostname         | chrisBookPro.local
[10.10 04:56:15] ┇ INFO     ┇                       chrisbase.data ┇    4 | env.hostaddr         | 172.30.1.1
[10.10 04:56:15] ┇ INFO     ┇                       chrisbase.data ┇    5 | env.python_path      | /Users/chris/miniforge3/envs/WiseData-2023.08/bin/python
[10.10 04:56:15] ┇ INFO     ┇                       chrisbase.data ┇    6 | env.working_path     | /Users/chris/proj/WiseData-2023.08
[10.10 04:56:15] ┇ INFO     ┇                       chrisbase.data ┇    7 | env.running_file     | search_wikidata.py
[10.10 04:56:15] ┇ INFO     ┇                       chrisbase.data ┇    8 | env.command_args     | ['export', 'run']
[10.10 04:56:15] ┇ INFO     ┇                       chrisbase.data ┇    9 | env.num_ip_addrs     | 0
[10.10 04:56:15] ┇ INFO     ┇                       chrisbase.data ┇   10 | env.max_workers      | 1
[10.10 04:56:15] ┇ INFO     ┇                       chrisbase.data ┇   11 | env.output_home      | output-search_wikidata
[10.10 04:56:15] ┇ INFO     ┇                       chrisbase.data ┇   12 | env.logging_file     | export-1010.045614.out
[10.10 04:56:15] ┇ INFO     ┇                       chrisbase.data ┇   13 | env.argument_file    | arguments-1010.045614.json
[10.10 04:56:15] ┇ INFO     ┇                       chrisbase.data ┇   14 | env.debugging        | False
[10.10 04:56:15] ┇ INFO     ┇                       chrisbase.data ┇   15 | env.msg_level        | 20
[10.10 04:56:15] ┇ INFO     ┇                       chrisbase.data ┇   16 | env.msg_format       | %(asctime)s ┇ %(levelname)-8s ┇ %(name)36s ┇ %(message)s
[10.10 04:56:15] ┇ INFO     ┇                       chrisbase.data ┇   17 | env.date_format      | [%m.%d %H:%M:%S]
[10.10 04:56:15] ┇ INFO     ┇                       chrisbase.data ┇   18 | env.time_stamp       | 1010.045614
[10.10 04:56:15] ┇ INFO     ┇                       chrisbase.data ┇   19 | input.start          | 0
[10.10 04:56:15] ┇ INFO     ┇                       chrisbase.data ┇   20 | input.limit          | -1
[10.10 04:56:15] ┇ INFO     ┇                       chrisbase.data ┇   21 | input.batch          | 1
[10.10 04:56:15] ┇ INFO     ┇                       chrisbase.data ┇   22 | input.inter          | 5000
[10.10 04:56:15] ┇ INFO     ┇                       chrisbase.data ┇   23 | input.table.home     | localhost:6382/wikimedia
[10.10 04:56:15] ┇ INFO     ┇                       chrisbase.data ┇   24 | input.table.name     | wikidata-20230920-search-kowiki
[10.10 04:56:15] ┇ INFO     ┇                       chrisbase.data ┇   25 | input.table.user     |
[10.10 04:56:15] ┇ INFO     ┇                       chrisbase.data ┇   26 | input.table.pswd     |
[10.10 04:56:15] ┇ INFO     ┇                       chrisbase.data ┇   27 | input.table.reset    | False
[10.10 04:56:15] ┇ INFO     ┇                       chrisbase.data ┇   28 | input.table.strict   | False
[10.10 04:56:15] ┇ INFO     ┇                       chrisbase.data ┇   29 | input.table.sort     | _id
[10.10 04:56:15] ┇ INFO     ┇                       chrisbase.data ┇   30 | input.table.find     | {}
[10.10 04:56:15] ┇ INFO     ┇                       chrisbase.data ┇   31 | input.table.timeout  | 5000
[10.10 04:56:15] ┇ INFO     ┇                       chrisbase.data ┇   32 | input.index.home     | localhost:9810
[10.10 04:56:15] ┇ INFO     ┇                       chrisbase.data ┇   33 | input.index.name     | wikidata-20230920-search-kowiki
[10.10 04:56:15] ┇ INFO     ┇                       chrisbase.data ┇   34 | input.index.user     | elastic
[10.10 04:56:15] ┇ INFO     ┇                       chrisbase.data ┇   35 | input.index.pswd     | cIrEP5OCwTLn0QIQwnsA
[10.10 04:56:15] ┇ INFO     ┇                       chrisbase.data ┇   36 | input.index.reset    | False
[10.10 04:56:15] ┇ INFO     ┇                       chrisbase.data ┇   37 | input.index.strict   | False
[10.10 04:56:15] ┇ INFO     ┇                       chrisbase.data ┇   38 | input.index.window   | 1000
[10.10 04:56:15] ┇ INFO     ┇                       chrisbase.data ┇   39 | input.index.scroll   | 3m
[10.10 04:56:15] ┇ INFO     ┇                       chrisbase.data ┇   40 | input.index.sort     | hits:desc
[10.10 04:56:15] ┇ INFO     ┇                       chrisbase.data ┇   41 | input.index.timeout  | 10
[10.10 04:56:15] ┇ INFO     ┇                       chrisbase.data ┇   42 | input.index.retrial  | 3
[10.10 04:56:15] ┇ INFO     ┇                       chrisbase.data ┇   43 | input.index.create   |
[10.10 04:56:15] ┇ INFO     ┇                       chrisbase.data ┇   44 | output.file.home     | output-search_wikidata
[10.10 04:56:15] ┇ INFO     ┇                       chrisbase.data ┇   45 | output.file.name     | wikidata-20230920-search-kowiki-new.jsonl
[10.10 04:56:15] ┇ INFO     ┇                       chrisbase.data ┇   46 | output.file.user     |
[10.10 04:56:15] ┇ INFO     ┇                       chrisbase.data ┇   47 | output.file.pswd     |
[10.10 04:56:15] ┇ INFO     ┇                       chrisbase.data ┇   48 | output.file.reset    | False
[10.10 04:56:15] ┇ INFO     ┇                       chrisbase.data ┇   49 | output.file.strict   | True
[10.10 04:56:15] ┇ INFO     ┇                       chrisbase.data ┇   50 | output.file.mode     | w
[10.10 04:56:15] ┇ INFO     ┇                       chrisbase.data ┇   51 | output.file.encoding | utf-8
[10.10 04:56:15] ┇ INFO     ┇                       chrisbase.data ┇ -----+----------------------+----------------------------------------------------------
[10.10 04:56:15] ┇ INFO     ┇                             __main__ ┇ Run ExportApp
[10.10 04:56:15] ┇ INFO     ┇                             __main__ ┇ - from: [ElasticStreamer] [elastic@localhost:9810/wikidata-20230920-search-kowiki](335072)
[10.10 04:56:15] ┇ INFO     ┇                             __main__ ┇   => amount: 335072 (SingleItems)
[10.10 04:56:15] ┇ INFO     ┇                             __main__ ┇ - into: [FileStreamer] [output-search_wikidata/wikidata-20230920-search-kowiki-new.jsonl](0)
[10.10 04:56:15] ┇ INFO     ┇                             __main__ ┇ *  exporting:   1%|▎                                                 | 2001/335072 [00:00<00:20, 16311.94batch/s]
[10.10 04:56:15] ┇ INFO     ┇                             __main__ ┇ *  exporting:   3%|█▎                                                | 9001/335072 [00:00<00:11, 29133.45batch/s]
[10.10 04:56:15] ┇ INFO     ┇                             __main__ ┇ *  exporting:   3%|█▎                                                | 9001/335072 [00:00<00:11, 29133.45batch/s]
[10.10 04:56:15] ┇ INFO     ┇                             __main__ ┇ *  exporting:   6%|██▊                                               | 19242/335072 [00:00<00:07, 40217.13batch/s]
[10.10 04:56:16] ┇ INFO     ┇                             __main__ ┇ *  exporting:   6%|██▊                                               | 19242/335072 [00:00<00:07, 40217.13batch/s]
[10.10 04:56:16] ┇ INFO     ┇                             __main__ ┇ *  exporting:   7%|███▋                                              | 25001/335072 [00:00<00:06, 45065.85batch/s]
[10.10 04:56:16] ┇ INFO     ┇                             __main__ ┇ *  exporting:   9%|████▋                                             | 31001/335072 [00:00<00:06, 49454.37batch/s]
[10.10 04:56:16] ┇ INFO     ┇                             __main__ ┇ *  exporting:  11%|█████▌                                            | 37481/335072 [00:00<00:05, 54181.38batch/s]
[10.10 04:56:16] ┇ INFO     ┇                             __main__ ┇ *  exporting:  13%|██████▍                                           | 42934/335072 [00:01<00:05, 51401.14batch/s]
[10.10 04:56:16] ┇ INFO     ┇                             __main__ ┇ *  exporting:  14%|███████▏                                          | 48122/335072 [00:01<00:05, 50850.94batch/s]
[10.10 04:56:16] ┇ INFO     ┇                             __main__ ┇ *  exporting:  16%|████████                                          | 54001/335072 [00:01<00:05, 52182.78batch/s]
[10.10 04:56:16] ┇ INFO     ┇                             __main__ ┇ *  exporting:  18%|████████▊                                         | 59242/335072 [00:01<00:05, 49663.67batch/s]
[10.10 04:56:16] ┇ INFO     ┇                             __main__ ┇ *  exporting:  19%|█████████▋                                        | 64763/335072 [00:01<00:05, 51231.35batch/s]
[10.10 04:56:16] ┇ INFO     ┇                             __main__ ┇ *  exporting:  19%|█████████▋                                        | 64763/335072 [00:01<00:05, 51231.35batch/s]
[10.10 04:56:17] ┇ INFO     ┇                             __main__ ┇ *  exporting:  21%|██████████▍                                       | 70001/335072 [00:01<00:05, 50305.85batch/s]
[10.10 04:56:17] ┇ INFO     ┇                             __main__ ┇ *  exporting:  22%|███████████▏                                      | 75056/335072 [00:01<00:05, 47449.81batch/s]
[10.10 04:56:17] ┇ INFO     ┇                             __main__ ┇ *  exporting:  24%|███████████▉                                      | 80001/335072 [00:01<00:05, 47708.99batch/s]
[10.10 04:56:17] ┇ INFO     ┇                             __main__ ┇ *  exporting:  25%|████████████▋                                     | 85001/335072 [00:01<00:05, 47482.37batch/s]
[10.10 04:56:17] ┇ INFO     ┇                             __main__ ┇ *  exporting:  28%|██████████████▏                                   | 94821/335072 [00:02<00:05, 47546.39batch/s]
[10.10 04:56:17] ┇ INFO     ┇                             __main__ ┇ *  exporting:  28%|██████████████▏                                   | 94821/335072 [00:02<00:05, 47546.39batch/s]
[10.10 04:56:17] ┇ INFO     ┇                             __main__ ┇ *  exporting:  30%|██████████████▉                                   | 100001/335072 [00:02<00:04, 47218.69batch/s]
[10.10 04:56:17] ┇ INFO     ┇                             __main__ ┇ *  exporting:  32%|███████████████▊                                  | 105939/335072 [00:02<00:04, 50692.62batch/s]
[10.10 04:56:17] ┇ INFO     ┇                             __main__ ┇ *  exporting:  33%|████████████████▌                                 | 111033/335072 [00:02<00:05, 43212.71batch/s]
[10.10 04:56:18] ┇ INFO     ┇                             __main__ ┇ *  exporting:  35%|█████████████████▎                                | 116001/335072 [00:02<00:04, 44320.62batch/s]
[10.10 04:56:18] ┇ INFO     ┇                             __main__ ┇ *  exporting:  36%|██████████████████                                | 121001/335072 [00:02<00:04, 44358.69batch/s]
[10.10 04:56:18] ┇ INFO     ┇                             __main__ ┇ *  exporting:  38%|██████████████████▊                               | 126001/335072 [00:02<00:04, 45237.41batch/s]
[10.10 04:56:18] ┇ INFO     ┇                             __main__ ┇ *  exporting:  39%|███████████████████▍                              | 130605/335072 [00:02<00:04, 43958.61batch/s]
[10.10 04:56:18] ┇ INFO     ┇                             __main__ ┇ *  exporting:  40%|████████████████████▏                             | 135057/335072 [00:03<00:04, 43714.36batch/s]
[10.10 04:56:18] ┇ INFO     ┇                             __main__ ┇ *  exporting:  42%|████████████████████▉                             | 140001/335072 [00:03<00:04, 44992.29batch/s]
[10.10 04:56:18] ┇ INFO     ┇                             __main__ ┇ *  exporting:  45%|██████████████████████▎                           | 149603/335072 [00:03<00:04, 44529.06batch/s]
[10.10 04:56:18] ┇ INFO     ┇                             __main__ ┇ *  exporting:  46%|██████████████████████▉                           | 154076/335072 [00:03<00:04, 44353.34batch/s]
[10.10 04:56:18] ┇ INFO     ┇                             __main__ ┇ *  exporting:  47%|███████████████████████▋                          | 159001/335072 [00:03<00:03, 45137.76batch/s]
[10.10 04:56:19] ┇ INFO     ┇                             __main__ ┇ *  exporting:  49%|████████████████████████▍                         | 163525/335072 [00:03<00:03, 43665.59batch/s]
[10.10 04:56:19] ┇ INFO     ┇                             __main__ ┇ *  exporting:  50%|█████████████████████████                         | 168001/335072 [00:03<00:03, 43786.66batch/s]
[10.10 04:56:19] ┇ INFO     ┇                             __main__ ┇ *  exporting:  52%|█████████████████████████▊                        | 173001/335072 [00:03<00:03, 44853.86batch/s]
[10.10 04:56:19] ┇ INFO     ┇                             __main__ ┇ *  exporting:  53%|██████████████████████████▌                       | 178001/335072 [00:03<00:03, 45720.80batch/s]
[10.10 04:56:19] ┇ INFO     ┇                             __main__ ┇ *  exporting:  55%|███████████████████████████▎                      | 183001/335072 [00:04<00:03, 43081.58batch/s]
[10.10 04:56:19] ┇ INFO     ┇                             __main__ ┇ *  exporting:  56%|████████████████████████████                      | 188001/335072 [00:04<00:03, 44305.60batch/s]
[10.10 04:56:19] ┇ INFO     ┇                             __main__ ┇ *  exporting:  58%|████████████████████████████▊                     | 193001/335072 [00:04<00:03, 45805.47batch/s]
[10.10 04:56:19] ┇ INFO     ┇                             __main__ ┇ *  exporting:  59%|█████████████████████████████▋                    | 198891/335072 [00:04<00:02, 49529.64batch/s]
[10.10 04:56:19] ┇ INFO     ┇                             __main__ ┇ *  exporting:  61%|██████████████████████████████▍                   | 203889/335072 [00:04<00:02, 46381.85batch/s]
[10.10 04:56:20] ┇ INFO     ┇                             __main__ ┇ *  exporting:  62%|███████████████████████████████▏                  | 209001/335072 [00:04<00:02, 46142.45batch/s]
[10.10 04:56:20] ┇ INFO     ┇                             __main__ ┇ *  exporting:  64%|████████████████████████████████                  | 214873/335072 [00:04<00:02, 49635.01batch/s]
[10.10 04:56:20] ┇ INFO     ┇                             __main__ ┇ *  exporting:  66%|████████████████████████████████▊                 | 219897/335072 [00:04<00:02, 46882.40batch/s]
[10.10 04:56:20] ┇ INFO     ┇                             __main__ ┇ *  exporting:  66%|████████████████████████████████▊                 | 219897/335072 [00:04<00:02, 46882.40batch/s]
[10.10 04:56:20] ┇ INFO     ┇                             __main__ ┇ *  exporting:  67%|█████████████████████████████████▌                | 225001/335072 [00:05<00:02, 46497.43batch/s]
[10.10 04:56:20] ┇ INFO     ┇                             __main__ ┇ *  exporting:  69%|██████████████████████████████████▎               | 230319/335072 [00:05<00:02, 48344.61batch/s]
[10.10 04:56:20] ┇ INFO     ┇                             __main__ ┇ *  exporting:  70%|███████████████████████████████████               | 235351/335072 [00:05<00:02, 48902.86batch/s]
[10.10 04:56:20] ┇ INFO     ┇                             __main__ ┇ *  exporting:  72%|███████████████████████████████████▊              | 240278/335072 [00:05<00:02, 46442.92batch/s]
[10.10 04:56:20] ┇ INFO     ┇                             __main__ ┇ *  exporting:  73%|████████████████████████████████████▋             | 246001/335072 [00:05<00:01, 47761.62batch/s]
[10.10 04:56:20] ┇ INFO     ┇                             __main__ ┇ *  exporting:  75%|█████████████████████████████████████▌            | 251422/335072 [00:05<00:01, 49560.05batch/s]
[10.10 04:56:21] ┇ INFO     ┇                             __main__ ┇ *  exporting:  77%|██████████████████████████████████████▎           | 256412/335072 [00:05<00:01, 46654.96batch/s]
[10.10 04:56:21] ┇ INFO     ┇                             __main__ ┇ *  exporting:  78%|███████████████████████████████████████           | 261824/335072 [00:05<00:01, 48719.65batch/s]
[10.10 04:56:21] ┇ INFO     ┇                             __main__ ┇ *  exporting:  80%|███████████████████████████████████████▊          | 266883/335072 [00:05<00:01, 49249.32batch/s]
[10.10 04:56:21] ┇ INFO     ┇                             __main__ ┇ *  exporting:  81%|████████████████████████████████████████▌         | 272001/335072 [00:05<00:01, 48138.27batch/s]
[10.10 04:56:21] ┇ INFO     ┇                             __main__ ┇ *  exporting:  83%|█████████████████████████████████████████▎        | 276847/335072 [00:06<00:01, 46984.59batch/s]
[10.10 04:56:21] ┇ INFO     ┇                             __main__ ┇ *  exporting:  84%|██████████████████████████████████████████        | 282001/335072 [00:06<00:01, 46663.76batch/s]
[10.10 04:56:21] ┇ INFO     ┇                             __main__ ┇ *  exporting:  86%|██████████████████████████████████████████▉       | 288001/335072 [00:06<00:00, 48570.37batch/s]
[10.10 04:56:21] ┇ INFO     ┇                             __main__ ┇ *  exporting:  87%|███████████████████████████████████████████▋      | 292866/335072 [00:06<00:00, 47486.57batch/s]
[10.10 04:56:21] ┇ INFO     ┇                             __main__ ┇ *  exporting:  89%|████████████████████████████████████████████▍     | 298001/335072 [00:06<00:00, 47046.47batch/s]
[10.10 04:56:21] ┇ INFO     ┇                             __main__ ┇ *  exporting:  91%|█████████████████████████████████████████████▎    | 303623/335072 [00:06<00:00, 49610.86batch/s]
[10.10 04:56:22] ┇ INFO     ┇                             __main__ ┇ *  exporting:  92%|██████████████████████████████████████████████    | 308605/335072 [00:06<00:00, 46670.69batch/s]
[10.10 04:56:22] ┇ INFO     ┇                             __main__ ┇ *  exporting:  94%|██████████████████████████████████████████████▊   | 314001/335072 [00:06<00:00, 46933.55batch/s]
[10.10 04:56:22] ┇ INFO     ┇                             __main__ ┇ *  exporting:  94%|██████████████████████████████████████████████▊   | 314001/335072 [00:06<00:00, 46933.55batch/s]
[10.10 04:56:22] ┇ INFO     ┇                             __main__ ┇ *  exporting:  96%|███████████████████████████████████████████████▊  | 320001/335072 [00:06<00:00, 48803.84batch/s]
[10.10 04:56:22] ┇ INFO     ┇                             __main__ ┇ *  exporting:  97%|████████████████████████████████████████████████▌ | 325432/335072 [00:07<00:00, 50322.04batch/s]
[10.10 04:56:22] ┇ INFO     ┇                             __main__ ┇ *  exporting:  99%|█████████████████████████████████████████████████▎| 330491/335072 [00:07<00:00, 47826.40batch/s]
[10.10 04:56:22] ┇ INFO     ┇                             __main__ ┇ *  exporting: 100%|██████████████████████████████████████████████████| 335072/335072 [00:07<00:00, 46565.80batch/s]
[10.10 04:56:22] ┇ INFO     ┇                             __main__ ┇ Saved 335072 items to [output-search_wikidata/wikidata-20230920-search-kowiki-new.jsonl]
[10.10 04:56:23] ┇ INFO     ┇                       chrisbase.data ┇ =========================================================================================================================================
[10.10 04:56:23] ┇ INFO     ┇                       chrisbase.data ┇ [EXIT] python search_wikidata.py export run ($=00:00:07.344)
[10.10 04:56:23] ┇ INFO     ┇                       chrisbase.data ┇ =========================================================================================================================================
