[10.07 07:59:13] ┇ INFO     ┇                       chrisbase.data ┇ =========================================================================================================================================
[10.07 07:59:13] ┇ INFO     ┇                       chrisbase.data ┇ [INIT] python search_wikidata.py search --input-start 200000 --input-limit 200000
[10.07 07:59:13] ┇ INFO     ┇                       chrisbase.data ┇ =========================================================================================================================================
[10.07 07:59:13] ┇ INFO     ┇                       chrisbase.data ┇ -----+-----------------------+------------------------------------------------------------------
[10.07 07:59:13] ┇ INFO     ┇                       chrisbase.data ┇    # | SearchArguments       | value
[10.07 07:59:13] ┇ INFO     ┇                       chrisbase.data ┇ -----+-----------------------+------------------------------------------------------------------
[10.07 07:59:13] ┇ INFO     ┇                       chrisbase.data ┇    1 | env.project           | WiseData
[10.07 07:59:13] ┇ INFO     ┇                       chrisbase.data ┇    2 | env.job_name          | search_wikidata
[10.07 07:59:13] ┇ INFO     ┇                       chrisbase.data ┇    3 | env.hostname          | chrisBookPro.local
[10.07 07:59:13] ┇ INFO     ┇                       chrisbase.data ┇    4 | env.hostaddr          | 192.168.0.2
[10.07 07:59:13] ┇ INFO     ┇                       chrisbase.data ┇    5 | env.python_path       | /Users/chris/miniforge3/envs/WiseData-2023.08/bin/python
[10.07 07:59:13] ┇ INFO     ┇                       chrisbase.data ┇    6 | env.working_path      | /Users/chris/proj/WiseData-2023.08
[10.07 07:59:13] ┇ INFO     ┇                       chrisbase.data ┇    7 | env.running_file      | search_wikidata.py
[10.07 07:59:13] ┇ INFO     ┇                       chrisbase.data ┇    8 | env.command_args      | ['search', '--input-start', '200000', '--input-limit', '200000']
[10.07 07:59:13] ┇ INFO     ┇                       chrisbase.data ┇    9 | env.num_ip_addrs      | 0
[10.07 07:59:13] ┇ INFO     ┇                       chrisbase.data ┇   10 | env.max_workers       | 1
[10.07 07:59:13] ┇ INFO     ┇                       chrisbase.data ┇   11 | env.output_home       | output-search_wikidata
[10.07 07:59:13] ┇ INFO     ┇                       chrisbase.data ┇   12 | env.logging_file      | logging-1007.075912.out
[10.07 07:59:13] ┇ INFO     ┇                       chrisbase.data ┇   13 | env.argument_file     | arguments-1007.075912.json
[10.07 07:59:13] ┇ INFO     ┇                       chrisbase.data ┇   14 | env.debugging         | False
[10.07 07:59:13] ┇ INFO     ┇                       chrisbase.data ┇   15 | env.msg_level         | 20
[10.07 07:59:13] ┇ INFO     ┇                       chrisbase.data ┇   16 | env.msg_format        | %(asctime)s ┇ %(levelname)-8s ┇ %(name)36s ┇ %(message)s
[10.07 07:59:13] ┇ INFO     ┇                       chrisbase.data ┇   17 | env.date_format       | [%m.%d %H:%M:%S]
[10.07 07:59:13] ┇ INFO     ┇                       chrisbase.data ┇   18 | env.time_stamp        | 1007.075912
[10.07 07:59:13] ┇ INFO     ┇                       chrisbase.data ┇   19 | input.start           | 200000
[10.07 07:59:13] ┇ INFO     ┇                       chrisbase.data ┇   20 | input.limit           | 200000
[10.07 07:59:13] ┇ INFO     ┇                       chrisbase.data ┇   21 | input.batch           | 1000
[10.07 07:59:13] ┇ INFO     ┇                       chrisbase.data ┇   22 | input.inter           | 5000
[10.07 07:59:13] ┇ INFO     ┇                       chrisbase.data ┇   23 | input.total           | 1018174
[10.07 07:59:13] ┇ INFO     ┇                       chrisbase.data ┇   24 | input.index.home      | localhost:9810
[10.07 07:59:13] ┇ INFO     ┇                       chrisbase.data ┇   25 | input.index.name      | wikipedia-20230920-index-kowiki
[10.07 07:59:13] ┇ INFO     ┇                       chrisbase.data ┇   26 | input.index.user      | elastic
[10.07 07:59:13] ┇ INFO     ┇                       chrisbase.data ┇   27 | input.index.pswd      | cIrEP5OCwTLn0QIQwnsA
[10.07 07:59:13] ┇ INFO     ┇                       chrisbase.data ┇   28 | input.index.reset     | False
[10.07 07:59:13] ┇ INFO     ┇                       chrisbase.data ┇   29 | input.index.strict    | True
[10.07 07:59:13] ┇ INFO     ┇                       chrisbase.data ┇   30 | input.index.timeout   | 10
[10.07 07:59:13] ┇ INFO     ┇                       chrisbase.data ┇   31 | input.index.retrial   | 3
[10.07 07:59:13] ┇ INFO     ┇                       chrisbase.data ┇   32 | input.index.create    |
[10.07 07:59:13] ┇ INFO     ┇                       chrisbase.data ┇   33 | input.table.home      | localhost:6382/wikimedia
[10.07 07:59:13] ┇ INFO     ┇                       chrisbase.data ┇   34 | input.table.name      | wikidata-20230920-parse-kowiki
[10.07 07:59:13] ┇ INFO     ┇                       chrisbase.data ┇   35 | input.table.sort      | _id
[10.07 07:59:13] ┇ INFO     ┇                       chrisbase.data ┇   36 | input.table.find      | {}
[10.07 07:59:13] ┇ INFO     ┇                       chrisbase.data ┇   37 | input.table.reset     | False
[10.07 07:59:13] ┇ INFO     ┇                       chrisbase.data ┇   38 | input.table.strict    | True
[10.07 07:59:13] ┇ INFO     ┇                       chrisbase.data ┇   39 | input.table.timeout   | 5000
[10.07 07:59:13] ┇ INFO     ┇                       chrisbase.data ┇   40 | output.table.home     | localhost:6382/wikimedia
[10.07 07:59:13] ┇ INFO     ┇                       chrisbase.data ┇   41 | output.table.name     | wikidata-20230920-search-kowiki
[10.07 07:59:13] ┇ INFO     ┇                       chrisbase.data ┇   42 | output.table.sort     | _id
[10.07 07:59:13] ┇ INFO     ┇                       chrisbase.data ┇   43 | output.table.find     | {}
[10.07 07:59:13] ┇ INFO     ┇                       chrisbase.data ┇   44 | output.table.reset    | False
[10.07 07:59:13] ┇ INFO     ┇                       chrisbase.data ┇   45 | output.table.strict   | True
[10.07 07:59:13] ┇ INFO     ┇                       chrisbase.data ┇   46 | output.table.timeout  | 5000
[10.07 07:59:13] ┇ INFO     ┇                       chrisbase.data ┇   47 | filter.min_char       | 2
[10.07 07:59:13] ┇ INFO     ┇                       chrisbase.data ┇   48 | filter.max_char       | 20
[10.07 07:59:13] ┇ INFO     ┇                       chrisbase.data ┇   49 | filter.max_word       | 5
[10.07 07:59:13] ┇ INFO     ┇                       chrisbase.data ┇   50 | filter.min_hits       | 3
[10.07 07:59:13] ┇ INFO     ┇                       chrisbase.data ┇   51 | filter.max_hits       | 1000
[10.07 07:59:13] ┇ INFO     ┇                       chrisbase.data ┇   52 | filter.min_cooccur    | 1
[10.07 07:59:13] ┇ INFO     ┇                       chrisbase.data ┇   53 | filter.black_prop     | .
[10.07 07:59:13] ┇ INFO     ┇                       chrisbase.data ┇   54 | filter.num_black_prop | 0
[10.07 07:59:13] ┇ INFO     ┇                       chrisbase.data ┇ -----+-----------------------+------------------------------------------------------------------
[10.07 07:59:14] ┇ INFO     ┇                             __main__ ┇ Search from [localhost:6382/wikimedia/wikidata-20230920-parse-kowiki] with [elastic@localhost:9810/wikipedia-20230920-index-kowiki] to [localhost:6382/wikimedia/wikidata-20230920-search-kowiki]
[10.07 07:59:14] ┇ INFO     ┇                             __main__ ┇ - amount: inputs=200000, batches=200
[10.07 07:59:14] ┇ INFO     ┇                             __main__ ┇ - filter: set_black_prop=set(), ...
[10.07 07:59:41] ┇ INFO     ┇                             __main__ ┇ *  searching:   2%|█▎                                                | 5/200 [00:27<11:10,  3.44s/batch]
[10.07 08:00:14] ┇ INFO     ┇                             __main__ ┇ *  searching:   5%|██▌                                               | 10/200 [01:00<20:51,  6.59s/batch]
[10.07 08:00:48] ┇ INFO     ┇                             __main__ ┇ *  searching:   8%|███▊                                              | 15/200 [01:34<21:11,  6.87s/batch]
[10.07 08:01:09] ┇ INFO     ┇                             __main__ ┇ *  searching:  10%|█████                                             | 20/200 [01:55<13:49,  4.61s/batch]
[10.07 08:02:00] ┇ INFO     ┇                             __main__ ┇ *  searching:  12%|██████▎                                           | 25/200 [02:46<27:12,  9.33s/batch]
[10.07 08:02:38] ┇ INFO     ┇                             __main__ ┇ *  searching:  15%|███████▌                                          | 30/200 [03:24<21:53,  7.72s/batch]
[10.07 08:03:01] ┇ INFO     ┇                             __main__ ┇ *  searching:  18%|████████▊                                         | 35/200 [03:47<14:24,  5.24s/batch]
[10.07 08:03:18] ┇ INFO     ┇                             __main__ ┇ *  searching:  20%|██████████                                        | 40/200 [04:04<08:39,  3.25s/batch]
[10.07 08:03:35] ┇ INFO     ┇                             __main__ ┇ *  searching:  22%|███████████▎                                      | 45/200 [04:21<08:41,  3.37s/batch]
[10.07 08:03:50] ┇ INFO     ┇                             __main__ ┇ *  searching:  25%|████████████▌                                     | 50/200 [04:35<07:26,  2.97s/batch]
[10.07 08:04:07] ┇ INFO     ┇                             __main__ ┇ *  searching:  28%|█████████████▊                                    | 55/200 [04:53<08:18,  3.44s/batch]
[10.07 08:04:27] ┇ INFO     ┇                             __main__ ┇ *  searching:  30%|███████████████                                   | 60/200 [05:13<09:13,  3.95s/batch]
[10.07 08:05:14] ┇ INFO     ┇                             __main__ ┇ *  searching:  32%|████████████████▎                                 | 65/200 [06:00<18:08,  8.07s/batch]
[10.07 08:05:27] ┇ INFO     ┇                             __main__ ┇ *  searching:  35%|█████████████████▌                                | 70/200 [06:13<07:04,  3.27s/batch]
[10.07 08:06:04] ┇ INFO     ┇                             __main__ ┇ *  searching:  38%|██████████████████▊                               | 75/200 [06:49<14:28,  6.95s/batch]
[10.07 08:06:34] ┇ INFO     ┇                             __main__ ┇ *  searching:  40%|████████████████████                              | 80/200 [07:19<11:37,  5.82s/batch]
[10.07 08:06:58] ┇ INFO     ┇                             __main__ ┇ *  searching:  42%|█████████████████████▎                            | 85/200 [07:44<09:32,  4.97s/batch]
[10.07 08:07:21] ┇ INFO     ┇                             __main__ ┇ *  searching:  45%|██████████████████████▌                           | 90/200 [08:07<08:29,  4.63s/batch]
[10.07 08:07:58] ┇ INFO     ┇                             __main__ ┇ *  searching:  48%|███████████████████████▊                          | 95/200 [08:44<11:34,  6.62s/batch]
[10.07 08:08:29] ┇ INFO     ┇                             __main__ ┇ *  searching:  50%|█████████████████████████                         | 100/200 [09:15<10:34,  6.34s/batch]
[10.07 08:08:53] ┇ INFO     ┇                             __main__ ┇ *  searching:  52%|██████████████████████████▎                       | 105/200 [09:39<06:37,  4.18s/batch]
[10.07 08:09:00] ┇ INFO     ┇                             __main__ ┇ *  searching:  55%|███████████████████████████▌                      | 110/200 [09:46<02:31,  1.68s/batch]
[10.07 08:09:18] ┇ INFO     ┇                             __main__ ┇ *  searching:  57%|████████████████████████████▋                     | 115/200 [10:04<05:32,  3.91s/batch]
[10.07 08:09:25] ┇ INFO     ┇                             __main__ ┇ *  searching:  60%|██████████████████████████████                    | 120/200 [10:11<02:02,  1.53s/batch]
[10.07 08:09:41] ┇ INFO     ┇                             __main__ ┇ *  searching:  62%|███████████████████████████████▎                  | 125/200 [10:26<04:59,  3.99s/batch]
[10.07 08:10:20] ┇ INFO     ┇                             __main__ ┇ *  searching:  65%|████████████████████████████████▌                 | 130/200 [11:06<08:36,  7.37s/batch]
[10.07 08:11:03] ┇ INFO     ┇                             __main__ ┇ *  searching:  68%|█████████████████████████████████▊                | 135/200 [11:49<07:51,  7.25s/batch]
[10.07 08:11:26] ┇ INFO     ┇                             __main__ ┇ *  searching:  70%|███████████████████████████████████               | 140/200 [12:12<05:01,  5.03s/batch]
[10.07 08:11:51] ┇ INFO     ┇                             __main__ ┇ *  searching:  72%|████████████████████████████████████▎             | 145/200 [12:37<04:56,  5.39s/batch]
[10.07 08:12:28] ┇ INFO     ┇                             __main__ ┇ *  searching:  75%|█████████████████████████████████████▌            | 150/200 [13:14<05:15,  6.30s/batch]
[10.07 08:12:58] ┇ INFO     ┇                             __main__ ┇ *  searching:  78%|██████████████████████████████████████▊           | 155/200 [13:44<04:34,  6.10s/batch]
[10.07 08:13:25] ┇ INFO     ┇                             __main__ ┇ *  searching:  80%|████████████████████████████████████████          | 160/200 [14:11<02:48,  4.20s/batch]
[10.07 08:13:41] ┇ INFO     ┇                             __main__ ┇ *  searching:  82%|█████████████████████████████████████████▎        | 165/200 [14:26<02:23,  4.10s/batch]
[10.07 08:14:03] ┇ INFO     ┇                             __main__ ┇ *  searching:  85%|██████████████████████████████████████████▌       | 170/200 [14:48<02:46,  5.53s/batch]
[10.07 08:14:37] ┇ INFO     ┇                             __main__ ┇ *  searching:  88%|███████████████████████████████████████████▊      | 175/200 [15:23<02:36,  6.25s/batch]
[10.07 08:15:06] ┇ INFO     ┇                             __main__ ┇ *  searching:  90%|█████████████████████████████████████████████     | 180/200 [15:52<02:00,  6.04s/batch]
[10.07 08:15:36] ┇ INFO     ┇                             __main__ ┇ *  searching:  92%|██████████████████████████████████████████████▎   | 185/200 [16:21<01:22,  5.49s/batch]
[10.07 08:15:55] ┇ INFO     ┇                             __main__ ┇ *  searching:  95%|███████████████████████████████████████████████▌  | 190/200 [16:41<00:41,  4.13s/batch]
[10.07 08:16:22] ┇ INFO     ┇                             __main__ ┇ *  searching:  98%|████████████████████████████████████████████████▊ | 195/200 [17:07<00:30,  6.07s/batch]
[10.07 08:17:00] ┇ INFO     ┇                             __main__ ┇ *  searching: 100%|██████████████████████████████████████████████████| 200/200 [17:46<00:00,  5.33s/batch]
[10.07 08:17:01] ┇ INFO     ┇                       chrisbase.data ┇ =========================================================================================================================================
[10.07 08:17:01] ┇ INFO     ┇                       chrisbase.data ┇ [EXIT] python search_wikidata.py search --input-start 200000 --input-limit 200000 ($=00:17:46.803)
[10.07 08:17:01] ┇ INFO     ┇                       chrisbase.data ┇ =========================================================================================================================================
