[10.10 08:05:19] ┇ INFO     ┇                       chrisbase.data ┇ =========================================================================================================================================
[10.10 08:05:19] ┇ INFO     ┇                       chrisbase.data ┇ [INIT] python search_wikidata.py search run --input-start 400000 --input-limit 200000
[10.10 08:05:19] ┇ INFO     ┇                       chrisbase.data ┇ =========================================================================================================================================
[10.10 08:05:20] ┇ INFO     ┇                       chrisbase.data ┇ -----+-----------------------+-------------------------------------------------------------------------
[10.10 08:05:20] ┇ INFO     ┇                       chrisbase.data ┇    # | SearchArguments       | value
[10.10 08:05:20] ┇ INFO     ┇                       chrisbase.data ┇ -----+-----------------------+-------------------------------------------------------------------------
[10.10 08:05:20] ┇ INFO     ┇                       chrisbase.data ┇    1 | env.project           | WiseData
[10.10 08:05:20] ┇ INFO     ┇                       chrisbase.data ┇    2 | env.job_name          | search_wikidata
[10.10 08:05:20] ┇ INFO     ┇                       chrisbase.data ┇    3 | env.hostname          | chrisBookPro.local
[10.10 08:05:20] ┇ INFO     ┇                       chrisbase.data ┇    4 | env.hostaddr          | 172.30.1.1
[10.10 08:05:20] ┇ INFO     ┇                       chrisbase.data ┇    5 | env.python_path       | /Users/chris/miniforge3/envs/WiseData-2023.08/bin/python
[10.10 08:05:20] ┇ INFO     ┇                       chrisbase.data ┇    6 | env.working_path      | /Users/chris/proj/WiseData-2023.08
[10.10 08:05:20] ┇ INFO     ┇                       chrisbase.data ┇    7 | env.running_file      | search_wikidata.py
[10.10 08:05:20] ┇ INFO     ┇                       chrisbase.data ┇    8 | env.command_args      | ['search', 'run', '--input-start', '400000', '--input-limit', '200000']
[10.10 08:05:20] ┇ INFO     ┇                       chrisbase.data ┇    9 | env.num_ip_addrs      | 0
[10.10 08:05:20] ┇ INFO     ┇                       chrisbase.data ┇   10 | env.max_workers       | 1
[10.10 08:05:20] ┇ INFO     ┇                       chrisbase.data ┇   11 | env.output_home       | output-search_wikidata
[10.10 08:05:20] ┇ INFO     ┇                       chrisbase.data ┇   12 | env.logging_file      | search-1010.080518.out
[10.10 08:05:20] ┇ INFO     ┇                       chrisbase.data ┇   13 | env.argument_file     | arguments-1010.080518.json
[10.10 08:05:20] ┇ INFO     ┇                       chrisbase.data ┇   14 | env.debugging         | False
[10.10 08:05:20] ┇ INFO     ┇                       chrisbase.data ┇   15 | env.msg_level         | 20
[10.10 08:05:20] ┇ INFO     ┇                       chrisbase.data ┇   16 | env.msg_format        | %(asctime)s ┇ %(levelname)-8s ┇ %(name)36s ┇ %(message)s
[10.10 08:05:20] ┇ INFO     ┇                       chrisbase.data ┇   17 | env.date_format       | [%m.%d %H:%M:%S]
[10.10 08:05:20] ┇ INFO     ┇                       chrisbase.data ┇   18 | env.time_stamp        | 1010.080518
[10.10 08:05:20] ┇ INFO     ┇                       chrisbase.data ┇   19 | input.start           | 400000
[10.10 08:05:20] ┇ INFO     ┇                       chrisbase.data ┇   20 | input.limit           | 200000
[10.10 08:05:20] ┇ INFO     ┇                       chrisbase.data ┇   21 | input.batch           | 1000
[10.10 08:05:20] ┇ INFO     ┇                       chrisbase.data ┇   22 | input.inter           | 5000
[10.10 08:05:20] ┇ INFO     ┇                       chrisbase.data ┇   23 | input.table.home      | localhost:6382/wikimedia
[10.10 08:05:20] ┇ INFO     ┇                       chrisbase.data ┇   24 | input.table.name      | wikidata-20230920-parse-kowiki
[10.10 08:05:20] ┇ INFO     ┇                       chrisbase.data ┇   25 | input.table.user      |
[10.10 08:05:20] ┇ INFO     ┇                       chrisbase.data ┇   26 | input.table.pswd      |
[10.10 08:05:20] ┇ INFO     ┇                       chrisbase.data ┇   27 | input.table.reset     | False
[10.10 08:05:20] ┇ INFO     ┇                       chrisbase.data ┇   28 | input.table.strict    | False
[10.10 08:05:20] ┇ INFO     ┇                       chrisbase.data ┇   29 | input.table.sort      | _id
[10.10 08:05:20] ┇ INFO     ┇                       chrisbase.data ┇   30 | input.table.find      | {}
[10.10 08:05:20] ┇ INFO     ┇                       chrisbase.data ┇   31 | input.table.timeout   | 5000
[10.10 08:05:20] ┇ INFO     ┇                       chrisbase.data ┇   32 | input.index.home      | localhost:9810
[10.10 08:05:20] ┇ INFO     ┇                       chrisbase.data ┇   33 | input.index.name      | wikipedia-20230920-index-kowiki
[10.10 08:05:20] ┇ INFO     ┇                       chrisbase.data ┇   34 | input.index.user      | elastic
[10.10 08:05:20] ┇ INFO     ┇                       chrisbase.data ┇   35 | input.index.pswd      | cIrEP5OCwTLn0QIQwnsA
[10.10 08:05:20] ┇ INFO     ┇                       chrisbase.data ┇   36 | input.index.reset     | False
[10.10 08:05:20] ┇ INFO     ┇                       chrisbase.data ┇   37 | input.index.strict    | False
[10.10 08:05:20] ┇ INFO     ┇                       chrisbase.data ┇   38 | input.index.window    | 1000
[10.10 08:05:20] ┇ INFO     ┇                       chrisbase.data ┇   39 | input.index.scroll    | 3m
[10.10 08:05:20] ┇ INFO     ┇                       chrisbase.data ┇   40 | input.index.sort      |
[10.10 08:05:20] ┇ INFO     ┇                       chrisbase.data ┇   41 | input.index.timeout   | 10
[10.10 08:05:20] ┇ INFO     ┇                       chrisbase.data ┇   42 | input.index.retrial   | 3
[10.10 08:05:20] ┇ INFO     ┇                       chrisbase.data ┇   43 | input.index.create    |
[10.10 08:05:20] ┇ INFO     ┇                       chrisbase.data ┇   44 | output.table.home     | localhost:6382/wikimedia
[10.10 08:05:20] ┇ INFO     ┇                       chrisbase.data ┇   45 | output.table.name     | wikidata-20230920-search-kowiki
[10.10 08:05:20] ┇ INFO     ┇                       chrisbase.data ┇   46 | output.table.user     |
[10.10 08:05:20] ┇ INFO     ┇                       chrisbase.data ┇   47 | output.table.pswd     |
[10.10 08:05:20] ┇ INFO     ┇                       chrisbase.data ┇   48 | output.table.reset    | False
[10.10 08:05:20] ┇ INFO     ┇                       chrisbase.data ┇   49 | output.table.strict   | False
[10.10 08:05:20] ┇ INFO     ┇                       chrisbase.data ┇   50 | output.table.sort     | _id
[10.10 08:05:20] ┇ INFO     ┇                       chrisbase.data ┇   51 | output.table.find     | {}
[10.10 08:05:20] ┇ INFO     ┇                       chrisbase.data ┇   52 | output.table.timeout  | 5000
[10.10 08:05:20] ┇ INFO     ┇                       chrisbase.data ┇   53 | output.index.home     | localhost:9810
[10.10 08:05:20] ┇ INFO     ┇                       chrisbase.data ┇   54 | output.index.name     | wikidata-20230920-search-kowiki
[10.10 08:05:20] ┇ INFO     ┇                       chrisbase.data ┇   55 | output.index.user     | elastic
[10.10 08:05:20] ┇ INFO     ┇                       chrisbase.data ┇   56 | output.index.pswd     | cIrEP5OCwTLn0QIQwnsA
[10.10 08:05:20] ┇ INFO     ┇                       chrisbase.data ┇   57 | output.index.reset    | False
[10.10 08:05:20] ┇ INFO     ┇                       chrisbase.data ┇   58 | output.index.strict   | False
[10.10 08:05:20] ┇ INFO     ┇                       chrisbase.data ┇   59 | output.index.window   | 1000
[10.10 08:05:20] ┇ INFO     ┇                       chrisbase.data ┇   60 | output.index.scroll   | 3m
[10.10 08:05:20] ┇ INFO     ┇                       chrisbase.data ┇   61 | output.index.sort     |
[10.10 08:05:20] ┇ INFO     ┇                       chrisbase.data ┇   62 | output.index.timeout  | 10
[10.10 08:05:20] ┇ INFO     ┇                       chrisbase.data ┇   63 | output.index.retrial  | 3
[10.10 08:05:20] ┇ INFO     ┇                       chrisbase.data ┇   64 | output.index.create   |
[10.10 08:05:20] ┇ INFO     ┇                       chrisbase.data ┇   65 | filter.min_char       | 2
[10.10 08:05:20] ┇ INFO     ┇                       chrisbase.data ┇   66 | filter.max_char       | 20
[10.10 08:05:20] ┇ INFO     ┇                       chrisbase.data ┇   67 | filter.max_word       | 5
[10.10 08:05:20] ┇ INFO     ┇                       chrisbase.data ┇   68 | filter.min_hits       | 5
[10.10 08:05:20] ┇ INFO     ┇                       chrisbase.data ┇   69 | filter.max_hits       | 1000
[10.10 08:05:20] ┇ INFO     ┇                       chrisbase.data ┇   70 | filter.min_cooccur    | 3
[10.10 08:05:20] ┇ INFO     ┇                       chrisbase.data ┇   71 | filter.black_prop     | input/wikimedia/wikidata-black_prop-x.txt
[10.10 08:05:20] ┇ INFO     ┇                       chrisbase.data ┇   72 | filter.num_black_prop | 0
[10.10 08:05:20] ┇ INFO     ┇                       chrisbase.data ┇ -----+-----------------------+-------------------------------------------------------------------------
[10.10 08:05:20] ┇ INFO     ┇                             __main__ ┇ Run SearchApp
[10.10 08:05:20] ┇ INFO     ┇                             __main__ ┇ - from: [MongoStreamer] [localhost:6382/wikimedia/wikidata-20230920-parse-kowiki](1018174)
[10.10 08:05:20] ┇ INFO     ┇                             __main__ ┇   => amount: 200 * 1000 (BatchItems)
[10.10 08:05:20] ┇ INFO     ┇                             __main__ ┇ - with: [ElasticStreamer] [elastic@localhost:9810/wikipedia-20230920-index-kowiki](2009658)
[10.10 08:05:20] ┇ INFO     ┇                             __main__ ┇   => filter: set_black_prop=set(), ...
[10.10 08:05:20] ┇ INFO     ┇                             __main__ ┇ - into: [ElasticStreamer] [elastic@localhost:9810/wikidata-20230920-search-kowiki](0)
[10.10 08:05:58] ┇ INFO     ┇                             __main__ ┇ *  searching:   2%|█▎                                                | 5/200 [00:37<15:42,  4.83s/batch]
[10.10 08:06:24] ┇ INFO     ┇                             __main__ ┇ *  searching:   5%|██▌                                               | 10/200 [01:04<16:04,  5.08s/batch]
[10.10 08:06:36] ┇ INFO     ┇                             __main__ ┇ *  searching:   8%|███▊                                              | 15/200 [01:16<08:18,  2.69s/batch]
[10.10 08:06:46] ┇ INFO     ┇                             __main__ ┇ *  searching:  10%|█████                                             | 20/200 [01:26<06:26,  2.15s/batch]
[10.10 08:06:56] ┇ INFO     ┇                             __main__ ┇ *  searching:  12%|██████▎                                           | 25/200 [01:36<06:13,  2.14s/batch]
[10.10 08:07:17] ┇ INFO     ┇                             __main__ ┇ *  searching:  15%|███████▌                                          | 30/200 [01:57<10:38,  3.75s/batch]
[10.10 08:07:23] ┇ INFO     ┇                             __main__ ┇ *  searching:  18%|████████▊                                         | 35/200 [02:03<03:10,  1.16s/batch]
[10.10 08:07:38] ┇ INFO     ┇                             __main__ ┇ *  searching:  20%|██████████                                        | 40/200 [02:17<08:58,  3.36s/batch]
[10.10 08:08:05] ┇ INFO     ┇                             __main__ ┇ *  searching:  22%|███████████▎                                      | 45/200 [02:45<13:16,  5.14s/batch]
[10.10 08:08:34] ┇ INFO     ┇                             __main__ ┇ *  searching:  25%|████████████▌                                     | 50/200 [03:14<13:27,  5.39s/batch]
[10.10 08:08:48] ┇ INFO     ┇                             __main__ ┇ *  searching:  28%|█████████████▊                                    | 55/200 [03:28<08:04,  3.34s/batch]
[10.10 08:09:02] ┇ INFO     ┇                             __main__ ┇ *  searching:  30%|███████████████                                   | 60/200 [03:42<05:23,  2.31s/batch]
[10.10 08:09:15] ┇ INFO     ┇                             __main__ ┇ *  searching:  32%|████████████████▎                                 | 65/200 [03:55<05:15,  2.34s/batch]
[10.10 08:09:34] ┇ INFO     ┇                             __main__ ┇ *  searching:  35%|█████████████████▌                                | 70/200 [04:14<08:14,  3.80s/batch]
[10.10 08:10:01] ┇ INFO     ┇                             __main__ ┇ *  searching:  38%|██████████████████▊                               | 75/200 [04:41<10:13,  4.91s/batch]
[10.10 08:10:19] ┇ INFO     ┇                             __main__ ┇ *  searching:  40%|████████████████████                              | 80/200 [04:59<07:29,  3.75s/batch]
[10.10 08:10:34] ┇ INFO     ┇                             __main__ ┇ *  searching:  42%|█████████████████████▎                            | 85/200 [05:14<06:57,  3.63s/batch]
[10.10 08:10:52] ┇ INFO     ┇                             __main__ ┇ *  searching:  45%|██████████████████████▌                           | 90/200 [05:32<05:10,  2.82s/batch]
[10.10 08:11:34] ┇ INFO     ┇                             __main__ ┇ *  searching:  48%|███████████████████████▊                          | 95/200 [06:14<14:03,  8.03s/batch]
[10.10 08:12:01] ┇ INFO     ┇                             __main__ ┇ *  searching:  50%|█████████████████████████                         | 100/200 [06:41<08:37,  5.17s/batch]
[10.10 08:12:03] ┇ INFO     ┇                             __main__ ┇ *  searching:  52%|██████████████████████████▎                       | 105/200 [06:43<01:58,  1.25s/batch]
[10.10 08:12:06] ┇ INFO     ┇                             __main__ ┇ *  searching:  55%|███████████████████████████▌                      | 110/200 [06:46<01:08,  1.31batch/s]
[10.10 08:12:35] ┇ INFO     ┇                             __main__ ┇ *  searching:  57%|████████████████████████████▋                     | 115/200 [07:15<08:05,  5.71s/batch]
[10.10 08:13:08] ┇ INFO     ┇                             __main__ ┇ *  searching:  60%|██████████████████████████████                    | 120/200 [07:48<08:15,  6.20s/batch]
[10.10 08:13:38] ┇ INFO     ┇                             __main__ ┇ *  searching:  62%|███████████████████████████████▎                  | 125/200 [08:17<07:14,  5.79s/batch]
[10.10 08:14:13] ┇ INFO     ┇                             __main__ ┇ *  searching:  65%|████████████████████████████████▌                 | 130/200 [08:53<08:12,  7.04s/batch]
[10.10 08:14:47] ┇ INFO     ┇                             __main__ ┇ *  searching:  68%|█████████████████████████████████▊                | 135/200 [09:27<07:26,  6.87s/batch]
[10.10 08:15:12] ┇ INFO     ┇                             __main__ ┇ *  searching:  70%|███████████████████████████████████               | 140/200 [09:51<04:52,  4.87s/batch]
[10.10 08:15:38] ┇ INFO     ┇                             __main__ ┇ *  searching:  72%|████████████████████████████████████▎             | 145/200 [10:18<05:04,  5.53s/batch]
[10.10 08:16:07] ┇ INFO     ┇                             __main__ ┇ *  searching:  75%|█████████████████████████████████████▌            | 150/200 [10:47<04:52,  5.86s/batch]
[10.10 08:16:35] ┇ INFO     ┇                             __main__ ┇ *  searching:  78%|██████████████████████████████████████▊           | 155/200 [11:15<04:12,  5.60s/batch]
[10.10 08:17:03] ┇ INFO     ┇                             __main__ ┇ *  searching:  80%|████████████████████████████████████████          | 160/200 [11:43<03:36,  5.41s/batch]
[10.10 08:17:34] ┇ INFO     ┇                             __main__ ┇ *  searching:  82%|█████████████████████████████████████████▎        | 165/200 [12:13<03:36,  6.18s/batch]
[10.10 08:18:00] ┇ INFO     ┇                             __main__ ┇ *  searching:  85%|██████████████████████████████████████████▌       | 170/200 [12:40<02:29,  4.99s/batch]
[10.10 08:18:32] ┇ INFO     ┇                             __main__ ┇ *  searching:  88%|███████████████████████████████████████████▊      | 175/200 [13:12<02:53,  6.95s/batch]
[10.10 08:19:11] ┇ INFO     ┇                             __main__ ┇ *  searching:  90%|█████████████████████████████████████████████     | 180/200 [13:51<02:38,  7.91s/batch]
[10.10 08:19:44] ┇ INFO     ┇                             __main__ ┇ *  searching:  92%|██████████████████████████████████████████████▎   | 185/200 [14:24<01:40,  6.70s/batch]
[10.10 08:20:10] ┇ INFO     ┇                             __main__ ┇ *  searching:  95%|███████████████████████████████████████████████▌  | 190/200 [14:50<00:57,  5.72s/batch]
[10.10 08:20:34] ┇ INFO     ┇                             __main__ ┇ *  searching:  98%|████████████████████████████████████████████████▊ | 195/200 [15:14<00:24,  4.91s/batch]
[10.10 08:20:55] ┇ INFO     ┇                             __main__ ┇ *  searching: 100%|██████████████████████████████████████████████████| 200/200 [15:35<00:00,  4.68s/batch]
[10.10 08:20:55] ┇ INFO     ┇                       chrisbase.data ┇ -----------------------------------------------------------------------------------------------------------------------------------------
[10.10 08:20:55] ┇ INFO     ┇                       chrisbase.data ┇ health status index                           uuid                   pri rep docs.count docs.deleted store.size pri.store.size
[10.10 08:20:55] ┇ INFO     ┇                       chrisbase.data ┇ yellow open   wikidata-20230920-search-kowiki X505EepdT2K_lXeObCYkrw   1   1     112725            0     25.1mb         25.1mb
[10.10 08:20:55] ┇ INFO     ┇                       chrisbase.data ┇ -----------------------------------------------------------------------------------------------------------------------------------------
[10.10 08:20:55] ┇ INFO     ┇                             __main__ ┇ Indexed 112725 items to [elastic@localhost:9810/wikidata-20230920-search-kowiki]
[10.10 08:20:55] ┇ INFO     ┇                       chrisbase.data ┇ =========================================================================================================================================
[10.10 08:20:55] ┇ INFO     ┇                       chrisbase.data ┇ [EXIT] python search_wikidata.py search run --input-start 400000 --input-limit 200000 ($=00:15:35.221)
[10.10 08:20:55] ┇ INFO     ┇                       chrisbase.data ┇ =========================================================================================================================================
