[10.09 13:58:24] ┇ INFO     ┇                       chrisbase.data ┇ =========================================================================================================================================
[10.09 13:58:24] ┇ INFO     ┇                       chrisbase.data ┇ [INIT] python search_wikidata.py search wikidata --input-start 400000 --input-limit 200000
[10.09 13:58:24] ┇ INFO     ┇                       chrisbase.data ┇ =========================================================================================================================================
[10.09 13:58:24] ┇ INFO     ┇                       chrisbase.data ┇ -----+-----------------------+------------------------------------------------------------------------------
[10.09 13:58:24] ┇ INFO     ┇                       chrisbase.data ┇    # | SearchArguments       | value
[10.09 13:58:24] ┇ INFO     ┇                       chrisbase.data ┇ -----+-----------------------+------------------------------------------------------------------------------
[10.09 13:58:24] ┇ INFO     ┇                       chrisbase.data ┇    1 | env.project           | WiseData
[10.09 13:58:24] ┇ INFO     ┇                       chrisbase.data ┇    2 | env.job_name          | search_wikidata
[10.09 13:58:24] ┇ INFO     ┇                       chrisbase.data ┇    3 | env.hostname          | chrisBookPro.local
[10.09 13:58:24] ┇ INFO     ┇                       chrisbase.data ┇    4 | env.hostaddr          | 172.20.10.9
[10.09 13:58:24] ┇ INFO     ┇                       chrisbase.data ┇    5 | env.python_path       | /Users/chris/miniforge3/envs/WiseData-2023.08/bin/python
[10.09 13:58:24] ┇ INFO     ┇                       chrisbase.data ┇    6 | env.working_path      | /Users/chris/proj/WiseData-2023.08
[10.09 13:58:24] ┇ INFO     ┇                       chrisbase.data ┇    7 | env.running_file      | search_wikidata.py
[10.09 13:58:24] ┇ INFO     ┇                       chrisbase.data ┇    8 | env.command_args      | ['search', 'wikidata', '--input-start', '400000', '--input-limit', '200000']
[10.09 13:58:24] ┇ INFO     ┇                       chrisbase.data ┇    9 | env.num_ip_addrs      | 0
[10.09 13:58:24] ┇ INFO     ┇                       chrisbase.data ┇   10 | env.max_workers       | 1
[10.09 13:58:24] ┇ INFO     ┇                       chrisbase.data ┇   11 | env.output_home       | output-search_wikidata
[10.09 13:58:24] ┇ INFO     ┇                       chrisbase.data ┇   12 | env.logging_file      | search-1009.135823.out
[10.09 13:58:24] ┇ INFO     ┇                       chrisbase.data ┇   13 | env.argument_file     | arguments-1009.135823.json
[10.09 13:58:24] ┇ INFO     ┇                       chrisbase.data ┇   14 | env.debugging         | False
[10.09 13:58:24] ┇ INFO     ┇                       chrisbase.data ┇   15 | env.msg_level         | 20
[10.09 13:58:24] ┇ INFO     ┇                       chrisbase.data ┇   16 | env.msg_format        | %(asctime)s ┇ %(levelname)-8s ┇ %(name)36s ┇ %(message)s
[10.09 13:58:24] ┇ INFO     ┇                       chrisbase.data ┇   17 | env.date_format       | [%m.%d %H:%M:%S]
[10.09 13:58:24] ┇ INFO     ┇                       chrisbase.data ┇   18 | env.time_stamp        | 1009.135823
[10.09 13:58:24] ┇ INFO     ┇                       chrisbase.data ┇   19 | input.start           | 400000
[10.09 13:58:24] ┇ INFO     ┇                       chrisbase.data ┇   20 | input.limit           | 200000
[10.09 13:58:24] ┇ INFO     ┇                       chrisbase.data ┇   21 | input.batch           | 1000
[10.09 13:58:24] ┇ INFO     ┇                       chrisbase.data ┇   22 | input.inter           | 5000
[10.09 13:58:24] ┇ INFO     ┇                       chrisbase.data ┇   23 | input.table.home      | localhost:6382/wikimedia
[10.09 13:58:24] ┇ INFO     ┇                       chrisbase.data ┇   24 | input.table.name      | wikidata-20230920-parse-kowiki
[10.09 13:58:24] ┇ INFO     ┇                       chrisbase.data ┇   25 | input.table.user      |
[10.09 13:58:24] ┇ INFO     ┇                       chrisbase.data ┇   26 | input.table.pswd      |
[10.09 13:58:24] ┇ INFO     ┇                       chrisbase.data ┇   27 | input.table.reset     | False
[10.09 13:58:24] ┇ INFO     ┇                       chrisbase.data ┇   28 | input.table.strict    | True
[10.09 13:58:24] ┇ INFO     ┇                       chrisbase.data ┇   29 | input.table.sort      | _id
[10.09 13:58:24] ┇ INFO     ┇                       chrisbase.data ┇   30 | input.table.find      | {}
[10.09 13:58:24] ┇ INFO     ┇                       chrisbase.data ┇   31 | input.table.timeout   | 5000
[10.09 13:58:24] ┇ INFO     ┇                       chrisbase.data ┇   32 | input.index.home      | localhost:9810
[10.09 13:58:24] ┇ INFO     ┇                       chrisbase.data ┇   33 | input.index.name      | wikipedia-20230920-index-kowiki
[10.09 13:58:24] ┇ INFO     ┇                       chrisbase.data ┇   34 | input.index.user      | elastic
[10.09 13:58:24] ┇ INFO     ┇                       chrisbase.data ┇   35 | input.index.pswd      | cIrEP5OCwTLn0QIQwnsA
[10.09 13:58:24] ┇ INFO     ┇                       chrisbase.data ┇   36 | input.index.reset     | False
[10.09 13:58:24] ┇ INFO     ┇                       chrisbase.data ┇   37 | input.index.strict    | True
[10.09 13:58:24] ┇ INFO     ┇                       chrisbase.data ┇   38 | input.index.window    | 10000
[10.09 13:58:24] ┇ INFO     ┇                       chrisbase.data ┇   39 | input.index.timeout   | 10
[10.09 13:58:24] ┇ INFO     ┇                       chrisbase.data ┇   40 | input.index.retrial   | 3
[10.09 13:58:24] ┇ INFO     ┇                       chrisbase.data ┇   41 | input.index.create    |
[10.09 13:58:24] ┇ INFO     ┇                       chrisbase.data ┇   42 | output.table.home     | localhost:6382/wikimedia
[10.09 13:58:24] ┇ INFO     ┇                       chrisbase.data ┇   43 | output.table.name     | wikidata-20230920-search-kowiki
[10.09 13:58:24] ┇ INFO     ┇                       chrisbase.data ┇   44 | output.table.user     |
[10.09 13:58:24] ┇ INFO     ┇                       chrisbase.data ┇   45 | output.table.pswd     |
[10.09 13:58:24] ┇ INFO     ┇                       chrisbase.data ┇   46 | output.table.reset    | False
[10.09 13:58:24] ┇ INFO     ┇                       chrisbase.data ┇   47 | output.table.strict   | True
[10.09 13:58:24] ┇ INFO     ┇                       chrisbase.data ┇   48 | output.table.sort     | _id
[10.09 13:58:24] ┇ INFO     ┇                       chrisbase.data ┇   49 | output.table.find     | {}
[10.09 13:58:24] ┇ INFO     ┇                       chrisbase.data ┇   50 | output.table.timeout  | 5000
[10.09 13:58:24] ┇ INFO     ┇                       chrisbase.data ┇   51 | output.index.home     | localhost:9810
[10.09 13:58:24] ┇ INFO     ┇                       chrisbase.data ┇   52 | output.index.name     | wikidata-20230920-search-kowiki
[10.09 13:58:24] ┇ INFO     ┇                       chrisbase.data ┇   53 | output.index.user     | elastic
[10.09 13:58:24] ┇ INFO     ┇                       chrisbase.data ┇   54 | output.index.pswd     | cIrEP5OCwTLn0QIQwnsA
[10.09 13:58:24] ┇ INFO     ┇                       chrisbase.data ┇   55 | output.index.reset    | False
[10.09 13:58:24] ┇ INFO     ┇                       chrisbase.data ┇   56 | output.index.strict   | True
[10.09 13:58:24] ┇ INFO     ┇                       chrisbase.data ┇   57 | output.index.window   | 10000
[10.09 13:58:24] ┇ INFO     ┇                       chrisbase.data ┇   58 | output.index.timeout  | 10
[10.09 13:58:24] ┇ INFO     ┇                       chrisbase.data ┇   59 | output.index.retrial  | 3
[10.09 13:58:24] ┇ INFO     ┇                       chrisbase.data ┇   60 | output.index.create   |
[10.09 13:58:24] ┇ INFO     ┇                       chrisbase.data ┇   61 | filter.min_char       | 2
[10.09 13:58:24] ┇ INFO     ┇                       chrisbase.data ┇   62 | filter.max_char       | 20
[10.09 13:58:24] ┇ INFO     ┇                       chrisbase.data ┇   63 | filter.max_word       | 5
[10.09 13:58:24] ┇ INFO     ┇                       chrisbase.data ┇   64 | filter.min_hits       | 3
[10.09 13:58:24] ┇ INFO     ┇                       chrisbase.data ┇   65 | filter.max_hits       | 1000
[10.09 13:58:24] ┇ INFO     ┇                       chrisbase.data ┇   66 | filter.min_cooccur    | 1
[10.09 13:58:24] ┇ INFO     ┇                       chrisbase.data ┇   67 | filter.black_prop     | input/wikimedia/wikidata-black_prop-x.txt
[10.09 13:58:24] ┇ INFO     ┇                       chrisbase.data ┇   68 | filter.num_black_prop | 0
[10.09 13:58:24] ┇ INFO     ┇                       chrisbase.data ┇ -----+-----------------------+------------------------------------------------------------------------------
[10.09 13:58:24] ┇ INFO     ┇                             __main__ ┇ Run SearchApp
[10.09 13:58:24] ┇ INFO     ┇                             __main__ ┇ - from: [MongoStreamer] [localhost:6382/wikimedia/wikidata-20230920-parse-kowiki](1018174)
[10.09 13:58:24] ┇ INFO     ┇                             __main__ ┇   => amount: 200 * 1000 (BatchItems)
[10.09 13:58:24] ┇ INFO     ┇                             __main__ ┇ - with: [ElasticStreamer] [elastic@localhost:9810/wikipedia-20230920-index-kowiki](2009658)
[10.09 13:58:24] ┇ INFO     ┇                             __main__ ┇   => filter: set_black_prop=set(), ...
[10.09 13:58:24] ┇ INFO     ┇                             __main__ ┇ - into: [ElasticStreamer] [elastic@localhost:9810/wikidata-20230920-search-kowiki](10527)
[10.09 13:59:05] ┇ INFO     ┇                             __main__ ┇ *  searching:   2%|█▎                                                | 5/200 [00:40<17:50,  5.49s/batch]
[10.09 13:59:38] ┇ INFO     ┇                             __main__ ┇ *  searching:   5%|██▌                                               | 10/200 [01:13<19:36,  6.19s/batch]
[10.09 13:59:52] ┇ INFO     ┇                             __main__ ┇ *  searching:   8%|███▊                                              | 15/200 [01:27<09:42,  3.15s/batch]
[10.09 14:00:04] ┇ INFO     ┇                             __main__ ┇ *  searching:  10%|█████                                             | 20/200 [01:39<07:50,  2.61s/batch]
[10.09 14:00:15] ┇ INFO     ┇                             __main__ ┇ *  searching:  12%|██████▎                                           | 25/200 [01:50<07:06,  2.44s/batch]
[10.09 14:00:42] ┇ INFO     ┇                             __main__ ┇ *  searching:  15%|███████▌                                          | 30/200 [02:17<12:45,  4.50s/batch]
[10.09 14:00:48] ┇ INFO     ┇                             __main__ ┇ *  searching:  18%|████████▊                                         | 35/200 [02:23<03:39,  1.33s/batch]
[10.09 14:01:06] ┇ INFO     ┇                             __main__ ┇ *  searching:  20%|██████████                                        | 40/200 [02:41<10:49,  4.06s/batch]
[10.09 14:01:39] ┇ INFO     ┇                             __main__ ┇ *  searching:  22%|███████████▎                                      | 45/200 [03:14<16:15,  6.29s/batch]
[10.09 14:02:14] ┇ INFO     ┇                             __main__ ┇ *  searching:  25%|████████████▌                                     | 50/200 [03:49<16:13,  6.49s/batch]
[10.09 14:02:31] ┇ INFO     ┇                             __main__ ┇ *  searching:  28%|█████████████▊                                    | 55/200 [04:06<09:47,  4.05s/batch]
[10.09 14:02:49] ┇ INFO     ┇                             __main__ ┇ *  searching:  30%|███████████████                                   | 60/200 [04:24<06:43,  2.88s/batch]
[10.09 14:03:04] ┇ INFO     ┇                             __main__ ┇ *  searching:  32%|████████████████▎                                 | 65/200 [04:39<06:15,  2.78s/batch]
[10.09 14:03:28] ┇ INFO     ┇                             __main__ ┇ *  searching:  35%|█████████████████▌                                | 70/200 [05:03<10:00,  4.62s/batch]
[10.09 14:04:01] ┇ INFO     ┇                             __main__ ┇ *  searching:  38%|██████████████████▊                               | 75/200 [05:36<12:24,  5.96s/batch]
[10.09 14:04:24] ┇ INFO     ┇                             __main__ ┇ *  searching:  40%|████████████████████                              | 80/200 [05:59<09:17,  4.65s/batch]
[10.09 14:04:42] ┇ INFO     ┇                             __main__ ┇ *  searching:  42%|█████████████████████▎                            | 85/200 [06:17<08:41,  4.53s/batch]
[10.09 14:05:04] ┇ INFO     ┇                             __main__ ┇ *  searching:  45%|██████████████████████▌                           | 90/200 [06:39<06:13,  3.40s/batch]
[10.09 14:05:58] ┇ INFO     ┇                             __main__ ┇ *  searching:  48%|███████████████████████▊                          | 95/200 [07:33<18:06, 10.34s/batch]
[10.09 14:06:31] ┇ INFO     ┇                             __main__ ┇ *  searching:  50%|█████████████████████████                         | 100/200 [08:06<10:35,  6.35s/batch]
[10.09 14:06:34] ┇ INFO     ┇                             __main__ ┇ *  searching:  52%|██████████████████████████▎                       | 105/200 [08:09<02:21,  1.48s/batch]
[10.09 14:06:37] ┇ INFO     ┇                             __main__ ┇ *  searching:  55%|███████████████████████████▌                      | 110/200 [08:12<01:21,  1.10batch/s]
[10.09 14:07:13] ┇ INFO     ┇                             __main__ ┇ *  searching:  57%|████████████████████████████▋                     | 115/200 [08:48<09:51,  6.96s/batch]
[10.09 14:07:52] ┇ INFO     ┇                             __main__ ┇ *  searching:  60%|██████████████████████████████                    | 120/200 [09:27<09:48,  7.36s/batch]
[10.09 14:08:27] ┇ INFO     ┇                             __main__ ┇ *  searching:  62%|███████████████████████████████▎                  | 125/200 [10:02<08:44,  6.99s/batch]
[10.09 14:09:10] ┇ INFO     ┇                             __main__ ┇ *  searching:  65%|████████████████████████████████▌                 | 130/200 [10:45<10:00,  8.58s/batch]
[10.09 14:09:51] ┇ INFO     ┇                             __main__ ┇ *  searching:  68%|█████████████████████████████████▊                | 135/200 [11:26<08:57,  8.26s/batch]
[10.09 14:10:21] ┇ INFO     ┇                             __main__ ┇ *  searching:  70%|███████████████████████████████████               | 140/200 [11:56<05:48,  5.81s/batch]
[10.09 14:10:51] ┇ INFO     ┇                             __main__ ┇ *  searching:  72%|████████████████████████████████████▎             | 145/200 [12:26<05:51,  6.39s/batch]
[10.09 14:11:24] ┇ INFO     ┇                             __main__ ┇ *  searching:  75%|█████████████████████████████████████▌            | 150/200 [12:59<05:32,  6.65s/batch]
[10.09 14:11:56] ┇ INFO     ┇                             __main__ ┇ *  searching:  78%|██████████████████████████████████████▊           | 155/200 [13:31<04:50,  6.46s/batch]
[10.09 14:12:30] ┇ INFO     ┇                             __main__ ┇ *  searching:  80%|████████████████████████████████████████          | 160/200 [14:05<04:24,  6.60s/batch]
[10.09 14:13:07] ┇ INFO     ┇                             __main__ ┇ *  searching:  82%|█████████████████████████████████████████▎        | 165/200 [14:42<04:21,  7.48s/batch]
[10.09 14:13:39] ┇ INFO     ┇                             __main__ ┇ *  searching:  85%|██████████████████████████████████████████▌       | 170/200 [15:14<02:58,  5.95s/batch]
[10.09 14:14:15] ┇ INFO     ┇                             __main__ ┇ *  searching:  88%|███████████████████████████████████████████▊      | 175/200 [15:50<03:17,  7.90s/batch]
[10.09 14:15:00] ┇ INFO     ┇                             __main__ ┇ *  searching:  90%|█████████████████████████████████████████████     | 180/200 [16:35<02:59,  8.98s/batch]
[10.09 14:15:39] ┇ INFO     ┇                             __main__ ┇ *  searching:  92%|██████████████████████████████████████████████▎   | 185/200 [17:14<01:57,  7.83s/batch]
[10.09 14:16:12] ┇ INFO     ┇                             __main__ ┇ *  searching:  95%|███████████████████████████████████████████████▌  | 190/200 [17:47<01:11,  7.11s/batch]
[10.09 14:16:41] ┇ INFO     ┇                             __main__ ┇ *  searching:  98%|████████████████████████████████████████████████▊ | 195/200 [18:16<00:30,  6.13s/batch]
[10.09 14:17:08] ┇ INFO     ┇                             __main__ ┇ *  searching: 100%|██████████████████████████████████████████████████| 200/200 [18:43<00:00,  5.62s/batch]
[10.09 14:17:08] ┇ INFO     ┇                       chrisbase.data ┇ -----------------------------------------------------------------------------------------------------------------------------------------
[10.09 14:17:08] ┇ INFO     ┇                       chrisbase.data ┇ health status index                           uuid                   pri rep docs.count docs.deleted store.size pri.store.size
[10.09 14:17:08] ┇ INFO     ┇                       chrisbase.data ┇ yellow open   wikidata-20230920-search-kowiki QJnw-2w6RniOyUSnYqTeOQ   1   1     335072            0     70.7mb         70.7mb
[10.09 14:17:08] ┇ INFO     ┇                       chrisbase.data ┇ -----------------------------------------------------------------------------------------------------------------------------------------
[10.09 14:17:08] ┇ INFO     ┇                             __main__ ┇ Indexed 335072 items to [elastic@localhost:9810/wikidata-20230920-search-kowiki]
[10.09 14:17:09] ┇ INFO     ┇                       chrisbase.data ┇ =========================================================================================================================================
[10.09 14:17:09] ┇ INFO     ┇                       chrisbase.data ┇ [EXIT] python search_wikidata.py search wikidata --input-start 400000 --input-limit 200000 ($=00:18:43.752)
[10.09 14:17:09] ┇ INFO     ┇                       chrisbase.data ┇ =========================================================================================================================================
