[10.10 08:05:12] ┇ INFO     ┇                       chrisbase.data ┇ =========================================================================================================================================
[10.10 08:05:12] ┇ INFO     ┇                       chrisbase.data ┇ [INIT] python search_wikidata.py search run --input-limit 200000 --output-table-reset --output-index-reset
[10.10 08:05:12] ┇ INFO     ┇                       chrisbase.data ┇ =========================================================================================================================================
[10.10 08:05:13] ┇ INFO     ┇                       chrisbase.data ┇ -----+-----------------------+----------------------------------------------------------------------------------------------
[10.10 08:05:13] ┇ INFO     ┇                       chrisbase.data ┇    # | SearchArguments       | value
[10.10 08:05:13] ┇ INFO     ┇                       chrisbase.data ┇ -----+-----------------------+----------------------------------------------------------------------------------------------
[10.10 08:05:13] ┇ INFO     ┇                       chrisbase.data ┇    1 | env.project           | WiseData
[10.10 08:05:13] ┇ INFO     ┇                       chrisbase.data ┇    2 | env.job_name          | search_wikidata
[10.10 08:05:13] ┇ INFO     ┇                       chrisbase.data ┇    3 | env.hostname          | chrisBookPro.local
[10.10 08:05:13] ┇ INFO     ┇                       chrisbase.data ┇    4 | env.hostaddr          | 172.30.1.1
[10.10 08:05:13] ┇ INFO     ┇                       chrisbase.data ┇    5 | env.python_path       | /Users/chris/miniforge3/envs/WiseData-2023.08/bin/python
[10.10 08:05:13] ┇ INFO     ┇                       chrisbase.data ┇    6 | env.working_path      | /Users/chris/proj/WiseData-2023.08
[10.10 08:05:13] ┇ INFO     ┇                       chrisbase.data ┇    7 | env.running_file      | search_wikidata.py
[10.10 08:05:13] ┇ INFO     ┇                       chrisbase.data ┇    8 | env.command_args      | ['search', 'run', '--input-limit', '200000', '--output-table-reset', '--output-index-reset']
[10.10 08:05:13] ┇ INFO     ┇                       chrisbase.data ┇    9 | env.num_ip_addrs      | 0
[10.10 08:05:13] ┇ INFO     ┇                       chrisbase.data ┇   10 | env.max_workers       | 1
[10.10 08:05:13] ┇ INFO     ┇                       chrisbase.data ┇   11 | env.output_home       | output-search_wikidata
[10.10 08:05:13] ┇ INFO     ┇                       chrisbase.data ┇   12 | env.logging_file      | search-1010.080511.out
[10.10 08:05:13] ┇ INFO     ┇                       chrisbase.data ┇   13 | env.argument_file     | arguments-1010.080511.json
[10.10 08:05:13] ┇ INFO     ┇                       chrisbase.data ┇   14 | env.debugging         | False
[10.10 08:05:13] ┇ INFO     ┇                       chrisbase.data ┇   15 | env.msg_level         | 20
[10.10 08:05:13] ┇ INFO     ┇                       chrisbase.data ┇   16 | env.msg_format        | %(asctime)s ┇ %(levelname)-8s ┇ %(name)36s ┇ %(message)s
[10.10 08:05:13] ┇ INFO     ┇                       chrisbase.data ┇   17 | env.date_format       | [%m.%d %H:%M:%S]
[10.10 08:05:13] ┇ INFO     ┇                       chrisbase.data ┇   18 | env.time_stamp        | 1010.080511
[10.10 08:05:13] ┇ INFO     ┇                       chrisbase.data ┇   19 | input.start           | 0
[10.10 08:05:13] ┇ INFO     ┇                       chrisbase.data ┇   20 | input.limit           | 200000
[10.10 08:05:13] ┇ INFO     ┇                       chrisbase.data ┇   21 | input.batch           | 1000
[10.10 08:05:13] ┇ INFO     ┇                       chrisbase.data ┇   22 | input.inter           | 5000
[10.10 08:05:13] ┇ INFO     ┇                       chrisbase.data ┇   23 | input.table.home      | localhost:6382/wikimedia
[10.10 08:05:13] ┇ INFO     ┇                       chrisbase.data ┇   24 | input.table.name      | wikidata-20230920-parse-kowiki
[10.10 08:05:13] ┇ INFO     ┇                       chrisbase.data ┇   25 | input.table.user      |
[10.10 08:05:13] ┇ INFO     ┇                       chrisbase.data ┇   26 | input.table.pswd      |
[10.10 08:05:13] ┇ INFO     ┇                       chrisbase.data ┇   27 | input.table.reset     | False
[10.10 08:05:13] ┇ INFO     ┇                       chrisbase.data ┇   28 | input.table.strict    | False
[10.10 08:05:13] ┇ INFO     ┇                       chrisbase.data ┇   29 | input.table.sort      | _id
[10.10 08:05:13] ┇ INFO     ┇                       chrisbase.data ┇   30 | input.table.find      | {}
[10.10 08:05:13] ┇ INFO     ┇                       chrisbase.data ┇   31 | input.table.timeout   | 5000
[10.10 08:05:13] ┇ INFO     ┇                       chrisbase.data ┇   32 | input.index.home      | localhost:9810
[10.10 08:05:13] ┇ INFO     ┇                       chrisbase.data ┇   33 | input.index.name      | wikipedia-20230920-index-kowiki
[10.10 08:05:13] ┇ INFO     ┇                       chrisbase.data ┇   34 | input.index.user      | elastic
[10.10 08:05:13] ┇ INFO     ┇                       chrisbase.data ┇   35 | input.index.pswd      | cIrEP5OCwTLn0QIQwnsA
[10.10 08:05:13] ┇ INFO     ┇                       chrisbase.data ┇   36 | input.index.reset     | False
[10.10 08:05:13] ┇ INFO     ┇                       chrisbase.data ┇   37 | input.index.strict    | False
[10.10 08:05:13] ┇ INFO     ┇                       chrisbase.data ┇   38 | input.index.window    | 1000
[10.10 08:05:13] ┇ INFO     ┇                       chrisbase.data ┇   39 | input.index.scroll    | 3m
[10.10 08:05:13] ┇ INFO     ┇                       chrisbase.data ┇   40 | input.index.sort      |
[10.10 08:05:13] ┇ INFO     ┇                       chrisbase.data ┇   41 | input.index.timeout   | 10
[10.10 08:05:13] ┇ INFO     ┇                       chrisbase.data ┇   42 | input.index.retrial   | 3
[10.10 08:05:13] ┇ INFO     ┇                       chrisbase.data ┇   43 | input.index.create    |
[10.10 08:05:13] ┇ INFO     ┇                       chrisbase.data ┇   44 | output.table.home     | localhost:6382/wikimedia
[10.10 08:05:13] ┇ INFO     ┇                       chrisbase.data ┇   45 | output.table.name     | wikidata-20230920-search-kowiki
[10.10 08:05:13] ┇ INFO     ┇                       chrisbase.data ┇   46 | output.table.user     |
[10.10 08:05:13] ┇ INFO     ┇                       chrisbase.data ┇   47 | output.table.pswd     |
[10.10 08:05:13] ┇ INFO     ┇                       chrisbase.data ┇   48 | output.table.reset    | True
[10.10 08:05:13] ┇ INFO     ┇                       chrisbase.data ┇   49 | output.table.strict   | False
[10.10 08:05:13] ┇ INFO     ┇                       chrisbase.data ┇   50 | output.table.sort     | _id
[10.10 08:05:13] ┇ INFO     ┇                       chrisbase.data ┇   51 | output.table.find     | {}
[10.10 08:05:13] ┇ INFO     ┇                       chrisbase.data ┇   52 | output.table.timeout  | 5000
[10.10 08:05:13] ┇ INFO     ┇                       chrisbase.data ┇   53 | output.index.home     | localhost:9810
[10.10 08:05:13] ┇ INFO     ┇                       chrisbase.data ┇   54 | output.index.name     | wikidata-20230920-search-kowiki
[10.10 08:05:13] ┇ INFO     ┇                       chrisbase.data ┇   55 | output.index.user     | elastic
[10.10 08:05:13] ┇ INFO     ┇                       chrisbase.data ┇   56 | output.index.pswd     | cIrEP5OCwTLn0QIQwnsA
[10.10 08:05:13] ┇ INFO     ┇                       chrisbase.data ┇   57 | output.index.reset    | True
[10.10 08:05:13] ┇ INFO     ┇                       chrisbase.data ┇   58 | output.index.strict   | False
[10.10 08:05:13] ┇ INFO     ┇                       chrisbase.data ┇   59 | output.index.window   | 1000
[10.10 08:05:13] ┇ INFO     ┇                       chrisbase.data ┇   60 | output.index.scroll   | 3m
[10.10 08:05:13] ┇ INFO     ┇                       chrisbase.data ┇   61 | output.index.sort     |
[10.10 08:05:13] ┇ INFO     ┇                       chrisbase.data ┇   62 | output.index.timeout  | 10
[10.10 08:05:13] ┇ INFO     ┇                       chrisbase.data ┇   63 | output.index.retrial  | 3
[10.10 08:05:13] ┇ INFO     ┇                       chrisbase.data ┇   64 | output.index.create   |
[10.10 08:05:13] ┇ INFO     ┇                       chrisbase.data ┇   65 | filter.min_char       | 2
[10.10 08:05:13] ┇ INFO     ┇                       chrisbase.data ┇   66 | filter.max_char       | 20
[10.10 08:05:13] ┇ INFO     ┇                       chrisbase.data ┇   67 | filter.max_word       | 5
[10.10 08:05:13] ┇ INFO     ┇                       chrisbase.data ┇   68 | filter.min_hits       | 5
[10.10 08:05:13] ┇ INFO     ┇                       chrisbase.data ┇   69 | filter.max_hits       | 1000
[10.10 08:05:13] ┇ INFO     ┇                       chrisbase.data ┇   70 | filter.min_cooccur    | 3
[10.10 08:05:13] ┇ INFO     ┇                       chrisbase.data ┇   71 | filter.black_prop     | input/wikimedia/wikidata-black_prop-x.txt
[10.10 08:05:13] ┇ INFO     ┇                       chrisbase.data ┇   72 | filter.num_black_prop | 0
[10.10 08:05:13] ┇ INFO     ┇                       chrisbase.data ┇ -----+-----------------------+----------------------------------------------------------------------------------------------
[10.10 08:05:13] ┇ INFO     ┇                       chrisbase.data ┇ Drop an existing index: elastic@localhost:9810/wikidata-20230920-search-kowiki
[10.10 08:05:13] ┇ INFO     ┇                       chrisbase.data ┇ Created a new index: elastic@localhost:9810/wikidata-20230920-search-kowiki
[10.10 08:05:13] ┇ INFO     ┇                       chrisbase.data ┇ - option: keys=[]
[10.10 08:05:13] ┇ INFO     ┇                       chrisbase.data ┇ Drop an existing table: localhost:6382/wikimedia/wikidata-20230920-search-kowiki
[10.10 08:05:13] ┇ INFO     ┇                             __main__ ┇ Run SearchApp
[10.10 08:05:13] ┇ INFO     ┇                             __main__ ┇ - from: [MongoStreamer] [localhost:6382/wikimedia/wikidata-20230920-parse-kowiki](1018174)
[10.10 08:05:13] ┇ INFO     ┇                             __main__ ┇   => amount: 200 * 1000 (BatchItems)
[10.10 08:05:13] ┇ INFO     ┇                             __main__ ┇ - with: [ElasticStreamer] [elastic@localhost:9810/wikipedia-20230920-index-kowiki](2009658)
[10.10 08:05:13] ┇ INFO     ┇                             __main__ ┇   => filter: set_black_prop=set(), ...
[10.10 08:05:13] ┇ INFO     ┇                             __main__ ┇ - into: [ElasticStreamer] [elastic@localhost:9810/wikidata-20230920-search-kowiki](0)
[10.10 08:05:17] ┇ INFO     ┇                             __main__ ┇ *  searching:   2%|█▎                                                | 5/200 [00:04<02:27,  1.32batch/s]
[10.10 08:05:21] ┇ INFO     ┇                             __main__ ┇ *  searching:   5%|██▌                                               | 10/200 [00:08<02:26,  1.29batch/s]
[10.10 08:05:31] ┇ INFO     ┇                             __main__ ┇ *  searching:   8%|███▊                                              | 15/200 [00:18<05:44,  1.86s/batch]
[10.10 08:05:44] ┇ INFO     ┇                             __main__ ┇ *  searching:  10%|█████                                             | 20/200 [00:30<07:37,  2.54s/batch]
[10.10 08:06:15] ┇ INFO     ┇                             __main__ ┇ *  searching:  12%|██████▎                                           | 25/200 [01:01<17:12,  5.90s/batch]
[10.10 08:06:40] ┇ INFO     ┇                             __main__ ┇ *  searching:  15%|███████▌                                          | 30/200 [01:27<14:20,  5.06s/batch]
[10.10 08:07:04] ┇ INFO     ┇                             __main__ ┇ *  searching:  18%|████████▊                                         | 35/200 [01:50<14:07,  5.13s/batch]
[10.10 08:07:26] ┇ INFO     ┇                             __main__ ┇ *  searching:  20%|██████████                                        | 40/200 [02:13<12:12,  4.58s/batch]
[10.10 08:07:42] ┇ INFO     ┇                             __main__ ┇ *  searching:  22%|███████████▎                                      | 45/200 [02:28<08:32,  3.31s/batch]
[10.10 08:07:57] ┇ INFO     ┇                             __main__ ┇ *  searching:  25%|████████████▌                                     | 50/200 [02:44<06:38,  2.66s/batch]
[10.10 08:08:03] ┇ INFO     ┇                             __main__ ┇ *  searching:  28%|█████████████▊                                    | 55/200 [02:49<03:18,  1.37s/batch]
[10.10 08:08:11] ┇ INFO     ┇                             __main__ ┇ *  searching:  30%|███████████████                                   | 60/200 [02:57<03:23,  1.46s/batch]
[10.10 08:08:27] ┇ INFO     ┇                             __main__ ┇ *  searching:  32%|████████████████▎                                 | 65/200 [03:13<06:29,  2.89s/batch]
[10.10 08:08:42] ┇ INFO     ┇                             __main__ ┇ *  searching:  35%|█████████████████▌                                | 70/200 [03:28<07:06,  3.28s/batch]
[10.10 08:09:03] ┇ INFO     ┇                             __main__ ┇ *  searching:  38%|██████████████████▊                               | 75/200 [03:49<08:39,  4.16s/batch]
[10.10 08:09:22] ┇ INFO     ┇                             __main__ ┇ *  searching:  40%|████████████████████                              | 80/200 [04:09<08:17,  4.15s/batch]
[10.10 08:09:44] ┇ INFO     ┇                             __main__ ┇ *  searching:  42%|█████████████████████▎                            | 85/200 [04:31<08:30,  4.44s/batch]
[10.10 08:10:04] ┇ INFO     ┇                             __main__ ┇ *  searching:  45%|██████████████████████▌                           | 90/200 [04:51<07:20,  4.00s/batch]
[10.10 08:10:24] ┇ INFO     ┇                             __main__ ┇ *  searching:  48%|███████████████████████▊                          | 95/200 [05:11<06:56,  3.97s/batch]
[10.10 08:10:43] ┇ INFO     ┇                             __main__ ┇ *  searching:  50%|█████████████████████████                         | 100/200 [05:29<06:33,  3.93s/batch]
[10.10 08:10:55] ┇ INFO     ┇                             __main__ ┇ *  searching:  52%|██████████████████████████▎                       | 105/200 [05:42<03:18,  2.09s/batch]
[10.10 08:10:59] ┇ INFO     ┇                             __main__ ┇ *  searching:  55%|███████████████████████████▌                      | 110/200 [05:45<01:33,  1.04s/batch]
[10.10 08:11:05] ┇ INFO     ┇                             __main__ ┇ *  searching:  57%|████████████████████████████▋                     | 115/200 [05:51<01:43,  1.22s/batch]
[10.10 08:11:27] ┇ INFO     ┇                             __main__ ┇ *  searching:  60%|██████████████████████████████                    | 120/200 [06:13<05:47,  4.35s/batch]
[10.10 08:11:53] ┇ INFO     ┇                             __main__ ┇ *  searching:  62%|███████████████████████████████▎                  | 125/200 [06:39<06:20,  5.07s/batch]
[10.10 08:12:16] ┇ INFO     ┇                             __main__ ┇ *  searching:  65%|████████████████████████████████▌                 | 130/200 [07:03<06:00,  5.15s/batch]
[10.10 08:12:38] ┇ INFO     ┇                             __main__ ┇ *  searching:  68%|█████████████████████████████████▊                | 135/200 [07:24<03:47,  3.50s/batch]
[10.10 08:12:53] ┇ INFO     ┇                             __main__ ┇ *  searching:  70%|███████████████████████████████████               | 140/200 [07:39<03:25,  3.43s/batch]
[10.10 08:13:06] ┇ INFO     ┇                             __main__ ┇ *  searching:  72%|████████████████████████████████████▎             | 145/200 [07:52<02:15,  2.47s/batch]
[10.10 08:13:18] ┇ INFO     ┇                             __main__ ┇ *  searching:  75%|█████████████████████████████████████▌            | 150/200 [08:04<02:02,  2.44s/batch]
[10.10 08:13:29] ┇ INFO     ┇                             __main__ ┇ *  searching:  78%|██████████████████████████████████████▊           | 155/200 [08:15<01:40,  2.24s/batch]
[10.10 08:13:42] ┇ INFO     ┇                             __main__ ┇ *  searching:  80%|████████████████████████████████████████          | 160/200 [08:28<01:50,  2.75s/batch]
[10.10 08:13:58] ┇ INFO     ┇                             __main__ ┇ *  searching:  82%|█████████████████████████████████████████▎        | 165/200 [08:45<01:46,  3.03s/batch]
[10.10 08:14:09] ┇ INFO     ┇                             __main__ ┇ *  searching:  85%|██████████████████████████████████████████▌       | 170/200 [08:56<01:09,  2.31s/batch]
[10.10 08:14:34] ┇ INFO     ┇                             __main__ ┇ *  searching:  88%|███████████████████████████████████████████▊      | 175/200 [09:21<02:20,  5.60s/batch]
[10.10 08:15:07] ┇ INFO     ┇                             __main__ ┇ *  searching:  90%|█████████████████████████████████████████████     | 180/200 [09:54<01:49,  5.48s/batch]
[10.10 08:15:23] ┇ INFO     ┇                             __main__ ┇ *  searching:  92%|██████████████████████████████████████████████▎   | 185/200 [10:09<00:51,  3.47s/batch]
[10.10 08:15:42] ┇ INFO     ┇                             __main__ ┇ *  searching:  95%|███████████████████████████████████████████████▌  | 190/200 [10:28<00:39,  3.97s/batch]
[10.10 08:16:08] ┇ INFO     ┇                             __main__ ┇ *  searching:  98%|████████████████████████████████████████████████▊ | 195/200 [10:55<00:24,  4.85s/batch]
[10.10 08:16:36] ┇ INFO     ┇                             __main__ ┇ *  searching: 100%|██████████████████████████████████████████████████| 200/200 [11:23<00:00,  3.42s/batch]
[10.10 08:16:36] ┇ INFO     ┇                       chrisbase.data ┇ -----------------------------------------------------------------------------------------------------------------------------------------
[10.10 08:16:36] ┇ INFO     ┇                       chrisbase.data ┇ health status index                           uuid                   pri rep docs.count docs.deleted store.size pri.store.size
[10.10 08:16:36] ┇ INFO     ┇                       chrisbase.data ┇ yellow open   wikidata-20230920-search-kowiki X505EepdT2K_lXeObCYkrw   1   1      96533            0       21mb           21mb
[10.10 08:16:36] ┇ INFO     ┇                       chrisbase.data ┇ -----------------------------------------------------------------------------------------------------------------------------------------
[10.10 08:16:36] ┇ INFO     ┇                             __main__ ┇ Indexed 96533 items to [elastic@localhost:9810/wikidata-20230920-search-kowiki]
[10.10 08:16:37] ┇ INFO     ┇                       chrisbase.data ┇ =========================================================================================================================================
[10.10 08:16:37] ┇ INFO     ┇                       chrisbase.data ┇ [EXIT] python search_wikidata.py search run --input-limit 200000 --output-table-reset --output-index-reset ($=00:11:23.587)
[10.10 08:16:37] ┇ INFO     ┇                       chrisbase.data ┇ =========================================================================================================================================
