[10.10 08:05:16] ┇ INFO     ┇                       chrisbase.data ┇ =========================================================================================================================================
[10.10 08:05:16] ┇ INFO     ┇                       chrisbase.data ┇ [INIT] python search_wikidata.py search run --input-start 200000 --input-limit 200000
[10.10 08:05:16] ┇ INFO     ┇                       chrisbase.data ┇ =========================================================================================================================================
[10.10 08:05:17] ┇ INFO     ┇                       chrisbase.data ┇ -----+-----------------------+-------------------------------------------------------------------------
[10.10 08:05:17] ┇ INFO     ┇                       chrisbase.data ┇    # | SearchArguments       | value
[10.10 08:05:17] ┇ INFO     ┇                       chrisbase.data ┇ -----+-----------------------+-------------------------------------------------------------------------
[10.10 08:05:17] ┇ INFO     ┇                       chrisbase.data ┇    1 | env.project           | WiseData
[10.10 08:05:17] ┇ INFO     ┇                       chrisbase.data ┇    2 | env.job_name          | search_wikidata
[10.10 08:05:17] ┇ INFO     ┇                       chrisbase.data ┇    3 | env.hostname          | chrisBookPro.local
[10.10 08:05:17] ┇ INFO     ┇                       chrisbase.data ┇    4 | env.hostaddr          | 172.30.1.1
[10.10 08:05:17] ┇ INFO     ┇                       chrisbase.data ┇    5 | env.python_path       | /Users/chris/miniforge3/envs/WiseData-2023.08/bin/python
[10.10 08:05:17] ┇ INFO     ┇                       chrisbase.data ┇    6 | env.working_path      | /Users/chris/proj/WiseData-2023.08
[10.10 08:05:17] ┇ INFO     ┇                       chrisbase.data ┇    7 | env.running_file      | search_wikidata.py
[10.10 08:05:17] ┇ INFO     ┇                       chrisbase.data ┇    8 | env.command_args      | ['search', 'run', '--input-start', '200000', '--input-limit', '200000']
[10.10 08:05:17] ┇ INFO     ┇                       chrisbase.data ┇    9 | env.num_ip_addrs      | 0
[10.10 08:05:17] ┇ INFO     ┇                       chrisbase.data ┇   10 | env.max_workers       | 1
[10.10 08:05:17] ┇ INFO     ┇                       chrisbase.data ┇   11 | env.output_home       | output-search_wikidata
[10.10 08:05:17] ┇ INFO     ┇                       chrisbase.data ┇   12 | env.logging_file      | search-1010.080515.out
[10.10 08:05:17] ┇ INFO     ┇                       chrisbase.data ┇   13 | env.argument_file     | arguments-1010.080515.json
[10.10 08:05:17] ┇ INFO     ┇                       chrisbase.data ┇   14 | env.debugging         | False
[10.10 08:05:17] ┇ INFO     ┇                       chrisbase.data ┇   15 | env.msg_level         | 20
[10.10 08:05:17] ┇ INFO     ┇                       chrisbase.data ┇   16 | env.msg_format        | %(asctime)s ┇ %(levelname)-8s ┇ %(name)36s ┇ %(message)s
[10.10 08:05:17] ┇ INFO     ┇                       chrisbase.data ┇   17 | env.date_format       | [%m.%d %H:%M:%S]
[10.10 08:05:17] ┇ INFO     ┇                       chrisbase.data ┇   18 | env.time_stamp        | 1010.080515
[10.10 08:05:17] ┇ INFO     ┇                       chrisbase.data ┇   19 | input.start           | 200000
[10.10 08:05:17] ┇ INFO     ┇                       chrisbase.data ┇   20 | input.limit           | 200000
[10.10 08:05:17] ┇ INFO     ┇                       chrisbase.data ┇   21 | input.batch           | 1000
[10.10 08:05:17] ┇ INFO     ┇                       chrisbase.data ┇   22 | input.inter           | 5000
[10.10 08:05:17] ┇ INFO     ┇                       chrisbase.data ┇   23 | input.table.home      | localhost:6382/wikimedia
[10.10 08:05:17] ┇ INFO     ┇                       chrisbase.data ┇   24 | input.table.name      | wikidata-20230920-parse-kowiki
[10.10 08:05:17] ┇ INFO     ┇                       chrisbase.data ┇   25 | input.table.user      |
[10.10 08:05:17] ┇ INFO     ┇                       chrisbase.data ┇   26 | input.table.pswd      |
[10.10 08:05:17] ┇ INFO     ┇                       chrisbase.data ┇   27 | input.table.reset     | False
[10.10 08:05:17] ┇ INFO     ┇                       chrisbase.data ┇   28 | input.table.strict    | False
[10.10 08:05:17] ┇ INFO     ┇                       chrisbase.data ┇   29 | input.table.sort      | _id
[10.10 08:05:17] ┇ INFO     ┇                       chrisbase.data ┇   30 | input.table.find      | {}
[10.10 08:05:17] ┇ INFO     ┇                       chrisbase.data ┇   31 | input.table.timeout   | 5000
[10.10 08:05:17] ┇ INFO     ┇                       chrisbase.data ┇   32 | input.index.home      | localhost:9810
[10.10 08:05:17] ┇ INFO     ┇                       chrisbase.data ┇   33 | input.index.name      | wikipedia-20230920-index-kowiki
[10.10 08:05:17] ┇ INFO     ┇                       chrisbase.data ┇   34 | input.index.user      | elastic
[10.10 08:05:17] ┇ INFO     ┇                       chrisbase.data ┇   35 | input.index.pswd      | cIrEP5OCwTLn0QIQwnsA
[10.10 08:05:17] ┇ INFO     ┇                       chrisbase.data ┇   36 | input.index.reset     | False
[10.10 08:05:17] ┇ INFO     ┇                       chrisbase.data ┇   37 | input.index.strict    | False
[10.10 08:05:17] ┇ INFO     ┇                       chrisbase.data ┇   38 | input.index.window    | 1000
[10.10 08:05:17] ┇ INFO     ┇                       chrisbase.data ┇   39 | input.index.scroll    | 3m
[10.10 08:05:17] ┇ INFO     ┇                       chrisbase.data ┇   40 | input.index.sort      |
[10.10 08:05:17] ┇ INFO     ┇                       chrisbase.data ┇   41 | input.index.timeout   | 10
[10.10 08:05:17] ┇ INFO     ┇                       chrisbase.data ┇   42 | input.index.retrial   | 3
[10.10 08:05:17] ┇ INFO     ┇                       chrisbase.data ┇   43 | input.index.create    |
[10.10 08:05:17] ┇ INFO     ┇                       chrisbase.data ┇   44 | output.table.home     | localhost:6382/wikimedia
[10.10 08:05:17] ┇ INFO     ┇                       chrisbase.data ┇   45 | output.table.name     | wikidata-20230920-search-kowiki
[10.10 08:05:17] ┇ INFO     ┇                       chrisbase.data ┇   46 | output.table.user     |
[10.10 08:05:17] ┇ INFO     ┇                       chrisbase.data ┇   47 | output.table.pswd     |
[10.10 08:05:17] ┇ INFO     ┇                       chrisbase.data ┇   48 | output.table.reset    | False
[10.10 08:05:17] ┇ INFO     ┇                       chrisbase.data ┇   49 | output.table.strict   | False
[10.10 08:05:17] ┇ INFO     ┇                       chrisbase.data ┇   50 | output.table.sort     | _id
[10.10 08:05:17] ┇ INFO     ┇                       chrisbase.data ┇   51 | output.table.find     | {}
[10.10 08:05:17] ┇ INFO     ┇                       chrisbase.data ┇   52 | output.table.timeout  | 5000
[10.10 08:05:17] ┇ INFO     ┇                       chrisbase.data ┇   53 | output.index.home     | localhost:9810
[10.10 08:05:17] ┇ INFO     ┇                       chrisbase.data ┇   54 | output.index.name     | wikidata-20230920-search-kowiki
[10.10 08:05:17] ┇ INFO     ┇                       chrisbase.data ┇   55 | output.index.user     | elastic
[10.10 08:05:17] ┇ INFO     ┇                       chrisbase.data ┇   56 | output.index.pswd     | cIrEP5OCwTLn0QIQwnsA
[10.10 08:05:17] ┇ INFO     ┇                       chrisbase.data ┇   57 | output.index.reset    | False
[10.10 08:05:17] ┇ INFO     ┇                       chrisbase.data ┇   58 | output.index.strict   | False
[10.10 08:05:17] ┇ INFO     ┇                       chrisbase.data ┇   59 | output.index.window   | 1000
[10.10 08:05:17] ┇ INFO     ┇                       chrisbase.data ┇   60 | output.index.scroll   | 3m
[10.10 08:05:17] ┇ INFO     ┇                       chrisbase.data ┇   61 | output.index.sort     |
[10.10 08:05:17] ┇ INFO     ┇                       chrisbase.data ┇   62 | output.index.timeout  | 10
[10.10 08:05:17] ┇ INFO     ┇                       chrisbase.data ┇   63 | output.index.retrial  | 3
[10.10 08:05:17] ┇ INFO     ┇                       chrisbase.data ┇   64 | output.index.create   |
[10.10 08:05:17] ┇ INFO     ┇                       chrisbase.data ┇   65 | filter.min_char       | 2
[10.10 08:05:17] ┇ INFO     ┇                       chrisbase.data ┇   66 | filter.max_char       | 20
[10.10 08:05:17] ┇ INFO     ┇                       chrisbase.data ┇   67 | filter.max_word       | 5
[10.10 08:05:17] ┇ INFO     ┇                       chrisbase.data ┇   68 | filter.min_hits       | 5
[10.10 08:05:17] ┇ INFO     ┇                       chrisbase.data ┇   69 | filter.max_hits       | 1000
[10.10 08:05:17] ┇ INFO     ┇                       chrisbase.data ┇   70 | filter.min_cooccur    | 3
[10.10 08:05:17] ┇ INFO     ┇                       chrisbase.data ┇   71 | filter.black_prop     | input/wikimedia/wikidata-black_prop-x.txt
[10.10 08:05:17] ┇ INFO     ┇                       chrisbase.data ┇   72 | filter.num_black_prop | 0
[10.10 08:05:17] ┇ INFO     ┇                       chrisbase.data ┇ -----+-----------------------+-------------------------------------------------------------------------
[10.10 08:05:17] ┇ INFO     ┇                             __main__ ┇ Run SearchApp
[10.10 08:05:17] ┇ INFO     ┇                             __main__ ┇ - from: [MongoStreamer] [localhost:6382/wikimedia/wikidata-20230920-parse-kowiki](1018174)
[10.10 08:05:17] ┇ INFO     ┇                             __main__ ┇   => amount: 200 * 1000 (BatchItems)
[10.10 08:05:17] ┇ INFO     ┇                             __main__ ┇ - with: [ElasticStreamer] [elastic@localhost:9810/wikipedia-20230920-index-kowiki](2009658)
[10.10 08:05:17] ┇ INFO     ┇                             __main__ ┇   => filter: set_black_prop=set(), ...
[10.10 08:05:17] ┇ INFO     ┇                             __main__ ┇ - into: [ElasticStreamer] [elastic@localhost:9810/wikidata-20230920-search-kowiki](0)
[10.10 08:05:42] ┇ INFO     ┇                             __main__ ┇ *  searching:   2%|█▎                                                | 5/200 [00:24<09:54,  3.05s/batch]
[10.10 08:06:08] ┇ INFO     ┇                             __main__ ┇ *  searching:   5%|██▌                                               | 10/200 [00:51<16:44,  5.29s/batch]
[10.10 08:06:34] ┇ INFO     ┇                             __main__ ┇ *  searching:   8%|███▊                                              | 15/200 [01:17<16:31,  5.36s/batch]
[10.10 08:06:51] ┇ INFO     ┇                             __main__ ┇ *  searching:  10%|█████                                             | 20/200 [01:34<11:01,  3.68s/batch]
[10.10 08:07:30] ┇ INFO     ┇                             __main__ ┇ *  searching:  12%|██████▎                                           | 25/200 [02:13<21:05,  7.23s/batch]
[10.10 08:07:59] ┇ INFO     ┇                             __main__ ┇ *  searching:  15%|███████▌                                          | 30/200 [02:41<16:32,  5.84s/batch]
[10.10 08:08:17] ┇ INFO     ┇                             __main__ ┇ *  searching:  18%|████████▊                                         | 35/200 [03:00<11:33,  4.20s/batch]
[10.10 08:08:31] ┇ INFO     ┇                             __main__ ┇ *  searching:  20%|██████████                                        | 40/200 [03:14<07:00,  2.63s/batch]
[10.10 08:08:44] ┇ INFO     ┇                             __main__ ┇ *  searching:  22%|███████████▎                                      | 45/200 [03:27<06:55,  2.68s/batch]
[10.10 08:08:56] ┇ INFO     ┇                             __main__ ┇ *  searching:  25%|████████████▌                                     | 50/200 [03:39<06:15,  2.50s/batch]
[10.10 08:09:11] ┇ INFO     ┇                             __main__ ┇ *  searching:  28%|█████████████▊                                    | 55/200 [03:54<06:54,  2.86s/batch]
[10.10 08:09:27] ┇ INFO     ┇                             __main__ ┇ *  searching:  30%|███████████████                                   | 60/200 [04:10<07:07,  3.05s/batch]
[10.10 08:10:02] ┇ INFO     ┇                             __main__ ┇ *  searching:  32%|████████████████▎                                 | 65/200 [04:45<13:59,  6.22s/batch]
[10.10 08:10:13] ┇ INFO     ┇                             __main__ ┇ *  searching:  35%|█████████████████▌                                | 70/200 [04:56<05:32,  2.56s/batch]
[10.10 08:10:41] ┇ INFO     ┇                             __main__ ┇ *  searching:  38%|██████████████████▊                               | 75/200 [05:24<11:07,  5.34s/batch]
[10.10 08:11:04] ┇ INFO     ┇                             __main__ ┇ *  searching:  40%|████████████████████                              | 80/200 [05:47<09:00,  4.50s/batch]
[10.10 08:11:23] ┇ INFO     ┇                             __main__ ┇ *  searching:  42%|█████████████████████▎                            | 85/200 [06:06<07:33,  3.95s/batch]
[10.10 08:11:41] ┇ INFO     ┇                             __main__ ┇ *  searching:  45%|██████████████████████▌                           | 90/200 [06:24<06:29,  3.54s/batch]
[10.10 08:12:11] ┇ INFO     ┇                             __main__ ┇ *  searching:  48%|███████████████████████▊                          | 95/200 [06:53<09:06,  5.20s/batch]
[10.10 08:12:34] ┇ INFO     ┇                             __main__ ┇ *  searching:  50%|█████████████████████████                         | 100/200 [07:17<08:21,  5.02s/batch]
[10.10 08:12:54] ┇ INFO     ┇                             __main__ ┇ *  searching:  52%|██████████████████████████▎                       | 105/200 [07:37<05:26,  3.43s/batch]
[10.10 08:13:01] ┇ INFO     ┇                             __main__ ┇ *  searching:  55%|███████████████████████████▌                      | 110/200 [07:43<02:05,  1.39s/batch]
[10.10 08:13:15] ┇ INFO     ┇                             __main__ ┇ *  searching:  57%|████████████████████████████▋                     | 115/200 [07:57<04:24,  3.11s/batch]
[10.10 08:13:21] ┇ INFO     ┇                             __main__ ┇ *  searching:  60%|██████████████████████████████                    | 120/200 [08:03<01:41,  1.27s/batch]
[10.10 08:13:33] ┇ INFO     ┇                             __main__ ┇ *  searching:  62%|███████████████████████████████▎                  | 125/200 [08:16<03:56,  3.15s/batch]
[10.10 08:14:05] ┇ INFO     ┇                             __main__ ┇ *  searching:  65%|████████████████████████████████▌                 | 130/200 [08:47<06:53,  5.91s/batch]
[10.10 08:14:38] ┇ INFO     ┇                             __main__ ┇ *  searching:  68%|█████████████████████████████████▊                | 135/200 [09:21<06:12,  5.74s/batch]
[10.10 08:14:56] ┇ INFO     ┇                             __main__ ┇ *  searching:  70%|███████████████████████████████████               | 140/200 [09:39<03:54,  3.90s/batch]
[10.10 08:15:15] ┇ INFO     ┇                             __main__ ┇ *  searching:  72%|████████████████████████████████████▎             | 145/200 [09:57<03:45,  4.10s/batch]
[10.10 08:15:45] ┇ INFO     ┇                             __main__ ┇ *  searching:  75%|█████████████████████████████████████▌            | 150/200 [10:27<04:11,  5.02s/batch]
[10.10 08:16:08] ┇ INFO     ┇                             __main__ ┇ *  searching:  78%|██████████████████████████████████████▊           | 155/200 [10:51<03:36,  4.81s/batch]
[10.10 08:16:29] ┇ INFO     ┇                             __main__ ┇ *  searching:  80%|████████████████████████████████████████          | 160/200 [11:11<02:10,  3.25s/batch]
[10.10 08:16:41] ┇ INFO     ┇                             __main__ ┇ *  searching:  82%|█████████████████████████████████████████▎        | 165/200 [11:24<01:54,  3.26s/batch]
[10.10 08:16:59] ┇ INFO     ┇                             __main__ ┇ *  searching:  85%|██████████████████████████████████████████▌       | 170/200 [11:42<02:16,  4.57s/batch]
[10.10 08:17:28] ┇ INFO     ┇                             __main__ ┇ *  searching:  88%|███████████████████████████████████████████▊      | 175/200 [12:11<02:07,  5.11s/batch]
[10.10 08:17:53] ┇ INFO     ┇                             __main__ ┇ *  searching:  90%|█████████████████████████████████████████████     | 180/200 [12:35<01:41,  5.05s/batch]
[10.10 08:18:17] ┇ INFO     ┇                             __main__ ┇ *  searching:  92%|██████████████████████████████████████████████▎   | 185/200 [13:00<01:08,  4.54s/batch]
[10.10 08:18:33] ┇ INFO     ┇                             __main__ ┇ *  searching:  95%|███████████████████████████████████████████████▌  | 190/200 [13:15<00:33,  3.33s/batch]
[10.10 08:18:54] ┇ INFO     ┇                             __main__ ┇ *  searching:  98%|████████████████████████████████████████████████▊ | 195/200 [13:36<00:23,  4.76s/batch]
[10.10 08:19:23] ┇ INFO     ┇                             __main__ ┇ *  searching: 100%|██████████████████████████████████████████████████| 200/200 [14:06<00:00,  4.23s/batch]
[10.10 08:19:23] ┇ INFO     ┇                       chrisbase.data ┇ -----------------------------------------------------------------------------------------------------------------------------------------
[10.10 08:19:23] ┇ INFO     ┇                       chrisbase.data ┇ health status index                           uuid                   pri rep docs.count docs.deleted store.size pri.store.size
[10.10 08:19:23] ┇ INFO     ┇                       chrisbase.data ┇ yellow open   wikidata-20230920-search-kowiki X505EepdT2K_lXeObCYkrw   1   1     108824            0     24.4mb         24.4mb
[10.10 08:19:23] ┇ INFO     ┇                       chrisbase.data ┇ -----------------------------------------------------------------------------------------------------------------------------------------
[10.10 08:19:23] ┇ INFO     ┇                             __main__ ┇ Indexed 108824 items to [elastic@localhost:9810/wikidata-20230920-search-kowiki]
[10.10 08:19:24] ┇ INFO     ┇                       chrisbase.data ┇ =========================================================================================================================================
[10.10 08:19:24] ┇ INFO     ┇                       chrisbase.data ┇ [EXIT] python search_wikidata.py search run --input-start 200000 --input-limit 200000 ($=00:14:06.802)
[10.10 08:19:24] ┇ INFO     ┇                       chrisbase.data ┇ =========================================================================================================================================
