[10.07 07:59:23] ┇ INFO     ┇                       chrisbase.data ┇ =========================================================================================================================================
[10.07 07:59:23] ┇ INFO     ┇                       chrisbase.data ┇ [INIT] python search_wikidata.py search --input-start 600000 --input-limit 200000
[10.07 07:59:23] ┇ INFO     ┇                       chrisbase.data ┇ =========================================================================================================================================
[10.07 07:59:24] ┇ INFO     ┇                       chrisbase.data ┇ -----+-----------------------+------------------------------------------------------------------
[10.07 07:59:24] ┇ INFO     ┇                       chrisbase.data ┇    # | SearchArguments       | value
[10.07 07:59:24] ┇ INFO     ┇                       chrisbase.data ┇ -----+-----------------------+------------------------------------------------------------------
[10.07 07:59:24] ┇ INFO     ┇                       chrisbase.data ┇    1 | env.project           | WiseData
[10.07 07:59:24] ┇ INFO     ┇                       chrisbase.data ┇    2 | env.job_name          | search_wikidata
[10.07 07:59:24] ┇ INFO     ┇                       chrisbase.data ┇    3 | env.hostname          | chrisBookPro.local
[10.07 07:59:24] ┇ INFO     ┇                       chrisbase.data ┇    4 | env.hostaddr          | 192.168.0.2
[10.07 07:59:24] ┇ INFO     ┇                       chrisbase.data ┇    5 | env.python_path       | /Users/chris/miniforge3/envs/WiseData-2023.08/bin/python
[10.07 07:59:24] ┇ INFO     ┇                       chrisbase.data ┇    6 | env.working_path      | /Users/chris/proj/WiseData-2023.08
[10.07 07:59:24] ┇ INFO     ┇                       chrisbase.data ┇    7 | env.running_file      | search_wikidata.py
[10.07 07:59:24] ┇ INFO     ┇                       chrisbase.data ┇    8 | env.command_args      | ['search', '--input-start', '600000', '--input-limit', '200000']
[10.07 07:59:24] ┇ INFO     ┇                       chrisbase.data ┇    9 | env.num_ip_addrs      | 0
[10.07 07:59:24] ┇ INFO     ┇                       chrisbase.data ┇   10 | env.max_workers       | 1
[10.07 07:59:24] ┇ INFO     ┇                       chrisbase.data ┇   11 | env.output_home       | output-search_wikidata
[10.07 07:59:24] ┇ INFO     ┇                       chrisbase.data ┇   12 | env.logging_file      | logging-1007.075922.out
[10.07 07:59:24] ┇ INFO     ┇                       chrisbase.data ┇   13 | env.argument_file     | arguments-1007.075922.json
[10.07 07:59:24] ┇ INFO     ┇                       chrisbase.data ┇   14 | env.debugging         | False
[10.07 07:59:24] ┇ INFO     ┇                       chrisbase.data ┇   15 | env.msg_level         | 20
[10.07 07:59:24] ┇ INFO     ┇                       chrisbase.data ┇   16 | env.msg_format        | %(asctime)s ┇ %(levelname)-8s ┇ %(name)36s ┇ %(message)s
[10.07 07:59:24] ┇ INFO     ┇                       chrisbase.data ┇   17 | env.date_format       | [%m.%d %H:%M:%S]
[10.07 07:59:24] ┇ INFO     ┇                       chrisbase.data ┇   18 | env.time_stamp        | 1007.075922
[10.07 07:59:24] ┇ INFO     ┇                       chrisbase.data ┇   19 | input.start           | 600000
[10.07 07:59:24] ┇ INFO     ┇                       chrisbase.data ┇   20 | input.limit           | 200000
[10.07 07:59:24] ┇ INFO     ┇                       chrisbase.data ┇   21 | input.batch           | 1000
[10.07 07:59:24] ┇ INFO     ┇                       chrisbase.data ┇   22 | input.inter           | 5000
[10.07 07:59:24] ┇ INFO     ┇                       chrisbase.data ┇   23 | input.total           | 1018174
[10.07 07:59:24] ┇ INFO     ┇                       chrisbase.data ┇   24 | input.index.home      | localhost:9810
[10.07 07:59:24] ┇ INFO     ┇                       chrisbase.data ┇   25 | input.index.name      | wikipedia-20230920-index-kowiki
[10.07 07:59:24] ┇ INFO     ┇                       chrisbase.data ┇   26 | input.index.user      | elastic
[10.07 07:59:24] ┇ INFO     ┇                       chrisbase.data ┇   27 | input.index.pswd      | cIrEP5OCwTLn0QIQwnsA
[10.07 07:59:24] ┇ INFO     ┇                       chrisbase.data ┇   28 | input.index.reset     | False
[10.07 07:59:24] ┇ INFO     ┇                       chrisbase.data ┇   29 | input.index.strict    | True
[10.07 07:59:24] ┇ INFO     ┇                       chrisbase.data ┇   30 | input.index.timeout   | 10
[10.07 07:59:24] ┇ INFO     ┇                       chrisbase.data ┇   31 | input.index.retrial   | 3
[10.07 07:59:24] ┇ INFO     ┇                       chrisbase.data ┇   32 | input.index.create    |
[10.07 07:59:24] ┇ INFO     ┇                       chrisbase.data ┇   33 | input.table.home      | localhost:6382/wikimedia
[10.07 07:59:24] ┇ INFO     ┇                       chrisbase.data ┇   34 | input.table.name      | wikidata-20230920-parse-kowiki
[10.07 07:59:24] ┇ INFO     ┇                       chrisbase.data ┇   35 | input.table.sort      | _id
[10.07 07:59:24] ┇ INFO     ┇                       chrisbase.data ┇   36 | input.table.find      | {}
[10.07 07:59:24] ┇ INFO     ┇                       chrisbase.data ┇   37 | input.table.reset     | False
[10.07 07:59:24] ┇ INFO     ┇                       chrisbase.data ┇   38 | input.table.strict    | True
[10.07 07:59:24] ┇ INFO     ┇                       chrisbase.data ┇   39 | input.table.timeout   | 5000
[10.07 07:59:24] ┇ INFO     ┇                       chrisbase.data ┇   40 | output.table.home     | localhost:6382/wikimedia
[10.07 07:59:24] ┇ INFO     ┇                       chrisbase.data ┇   41 | output.table.name     | wikidata-20230920-search-kowiki
[10.07 07:59:24] ┇ INFO     ┇                       chrisbase.data ┇   42 | output.table.sort     | _id
[10.07 07:59:24] ┇ INFO     ┇                       chrisbase.data ┇   43 | output.table.find     | {}
[10.07 07:59:24] ┇ INFO     ┇                       chrisbase.data ┇   44 | output.table.reset    | False
[10.07 07:59:24] ┇ INFO     ┇                       chrisbase.data ┇   45 | output.table.strict   | True
[10.07 07:59:24] ┇ INFO     ┇                       chrisbase.data ┇   46 | output.table.timeout  | 5000
[10.07 07:59:24] ┇ INFO     ┇                       chrisbase.data ┇   47 | filter.min_char       | 2
[10.07 07:59:24] ┇ INFO     ┇                       chrisbase.data ┇   48 | filter.max_char       | 20
[10.07 07:59:24] ┇ INFO     ┇                       chrisbase.data ┇   49 | filter.max_word       | 5
[10.07 07:59:24] ┇ INFO     ┇                       chrisbase.data ┇   50 | filter.min_hits       | 3
[10.07 07:59:24] ┇ INFO     ┇                       chrisbase.data ┇   51 | filter.max_hits       | 1000
[10.07 07:59:24] ┇ INFO     ┇                       chrisbase.data ┇   52 | filter.min_cooccur    | 1
[10.07 07:59:24] ┇ INFO     ┇                       chrisbase.data ┇   53 | filter.black_prop     | .
[10.07 07:59:24] ┇ INFO     ┇                       chrisbase.data ┇   54 | filter.num_black_prop | 0
[10.07 07:59:24] ┇ INFO     ┇                       chrisbase.data ┇ -----+-----------------------+------------------------------------------------------------------
[10.07 07:59:24] ┇ INFO     ┇                             __main__ ┇ Search from [localhost:6382/wikimedia/wikidata-20230920-parse-kowiki] with [elastic@localhost:9810/wikipedia-20230920-index-kowiki] to [localhost:6382/wikimedia/wikidata-20230920-search-kowiki]
[10.07 07:59:24] ┇ INFO     ┇                             __main__ ┇ - amount: inputs=200000, batches=200
[10.07 07:59:24] ┇ INFO     ┇                             __main__ ┇ - filter: set_black_prop=set(), ...
[10.07 08:00:28] ┇ INFO     ┇                             __main__ ┇ *  searching:   2%|█▎                                                | 5/200 [01:04<28:26,  8.75s/batch]
[10.07 08:01:08] ┇ INFO     ┇                             __main__ ┇ *  searching:   5%|██▌                                               | 10/200 [01:43<24:35,  7.77s/batch]
[10.07 08:01:32] ┇ INFO     ┇                             __main__ ┇ *  searching:   8%|███▊                                              | 15/200 [02:08<13:55,  4.52s/batch]
[10.07 08:01:44] ┇ INFO     ┇                             __main__ ┇ *  searching:  10%|█████                                             | 20/200 [02:19<08:21,  2.79s/batch]
[10.07 08:01:59] ┇ INFO     ┇                             __main__ ┇ *  searching:  12%|██████▎                                           | 25/200 [02:34<09:46,  3.35s/batch]
[10.07 08:02:22] ┇ INFO     ┇                             __main__ ┇ *  searching:  15%|███████▌                                          | 30/200 [02:57<12:32,  4.43s/batch]
[10.07 08:03:10] ┇ INFO     ┇                             __main__ ┇ *  searching:  18%|████████▊                                         | 35/200 [03:46<22:16,  8.10s/batch]
[10.07 08:03:45] ┇ INFO     ┇                             __main__ ┇ *  searching:  20%|██████████                                        | 40/200 [04:20<18:46,  7.04s/batch]
[10.07 08:04:16] ┇ INFO     ┇                             __main__ ┇ *  searching:  22%|███████████▎                                      | 45/200 [04:51<15:33,  6.02s/batch]
[10.07 08:04:30] ┇ INFO     ┇                             __main__ ┇ *  searching:  25%|████████████▌                                     | 50/200 [05:06<08:12,  3.28s/batch]
[10.07 08:04:35] ┇ INFO     ┇                             __main__ ┇ *  searching:  28%|█████████████▊                                    | 55/200 [05:11<02:36,  1.08s/batch]
[10.07 08:04:43] ┇ INFO     ┇                             __main__ ┇ *  searching:  30%|███████████████                                   | 60/200 [05:19<04:39,  1.99s/batch]
[10.07 08:05:02] ┇ INFO     ┇                             __main__ ┇ *  searching:  32%|████████████████▎                                 | 65/200 [05:37<09:51,  4.38s/batch]
[10.07 08:05:24] ┇ INFO     ┇                             __main__ ┇ *  searching:  35%|█████████████████▌                                | 70/200 [05:59<10:23,  4.80s/batch]
[10.07 08:05:46] ┇ INFO     ┇                             __main__ ┇ *  searching:  38%|██████████████████▊                               | 75/200 [06:21<08:18,  3.99s/batch]
[10.07 08:06:01] ┇ INFO     ┇                             __main__ ┇ *  searching:  40%|████████████████████                              | 80/200 [06:37<06:47,  3.40s/batch]
[10.07 08:06:21] ┇ INFO     ┇                             __main__ ┇ *  searching:  42%|█████████████████████▎                            | 85/200 [06:56<07:40,  4.00s/batch]
[10.07 08:06:36] ┇ INFO     ┇                             __main__ ┇ *  searching:  45%|██████████████████████▌                           | 90/200 [07:12<05:40,  3.10s/batch]
[10.07 08:06:56] ┇ INFO     ┇                             __main__ ┇ *  searching:  48%|███████████████████████▊                          | 95/200 [07:31<05:58,  3.42s/batch]
[10.07 08:07:04] ┇ INFO     ┇                             __main__ ┇ *  searching:  50%|█████████████████████████                         | 100/200 [07:40<03:20,  2.01s/batch]
[10.07 08:07:14] ┇ INFO     ┇                             __main__ ┇ *  searching:  52%|██████████████████████████▎                       | 105/200 [07:50<03:23,  2.14s/batch]
[10.07 08:07:20] ┇ INFO     ┇                             __main__ ┇ *  searching:  55%|███████████████████████████▌                      | 110/200 [07:56<01:31,  1.02s/batch]
[10.07 08:07:31] ┇ INFO     ┇                             __main__ ┇ *  searching:  57%|████████████████████████████▋                     | 115/200 [08:07<03:24,  2.41s/batch]
[10.07 08:07:46] ┇ INFO     ┇                             __main__ ┇ *  searching:  60%|██████████████████████████████                    | 120/200 [08:22<03:51,  2.89s/batch]
[10.07 08:08:07] ┇ INFO     ┇                             __main__ ┇ *  searching:  62%|███████████████████████████████▎                  | 125/200 [08:43<05:00,  4.01s/batch]
[10.07 08:08:22] ┇ INFO     ┇                             __main__ ┇ *  searching:  65%|████████████████████████████████▌                 | 130/200 [08:58<03:54,  3.35s/batch]
[10.07 08:08:43] ┇ INFO     ┇                             __main__ ┇ *  searching:  68%|█████████████████████████████████▊                | 135/200 [09:19<04:20,  4.00s/batch]
[10.07 08:08:59] ┇ INFO     ┇                             __main__ ┇ *  searching:  70%|███████████████████████████████████               | 140/200 [09:35<03:35,  3.59s/batch]
[10.07 08:09:09] ┇ INFO     ┇                             __main__ ┇ *  searching:  72%|████████████████████████████████████▎             | 145/200 [09:45<02:04,  2.27s/batch]
[10.07 08:09:18] ┇ INFO     ┇                             __main__ ┇ *  searching:  75%|█████████████████████████████████████▌            | 150/200 [09:54<01:28,  1.78s/batch]
[10.07 08:09:31] ┇ INFO     ┇                             __main__ ┇ *  searching:  78%|██████████████████████████████████████▊           | 155/200 [10:07<02:04,  2.76s/batch]
[10.07 08:09:50] ┇ INFO     ┇                             __main__ ┇ *  searching:  80%|████████████████████████████████████████          | 160/200 [10:26<02:27,  3.69s/batch]
[10.07 08:10:04] ┇ INFO     ┇                             __main__ ┇ *  searching:  82%|█████████████████████████████████████████▎        | 165/200 [10:40<01:42,  2.93s/batch]
[10.07 08:10:22] ┇ INFO     ┇                             __main__ ┇ *  searching:  85%|██████████████████████████████████████████▌       | 170/200 [10:57<01:48,  3.63s/batch]
[10.07 08:10:34] ┇ INFO     ┇                             __main__ ┇ *  searching:  88%|███████████████████████████████████████████▊      | 175/200 [11:09<01:18,  3.15s/batch]
[10.07 08:10:53] ┇ INFO     ┇                             __main__ ┇ *  searching:  90%|█████████████████████████████████████████████     | 180/200 [11:29<01:09,  3.45s/batch]
[10.07 08:11:15] ┇ INFO     ┇                             __main__ ┇ *  searching:  92%|██████████████████████████████████████████████▎   | 185/200 [11:51<01:05,  4.39s/batch]
[10.07 08:11:32] ┇ INFO     ┇                             __main__ ┇ *  searching:  95%|███████████████████████████████████████████████▌  | 190/200 [12:08<00:33,  3.32s/batch]
[10.07 08:11:43] ┇ INFO     ┇                             __main__ ┇ *  searching:  98%|████████████████████████████████████████████████▊ | 195/200 [12:19<00:14,  2.90s/batch]
[10.07 08:12:05] ┇ INFO     ┇                             __main__ ┇ *  searching: 100%|██████████████████████████████████████████████████| 200/200 [12:41<00:00,  3.81s/batch]
[10.07 08:12:06] ┇ INFO     ┇                       chrisbase.data ┇ =========================================================================================================================================
[10.07 08:12:06] ┇ INFO     ┇                       chrisbase.data ┇ [EXIT] python search_wikidata.py search --input-start 600000 --input-limit 200000 ($=00:12:41.437)
[10.07 08:12:06] ┇ INFO     ┇                       chrisbase.data ┇ =========================================================================================================================================
