[11.20 09:55:21] ┇ INFO     ┇ =========================================================================================================================================
[11.20 09:55:21] ┇ INFO     ┇ [INIT] python /mnt/dat/proj/chrisdata2/src/chrisdata/cli.py ner convert_wiki output/GNER/wiki_passage_from_zero-dev.jsonl GNER/data/linked-entity-zero-dev.jsonl --split-name train
[11.20 09:55:21] ┇ INFO     ┇ =========================================================================================================================================
[11.20 09:55:21] ┇ INFO     ┇ -----+----------------------+--------------------------------------------------------------------------------------------------------------------------------------------
[11.20 09:55:21] ┇ INFO     ┇    # | IOArguments          | value
[11.20 09:55:21] ┇ INFO     ┇ -----+----------------------+--------------------------------------------------------------------------------------------------------------------------------------------
[11.20 09:55:21] ┇ INFO     ┇    1 | tag                  |
[11.20 09:55:21] ┇ INFO     ┇    2 | env.project          | chrisdata
[11.20 09:55:21] ┇ INFO     ┇    3 | env.job_name         | convert_wiki_to_jsonl
[11.20 09:55:21] ┇ INFO     ┇    4 | env.job_version      |
[11.20 09:55:21] ┇ INFO     ┇    5 | env.hostname         | chris36
[11.20 09:55:21] ┇ INFO     ┇    6 | env.hostaddr         | 129.254.181.36
[11.20 09:55:21] ┇ INFO     ┇    7 | env.time_stamp       | 1120.095520
[11.20 09:55:21] ┇ INFO     ┇    8 | env.python_path      | /home/chris/miniforge3/envs/chrisdata/bin/python
[11.20 09:55:21] ┇ INFO     ┇    9 | env.current_dir      | /mnt/dat/proj/chrisdata2/scripts
[11.20 09:55:21] ┇ INFO     ┇   10 | env.current_file     | /mnt/dat/proj/chrisdata2/src/chrisdata/cli.py
[11.20 09:55:21] ┇ INFO     ┇   11 | env.working_dir      | /mnt/dat/proj/chrisdata2
[11.20 09:55:21] ┇ INFO     ┇   12 | env.command_args     | ['ner', 'convert_wiki', 'output/GNER/wiki_passage_from_zero-dev.jsonl', 'GNER/data/linked-entity-zero-dev.jsonl', '--split-name', 'train']
[11.20 09:55:21] ┇ INFO     ┇   13 | env.max_workers      | 1
[11.20 09:55:21] ┇ INFO     ┇   14 | env.calling_sec      | 0.001
[11.20 09:55:21] ┇ INFO     ┇   15 | env.waiting_sec      | 300.0
[11.20 09:55:21] ┇ INFO     ┇   16 | env.debugging        | False
[11.20 09:55:21] ┇ INFO     ┇   17 | env.logging_home     | /mnt/dat/proj/chrisdata2/output/GNER
[11.20 09:55:21] ┇ INFO     ┇   18 | env.logging_file     | convert_wiki-1120.095520.out
[11.20 09:55:21] ┇ INFO     ┇   19 | env.argument_file    |
[11.20 09:55:21] ┇ INFO     ┇   20 | env.date_format      | [%m.%d %H:%M:%S]
[11.20 09:55:21] ┇ INFO     ┇   21 | env.message_level    | 20
[11.20 09:55:21] ┇ INFO     ┇   22 | env.message_format   | %(asctime)s ┇ %(levelname)-8s ┇ %(message)s
[11.20 09:55:21] ┇ INFO     ┇   23 | time.started         | [11.20 09:55:21]
[11.20 09:55:21] ┇ INFO     ┇   24 | time.settled         |
[11.20 09:55:21] ┇ INFO     ┇   25 | time.elapsed         |
[11.20 09:55:21] ┇ INFO     ┇   26 | input.start          | 0.0
[11.20 09:55:21] ┇ INFO     ┇   27 | input.limit          | -1.0
[11.20 09:55:21] ┇ INFO     ┇   28 | input.batch          | 1.0
[11.20 09:55:21] ┇ INFO     ┇   29 | input.inter          | 1000.0
[11.20 09:55:21] ┇ INFO     ┇   30 | input.data           | nan
[11.20 09:55:21] ┇ INFO     ┇   31 | input.file.name      | wiki_passage_from_zero-dev.jsonl
[11.20 09:55:21] ┇ INFO     ┇   32 | input.file.home      | output/GNER
[11.20 09:55:21] ┇ INFO     ┇   33 | input.file.user      |
[11.20 09:55:21] ┇ INFO     ┇   34 | input.file.pswd      |
[11.20 09:55:21] ┇ INFO     ┇   35 | input.file.reset     | False
[11.20 09:55:21] ┇ INFO     ┇   36 | input.file.required  | True
[11.20 09:55:21] ┇ INFO     ┇   37 | input.file.mode      | rb
[11.20 09:55:21] ┇ INFO     ┇   38 | input.file.encoding  | utf-8
[11.20 09:55:21] ┇ INFO     ┇   39 | output.file.name     | linked-entity-zero-dev-1120.095520.jsonl
[11.20 09:55:21] ┇ INFO     ┇   40 | output.file.home     | GNER/data
[11.20 09:55:21] ┇ INFO     ┇   41 | output.file.user     |
[11.20 09:55:21] ┇ INFO     ┇   42 | output.file.pswd     |
[11.20 09:55:21] ┇ INFO     ┇   43 | output.file.reset    | False
[11.20 09:55:21] ┇ INFO     ┇   44 | output.file.required | False
[11.20 09:55:21] ┇ INFO     ┇   45 | output.file.mode     | w
[11.20 09:55:21] ┇ INFO     ┇   46 | output.file.encoding | utf-8
[11.20 09:55:21] ┇ INFO     ┇ -----+----------------------+--------------------------------------------------------------------------------------------------------------------------------------------
[11.20 09:55:21] ┇ INFO     ┇ split_name: train
[11.20 09:55:21] ┇ INFO     ┇ label_name: LinkedEntity
[11.20 09:55:21] ┇ INFO     ┇ Number of passages in all_passages: 5897
[11.20 09:55:28] ┇ INFO     ┇ => converting:  17%|████████▍                                         | 1000/5897 [00:06<00:31, 155.38item/s]
[11.20 09:55:34] ┇ INFO     ┇ => converting:  34%|████████████████▉                                 | 2000/5897 [00:12<00:24, 161.56item/s]
[11.20 09:55:40] ┇ INFO     ┇ => converting:  51%|█████████████████████████▍                        | 3000/5897 [00:19<00:18, 156.12item/s]
[11.20 09:55:47] ┇ INFO     ┇ => converting:  68%|█████████████████████████████████▉                | 4000/5897 [00:25<00:12, 156.05item/s]
[11.20 09:55:53] ┇ INFO     ┇ => converting:  85%|██████████████████████████████████████████▍       | 5000/5897 [00:31<00:05, 155.75item/s]
[11.20 09:55:59] ┇ INFO     ┇ => converting: 100%|██████████████████████████████████████████████████| 5897/5897 [00:37<00:00, 137.05item/s]
[11.20 09:55:59] ┇ INFO     ┇ Number of samples in output_file: 5897
[11.20 09:55:59] ┇ INFO     ┇ =========================================================================================================================================
[11.20 09:55:59] ┇ INFO     ┇ [EXIT] python /mnt/dat/proj/chrisdata2/src/chrisdata/cli.py ner convert_wiki output/GNER/wiki_passage_from_zero-dev.jsonl GNER/data/linked-entity-zero-dev.jsonl --split-name train ($=00:00:37.727)
[11.20 09:55:59] ┇ INFO     ┇ =========================================================================================================================================
