[11.19 18:36:18] ┇ INFO     ┇ =========================================================================================================================================
[11.19 18:36:18] ┇ INFO     ┇ [INIT] python /home/chris/proj/chrisdata2/src/chrisdata/cli.py ner convert_wiki output/GNER/wiki_passage_from_pile.jsonl GNER/data/linked-entity-pile.jsonl --split-name train
[11.19 18:36:18] ┇ INFO     ┇ =========================================================================================================================================
[11.19 18:36:18] ┇ INFO     ┇ -----+----------------------+------------------------------------------------------------------------------------------------------------------------------------
[11.19 18:36:18] ┇ INFO     ┇    # | IOArguments          | value
[11.19 18:36:18] ┇ INFO     ┇ -----+----------------------+------------------------------------------------------------------------------------------------------------------------------------
[11.19 18:36:18] ┇ INFO     ┇    1 | tag                  |
[11.19 18:36:18] ┇ INFO     ┇    2 | env.project          | chrisdata
[11.19 18:36:18] ┇ INFO     ┇    3 | env.job_name         | convert_wiki_to_jsonl
[11.19 18:36:18] ┇ INFO     ┇    4 | env.job_version      |
[11.19 18:36:18] ┇ INFO     ┇    5 | env.hostname         | chris36
[11.19 18:36:18] ┇ INFO     ┇    6 | env.hostaddr         | 129.254.181.36
[11.19 18:36:18] ┇ INFO     ┇    7 | env.time_stamp       | 1119.183617
[11.19 18:36:18] ┇ INFO     ┇    8 | env.python_path      | /home/chris/miniforge3/envs/chrisdata/bin/python
[11.19 18:36:18] ┇ INFO     ┇    9 | env.current_dir      | /mnt/dat/proj/chrisdata2
[11.19 18:36:18] ┇ INFO     ┇   10 | env.current_file     | /home/chris/proj/chrisdata2/src/chrisdata/cli.py
[11.19 18:36:18] ┇ INFO     ┇   11 | env.working_dir      | /mnt/dat/proj/chrisdata2
[11.19 18:36:18] ┇ INFO     ┇   12 | env.command_args     | ['ner', 'convert_wiki', 'output/GNER/wiki_passage_from_pile.jsonl', 'GNER/data/linked-entity-pile.jsonl', '--split-name', 'train']
[11.19 18:36:18] ┇ INFO     ┇   13 | env.max_workers      | 1
[11.19 18:36:18] ┇ INFO     ┇   14 | env.calling_sec      | 0.001
[11.19 18:36:18] ┇ INFO     ┇   15 | env.waiting_sec      | 300.0
[11.19 18:36:18] ┇ INFO     ┇   16 | env.debugging        | False
[11.19 18:36:18] ┇ INFO     ┇   17 | env.logging_home     | /mnt/dat/proj/chrisdata2/output/GNER
[11.19 18:36:18] ┇ INFO     ┇   18 | env.logging_file     | convert_wiki-1119.183617.out
[11.19 18:36:18] ┇ INFO     ┇   19 | env.argument_file    |
[11.19 18:36:18] ┇ INFO     ┇   20 | env.date_format      | [%m.%d %H:%M:%S]
[11.19 18:36:18] ┇ INFO     ┇   21 | env.message_level    | 20
[11.19 18:36:18] ┇ INFO     ┇   22 | env.message_format   | %(asctime)s ┇ %(levelname)-8s ┇ %(message)s
[11.19 18:36:18] ┇ INFO     ┇   23 | time.started         | [11.19 18:36:18]
[11.19 18:36:18] ┇ INFO     ┇   24 | time.settled         |
[11.19 18:36:18] ┇ INFO     ┇   25 | time.elapsed         |
[11.19 18:36:18] ┇ INFO     ┇   26 | input.start          | 0.0
[11.19 18:36:18] ┇ INFO     ┇   27 | input.limit          | -1.0
[11.19 18:36:18] ┇ INFO     ┇   28 | input.batch          | 1.0
[11.19 18:36:18] ┇ INFO     ┇   29 | input.inter          | 1000.0
[11.19 18:36:18] ┇ INFO     ┇   30 | input.data           | nan
[11.19 18:36:18] ┇ INFO     ┇   31 | input.file.name      | wiki_passage_from_pile.jsonl
[11.19 18:36:18] ┇ INFO     ┇   32 | input.file.home      | output/GNER
[11.19 18:36:18] ┇ INFO     ┇   33 | input.file.user      |
[11.19 18:36:18] ┇ INFO     ┇   34 | input.file.pswd      |
[11.19 18:36:18] ┇ INFO     ┇   35 | input.file.reset     | False
[11.19 18:36:18] ┇ INFO     ┇   36 | input.file.required  | True
[11.19 18:36:18] ┇ INFO     ┇   37 | input.file.mode      | rb
[11.19 18:36:18] ┇ INFO     ┇   38 | input.file.encoding  | utf-8
[11.19 18:36:18] ┇ INFO     ┇   39 | output.file.name     | linked-entity-pile-1119.183617.jsonl
[11.19 18:36:18] ┇ INFO     ┇   40 | output.file.home     | GNER/data
[11.19 18:36:18] ┇ INFO     ┇   41 | output.file.user     |
[11.19 18:36:18] ┇ INFO     ┇   42 | output.file.pswd     |
[11.19 18:36:18] ┇ INFO     ┇   43 | output.file.reset    | False
[11.19 18:36:18] ┇ INFO     ┇   44 | output.file.required | False
[11.19 18:36:18] ┇ INFO     ┇   45 | output.file.mode     | w
[11.19 18:36:18] ┇ INFO     ┇   46 | output.file.encoding | utf-8
[11.19 18:36:18] ┇ INFO     ┇ -----+----------------------+------------------------------------------------------------------------------------------------------------------------------------
[11.19 18:36:18] ┇ INFO     ┇ split_name: train
[11.19 18:36:18] ┇ INFO     ┇ label_name: LinkedEntity
[11.19 18:36:18] ┇ INFO     ┇ Number of passages in all_passages: 85529
[11.19 18:36:25] ┇ INFO     ┇ => converting:   1%|▌                                                 | 1000/85529 [00:06<11:55, 118.18item/s]
[11.19 18:36:32] ┇ INFO     ┇ => converting:   2%|█▏                                                | 2000/85529 [00:13<09:22, 148.48item/s]
[11.19 18:36:38] ┇ INFO     ┇ => converting:   4%|█▊                                                | 3000/85529 [00:20<08:59, 152.85item/s]
[11.19 18:36:45] ┇ INFO     ┇ => converting:   5%|██▎                                               | 4000/85529 [00:26<08:50, 153.75item/s]
[11.19 18:36:51] ┇ INFO     ┇ => converting:   6%|██▉                                               | 5000/85529 [00:33<08:39, 155.12item/s]
[11.19 18:36:58] ┇ INFO     ┇ => converting:   7%|███▌                                              | 6000/85529 [00:39<08:48, 150.53item/s]
[11.19 18:37:05] ┇ INFO     ┇ => converting:   8%|████                                              | 7000/85529 [00:46<08:39, 151.23item/s]
[11.19 18:37:11] ┇ INFO     ┇ => converting:   9%|████▋                                             | 8000/85529 [00:53<08:40, 148.81item/s]
[11.19 18:37:18] ┇ INFO     ┇ => converting:  11%|█████▎                                            | 9000/85529 [01:00<08:24, 151.76item/s]
[11.19 18:37:25] ┇ INFO     ┇ => converting:  12%|█████▊                                            | 10000/85529 [01:06<08:25, 149.44item/s]
[11.19 18:37:32] ┇ INFO     ┇ => converting:  13%|██████▍                                           | 11000/85529 [01:13<08:22, 148.33item/s]
[11.19 18:37:38] ┇ INFO     ┇ => converting:  14%|███████                                           | 12000/85529 [01:19<08:14, 148.84item/s]
[11.19 18:37:45] ┇ INFO     ┇ => converting:  15%|███████▌                                          | 13000/85529 [01:26<08:08, 148.41item/s]
[11.19 18:37:51] ┇ INFO     ┇ => converting:  16%|████████▏                                         | 14000/85529 [01:33<08:05, 147.26item/s]
[11.19 18:37:58] ┇ INFO     ┇ => converting:  18%|████████▊                                         | 15000/85529 [01:39<07:38, 153.84item/s]
[11.19 18:38:04] ┇ INFO     ┇ => converting:  19%|█████████▎                                        | 16000/85529 [01:46<07:40, 150.96item/s]
[11.19 18:38:11] ┇ INFO     ┇ => converting:  20%|█████████▉                                        | 17000/85529 [01:52<07:33, 151.22item/s]
[11.19 18:38:17] ┇ INFO     ┇ => converting:  21%|██████████▌                                       | 18000/85529 [01:59<07:27, 151.01item/s]
[11.19 18:38:24] ┇ INFO     ┇ => converting:  22%|███████████                                       | 19000/85529 [02:05<07:49, 141.78item/s]
[11.19 18:38:31] ┇ INFO     ┇ => converting:  23%|███████████▋                                      | 20000/85529 [02:12<07:16, 150.04item/s]
[11.19 18:38:37] ┇ INFO     ┇ => converting:  25%|████████████▎                                     | 21000/85529 [02:19<06:57, 154.60item/s]
[11.19 18:38:44] ┇ INFO     ┇ => converting:  26%|████████████▊                                     | 22000/85529 [02:25<06:52, 153.92item/s]
[11.19 18:38:50] ┇ INFO     ┇ => converting:  27%|█████████████▍                                    | 23000/85529 [02:32<06:44, 154.49item/s]
[11.19 18:38:57] ┇ INFO     ┇ => converting:  28%|██████████████                                    | 24000/85529 [02:38<06:38, 154.23item/s]
[11.19 18:39:03] ┇ INFO     ┇ => converting:  29%|██████████████▌                                   | 25000/85529 [02:45<06:37, 152.16item/s]
[11.19 18:39:10] ┇ INFO     ┇ => converting:  30%|███████████████▏                                  | 26000/85529 [02:51<06:35, 150.51item/s]
[11.19 18:39:17] ┇ INFO     ┇ => converting:  32%|███████████████▊                                  | 27000/85529 [02:58<06:26, 151.53item/s]
[11.19 18:39:23] ┇ INFO     ┇ => converting:  33%|████████████████▎                                 | 28000/85529 [03:04<06:21, 150.99item/s]
[11.19 18:39:30] ┇ INFO     ┇ => converting:  34%|████████████████▉                                 | 29000/85529 [03:11<06:15, 150.73item/s]
[11.19 18:39:36] ┇ INFO     ┇ => converting:  35%|█████████████████▌                                | 30000/85529 [03:17<05:45, 160.68item/s]
[11.19 18:39:42] ┇ INFO     ┇ => converting:  36%|██████████████████                                | 31000/85529 [03:24<05:39, 160.46item/s]
[11.19 18:39:49] ┇ INFO     ┇ => converting:  37%|██████████████████▋                               | 32000/85529 [03:30<05:40, 157.22item/s]
[11.19 18:39:55] ┇ INFO     ┇ => converting:  39%|███████████████████▎                              | 33000/85529 [03:36<05:28, 160.03item/s]
[11.19 18:40:01] ┇ INFO     ┇ => converting:  40%|███████████████████▉                              | 34000/85529 [03:42<05:20, 160.93item/s]
[11.19 18:40:08] ┇ INFO     ┇ => converting:  41%|████████████████████▍                             | 35000/85529 [03:49<05:28, 153.81item/s]
[11.19 18:40:14] ┇ INFO     ┇ => converting:  42%|█████████████████████                             | 36000/85529 [03:55<05:22, 153.81item/s]
[11.19 18:40:21] ┇ INFO     ┇ => converting:  43%|█████████████████████▋                            | 37000/85529 [04:02<05:08, 157.33item/s]
[11.19 18:40:27] ┇ INFO     ┇ => converting:  44%|██████████████████████▏                           | 38000/85529 [04:08<04:57, 159.53item/s]
[11.19 18:40:33] ┇ INFO     ┇ => converting:  46%|██████████████████████▊                           | 39000/85529 [04:14<04:52, 159.26item/s]
[11.19 18:40:40] ┇ INFO     ┇ => converting:  47%|███████████████████████▍                          | 40000/85529 [04:21<04:56, 153.55item/s]
[11.19 18:40:46] ┇ INFO     ┇ => converting:  48%|███████████████████████▉                          | 41000/85529 [04:27<04:40, 158.64item/s]
[11.19 18:40:52] ┇ INFO     ┇ => converting:  49%|████████████████████████▌                         | 42000/85529 [04:34<04:39, 155.99item/s]
[11.19 18:40:59] ┇ INFO     ┇ => converting:  50%|█████████████████████████▏                        | 43000/85529 [04:40<04:42, 150.48item/s]
[11.19 18:41:06] ┇ INFO     ┇ => converting:  51%|█████████████████████████▋                        | 44000/85529 [04:47<04:40, 147.84item/s]
[11.19 18:41:12] ┇ INFO     ┇ => converting:  53%|██████████████████████████▎                       | 45000/85529 [04:54<04:25, 152.77item/s]
[11.19 18:41:19] ┇ INFO     ┇ => converting:  54%|██████████████████████████▉                       | 46000/85529 [05:00<04:18, 153.03item/s]
[11.19 18:41:25] ┇ INFO     ┇ => converting:  55%|███████████████████████████▍                      | 47000/85529 [05:07<04:10, 153.74item/s]
[11.19 18:41:32] ┇ INFO     ┇ => converting:  56%|████████████████████████████                      | 48000/85529 [05:13<04:03, 154.17item/s]
[11.19 18:41:38] ┇ INFO     ┇ => converting:  57%|████████████████████████████▋                     | 49000/85529 [05:20<03:55, 155.01item/s]
[11.19 18:41:45] ┇ INFO     ┇ => converting:  58%|█████████████████████████████▏                    | 50000/85529 [05:26<03:50, 154.07item/s]
[11.19 18:41:51] ┇ INFO     ┇ => converting:  60%|█████████████████████████████▊                    | 51000/85529 [05:33<03:43, 154.16item/s]
[11.19 18:41:58] ┇ INFO     ┇ => converting:  61%|██████████████████████████████▍                   | 52000/85529 [05:39<03:39, 153.08item/s]
[11.19 18:42:04] ┇ INFO     ┇ => converting:  62%|██████████████████████████████▉                   | 53000/85529 [05:46<03:33, 152.03item/s]
[11.19 18:42:11] ┇ INFO     ┇ => converting:  63%|███████████████████████████████▌                  | 54000/85529 [05:52<03:25, 153.60item/s]
[11.19 18:42:17] ┇ INFO     ┇ => converting:  64%|████████████████████████████████▏                 | 55000/85529 [05:59<03:20, 152.48item/s]
[11.19 18:42:24] ┇ INFO     ┇ => converting:  65%|████████████████████████████████▋                 | 56000/85529 [06:05<03:10, 154.75item/s]
[11.19 18:42:30] ┇ INFO     ┇ => converting:  67%|█████████████████████████████████▎                | 57000/85529 [06:11<03:04, 154.77item/s]
[11.19 18:42:37] ┇ INFO     ┇ => converting:  68%|█████████████████████████████████▉                | 58000/85529 [06:18<02:59, 153.75item/s]
[11.19 18:42:43] ┇ INFO     ┇ => converting:  69%|██████████████████████████████████▍               | 59000/85529 [06:24<02:52, 153.98item/s]
[11.19 18:42:50] ┇ INFO     ┇ => converting:  70%|███████████████████████████████████               | 60000/85529 [06:31<02:44, 154.78item/s]
[11.19 18:42:56] ┇ INFO     ┇ => converting:  71%|███████████████████████████████████▋              | 61000/85529 [06:37<02:38, 154.58item/s]
[11.19 18:43:03] ┇ INFO     ┇ => converting:  72%|████████████████████████████████████▏             | 62000/85529 [06:44<02:32, 154.04item/s]
[11.19 18:43:09] ┇ INFO     ┇ => converting:  74%|████████████████████████████████████▊             | 63000/85529 [06:50<02:27, 153.24item/s]
[11.19 18:43:16] ┇ INFO     ┇ => converting:  75%|█████████████████████████████████████▍            | 64000/85529 [06:57<02:20, 153.62item/s]
[11.19 18:43:22] ┇ INFO     ┇ => converting:  76%|█████████████████████████████████████▉            | 65000/85529 [07:03<02:13, 153.27item/s]
[11.19 18:43:28] ┇ INFO     ┇ => converting:  77%|██████████████████████████████████████▌           | 66000/85529 [07:10<02:02, 159.35item/s]
[11.19 18:43:35] ┇ INFO     ┇ => converting:  78%|███████████████████████████████████████▏          | 67000/85529 [07:16<01:59, 154.50item/s]
[11.19 18:43:41] ┇ INFO     ┇ => converting:  80%|███████████████████████████████████████▊          | 68000/85529 [07:23<01:53, 154.83item/s]
[11.19 18:43:48] ┇ INFO     ┇ => converting:  81%|████████████████████████████████████████▎         | 69000/85529 [07:29<01:47, 154.02item/s]
[11.19 18:43:54] ┇ INFO     ┇ => converting:  82%|████████████████████████████████████████▉         | 70000/85529 [07:36<01:40, 154.64item/s]
[11.19 18:44:01] ┇ INFO     ┇ => converting:  83%|█████████████████████████████████████████▌        | 71000/85529 [07:42<01:34, 153.65item/s]
[11.19 18:44:07] ┇ INFO     ┇ => converting:  84%|██████████████████████████████████████████        | 72000/85529 [07:49<01:27, 155.23item/s]
[11.19 18:44:14] ┇ INFO     ┇ => converting:  85%|██████████████████████████████████████████▋       | 73000/85529 [07:55<01:21, 154.42item/s]
[11.19 18:44:20] ┇ INFO     ┇ => converting:  87%|███████████████████████████████████████████▎      | 74000/85529 [08:02<01:14, 155.17item/s]
[11.19 18:44:27] ┇ INFO     ┇ => converting:  88%|███████████████████████████████████████████▊      | 75000/85529 [08:08<01:08, 153.85item/s]
[11.19 18:44:33] ┇ INFO     ┇ => converting:  89%|████████████████████████████████████████████▍     | 76000/85529 [08:15<01:01, 154.80item/s]
[11.19 18:44:40] ┇ INFO     ┇ => converting:  90%|█████████████████████████████████████████████     | 77000/85529 [08:21<00:55, 153.38item/s]
[11.19 18:44:46] ┇ INFO     ┇ => converting:  91%|█████████████████████████████████████████████▌    | 78000/85529 [08:28<00:48, 153.77item/s]
[11.19 18:44:53] ┇ INFO     ┇ => converting:  92%|██████████████████████████████████████████████▏   | 79000/85529 [08:34<00:42, 153.93item/s]
[11.19 18:44:59] ┇ INFO     ┇ => converting:  94%|██████████████████████████████████████████████▊   | 80000/85529 [08:41<00:35, 154.76item/s]
[11.19 18:45:06] ┇ INFO     ┇ => converting:  95%|███████████████████████████████████████████████▎  | 81000/85529 [08:47<00:29, 154.50item/s]
[11.19 18:45:12] ┇ INFO     ┇ => converting:  96%|███████████████████████████████████████████████▉  | 82000/85529 [08:53<00:22, 155.17item/s]
[11.19 18:45:19] ┇ INFO     ┇ => converting:  97%|████████████████████████████████████████████████▌ | 83000/85529 [09:00<00:16, 154.88item/s]
[11.19 18:45:25] ┇ INFO     ┇ => converting:  98%|█████████████████████████████████████████████████ | 84000/85529 [09:06<00:09, 154.47item/s]
[11.19 18:45:32] ┇ INFO     ┇ => converting:  99%|█████████████████████████████████████████████████▋| 85000/85529 [09:13<00:03, 154.61item/s]
[11.19 18:45:35] ┇ INFO     ┇ => converting: 100%|██████████████████████████████████████████████████| 85529/85529 [09:16<00:00, 155.65item/s]
[11.19 18:45:35] ┇ INFO     ┇ Number of samples in output_file: 85529
[11.19 18:45:35] ┇ INFO     ┇ =========================================================================================================================================
[11.19 18:45:35] ┇ INFO     ┇ [EXIT] python /home/chris/proj/chrisdata2/src/chrisdata/cli.py ner convert_wiki output/GNER/wiki_passage_from_pile.jsonl GNER/data/linked-entity-pile.jsonl --split-name train ($=00:09:17.147)
[11.19 18:45:35] ┇ INFO     ┇ =========================================================================================================================================
