[11.19 23:15:22] ┇ INFO     ┇ =========================================================================================================================================
[11.19 23:15:22] ┇ INFO     ┇ [INIT] python /home/chris/proj/chrisdata2/src/chrisdata/cli.py ner convert_conll GNER/data/* GNER/data/no-pile-ner-test.jsonl --split-name test
[11.19 23:15:22] ┇ INFO     ┇ =========================================================================================================================================
[11.19 23:15:23] ┇ INFO     ┇ -----+----------------------+-----------------------------------------------------------------------------------------------------
[11.19 23:15:23] ┇ INFO     ┇    # | IOArguments          | value
[11.19 23:15:23] ┇ INFO     ┇ -----+----------------------+-----------------------------------------------------------------------------------------------------
[11.19 23:15:23] ┇ INFO     ┇    1 | tag                  |
[11.19 23:15:23] ┇ INFO     ┇    2 | env.project          | chrisdata
[11.19 23:15:23] ┇ INFO     ┇    3 | env.job_name         | convert_conll_to_jsonl
[11.19 23:15:23] ┇ INFO     ┇    4 | env.job_version      |
[11.19 23:15:23] ┇ INFO     ┇    5 | env.hostname         | chris36
[11.19 23:15:23] ┇ INFO     ┇    6 | env.hostaddr         | 129.254.181.36
[11.19 23:15:23] ┇ INFO     ┇    7 | env.time_stamp       | 1119.231522
[11.19 23:15:23] ┇ INFO     ┇    8 | env.python_path      | /home/chris/miniforge3/envs/chrisdata/bin/python
[11.19 23:15:23] ┇ INFO     ┇    9 | env.current_dir      | /mnt/dat/proj/chrisdata2
[11.19 23:15:23] ┇ INFO     ┇   10 | env.current_file     | /home/chris/proj/chrisdata2/src/chrisdata/cli.py
[11.19 23:15:23] ┇ INFO     ┇   11 | env.working_dir      | /mnt/dat/proj/chrisdata2
[11.19 23:15:23] ┇ INFO     ┇   12 | env.command_args     | ['ner', 'convert_conll', 'GNER/data/*', 'GNER/data/no-pile-ner-test.jsonl', '--split-name', 'test']
[11.19 23:15:23] ┇ INFO     ┇   13 | env.max_workers      | 1
[11.19 23:15:23] ┇ INFO     ┇   14 | env.calling_sec      | 0.001
[11.19 23:15:23] ┇ INFO     ┇   15 | env.waiting_sec      | 300.0
[11.19 23:15:23] ┇ INFO     ┇   16 | env.debugging        | False
[11.19 23:15:23] ┇ INFO     ┇   17 | env.logging_home     | /mnt/dat/proj/chrisdata2/output/GNER
[11.19 23:15:23] ┇ INFO     ┇   18 | env.logging_file     | convert_conll-1119.231522.out
[11.19 23:15:23] ┇ INFO     ┇   19 | env.argument_file    |
[11.19 23:15:23] ┇ INFO     ┇   20 | env.date_format      | [%m.%d %H:%M:%S]
[11.19 23:15:23] ┇ INFO     ┇   21 | env.message_level    | 20
[11.19 23:15:23] ┇ INFO     ┇   22 | env.message_format   | %(asctime)s ┇ %(levelname)-8s ┇ %(message)s
[11.19 23:15:23] ┇ INFO     ┇   23 | time.started         | [11.19 23:15:23]
[11.19 23:15:23] ┇ INFO     ┇   24 | time.settled         |
[11.19 23:15:23] ┇ INFO     ┇   25 | time.elapsed         |
[11.19 23:15:23] ┇ INFO     ┇   26 | input.start          | 0.0
[11.19 23:15:23] ┇ INFO     ┇   27 | input.limit          | -1.0
[11.19 23:15:23] ┇ INFO     ┇   28 | input.batch          | 1.0
[11.19 23:15:23] ┇ INFO     ┇   29 | input.inter          | 1000.0
[11.19 23:15:23] ┇ INFO     ┇   30 | input.data           | nan
[11.19 23:15:23] ┇ INFO     ┇   31 | input.file.name      | *
[11.19 23:15:23] ┇ INFO     ┇   32 | input.file.home      | GNER/data
[11.19 23:15:23] ┇ INFO     ┇   33 | input.file.user      |
[11.19 23:15:23] ┇ INFO     ┇   34 | input.file.pswd      |
[11.19 23:15:23] ┇ INFO     ┇   35 | input.file.reset     | False
[11.19 23:15:23] ┇ INFO     ┇   36 | input.file.required  | False
[11.19 23:15:23] ┇ INFO     ┇   37 | input.file.mode      | rb
[11.19 23:15:23] ┇ INFO     ┇   38 | input.file.encoding  | utf-8
[11.19 23:15:23] ┇ INFO     ┇   39 | output.file.name     | no-pile-ner-test-1119.231522.jsonl
[11.19 23:15:23] ┇ INFO     ┇   40 | output.file.home     | GNER/data
[11.19 23:15:23] ┇ INFO     ┇   41 | output.file.user     |
[11.19 23:15:23] ┇ INFO     ┇   42 | output.file.pswd     |
[11.19 23:15:23] ┇ INFO     ┇   43 | output.file.reset    | False
[11.19 23:15:23] ┇ INFO     ┇   44 | output.file.required | False
[11.19 23:15:23] ┇ INFO     ┇   45 | output.file.mode     | w
[11.19 23:15:23] ┇ INFO     ┇   46 | output.file.encoding | utf-8
[11.19 23:15:23] ┇ INFO     ┇ -----+----------------------+-----------------------------------------------------------------------------------------------------
[11.19 23:15:23] ┇ INFO     ┇ split_name: test
[11.19 23:15:28] ┇ INFO     ┇ =>               crossner_ai: 100%|██████████████████████████████████████████████████| 431/431 [00:05<00:00, 126.83item/s]
[11.19 23:15:31] ┇ INFO     ┇ =>       crossner_literature: 100%|██████████████████████████████████████████████████| 416/416 [00:03<00:00, 131.89item/s]
[11.19 23:15:36] ┇ INFO     ┇ =>            crossner_music: 100%|██████████████████████████████████████████████████| 465/465 [00:05<00:00, 106.67item/s]
[11.19 23:15:42] ┇ INFO     ┇ =>         crossner_politics: 100%|██████████████████████████████████████████████████| 651/651 [00:05<00:00, 155.35item/s]
[11.19 23:15:46] ┇ INFO     ┇ =>          crossner_science: 100%|██████████████████████████████████████████████████| 543/543 [00:03<00:00, 156.13item/s]
[11.19 23:15:52] ┇ INFO     ┇ =>                 mit-movie:  41%|████████████████████▍                             | 1000/2443 [00:06<00:08, 160.38item/s]
[11.19 23:15:58] ┇ INFO     ┇ =>                 mit-movie:  82%|████████████████████████████████████████▉         | 2000/2443 [00:12<00:02, 161.54item/s]
[11.19 23:16:01] ┇ INFO     ┇ =>                 mit-movie: 100%|██████████████████████████████████████████████████| 2443/2443 [00:15<00:00, 158.27item/s]
[11.19 23:16:08] ┇ INFO     ┇ =>            mit-restaurant:  66%|████████████████████████████████▊                 | 1000/1521 [00:06<00:03, 160.50item/s]
[11.19 23:16:11] ┇ INFO     ┇ =>            mit-restaurant: 100%|██████████████████████████████████████████████████| 1521/1521 [00:10<00:00, 162.20item/s]
[11.19 23:16:11] ┇ INFO     ┇ Number of samples in GNER/data/no-pile-ner-test-1119.231522.jsonl: 6470
[11.19 23:16:12] ┇ INFO     ┇ =========================================================================================================================================
[11.19 23:16:12] ┇ INFO     ┇ [EXIT] python /home/chris/proj/chrisdata2/src/chrisdata/cli.py ner convert_conll GNER/data/* GNER/data/no-pile-ner-test.jsonl --split-name test ($=00:00:48.806)
[11.19 23:16:12] ┇ INFO     ┇ =========================================================================================================================================
