[11.19 18:34:41] ┇ INFO     ┇ =========================================================================================================================================
[11.19 18:34:41] ┇ INFO     ┇ [INIT] python /home/chris/proj/chrisdata2/src/chrisdata/cli.py ner convert_wiki output/GNER/wiki_passage_from_zero.jsonl GNER/data/linked-entity-zero.jsonl --split-name test
[11.19 18:34:41] ┇ INFO     ┇ =========================================================================================================================================
[11.19 18:34:41] ┇ INFO     ┇ -----+----------------------+-----------------------------------------------------------------------------------------------------------------------------------
[11.19 18:34:41] ┇ INFO     ┇    # | IOArguments          | value
[11.19 18:34:41] ┇ INFO     ┇ -----+----------------------+-----------------------------------------------------------------------------------------------------------------------------------
[11.19 18:34:41] ┇ INFO     ┇    1 | tag                  |
[11.19 18:34:41] ┇ INFO     ┇    2 | env.project          | chrisdata
[11.19 18:34:41] ┇ INFO     ┇    3 | env.job_name         | convert_wiki_to_jsonl
[11.19 18:34:41] ┇ INFO     ┇    4 | env.job_version      |
[11.19 18:34:41] ┇ INFO     ┇    5 | env.hostname         | chris36
[11.19 18:34:41] ┇ INFO     ┇    6 | env.hostaddr         | 129.254.181.36
[11.19 18:34:41] ┇ INFO     ┇    7 | env.time_stamp       | 1119.183440
[11.19 18:34:41] ┇ INFO     ┇    8 | env.python_path      | /home/chris/miniforge3/envs/chrisdata/bin/python
[11.19 18:34:41] ┇ INFO     ┇    9 | env.current_dir      | /mnt/dat/proj/chrisdata2
[11.19 18:34:41] ┇ INFO     ┇   10 | env.current_file     | /home/chris/proj/chrisdata2/src/chrisdata/cli.py
[11.19 18:34:41] ┇ INFO     ┇   11 | env.working_dir      | /mnt/dat/proj/chrisdata2
[11.19 18:34:41] ┇ INFO     ┇   12 | env.command_args     | ['ner', 'convert_wiki', 'output/GNER/wiki_passage_from_zero.jsonl', 'GNER/data/linked-entity-zero.jsonl', '--split-name', 'test']
[11.19 18:34:41] ┇ INFO     ┇   13 | env.max_workers      | 1
[11.19 18:34:41] ┇ INFO     ┇   14 | env.calling_sec      | 0.001
[11.19 18:34:41] ┇ INFO     ┇   15 | env.waiting_sec      | 300.0
[11.19 18:34:41] ┇ INFO     ┇   16 | env.debugging        | False
[11.19 18:34:41] ┇ INFO     ┇   17 | env.logging_home     | /mnt/dat/proj/chrisdata2/output/GNER
[11.19 18:34:41] ┇ INFO     ┇   18 | env.logging_file     | convert_wiki-1119.183440.out
[11.19 18:34:41] ┇ INFO     ┇   19 | env.argument_file    |
[11.19 18:34:41] ┇ INFO     ┇   20 | env.date_format      | [%m.%d %H:%M:%S]
[11.19 18:34:41] ┇ INFO     ┇   21 | env.message_level    | 20
[11.19 18:34:41] ┇ INFO     ┇   22 | env.message_format   | %(asctime)s ┇ %(levelname)-8s ┇ %(message)s
[11.19 18:34:41] ┇ INFO     ┇   23 | time.started         | [11.19 18:34:41]
[11.19 18:34:41] ┇ INFO     ┇   24 | time.settled         |
[11.19 18:34:41] ┇ INFO     ┇   25 | time.elapsed         |
[11.19 18:34:41] ┇ INFO     ┇   26 | input.start          | 0.0
[11.19 18:34:41] ┇ INFO     ┇   27 | input.limit          | -1.0
[11.19 18:34:41] ┇ INFO     ┇   28 | input.batch          | 1.0
[11.19 18:34:41] ┇ INFO     ┇   29 | input.inter          | 1000.0
[11.19 18:34:41] ┇ INFO     ┇   30 | input.data           | nan
[11.19 18:34:41] ┇ INFO     ┇   31 | input.file.name      | wiki_passage_from_zero.jsonl
[11.19 18:34:41] ┇ INFO     ┇   32 | input.file.home      | output/GNER
[11.19 18:34:41] ┇ INFO     ┇   33 | input.file.user      |
[11.19 18:34:41] ┇ INFO     ┇   34 | input.file.pswd      |
[11.19 18:34:41] ┇ INFO     ┇   35 | input.file.reset     | False
[11.19 18:34:41] ┇ INFO     ┇   36 | input.file.required  | True
[11.19 18:34:41] ┇ INFO     ┇   37 | input.file.mode      | rb
[11.19 18:34:41] ┇ INFO     ┇   38 | input.file.encoding  | utf-8
[11.19 18:34:41] ┇ INFO     ┇   39 | output.file.name     | linked-entity-zero-1119.183440.jsonl
[11.19 18:34:41] ┇ INFO     ┇   40 | output.file.home     | GNER/data
[11.19 18:34:41] ┇ INFO     ┇   41 | output.file.user     |
[11.19 18:34:41] ┇ INFO     ┇   42 | output.file.pswd     |
[11.19 18:34:41] ┇ INFO     ┇   43 | output.file.reset    | False
[11.19 18:34:41] ┇ INFO     ┇   44 | output.file.required | False
[11.19 18:34:41] ┇ INFO     ┇   45 | output.file.mode     | w
[11.19 18:34:41] ┇ INFO     ┇   46 | output.file.encoding | utf-8
[11.19 18:34:41] ┇ INFO     ┇ -----+----------------------+-----------------------------------------------------------------------------------------------------------------------------------
[11.19 18:34:41] ┇ INFO     ┇ split_name: test
[11.19 18:34:41] ┇ INFO     ┇ label_name: LinkedEntity
[11.19 18:34:41] ┇ INFO     ┇ Number of passages in all_passages: 7211
[11.19 18:34:48] ┇ INFO     ┇ => converting:  14%|██████▉                                           | 1000/7211 [00:06<00:40, 153.17item/s]
[11.19 18:34:54] ┇ INFO     ┇ => converting:  28%|█████████████▊                                    | 2000/7211 [00:13<00:34, 152.72item/s]
[11.19 18:35:01] ┇ INFO     ┇ => converting:  42%|████████████████████▊                             | 3000/7211 [00:20<00:28, 149.88item/s]
[11.19 18:35:08] ┇ INFO     ┇ => converting:  55%|███████████████████████████▋                      | 4000/7211 [00:26<00:21, 152.90item/s]
[11.19 18:35:15] ┇ INFO     ┇ => converting:  69%|██████████████████████████████████▋               | 5000/7211 [00:33<00:14, 153.58item/s]
[11.19 18:35:21] ┇ INFO     ┇ => converting:  83%|█████████████████████████████████████████▌        | 6000/7211 [00:39<00:07, 155.96item/s]
[11.19 18:35:27] ┇ INFO     ┇ => converting:  97%|████████████████████████████████████████████████▌ | 7000/7211 [00:46<00:01, 159.16item/s]
[11.19 18:35:29] ┇ INFO     ┇ => converting: 100%|██████████████████████████████████████████████████| 7211/7211 [00:47<00:00, 154.33item/s]
[11.19 18:35:29] ┇ INFO     ┇ Number of samples in output_file: 7211
[11.19 18:35:29] ┇ INFO     ┇ =========================================================================================================================================
[11.19 18:35:29] ┇ INFO     ┇ [EXIT] python /home/chris/proj/chrisdata2/src/chrisdata/cli.py ner convert_wiki output/GNER/wiki_passage_from_zero.jsonl GNER/data/linked-entity-zero.jsonl --split-name test ($=00:00:47.627)
[11.19 18:35:29] ┇ INFO     ┇ =========================================================================================================================================
