[11.19 23:07:02] ┇ INFO     ┇ =========================================================================================================================================
[11.19 23:07:02] ┇ INFO     ┇ [INIT] python /home/chris/proj/chrisdata2/src/chrisdata/cli.py ner convert_conll GNER/data/* GNER/data/no-pile-train.jsonl --split-name train
[11.19 23:07:02] ┇ INFO     ┇ =========================================================================================================================================
[11.19 23:07:02] ┇ INFO     ┇ -----+----------------------+---------------------------------------------------------------------------------------------------
[11.19 23:07:02] ┇ INFO     ┇    # | IOArguments          | value
[11.19 23:07:02] ┇ INFO     ┇ -----+----------------------+---------------------------------------------------------------------------------------------------
[11.19 23:07:02] ┇ INFO     ┇    1 | tag                  |
[11.19 23:07:02] ┇ INFO     ┇    2 | env.project          | chrisdata
[11.19 23:07:02] ┇ INFO     ┇    3 | env.job_name         | convert_conll_to_jsonl
[11.19 23:07:02] ┇ INFO     ┇    4 | env.job_version      |
[11.19 23:07:02] ┇ INFO     ┇    5 | env.hostname         | chris36
[11.19 23:07:02] ┇ INFO     ┇    6 | env.hostaddr         | 129.254.181.36
[11.19 23:07:02] ┇ INFO     ┇    7 | env.time_stamp       | 1119.230701
[11.19 23:07:02] ┇ INFO     ┇    8 | env.python_path      | /home/chris/miniforge3/envs/chrisdata/bin/python
[11.19 23:07:02] ┇ INFO     ┇    9 | env.current_dir      | /mnt/dat/proj/chrisdata2
[11.19 23:07:02] ┇ INFO     ┇   10 | env.current_file     | /home/chris/proj/chrisdata2/src/chrisdata/cli.py
[11.19 23:07:02] ┇ INFO     ┇   11 | env.working_dir      | /mnt/dat/proj/chrisdata2
[11.19 23:07:02] ┇ INFO     ┇   12 | env.command_args     | ['ner', 'convert_conll', 'GNER/data/*', 'GNER/data/no-pile-train.jsonl', '--split-name', 'train']
[11.19 23:07:02] ┇ INFO     ┇   13 | env.max_workers      | 1
[11.19 23:07:02] ┇ INFO     ┇   14 | env.calling_sec      | 0.001
[11.19 23:07:02] ┇ INFO     ┇   15 | env.waiting_sec      | 300.0
[11.19 23:07:02] ┇ INFO     ┇   16 | env.debugging        | False
[11.19 23:07:02] ┇ INFO     ┇   17 | env.logging_home     | /mnt/dat/proj/chrisdata2/output/GNER
[11.19 23:07:02] ┇ INFO     ┇   18 | env.logging_file     | convert_conll-1119.230701.out
[11.19 23:07:02] ┇ INFO     ┇   19 | env.argument_file    |
[11.19 23:07:02] ┇ INFO     ┇   20 | env.date_format      | [%m.%d %H:%M:%S]
[11.19 23:07:02] ┇ INFO     ┇   21 | env.message_level    | 20
[11.19 23:07:02] ┇ INFO     ┇   22 | env.message_format   | %(asctime)s ┇ %(levelname)-8s ┇ %(message)s
[11.19 23:07:02] ┇ INFO     ┇   23 | time.started         | [11.19 23:07:02]
[11.19 23:07:02] ┇ INFO     ┇   24 | time.settled         |
[11.19 23:07:02] ┇ INFO     ┇   25 | time.elapsed         |
[11.19 23:07:02] ┇ INFO     ┇   26 | input.start          | 0.0
[11.19 23:07:02] ┇ INFO     ┇   27 | input.limit          | -1.0
[11.19 23:07:02] ┇ INFO     ┇   28 | input.batch          | 1.0
[11.19 23:07:02] ┇ INFO     ┇   29 | input.inter          | 1000.0
[11.19 23:07:02] ┇ INFO     ┇   30 | input.data           | nan
[11.19 23:07:02] ┇ INFO     ┇   31 | input.file.name      | *
[11.19 23:07:02] ┇ INFO     ┇   32 | input.file.home      | GNER/data
[11.19 23:07:02] ┇ INFO     ┇   33 | input.file.user      |
[11.19 23:07:02] ┇ INFO     ┇   34 | input.file.pswd      |
[11.19 23:07:02] ┇ INFO     ┇   35 | input.file.reset     | False
[11.19 23:07:02] ┇ INFO     ┇   36 | input.file.required  | False
[11.19 23:07:02] ┇ INFO     ┇   37 | input.file.mode      | rb
[11.19 23:07:02] ┇ INFO     ┇   38 | input.file.encoding  | utf-8
[11.19 23:07:02] ┇ INFO     ┇   39 | output.file.name     | no-pile-train-1119.230701.jsonl
[11.19 23:07:02] ┇ INFO     ┇   40 | output.file.home     | GNER/data
[11.19 23:07:02] ┇ INFO     ┇   41 | output.file.user     |
[11.19 23:07:02] ┇ INFO     ┇   42 | output.file.pswd     |
[11.19 23:07:02] ┇ INFO     ┇   43 | output.file.reset    | False
[11.19 23:07:02] ┇ INFO     ┇   44 | output.file.required | False
[11.19 23:07:02] ┇ INFO     ┇   45 | output.file.mode     | w
[11.19 23:07:02] ┇ INFO     ┇   46 | output.file.encoding | utf-8
[11.19 23:07:02] ┇ INFO     ┇ -----+----------------------+---------------------------------------------------------------------------------------------------
[11.19 23:07:02] ┇ INFO     ┇ split_name: train
[11.19 23:07:03] ┇ INFO     ┇ =>               crossner_ai: 100%|██████████████████████████████████████████████████| 100/100 [00:00<00:00, 153.86item/s]
[11.19 23:07:03] ┇ INFO     ┇ =>       crossner_literature: 100%|██████████████████████████████████████████████████| 100/100 [00:00<00:00, 158.50item/s]
[11.19 23:07:04] ┇ INFO     ┇ =>            crossner_music: 100%|██████████████████████████████████████████████████| 100/100 [00:00<00:00, 159.66item/s]
[11.19 23:07:05] ┇ INFO     ┇ =>         crossner_politics: 100%|██████████████████████████████████████████████████| 200/200 [00:01<00:00, 159.96item/s]
[11.19 23:07:07] ┇ INFO     ┇ =>          crossner_science: 100%|██████████████████████████████████████████████████| 200/200 [00:01<00:00, 159.35item/s]
[11.19 23:07:13] ┇ INFO     ┇ =>                 mit-movie:  10%|█████                                             | 1000/9775 [00:06<00:54, 159.85item/s]
[11.19 23:07:19] ┇ INFO     ┇ =>                 mit-movie:  20%|██████████▏                                       | 2000/9775 [00:12<00:48, 158.73item/s]
[11.19 23:07:26] ┇ INFO     ┇ =>                 mit-movie:  31%|███████████████▎                                  | 3000/9775 [00:18<00:42, 160.24item/s]
[11.19 23:07:32] ┇ INFO     ┇ =>                 mit-movie:  41%|████████████████████▍                             | 4000/9775 [00:25<00:36, 158.03item/s]
[11.19 23:07:38] ┇ INFO     ┇ =>                 mit-movie:  51%|█████████████████████████▌                        | 5000/9775 [00:31<00:29, 159.23item/s]
[11.19 23:07:44] ┇ INFO     ┇ =>                 mit-movie:  61%|██████████████████████████████▋                   | 6000/9775 [00:37<00:23, 160.44item/s]
[11.19 23:07:51] ┇ INFO     ┇ =>                 mit-movie:  72%|███████████████████████████████████▊              | 7000/9775 [00:44<00:17, 159.08item/s]
[11.19 23:07:57] ┇ INFO     ┇ =>                 mit-movie:  82%|████████████████████████████████████████▉         | 8000/9775 [00:50<00:11, 150.61item/s]
[11.19 23:08:04] ┇ INFO     ┇ =>                 mit-movie:  92%|██████████████████████████████████████████████    | 9000/9775 [00:57<00:05, 154.86item/s]
[11.19 23:08:09] ┇ INFO     ┇ =>                 mit-movie: 100%|██████████████████████████████████████████████████| 9775/9775 [01:02<00:00, 158.47item/s]
[11.19 23:08:15] ┇ INFO     ┇ =>            mit-restaurant:  13%|██████▌                                           | 1000/7660 [00:06<00:43, 153.75item/s]
[11.19 23:08:22] ┇ INFO     ┇ =>            mit-restaurant:  26%|█████████████                                     | 2000/7660 [00:13<00:36, 156.19item/s]
[11.19 23:08:28] ┇ INFO     ┇ =>            mit-restaurant:  39%|███████████████████▌                              | 3000/7660 [00:19<00:30, 153.06item/s]
[11.19 23:08:35] ┇ INFO     ┇ =>            mit-restaurant:  52%|██████████████████████████                        | 4000/7660 [00:26<00:22, 159.60item/s]
[11.19 23:08:42] ┇ INFO     ┇ =>            mit-restaurant:  65%|████████████████████████████████▋                 | 5000/7660 [00:32<00:20, 129.21item/s]
[11.19 23:08:48] ┇ INFO     ┇ =>            mit-restaurant:  78%|███████████████████████████████████████▏          | 6000/7660 [00:39<00:10, 151.60item/s]
[11.19 23:08:54] ┇ INFO     ┇ =>            mit-restaurant:  91%|█████████████████████████████████████████████▋    | 7000/7660 [00:45<00:04, 158.00item/s]
[11.19 23:08:59] ┇ INFO     ┇ =>            mit-restaurant: 100%|██████████████████████████████████████████████████| 7660/7660 [00:49<00:00, 158.35item/s]
[11.19 23:08:59] ┇ INFO     ┇ Number of samples in GNER/data/no-pile-train-1119.230701.jsonl: 18135
[11.19 23:08:59] ┇ INFO     ┇ =========================================================================================================================================
[11.19 23:08:59] ┇ INFO     ┇ [EXIT] python /home/chris/proj/chrisdata2/src/chrisdata/cli.py ner convert_conll GNER/data/* GNER/data/no-pile-train.jsonl --split-name train ($=00:01:56.661)
[11.19 23:08:59] ┇ INFO     ┇ =========================================================================================================================================
