[11.20 09:54:32] ┇ INFO     ┇ =========================================================================================================================================
[11.20 09:54:32] ┇ INFO     ┇ [INIT] python /mnt/dat/proj/chrisdata2/src/chrisdata/cli.py ner convert_wiki output/GNER/wiki_passage_from_zero-test.jsonl GNER/data/linked-entity-zero-test.jsonl --split-name train
[11.20 09:54:32] ┇ INFO     ┇ =========================================================================================================================================
[11.20 09:54:32] ┇ INFO     ┇ -----+----------------------+----------------------------------------------------------------------------------------------------------------------------------------------
[11.20 09:54:32] ┇ INFO     ┇    # | IOArguments          | value
[11.20 09:54:32] ┇ INFO     ┇ -----+----------------------+----------------------------------------------------------------------------------------------------------------------------------------------
[11.20 09:54:32] ┇ INFO     ┇    1 | tag                  |
[11.20 09:54:32] ┇ INFO     ┇    2 | env.project          | chrisdata
[11.20 09:54:32] ┇ INFO     ┇    3 | env.job_name         | convert_wiki_to_jsonl
[11.20 09:54:32] ┇ INFO     ┇    4 | env.job_version      |
[11.20 09:54:32] ┇ INFO     ┇    5 | env.hostname         | chris36
[11.20 09:54:32] ┇ INFO     ┇    6 | env.hostaddr         | 129.254.181.36
[11.20 09:54:32] ┇ INFO     ┇    7 | env.time_stamp       | 1120.095431
[11.20 09:54:32] ┇ INFO     ┇    8 | env.python_path      | /home/chris/miniforge3/envs/chrisdata/bin/python
[11.20 09:54:32] ┇ INFO     ┇    9 | env.current_dir      | /mnt/dat/proj/chrisdata2/scripts
[11.20 09:54:32] ┇ INFO     ┇   10 | env.current_file     | /mnt/dat/proj/chrisdata2/src/chrisdata/cli.py
[11.20 09:54:32] ┇ INFO     ┇   11 | env.working_dir      | /mnt/dat/proj/chrisdata2
[11.20 09:54:32] ┇ INFO     ┇   12 | env.command_args     | ['ner', 'convert_wiki', 'output/GNER/wiki_passage_from_zero-test.jsonl', 'GNER/data/linked-entity-zero-test.jsonl', '--split-name', 'train']
[11.20 09:54:32] ┇ INFO     ┇   13 | env.max_workers      | 1
[11.20 09:54:32] ┇ INFO     ┇   14 | env.calling_sec      | 0.001
[11.20 09:54:32] ┇ INFO     ┇   15 | env.waiting_sec      | 300.0
[11.20 09:54:32] ┇ INFO     ┇   16 | env.debugging        | False
[11.20 09:54:32] ┇ INFO     ┇   17 | env.logging_home     | /mnt/dat/proj/chrisdata2/output/GNER
[11.20 09:54:32] ┇ INFO     ┇   18 | env.logging_file     | convert_wiki-1120.095431.out
[11.20 09:54:32] ┇ INFO     ┇   19 | env.argument_file    |
[11.20 09:54:32] ┇ INFO     ┇   20 | env.date_format      | [%m.%d %H:%M:%S]
[11.20 09:54:32] ┇ INFO     ┇   21 | env.message_level    | 20
[11.20 09:54:32] ┇ INFO     ┇   22 | env.message_format   | %(asctime)s ┇ %(levelname)-8s ┇ %(message)s
[11.20 09:54:32] ┇ INFO     ┇   23 | time.started         | [11.20 09:54:32]
[11.20 09:54:32] ┇ INFO     ┇   24 | time.settled         |
[11.20 09:54:32] ┇ INFO     ┇   25 | time.elapsed         |
[11.20 09:54:32] ┇ INFO     ┇   26 | input.start          | 0.0
[11.20 09:54:32] ┇ INFO     ┇   27 | input.limit          | -1.0
[11.20 09:54:32] ┇ INFO     ┇   28 | input.batch          | 1.0
[11.20 09:54:32] ┇ INFO     ┇   29 | input.inter          | 1000.0
[11.20 09:54:32] ┇ INFO     ┇   30 | input.data           | nan
[11.20 09:54:32] ┇ INFO     ┇   31 | input.file.name      | wiki_passage_from_zero-test.jsonl
[11.20 09:54:32] ┇ INFO     ┇   32 | input.file.home      | output/GNER
[11.20 09:54:32] ┇ INFO     ┇   33 | input.file.user      |
[11.20 09:54:32] ┇ INFO     ┇   34 | input.file.pswd      |
[11.20 09:54:32] ┇ INFO     ┇   35 | input.file.reset     | False
[11.20 09:54:32] ┇ INFO     ┇   36 | input.file.required  | True
[11.20 09:54:32] ┇ INFO     ┇   37 | input.file.mode      | rb
[11.20 09:54:32] ┇ INFO     ┇   38 | input.file.encoding  | utf-8
[11.20 09:54:32] ┇ INFO     ┇   39 | output.file.name     | linked-entity-zero-test-1120.095431.jsonl
[11.20 09:54:32] ┇ INFO     ┇   40 | output.file.home     | GNER/data
[11.20 09:54:32] ┇ INFO     ┇   41 | output.file.user     |
[11.20 09:54:32] ┇ INFO     ┇   42 | output.file.pswd     |
[11.20 09:54:32] ┇ INFO     ┇   43 | output.file.reset    | False
[11.20 09:54:32] ┇ INFO     ┇   44 | output.file.required | False
[11.20 09:54:32] ┇ INFO     ┇   45 | output.file.mode     | w
[11.20 09:54:32] ┇ INFO     ┇   46 | output.file.encoding | utf-8
[11.20 09:54:32] ┇ INFO     ┇ -----+----------------------+----------------------------------------------------------------------------------------------------------------------------------------------
[11.20 09:54:32] ┇ INFO     ┇ split_name: train
[11.20 09:54:32] ┇ INFO     ┇ label_name: LinkedEntity
[11.20 09:54:32] ┇ INFO     ┇ Number of passages in all_passages: 7211
[11.20 09:54:39] ┇ INFO     ┇ => converting:  14%|██████▉                                           | 1000/7211 [00:06<00:40, 154.51item/s]
[11.20 09:54:45] ┇ INFO     ┇ => converting:  28%|█████████████▊                                    | 2000/7211 [00:13<00:33, 155.80item/s]
[11.20 09:54:52] ┇ INFO     ┇ => converting:  42%|████████████████████▊                             | 3000/7211 [00:19<00:26, 156.06item/s]
[11.20 09:54:58] ┇ INFO     ┇ => converting:  55%|███████████████████████████▋                      | 4000/7211 [00:25<00:20, 160.25item/s]
[11.20 09:55:04] ┇ INFO     ┇ => converting:  69%|██████████████████████████████████▋               | 5000/7211 [00:32<00:13, 159.98item/s]
[11.20 09:55:11] ┇ INFO     ┇ => converting:  83%|█████████████████████████████████████████▌        | 6000/7211 [00:38<00:07, 158.70item/s]
[11.20 09:55:17] ┇ INFO     ┇ => converting:  97%|████████████████████████████████████████████████▌ | 7000/7211 [00:44<00:01, 154.49item/s]
[11.20 09:55:19] ┇ INFO     ┇ => converting: 100%|██████████████████████████████████████████████████| 7211/7211 [00:46<00:00, 153.88item/s]
[11.20 09:55:19] ┇ INFO     ┇ Number of samples in output_file: 7211
[11.20 09:55:19] ┇ INFO     ┇ =========================================================================================================================================
[11.20 09:55:19] ┇ INFO     ┇ [EXIT] python /mnt/dat/proj/chrisdata2/src/chrisdata/cli.py ner convert_wiki output/GNER/wiki_passage_from_zero-test.jsonl GNER/data/linked-entity-zero-test.jsonl --split-name train ($=00:00:46.253)
[11.20 09:55:19] ┇ INFO     ┇ =========================================================================================================================================
