[11.19 23:24:47] ┇ INFO     ┇ =========================================================================================================================================
[11.19 23:24:47] ┇ INFO     ┇ [INIT] python /home/chris/proj/chrisdata2/src/chrisdata/cli.py ner crawl_wiki GNER/data/zero-shot-train.jsonl output/GNER/wiki_passage_from_zero-train.jsonl
[11.19 23:24:47] ┇ INFO     ┇ =========================================================================================================================================
[11.19 23:24:47] ┇ INFO     ┇ -----+-----------------------------+------------------------------------------------------------------------------------------------------------
[11.19 23:24:47] ┇ INFO     ┇    # | IOArguments                 | value
[11.19 23:24:47] ┇ INFO     ┇ -----+-----------------------------+------------------------------------------------------------------------------------------------------------
[11.19 23:24:47] ┇ INFO     ┇    1 | tag                         |
[11.19 23:24:47] ┇ INFO     ┇    2 | env.project                 | chrisdata
[11.19 23:24:47] ┇ INFO     ┇    3 | env.job_name                | crawl_wiki_by_entity
[11.19 23:24:47] ┇ INFO     ┇    4 | env.job_version             |
[11.19 23:24:47] ┇ INFO     ┇    5 | env.hostname                | chris36
[11.19 23:24:47] ┇ INFO     ┇    6 | env.hostaddr                | 129.254.181.36
[11.19 23:24:47] ┇ INFO     ┇    7 | env.time_stamp              | 1119.232446
[11.19 23:24:47] ┇ INFO     ┇    8 | env.python_path             | /home/chris/miniforge3/envs/chrisdata/bin/python
[11.19 23:24:47] ┇ INFO     ┇    9 | env.current_dir             | /mnt/dat/proj/chrisdata2
[11.19 23:24:47] ┇ INFO     ┇   10 | env.current_file            | /home/chris/proj/chrisdata2/src/chrisdata/cli.py
[11.19 23:24:47] ┇ INFO     ┇   11 | env.working_dir             | /mnt/dat/proj/chrisdata2
[11.19 23:24:47] ┇ INFO     ┇   12 | env.command_args            | ['ner', 'crawl_wiki', 'GNER/data/zero-shot-train.jsonl', 'output/GNER/wiki_passage_from_zero-train.jsonl']
[11.19 23:24:47] ┇ INFO     ┇   13 | env.max_workers             | 12
[11.19 23:24:47] ┇ INFO     ┇   14 | env.calling_sec             | 0.001
[11.19 23:24:47] ┇ INFO     ┇   15 | env.waiting_sec             | 300.0
[11.19 23:24:47] ┇ INFO     ┇   16 | env.debugging               | False
[11.19 23:24:47] ┇ INFO     ┇   17 | env.logging_home            | /mnt/dat/proj/chrisdata2/output/GNER
[11.19 23:24:47] ┇ INFO     ┇   18 | env.logging_file            | crawl_wiki-1119.232446.out
[11.19 23:24:47] ┇ INFO     ┇   19 | env.argument_file           |
[11.19 23:24:47] ┇ INFO     ┇   20 | env.date_format             | [%m.%d %H:%M:%S]
[11.19 23:24:47] ┇ INFO     ┇   21 | env.message_level           | 20
[11.19 23:24:47] ┇ INFO     ┇   22 | env.message_format          | %(asctime)s ┇ %(levelname)-8s ┇ %(message)s
[11.19 23:24:47] ┇ INFO     ┇   23 | time.started                | [11.19 23:24:47]
[11.19 23:24:47] ┇ INFO     ┇   24 | time.settled                |
[11.19 23:24:47] ┇ INFO     ┇   25 | time.elapsed                |
[11.19 23:24:47] ┇ INFO     ┇   26 | input.start                 | 0.0
[11.19 23:24:47] ┇ INFO     ┇   27 | input.limit                 | -1.0
[11.19 23:24:47] ┇ INFO     ┇   28 | input.batch                 | 10.0
[11.19 23:24:47] ┇ INFO     ┇   29 | input.inter                 | 1.0
[11.19 23:24:47] ┇ INFO     ┇   30 | input.data                  | nan
[11.19 23:24:47] ┇ INFO     ┇   31 | input.file.name             | zero-shot-train.jsonl
[11.19 23:24:47] ┇ INFO     ┇   32 | input.file.home             | GNER/data
[11.19 23:24:47] ┇ INFO     ┇   33 | input.file.user             |
[11.19 23:24:47] ┇ INFO     ┇   34 | input.file.pswd             |
[11.19 23:24:47] ┇ INFO     ┇   35 | input.file.reset            | False
[11.19 23:24:47] ┇ INFO     ┇   36 | input.file.required         | True
[11.19 23:24:47] ┇ INFO     ┇   37 | input.file.mode             | rb
[11.19 23:24:47] ┇ INFO     ┇   38 | input.file.encoding         | utf-8
[11.19 23:24:47] ┇ INFO     ┇   39 | output.file.name            | wiki_passage_from_zero-train-1119.232446.jsonl
[11.19 23:24:47] ┇ INFO     ┇   40 | output.file.home            | output/GNER
[11.19 23:24:47] ┇ INFO     ┇   41 | output.file.user            |
[11.19 23:24:47] ┇ INFO     ┇   42 | output.file.pswd            |
[11.19 23:24:47] ┇ INFO     ┇   43 | output.file.reset           | False
[11.19 23:24:47] ┇ INFO     ┇   44 | output.file.required        | False
[11.19 23:24:47] ┇ INFO     ┇   45 | output.file.mode            | w
[11.19 23:24:47] ┇ INFO     ┇   46 | output.file.encoding        | utf-8
[11.19 23:24:47] ┇ INFO     ┇   47 | output.table.name           | wiki_passage_from_zero-train
[11.19 23:24:47] ┇ INFO     ┇   48 | output.table.home           | localhost:8800/GNER
[11.19 23:24:47] ┇ INFO     ┇   49 | output.table.user           |
[11.19 23:24:47] ┇ INFO     ┇   50 | output.table.pswd           |
[11.19 23:24:47] ┇ INFO     ┇   51 | output.table.reset          | True
[11.19 23:24:47] ┇ INFO     ┇   52 | output.table.required       | True
[11.19 23:24:47] ┇ INFO     ┇   53 | output.table.sort           | _id
[11.19 23:24:47] ┇ INFO     ┇   54 | output.table.find           | {}
[11.19 23:24:47] ┇ INFO     ┇   55 | output.table.timeout        | 30000
[11.19 23:24:47] ┇ INFO     ┇   56 | option.min_entity_freq      | 2
[11.19 23:24:47] ┇ INFO     ┇   57 | option.min_entity_chars     | 3
[11.19 23:24:47] ┇ INFO     ┇   58 | option.min_entity_links     | 3
[11.19 23:24:47] ┇ INFO     ┇   59 | option.max_entity_targets   | 70000
[11.19 23:24:47] ┇ INFO     ┇   60 | option.max_search_candidate | 5
[11.19 23:24:47] ┇ INFO     ┇   61 | option.max_targets_per_page | 3
[11.19 23:24:47] ┇ INFO     ┇   62 | option.max_passage_length   | 1000
[11.19 23:24:47] ┇ INFO     ┇   63 | option.min_passage_length   | 100
[11.19 23:24:47] ┇ INFO     ┇ -----+-----------------------------+------------------------------------------------------------------------------------------------------------
[11.19 23:24:47] ┇ INFO     ┇ Drop an existing table: localhost:8800/GNER/wiki_passage_from_zero-train
[11.19 23:24:48] ┇ INFO     ┇ Number of entities in entity_texts: 40386
[11.19 23:24:48] ┇ INFO     ┇ Number of entities in entity_freq: 3108
[11.19 23:24:48] ┇ INFO     ┇ Number of entities in entity_list: 3108
[11.19 23:24:56] ┇ INFO     ┇ =>   crawling:   0%|▏                                                 | 1/311 [00:08<45:13,  8.75s/item]
[11.19 23:25:06] ┇ INFO     ┇ =>   crawling:   1%|▎                                                 | 2/311 [00:18<48:11,  9.36s/item]
[11.19 23:25:17] ┇ INFO     ┇ =>   crawling:   1%|▍                                                 | 3/311 [00:28<50:30,  9.84s/item]
[11.19 23:25:28] ┇ INFO     ┇ =>   crawling:   1%|▋                                                 | 4/311 [00:40<53:22, 10.43s/item]
[11.19 23:25:38] ┇ INFO     ┇ =>   crawling:   2%|▊                                                 | 5/311 [00:50<52:17, 10.25s/item]
[11.19 23:25:47] ┇ INFO     ┇ =>   crawling:   2%|▉                                                 | 6/311 [00:59<49:43,  9.78s/item]
[11.19 23:25:56] ┇ INFO     ┇ =>   crawling:   2%|█▏                                                | 7/311 [01:08<48:46,  9.63s/item]
[11.19 23:26:06] ┇ INFO     ┇ =>   crawling:   3%|█▎                                                | 8/311 [01:17<48:16,  9.56s/item]
[11.19 23:26:15] ┇ INFO     ┇ =>   crawling:   3%|█▍                                                | 9/311 [01:27<48:44,  9.69s/item]
[11.19 23:26:25] ┇ INFO     ┇ =>   crawling:   3%|█▌                                                | 10/311 [01:37<49:04,  9.78s/item]
[11.19 23:26:36] ┇ INFO     ┇ =>   crawling:   4%|█▊                                                | 11/311 [01:48<49:51,  9.97s/item]
[11.19 23:26:46] ┇ INFO     ┇ =>   crawling:   4%|█▉                                                | 12/311 [01:58<49:36,  9.95s/item]
[11.19 23:26:55] ┇ INFO     ┇ =>   crawling:   4%|██                                                | 13/311 [02:07<48:27,  9.76s/item]
[11.19 23:27:03] ┇ INFO     ┇ =>   crawling:   5%|██▎                                               | 14/311 [02:15<46:01,  9.30s/item]
[11.19 23:27:13] ┇ INFO     ┇ =>   crawling:   5%|██▍                                               | 15/311 [02:25<46:40,  9.46s/item]
[11.19 23:27:24] ┇ INFO     ┇ =>   crawling:   5%|██▌                                               | 16/311 [02:35<47:52,  9.74s/item]
[11.19 23:27:33] ┇ INFO     ┇ =>   crawling:   5%|██▋                                               | 17/311 [02:45<47:08,  9.62s/item]
[11.19 23:27:42] ┇ INFO     ┇ =>   crawling:   6%|██▉                                               | 18/311 [02:54<46:24,  9.50s/item]
[11.19 23:27:51] ┇ INFO     ┇ =>   crawling:   6%|███                                               | 19/311 [03:02<44:44,  9.19s/item]
[11.19 23:28:00] ┇ INFO     ┇ =>   crawling:   6%|███▏                                              | 20/311 [03:12<45:23,  9.36s/item]
[11.19 23:28:10] ┇ INFO     ┇ =>   crawling:   7%|███▍                                              | 21/311 [03:22<46:17,  9.58s/item]
[11.19 23:28:19] ┇ INFO     ┇ =>   crawling:   7%|███▌                                              | 22/311 [03:31<45:17,  9.40s/item]
[11.19 23:28:29] ┇ INFO     ┇ =>   crawling:   7%|███▋                                              | 23/311 [03:40<44:56,  9.36s/item]
[11.19 23:28:41] ┇ INFO     ┇ =>   crawling:   8%|███▊                                              | 24/311 [03:52<48:19, 10.10s/item]
[11.19 23:28:48] ┇ INFO     ┇ =>   crawling:   8%|████                                              | 25/311 [04:00<45:01,  9.44s/item]
[11.19 23:28:58] ┇ INFO     ┇ =>   crawling:   8%|████▏                                             | 26/311 [04:09<44:26,  9.36s/item]
[11.19 23:29:08] ┇ INFO     ┇ =>   crawling:   9%|████▎                                             | 27/311 [04:20<46:09,  9.75s/item]
[11.19 23:29:17] ┇ INFO     ┇ =>   crawling:   9%|████▌                                             | 28/311 [04:29<44:25,  9.42s/item]
[11.19 23:29:26] ┇ INFO     ┇ =>   crawling:   9%|████▋                                             | 29/311 [04:38<43:24,  9.23s/item]
[11.19 23:29:34] ┇ INFO     ┇ =>   crawling:  10%|████▊                                             | 30/311 [04:46<42:04,  8.98s/item]
[11.19 23:29:43] ┇ INFO     ┇ =>   crawling:  10%|████▉                                             | 31/311 [04:55<42:00,  9.00s/item]
[11.19 23:29:52] ┇ INFO     ┇ =>   crawling:  10%|█████▏                                            | 32/311 [05:03<41:12,  8.86s/item]
[11.19 23:30:02] ┇ INFO     ┇ =>   crawling:  11%|█████▎                                            | 33/311 [05:13<42:36,  9.20s/item]
[11.19 23:30:11] ┇ INFO     ┇ =>   crawling:  11%|█████▍                                            | 34/311 [05:23<42:25,  9.19s/item]
[11.19 23:30:21] ┇ INFO     ┇ =>   crawling:  11%|█████▋                                            | 35/311 [05:33<44:18,  9.63s/item]
[11.19 23:30:31] ┇ INFO     ┇ =>   crawling:  12%|█████▊                                            | 36/311 [05:43<44:00,  9.60s/item]
[11.19 23:30:41] ┇ INFO     ┇ =>   crawling:  12%|█████▉                                            | 37/311 [05:52<43:42,  9.57s/item]
[11.19 23:30:53] ┇ INFO     ┇ =>   crawling:  12%|██████                                            | 38/311 [06:05<47:50, 10.52s/item]
[11.19 23:31:02] ┇ INFO     ┇ =>   crawling:  13%|██████▎                                           | 39/311 [06:14<45:30, 10.04s/item]
[11.19 23:31:13] ┇ INFO     ┇ =>   crawling:  13%|██████▍                                           | 40/311 [06:25<46:24, 10.27s/item]
[11.19 23:31:26] ┇ INFO     ┇ =>   crawling:  13%|██████▌                                           | 41/311 [06:38<50:07, 11.14s/item]
[11.19 23:31:36] ┇ INFO     ┇ =>   crawling:  14%|██████▊                                           | 42/311 [06:48<48:49, 10.89s/item]
[11.19 23:31:47] ┇ INFO     ┇ =>   crawling:  14%|██████▉                                           | 43/311 [06:59<48:20, 10.82s/item]
[11.19 23:31:57] ┇ INFO     ┇ =>   crawling:  14%|███████                                           | 44/311 [07:09<46:41, 10.49s/item]
[11.19 23:32:06] ┇ INFO     ┇ =>   crawling:  14%|███████▏                                          | 45/311 [07:18<44:44, 10.09s/item]
[11.19 23:32:16] ┇ INFO     ┇ =>   crawling:  15%|███████▍                                          | 46/311 [07:28<44:34, 10.09s/item]
[11.19 23:32:25] ┇ INFO     ┇ =>   crawling:  15%|███████▌                                          | 47/311 [07:36<42:23,  9.64s/item]
[11.19 23:32:35] ┇ INFO     ┇ =>   crawling:  15%|███████▋                                          | 48/311 [07:47<42:49,  9.77s/item]
[11.19 23:32:43] ┇ INFO     ┇ =>   crawling:  16%|███████▉                                          | 49/311 [07:55<40:59,  9.39s/item]
[11.19 23:32:53] ┇ INFO     ┇ =>   crawling:  16%|████████                                          | 50/311 [08:05<41:10,  9.46s/item]
[11.19 23:33:03] ┇ INFO     ┇ =>   crawling:  16%|████████▏                                         | 51/311 [08:14<41:25,  9.56s/item]
[11.19 23:33:14] ┇ INFO     ┇ =>   crawling:  17%|████████▎                                         | 52/311 [08:26<43:44, 10.13s/item]
[11.19 23:33:29] ┇ INFO     ┇ =>   crawling:  17%|████████▌                                         | 53/311 [08:40<49:13, 11.45s/item]
[11.19 23:33:39] ┇ INFO     ┇ =>   crawling:  17%|████████▋                                         | 54/311 [08:51<47:23, 11.06s/item]
[11.19 23:33:48] ┇ INFO     ┇ =>   crawling:  18%|████████▊                                         | 55/311 [09:00<44:37, 10.46s/item]
[11.19 23:33:58] ┇ INFO     ┇ =>   crawling:  18%|█████████                                         | 56/311 [09:10<44:13, 10.41s/item]
[11.19 23:34:07] ┇ INFO     ┇ =>   crawling:  18%|█████████▏                                        | 57/311 [09:19<42:33, 10.05s/item]
[11.19 23:34:16] ┇ INFO     ┇ =>   crawling:  19%|█████████▎                                        | 58/311 [09:28<41:09,  9.76s/item]
[11.19 23:34:26] ┇ INFO     ┇ =>   crawling:  19%|█████████▍                                        | 59/311 [09:38<41:05,  9.79s/item]
[11.19 23:34:35] ┇ INFO     ┇ =>   crawling:  19%|█████████▋                                        | 60/311 [09:47<39:32,  9.45s/item]
[11.19 23:34:46] ┇ INFO     ┇ =>   crawling:  20%|█████████▊                                        | 61/311 [09:58<41:33,  9.97s/item]
[11.19 23:34:56] ┇ INFO     ┇ =>   crawling:  20%|█████████▉                                        | 62/311 [10:08<41:21,  9.96s/item]
[11.19 23:35:05] ┇ INFO     ┇ =>   crawling:  20%|██████████▏                                       | 63/311 [10:17<40:20,  9.76s/item]
[11.19 23:35:15] ┇ INFO     ┇ =>   crawling:  21%|██████████▎                                       | 64/311 [10:27<39:53,  9.69s/item]
[11.19 23:35:26] ┇ INFO     ┇ =>   crawling:  21%|██████████▍                                       | 65/311 [10:37<40:57,  9.99s/item]
[11.19 23:35:35] ┇ INFO     ┇ =>   crawling:  21%|██████████▌                                       | 66/311 [10:46<39:32,  9.68s/item]
[11.19 23:35:44] ┇ INFO     ┇ =>   crawling:  22%|██████████▊                                       | 67/311 [10:56<39:34,  9.73s/item]
[11.19 23:35:54] ┇ INFO     ┇ =>   crawling:  22%|██████████▉                                       | 68/311 [11:06<39:19,  9.71s/item]
[11.19 23:36:05] ┇ INFO     ┇ =>   crawling:  22%|███████████                                       | 69/311 [11:16<40:01,  9.93s/item]
[11.19 23:36:13] ┇ INFO     ┇ =>   crawling:  23%|███████████▎                                      | 70/311 [11:25<38:32,  9.60s/item]
[11.19 23:36:23] ┇ INFO     ┇ =>   crawling:  23%|███████████▍                                      | 71/311 [11:34<37:59,  9.50s/item]
[11.19 23:36:36] ┇ INFO     ┇ =>   crawling:  23%|███████████▌                                      | 72/311 [11:48<42:19, 10.63s/item]
[11.19 23:36:46] ┇ INFO     ┇ =>   crawling:  23%|███████████▋                                      | 73/311 [11:58<41:38, 10.50s/item]
[11.19 23:36:56] ┇ INFO     ┇ =>   crawling:  24%|███████████▉                                      | 74/311 [12:08<40:49, 10.34s/item]
[11.19 23:37:06] ┇ INFO     ┇ =>   crawling:  24%|████████████                                      | 75/311 [12:17<39:49, 10.13s/item]
[11.19 23:37:17] ┇ INFO     ┇ =>   crawling:  24%|████████████▏                                     | 76/311 [12:28<40:42, 10.39s/item]
[11.19 23:37:27] ┇ INFO     ┇ =>   crawling:  25%|████████████▍                                     | 77/311 [12:39<40:13, 10.31s/item]
[11.19 23:37:37] ┇ INFO     ┇ =>   crawling:  25%|████████████▌                                     | 78/311 [12:49<39:58, 10.29s/item]
[11.19 23:37:47] ┇ INFO     ┇ =>   crawling:  25%|████████████▋                                     | 79/311 [12:59<39:18, 10.17s/item]
[11.19 23:37:56] ┇ INFO     ┇ =>   crawling:  26%|████████████▊                                     | 80/311 [13:08<38:05,  9.90s/item]
[11.19 23:38:05] ┇ INFO     ┇ =>   crawling:  26%|█████████████                                     | 81/311 [13:17<37:11,  9.70s/item]
[11.19 23:38:16] ┇ INFO     ┇ =>   crawling:  26%|█████████████▏                                    | 82/311 [13:28<38:08,  9.99s/item]
[11.19 23:38:26] ┇ INFO     ┇ =>   crawling:  27%|█████████████▎                                    | 83/311 [13:37<37:22,  9.84s/item]
[11.19 23:38:35] ┇ INFO     ┇ =>   crawling:  27%|█████████████▌                                    | 84/311 [13:47<37:03,  9.79s/item]
[11.19 23:38:45] ┇ INFO     ┇ =>   crawling:  27%|█████████████▋                                    | 85/311 [13:57<37:07,  9.86s/item]
[11.19 23:38:55] ┇ INFO     ┇ =>   crawling:  28%|█████████████▊                                    | 86/311 [14:07<36:33,  9.75s/item]
[11.19 23:39:05] ┇ INFO     ┇ =>   crawling:  28%|█████████████▉                                    | 87/311 [14:17<37:14,  9.98s/item]
[11.19 23:39:16] ┇ INFO     ┇ =>   crawling:  28%|██████████████▏                                   | 88/311 [14:28<38:22, 10.33s/item]
[11.19 23:39:26] ┇ INFO     ┇ =>   crawling:  29%|██████████████▎                                   | 89/311 [14:38<37:13, 10.06s/item]
[11.19 23:39:36] ┇ INFO     ┇ =>   crawling:  29%|██████████████▍                                   | 90/311 [14:47<36:40,  9.96s/item]
[11.19 23:39:44] ┇ INFO     ┇ =>   crawling:  29%|██████████████▋                                   | 91/311 [14:56<35:20,  9.64s/item]
[11.19 23:39:53] ┇ INFO     ┇ =>   crawling:  30%|██████████████▊                                   | 92/311 [15:05<33:50,  9.27s/item]
[11.19 23:40:02] ┇ INFO     ┇ =>   crawling:  30%|██████████████▉                                   | 93/311 [15:14<33:47,  9.30s/item]
[11.19 23:40:13] ┇ INFO     ┇ =>   crawling:  30%|███████████████                                   | 94/311 [15:25<35:18,  9.76s/item]
[11.19 23:40:23] ┇ INFO     ┇ =>   crawling:  31%|███████████████▎                                  | 95/311 [15:35<35:36,  9.89s/item]
[11.19 23:40:32] ┇ INFO     ┇ =>   crawling:  31%|███████████████▍                                  | 96/311 [15:44<34:17,  9.57s/item]
[11.19 23:40:41] ┇ INFO     ┇ =>   crawling:  31%|███████████████▌                                  | 97/311 [15:53<33:18,  9.34s/item]
[11.19 23:40:50] ┇ INFO     ┇ =>   crawling:  32%|███████████████▊                                  | 98/311 [16:02<32:52,  9.26s/item]
[11.19 23:40:58] ┇ INFO     ┇ =>   crawling:  32%|███████████████▉                                  | 99/311 [16:10<31:34,  8.94s/item]
[11.19 23:41:08] ┇ INFO     ┇ =>   crawling:  32%|████████████████                                  | 100/311 [16:20<32:22,  9.21s/item]
[11.19 23:41:18] ┇ INFO     ┇ =>   crawling:  32%|████████████████▏                                 | 101/311 [16:30<32:46,  9.36s/item]
[11.19 23:41:27] ┇ INFO     ┇ =>   crawling:  33%|████████████████▍                                 | 102/311 [16:39<32:52,  9.44s/item]
[11.19 23:41:36] ┇ INFO     ┇ =>   crawling:  33%|████████████████▌                                 | 103/311 [16:47<31:32,  9.10s/item]
[11.19 23:41:44] ┇ INFO     ┇ =>   crawling:  33%|████████████████▋                                 | 104/311 [16:56<30:33,  8.86s/item]
[11.19 23:41:52] ┇ INFO     ┇ =>   crawling:  34%|████████████████▉                                 | 105/311 [17:04<29:37,  8.63s/item]
[11.19 23:42:01] ┇ INFO     ┇ =>   crawling:  34%|█████████████████                                 | 106/311 [17:12<29:27,  8.62s/item]
[11.19 23:42:11] ┇ INFO     ┇ =>   crawling:  34%|█████████████████▏                                | 107/311 [17:22<30:45,  9.04s/item]
[11.19 23:42:22] ┇ INFO     ┇ =>   crawling:  35%|█████████████████▎                                | 108/311 [17:34<32:38,  9.65s/item]
[11.19 23:42:31] ┇ INFO     ┇ =>   crawling:  35%|█████████████████▌                                | 109/311 [17:42<31:44,  9.43s/item]
[11.19 23:42:39] ┇ INFO     ┇ =>   crawling:  35%|█████████████████▋                                | 110/311 [17:51<30:55,  9.23s/item]
[11.19 23:42:50] ┇ INFO     ┇ =>   crawling:  36%|█████████████████▊                                | 111/311 [18:01<31:38,  9.49s/item]
[11.19 23:42:58] ┇ INFO     ┇ =>   crawling:  36%|██████████████████                                | 112/311 [18:10<30:25,  9.17s/item]
[11.19 23:43:07] ┇ INFO     ┇ =>   crawling:  36%|██████████████████▏                               | 113/311 [18:18<29:50,  9.04s/item]
[11.19 23:43:16] ┇ INFO     ┇ =>   crawling:  37%|██████████████████▎                               | 114/311 [18:28<30:12,  9.20s/item]
[11.19 23:43:26] ┇ INFO     ┇ =>   crawling:  37%|██████████████████▍                               | 115/311 [18:38<30:28,  9.33s/item]
[11.19 23:43:35] ┇ INFO     ┇ =>   crawling:  37%|██████████████████▋                               | 116/311 [18:46<29:44,  9.15s/item]
[11.19 23:43:44] ┇ INFO     ┇ =>   crawling:  38%|██████████████████▊                               | 117/311 [18:56<29:52,  9.24s/item]
[11.19 23:43:54] ┇ INFO     ┇ =>   crawling:  38%|██████████████████▉                               | 118/311 [19:06<30:22,  9.44s/item]
[11.19 23:44:03] ┇ INFO     ┇ =>   crawling:  38%|███████████████████▏                              | 119/311 [19:15<29:34,  9.24s/item]
[11.19 23:44:13] ┇ INFO     ┇ =>   crawling:  39%|███████████████████▎                              | 120/311 [19:24<29:55,  9.40s/item]
[11.19 23:44:22] ┇ INFO     ┇ =>   crawling:  39%|███████████████████▍                              | 121/311 [19:34<30:03,  9.49s/item]
[11.19 23:44:31] ┇ INFO     ┇ =>   crawling:  39%|███████████████████▌                              | 122/311 [19:43<29:06,  9.24s/item]
[11.19 23:44:42] ┇ INFO     ┇ =>   crawling:  40%|███████████████████▊                              | 123/311 [19:54<30:43,  9.81s/item]
[11.19 23:44:51] ┇ INFO     ┇ =>   crawling:  40%|███████████████████▉                              | 124/311 [20:03<30:14,  9.70s/item]
[11.19 23:45:00] ┇ INFO     ┇ =>   crawling:  40%|████████████████████                              | 125/311 [20:12<29:18,  9.45s/item]
[11.19 23:45:09] ┇ INFO     ┇ =>   crawling:  41%|████████████████████▎                             | 126/311 [20:21<28:47,  9.34s/item]
[11.19 23:45:20] ┇ INFO     ┇ =>   crawling:  41%|████████████████████▍                             | 127/311 [20:32<29:41,  9.68s/item]
[11.19 23:45:30] ┇ INFO     ┇ =>   crawling:  41%|████████████████████▌                             | 128/311 [20:42<29:58,  9.83s/item]
[11.19 23:45:39] ┇ INFO     ┇ =>   crawling:  41%|████████████████████▋                             | 129/311 [20:51<29:24,  9.69s/item]
[11.19 23:45:48] ┇ INFO     ┇ =>   crawling:  42%|████████████████████▉                             | 130/311 [21:00<28:32,  9.46s/item]
[11.19 23:46:03] ┇ INFO     ┇ =>   crawling:  42%|█████████████████████                             | 131/311 [21:15<33:25, 11.14s/item]
[11.19 23:46:13] ┇ INFO     ┇ =>   crawling:  42%|█████████████████████▏                            | 132/311 [21:25<32:05, 10.76s/item]
[11.19 23:46:26] ┇ INFO     ┇ =>   crawling:  43%|█████████████████████▍                            | 133/311 [21:38<33:32, 11.30s/item]
[11.19 23:46:36] ┇ INFO     ┇ =>   crawling:  43%|█████████████████████▌                            | 134/311 [21:48<32:31, 11.03s/item]
[11.19 23:46:50] ┇ INFO     ┇ =>   crawling:  43%|█████████████████████▋                            | 135/311 [22:02<34:44, 11.84s/item]
[11.19 23:47:04] ┇ INFO     ┇ =>   crawling:  44%|█████████████████████▊                            | 136/311 [22:16<36:14, 12.43s/item]
[11.19 23:47:13] ┇ INFO     ┇ =>   crawling:  44%|██████████████████████                            | 137/311 [22:25<33:29, 11.55s/item]
[11.19 23:47:24] ┇ INFO     ┇ =>   crawling:  44%|██████████████████████▏                           | 138/311 [22:35<32:16, 11.19s/item]
[11.19 23:47:35] ┇ INFO     ┇ =>   crawling:  45%|██████████████████████▎                           | 139/311 [22:47<32:12, 11.23s/item]
[11.19 23:47:47] ┇ INFO     ┇ =>   crawling:  45%|██████████████████████▌                           | 140/311 [22:58<32:23, 11.36s/item]
[11.19 23:47:56] ┇ INFO     ┇ =>   crawling:  45%|██████████████████████▋                           | 141/311 [23:08<30:18, 10.70s/item]
[11.19 23:48:05] ┇ INFO     ┇ =>   crawling:  46%|██████████████████████▊                           | 142/311 [23:16<28:28, 10.11s/item]
[11.19 23:48:15] ┇ INFO     ┇ =>   crawling:  46%|██████████████████████▉                           | 143/311 [23:26<28:18, 10.11s/item]
[11.19 23:48:25] ┇ INFO     ┇ =>   crawling:  46%|███████████████████████▏                          | 144/311 [23:37<28:40, 10.30s/item]
[11.19 23:48:36] ┇ INFO     ┇ =>   crawling:  47%|███████████████████████▎                          | 145/311 [23:47<28:29, 10.30s/item]
[11.19 23:48:45] ┇ INFO     ┇ =>   crawling:  47%|███████████████████████▍                          | 146/311 [23:57<27:16,  9.92s/item]
[11.19 23:48:53] ┇ INFO     ┇ =>   crawling:  47%|███████████████████████▋                          | 147/311 [24:05<26:02,  9.53s/item]
[11.19 23:49:03] ┇ INFO     ┇ =>   crawling:  48%|███████████████████████▊                          | 148/311 [24:15<26:17,  9.68s/item]
[11.19 23:49:13] ┇ INFO     ┇ =>   crawling:  48%|███████████████████████▉                          | 149/311 [24:24<25:47,  9.56s/item]
[11.19 23:49:22] ┇ INFO     ┇ =>   crawling:  48%|████████████████████████                          | 150/311 [24:34<25:51,  9.63s/item]
[11.19 23:49:32] ┇ INFO     ┇ =>   crawling:  49%|████████████████████████▎                         | 151/311 [24:44<25:52,  9.70s/item]
[11.19 23:49:42] ┇ INFO     ┇ =>   crawling:  49%|████████████████████████▍                         | 152/311 [24:53<25:26,  9.60s/item]
[11.19 23:49:51] ┇ INFO     ┇ =>   crawling:  49%|████████████████████████▌                         | 153/311 [25:03<25:18,  9.61s/item]
[11.19 23:50:00] ┇ INFO     ┇ =>   crawling:  50%|████████████████████████▊                         | 154/311 [25:12<24:27,  9.35s/item]
[11.19 23:50:10] ┇ INFO     ┇ =>   crawling:  50%|████████████████████████▉                         | 155/311 [25:22<24:46,  9.53s/item]
[11.19 23:50:20] ┇ INFO     ┇ =>   crawling:  50%|█████████████████████████                         | 156/311 [25:32<25:04,  9.71s/item]
[11.19 23:50:31] ┇ INFO     ┇ =>   crawling:  50%|█████████████████████████▏                        | 157/311 [25:43<26:04, 10.16s/item]
[11.19 23:50:40] ┇ INFO     ┇ =>   crawling:  51%|█████████████████████████▍                        | 158/311 [25:52<24:39,  9.67s/item]
[11.19 23:50:48] ┇ INFO     ┇ =>   crawling:  51%|█████████████████████████▌                        | 159/311 [26:00<23:27,  9.26s/item]
[11.19 23:50:58] ┇ INFO     ┇ =>   crawling:  51%|█████████████████████████▋                        | 160/311 [26:09<23:25,  9.31s/item]
[11.19 23:51:07] ┇ INFO     ┇ =>   crawling:  52%|█████████████████████████▉                        | 161/311 [26:19<23:27,  9.38s/item]
[11.19 23:51:17] ┇ INFO     ┇ =>   crawling:  52%|██████████████████████████                        | 162/311 [26:28<23:25,  9.43s/item]
[11.19 23:51:26] ┇ INFO     ┇ =>   crawling:  52%|██████████████████████████▏                       | 163/311 [26:37<22:56,  9.30s/item]
[11.19 23:51:35] ┇ INFO     ┇ =>   crawling:  53%|██████████████████████████▎                       | 164/311 [26:47<22:47,  9.30s/item]
[11.19 23:51:44] ┇ INFO     ┇ =>   crawling:  53%|██████████████████████████▌                       | 165/311 [26:56<22:38,  9.30s/item]
[11.19 23:51:55] ┇ INFO     ┇ =>   crawling:  53%|██████████████████████████▋                       | 166/311 [27:07<23:40,  9.80s/item]
[11.19 23:52:05] ┇ INFO     ┇ =>   crawling:  54%|██████████████████████████▊                       | 167/311 [27:17<23:46,  9.91s/item]
[11.19 23:52:16] ┇ INFO     ┇ =>   crawling:  54%|███████████████████████████                       | 168/311 [27:28<23:56, 10.04s/item]
[11.19 23:52:27] ┇ INFO     ┇ =>   crawling:  54%|███████████████████████████▏                      | 169/311 [27:39<24:46, 10.47s/item]
[11.19 23:52:38] ┇ INFO     ┇ =>   crawling:  55%|███████████████████████████▎                      | 170/311 [27:50<24:54, 10.60s/item]
[11.19 23:52:50] ┇ INFO     ┇ =>   crawling:  55%|███████████████████████████▍                      | 171/311 [28:02<25:38, 10.99s/item]
[11.19 23:52:59] ┇ INFO     ┇ =>   crawling:  55%|███████████████████████████▋                      | 172/311 [28:11<24:22, 10.52s/item]
[11.19 23:53:09] ┇ INFO     ┇ =>   crawling:  56%|███████████████████████████▊                      | 173/311 [28:20<23:19, 10.14s/item]
[11.19 23:53:20] ┇ INFO     ┇ =>   crawling:  56%|███████████████████████████▉                      | 174/311 [28:32<24:02, 10.53s/item]
[11.19 23:53:32] ┇ INFO     ┇ =>   crawling:  56%|████████████████████████████▏                     | 175/311 [28:43<24:30, 10.81s/item]
[11.19 23:53:42] ┇ INFO     ┇ =>   crawling:  57%|████████████████████████████▎                     | 176/311 [28:54<24:07, 10.72s/item]
[11.19 23:53:53] ┇ INFO     ┇ =>   crawling:  57%|████████████████████████████▍                     | 177/311 [29:05<24:15, 10.86s/item]
[11.19 23:54:04] ┇ INFO     ┇ =>   crawling:  57%|████████████████████████████▌                     | 178/311 [29:16<24:06, 10.88s/item]
[11.19 23:54:14] ┇ INFO     ┇ =>   crawling:  58%|████████████████████████████▊                     | 179/311 [29:25<22:53, 10.41s/item]
[11.19 23:54:24] ┇ INFO     ┇ =>   crawling:  58%|████████████████████████████▉                     | 180/311 [29:35<22:30, 10.31s/item]
[11.19 23:54:33] ┇ INFO     ┇ =>   crawling:  58%|█████████████████████████████                     | 181/311 [29:45<21:47, 10.06s/item]
[11.19 23:54:41] ┇ INFO     ┇ =>   crawling:  59%|█████████████████████████████▎                    | 182/311 [29:53<20:25,  9.50s/item]
[11.19 23:54:53] ┇ INFO     ┇ =>   crawling:  59%|█████████████████████████████▍                    | 183/311 [30:05<21:52, 10.25s/item]
[11.19 23:55:02] ┇ INFO     ┇ =>   crawling:  59%|█████████████████████████████▌                    | 184/311 [30:14<20:52,  9.86s/item]
[11.19 23:55:11] ┇ INFO     ┇ =>   crawling:  59%|█████████████████████████████▋                    | 185/311 [30:23<20:11,  9.62s/item]
[11.19 23:55:21] ┇ INFO     ┇ =>   crawling:  60%|█████████████████████████████▉                    | 186/311 [30:32<19:54,  9.55s/item]
[11.19 23:55:30] ┇ INFO     ┇ =>   crawling:  60%|██████████████████████████████                    | 187/311 [30:42<19:52,  9.62s/item]
[11.19 23:55:40] ┇ INFO     ┇ =>   crawling:  60%|██████████████████████████████▏                   | 188/311 [30:52<19:31,  9.53s/item]
[11.19 23:55:49] ┇ INFO     ┇ =>   crawling:  61%|██████████████████████████████▍                   | 189/311 [31:01<19:04,  9.38s/item]
[11.19 23:55:57] ┇ INFO     ┇ =>   crawling:  61%|██████████████████████████████▌                   | 190/311 [31:09<18:21,  9.10s/item]
[11.19 23:56:08] ┇ INFO     ┇ =>   crawling:  61%|██████████████████████████████▋                   | 191/311 [31:20<19:18,  9.65s/item]
[11.19 23:56:17] ┇ INFO     ┇ =>   crawling:  62%|██████████████████████████████▊                   | 192/311 [31:29<18:47,  9.47s/item]
[11.19 23:56:27] ┇ INFO     ┇ =>   crawling:  62%|███████████████████████████████                   | 193/311 [31:39<18:51,  9.59s/item]
[11.19 23:56:38] ┇ INFO     ┇ =>   crawling:  62%|███████████████████████████████▏                  | 194/311 [31:50<19:21,  9.92s/item]
[11.19 23:56:47] ┇ INFO     ┇ =>   crawling:  63%|███████████████████████████████▎                  | 195/311 [31:59<18:58,  9.82s/item]
[11.19 23:56:57] ┇ INFO     ┇ =>   crawling:  63%|███████████████████████████████▌                  | 196/311 [32:09<18:36,  9.70s/item]
[11.19 23:57:06] ┇ INFO     ┇ =>   crawling:  63%|███████████████████████████████▋                  | 197/311 [32:17<17:51,  9.40s/item]
[11.19 23:57:17] ┇ INFO     ┇ =>   crawling:  64%|███████████████████████████████▊                  | 198/311 [32:29<19:05, 10.14s/item]
[11.19 23:57:26] ┇ INFO     ┇ =>   crawling:  64%|███████████████████████████████▉                  | 199/311 [32:38<18:16,  9.79s/item]
[11.19 23:57:35] ┇ INFO     ┇ =>   crawling:  64%|████████████████████████████████▏                 | 200/311 [32:47<17:19,  9.36s/item]
[11.19 23:57:44] ┇ INFO     ┇ =>   crawling:  65%|████████████████████████████████▎                 | 201/311 [32:56<17:06,  9.33s/item]
[11.19 23:57:53] ┇ INFO     ┇ =>   crawling:  65%|████████████████████████████████▍                 | 202/311 [33:05<16:51,  9.28s/item]
[11.19 23:58:02] ┇ INFO     ┇ =>   crawling:  65%|████████████████████████████████▋                 | 203/311 [33:14<16:41,  9.27s/item]
[11.19 23:58:12] ┇ INFO     ┇ =>   crawling:  66%|████████████████████████████████▊                 | 204/311 [33:24<16:40,  9.35s/item]
[11.19 23:58:21] ┇ INFO     ┇ =>   crawling:  66%|████████████████████████████████▉                 | 205/311 [33:33<16:22,  9.27s/item]
[11.19 23:58:30] ┇ INFO     ┇ =>   crawling:  66%|█████████████████████████████████                 | 206/311 [33:42<16:09,  9.23s/item]
[11.19 23:58:39] ┇ INFO     ┇ =>   crawling:  67%|█████████████████████████████████▎                | 207/311 [33:51<15:42,  9.06s/item]
[11.19 23:58:49] ┇ INFO     ┇ =>   crawling:  67%|█████████████████████████████████▍                | 208/311 [34:01<16:18,  9.50s/item]
[11.19 23:58:57] ┇ INFO     ┇ =>   crawling:  67%|█████████████████████████████████▌                | 209/311 [34:09<15:21,  9.03s/item]
[11.19 23:59:06] ┇ INFO     ┇ =>   crawling:  68%|█████████████████████████████████▊                | 210/311 [34:18<15:04,  8.95s/item]
[11.19 23:59:16] ┇ INFO     ┇ =>   crawling:  68%|█████████████████████████████████▉                | 211/311 [34:28<15:26,  9.27s/item]
[11.19 23:59:26] ┇ INFO     ┇ =>   crawling:  68%|██████████████████████████████████                | 212/311 [34:38<15:42,  9.52s/item]
[11.19 23:59:35] ┇ INFO     ┇ =>   crawling:  68%|██████████████████████████████████▏               | 213/311 [34:47<15:18,  9.38s/item]
[11.19 23:59:44] ┇ INFO     ┇ =>   crawling:  69%|██████████████████████████████████▍               | 214/311 [34:56<14:59,  9.28s/item]
[11.19 23:59:53] ┇ INFO     ┇ =>   crawling:  69%|██████████████████████████████████▌               | 215/311 [35:05<14:32,  9.09s/item]
[11.20 00:00:02] ┇ INFO     ┇ =>   crawling:  69%|██████████████████████████████████▋               | 216/311 [35:14<14:36,  9.23s/item]
[11.20 00:00:11] ┇ INFO     ┇ =>   crawling:  70%|██████████████████████████████████▉               | 217/311 [35:23<14:21,  9.17s/item]
[11.20 00:00:20] ┇ INFO     ┇ =>   crawling:  70%|███████████████████████████████████               | 218/311 [35:32<14:02,  9.05s/item]
[11.20 00:00:30] ┇ INFO     ┇ =>   crawling:  70%|███████████████████████████████████▏              | 219/311 [35:42<14:23,  9.39s/item]
[11.20 00:00:41] ┇ INFO     ┇ =>   crawling:  71%|███████████████████████████████████▎              | 220/311 [35:53<14:50,  9.78s/item]
[11.20 00:00:51] ┇ INFO     ┇ =>   crawling:  71%|███████████████████████████████████▌              | 221/311 [36:03<14:40,  9.79s/item]
[11.20 00:01:03] ┇ INFO     ┇ =>   crawling:  71%|███████████████████████████████████▋              | 222/311 [36:15<15:37, 10.53s/item]
[11.20 00:01:13] ┇ INFO     ┇ =>   crawling:  72%|███████████████████████████████████▊              | 223/311 [36:25<15:04, 10.28s/item]
[11.20 00:01:24] ┇ INFO     ┇ =>   crawling:  72%|████████████████████████████████████              | 224/311 [36:35<15:06, 10.42s/item]
[11.20 00:01:35] ┇ INFO     ┇ =>   crawling:  72%|████████████████████████████████████▏             | 225/311 [36:47<15:16, 10.66s/item]
[11.20 00:01:44] ┇ INFO     ┇ =>   crawling:  73%|████████████████████████████████████▎             | 226/311 [36:56<14:34, 10.29s/item]
[11.20 00:01:53] ┇ INFO     ┇ =>   crawling:  73%|████████████████████████████████████▍             | 227/311 [37:05<13:43,  9.80s/item]
[11.20 00:02:03] ┇ INFO     ┇ =>   crawling:  73%|████████████████████████████████████▋             | 228/311 [37:15<13:34,  9.81s/item]
[11.20 00:02:11] ┇ INFO     ┇ =>   crawling:  74%|████████████████████████████████████▊             | 229/311 [37:23<12:55,  9.46s/item]
[11.20 00:02:20] ┇ INFO     ┇ =>   crawling:  74%|████████████████████████████████████▉             | 230/311 [37:32<12:19,  9.13s/item]
[11.20 00:02:28] ┇ INFO     ┇ =>   crawling:  74%|█████████████████████████████████████▏            | 231/311 [37:40<11:56,  8.95s/item]
[11.20 00:02:38] ┇ INFO     ┇ =>   crawling:  75%|█████████████████████████████████████▎            | 232/311 [37:50<12:01,  9.13s/item]
[11.20 00:02:47] ┇ INFO     ┇ =>   crawling:  75%|█████████████████████████████████████▍            | 233/311 [37:59<11:47,  9.07s/item]
[11.20 00:02:56] ┇ INFO     ┇ =>   crawling:  75%|█████████████████████████████████████▌            | 234/311 [38:08<11:35,  9.03s/item]
[11.20 00:03:04] ┇ INFO     ┇ =>   crawling:  76%|█████████████████████████████████████▊            | 235/311 [38:16<11:04,  8.74s/item]
[11.20 00:03:13] ┇ INFO     ┇ =>   crawling:  76%|█████████████████████████████████████▉            | 236/311 [38:25<11:05,  8.87s/item]
[11.20 00:03:22] ┇ INFO     ┇ =>   crawling:  76%|██████████████████████████████████████            | 237/311 [38:34<11:10,  9.06s/item]
[11.20 00:03:31] ┇ INFO     ┇ =>   crawling:  77%|██████████████████████████████████████▎           | 238/311 [38:43<10:56,  9.00s/item]
[11.20 00:03:41] ┇ INFO     ┇ =>   crawling:  77%|██████████████████████████████████████▍           | 239/311 [38:53<10:57,  9.13s/item]
[11.20 00:03:50] ┇ INFO     ┇ =>   crawling:  77%|██████████████████████████████████████▌           | 240/311 [39:02<10:45,  9.09s/item]
[11.20 00:03:59] ┇ INFO     ┇ =>   crawling:  77%|██████████████████████████████████████▋           | 241/311 [39:11<10:46,  9.24s/item]
[11.20 00:04:10] ┇ INFO     ┇ =>   crawling:  78%|██████████████████████████████████████▉           | 242/311 [39:22<11:03,  9.61s/item]
[11.20 00:04:20] ┇ INFO     ┇ =>   crawling:  78%|███████████████████████████████████████           | 243/311 [39:32<10:58,  9.69s/item]
[11.20 00:04:32] ┇ INFO     ┇ =>   crawling:  78%|███████████████████████████████████████▏          | 244/311 [39:44<11:43, 10.51s/item]
[11.20 00:04:41] ┇ INFO     ┇ =>   crawling:  79%|███████████████████████████████████████▍          | 245/311 [39:53<11:04, 10.07s/item]
[11.20 00:04:52] ┇ INFO     ┇ =>   crawling:  79%|███████████████████████████████████████▌          | 246/311 [40:03<11:00, 10.16s/item]
[11.20 00:05:03] ┇ INFO     ┇ =>   crawling:  79%|███████████████████████████████████████▋          | 247/311 [40:15<11:10, 10.47s/item]
[11.20 00:05:13] ┇ INFO     ┇ =>   crawling:  80%|███████████████████████████████████████▊          | 248/311 [40:24<10:48, 10.29s/item]
[11.20 00:05:21] ┇ INFO     ┇ =>   crawling:  80%|████████████████████████████████████████          | 249/311 [40:33<10:01,  9.71s/item]
[11.20 00:05:29] ┇ INFO     ┇ =>   crawling:  80%|████████████████████████████████████████▏         | 250/311 [40:41<09:28,  9.32s/item]
[11.20 00:05:40] ┇ INFO     ┇ =>   crawling:  81%|████████████████████████████████████████▎         | 251/311 [40:52<09:43,  9.72s/item]
[11.20 00:05:49] ┇ INFO     ┇ =>   crawling:  81%|████████████████████████████████████████▌         | 252/311 [41:00<09:12,  9.37s/item]
[11.20 00:05:58] ┇ INFO     ┇ =>   crawling:  81%|████████████████████████████████████████▋         | 253/311 [41:10<09:00,  9.31s/item]
[11.20 00:06:07] ┇ INFO     ┇ =>   crawling:  82%|████████████████████████████████████████▊         | 254/311 [41:19<08:45,  9.22s/item]
[11.20 00:06:16] ┇ INFO     ┇ =>   crawling:  82%|████████████████████████████████████████▉         | 255/311 [41:28<08:31,  9.13s/item]
[11.20 00:06:25] ┇ INFO     ┇ =>   crawling:  82%|█████████████████████████████████████████▏        | 256/311 [41:37<08:26,  9.21s/item]
[11.20 00:06:34] ┇ INFO     ┇ =>   crawling:  83%|█████████████████████████████████████████▎        | 257/311 [41:46<08:15,  9.18s/item]
[11.20 00:06:44] ┇ INFO     ┇ =>   crawling:  83%|█████████████████████████████████████████▍        | 258/311 [41:55<08:09,  9.24s/item]
[11.20 00:06:53] ┇ INFO     ┇ =>   crawling:  83%|█████████████████████████████████████████▋        | 259/311 [42:05<07:58,  9.21s/item]
[11.20 00:07:05] ┇ INFO     ┇ =>   crawling:  84%|█████████████████████████████████████████▊        | 260/311 [42:17<08:42, 10.25s/item]
[11.20 00:07:16] ┇ INFO     ┇ =>   crawling:  84%|█████████████████████████████████████████▉        | 261/311 [42:28<08:33, 10.26s/item]
[11.20 00:07:26] ┇ INFO     ┇ =>   crawling:  84%|██████████████████████████████████████████        | 262/311 [42:38<08:26, 10.34s/item]
[11.20 00:07:37] ┇ INFO     ┇ =>   crawling:  85%|██████████████████████████████████████████▎       | 263/311 [42:49<08:19, 10.40s/item]
[11.20 00:07:49] ┇ INFO     ┇ =>   crawling:  85%|██████████████████████████████████████████▍       | 264/311 [43:01<08:32, 10.89s/item]
[11.20 00:07:58] ┇ INFO     ┇ =>   crawling:  85%|██████████████████████████████████████████▌       | 265/311 [43:09<07:51, 10.26s/item]
[11.20 00:08:08] ┇ INFO     ┇ =>   crawling:  86%|██████████████████████████████████████████▊       | 266/311 [43:19<07:37, 10.17s/item]
[11.20 00:08:18] ┇ INFO     ┇ =>   crawling:  86%|██████████████████████████████████████████▉       | 267/311 [43:30<07:29, 10.21s/item]
[11.20 00:08:26] ┇ INFO     ┇ =>   crawling:  86%|███████████████████████████████████████████       | 268/311 [43:38<06:58,  9.74s/item]
[11.20 00:08:36] ┇ INFO     ┇ =>   crawling:  86%|███████████████████████████████████████████▏      | 269/311 [43:48<06:50,  9.77s/item]
[11.20 00:08:47] ┇ INFO     ┇ =>   crawling:  87%|███████████████████████████████████████████▍      | 270/311 [43:59<06:52, 10.07s/item]
[11.20 00:08:57] ┇ INFO     ┇ =>   crawling:  87%|███████████████████████████████████████████▌      | 271/311 [44:09<06:43, 10.10s/item]
[11.20 00:09:10] ┇ INFO     ┇ =>   crawling:  87%|███████████████████████████████████████████▋      | 272/311 [44:21<06:59, 10.76s/item]
[11.20 00:09:20] ┇ INFO     ┇ =>   crawling:  88%|███████████████████████████████████████████▉      | 273/311 [44:31<06:41, 10.55s/item]
[11.20 00:09:29] ┇ INFO     ┇ =>   crawling:  88%|████████████████████████████████████████████      | 274/311 [44:41<06:16, 10.16s/item]
[11.20 00:09:38] ┇ INFO     ┇ =>   crawling:  88%|████████████████████████████████████████████▏     | 275/311 [44:50<05:52,  9.78s/item]
[11.20 00:09:48] ┇ INFO     ┇ =>   crawling:  89%|████████████████████████████████████████████▎     | 276/311 [44:59<05:43,  9.80s/item]
[11.20 00:09:57] ┇ INFO     ┇ =>   crawling:  89%|████████████████████████████████████████████▌     | 277/311 [45:09<05:29,  9.68s/item]
[11.20 00:10:07] ┇ INFO     ┇ =>   crawling:  89%|████████████████████████████████████████████▋     | 278/311 [45:19<05:20,  9.71s/item]
[11.20 00:10:17] ┇ INFO     ┇ =>   crawling:  90%|████████████████████████████████████████████▊     | 279/311 [45:29<05:15,  9.87s/item]
[11.20 00:10:27] ┇ INFO     ┇ =>   crawling:  90%|█████████████████████████████████████████████     | 280/311 [45:39<05:08,  9.95s/item]
[11.20 00:10:36] ┇ INFO     ┇ =>   crawling:  90%|█████████████████████████████████████████████▏    | 281/311 [45:48<04:51,  9.71s/item]
[11.20 00:10:46] ┇ INFO     ┇ =>   crawling:  91%|█████████████████████████████████████████████▎    | 282/311 [45:58<04:40,  9.66s/item]
[11.20 00:10:54] ┇ INFO     ┇ =>   crawling:  91%|█████████████████████████████████████████████▍    | 283/311 [46:06<04:21,  9.33s/item]
[11.20 00:11:03] ┇ INFO     ┇ =>   crawling:  91%|█████████████████████████████████████████████▋    | 284/311 [46:15<04:09,  9.23s/item]
[11.20 00:11:13] ┇ INFO     ┇ =>   crawling:  92%|█████████████████████████████████████████████▊    | 285/311 [46:25<04:01,  9.28s/item]
[11.20 00:11:24] ┇ INFO     ┇ =>   crawling:  92%|█████████████████████████████████████████████▉    | 286/311 [46:35<04:02,  9.70s/item]
[11.20 00:11:37] ┇ INFO     ┇ =>   crawling:  92%|██████████████████████████████████████████████▏   | 287/311 [46:48<04:16, 10.69s/item]
[11.20 00:11:48] ┇ INFO     ┇ =>   crawling:  93%|██████████████████████████████████████████████▎   | 288/311 [47:00<04:09, 10.85s/item]
[11.20 00:12:00] ┇ INFO     ┇ =>   crawling:  93%|██████████████████████████████████████████████▍   | 289/311 [47:11<04:05, 11.14s/item]
[11.20 00:12:10] ┇ INFO     ┇ =>   crawling:  93%|██████████████████████████████████████████████▌   | 290/311 [47:22<03:51, 11.04s/item]
[11.20 00:12:21] ┇ INFO     ┇ =>   crawling:  94%|██████████████████████████████████████████████▊   | 291/311 [47:33<03:38, 10.91s/item]
[11.20 00:12:32] ┇ INFO     ┇ =>   crawling:  94%|██████████████████████████████████████████████▉   | 292/311 [47:44<03:26, 10.88s/item]
[11.20 00:12:44] ┇ INFO     ┇ =>   crawling:  94%|███████████████████████████████████████████████   | 293/311 [47:55<03:20, 11.14s/item]
[11.20 00:12:55] ┇ INFO     ┇ =>   crawling:  95%|███████████████████████████████████████████████▎  | 294/311 [48:06<03:09, 11.14s/item]
[11.20 00:13:05] ┇ INFO     ┇ =>   crawling:  95%|███████████████████████████████████████████████▍  | 295/311 [48:17<02:56, 11.05s/item]
[11.20 00:13:15] ┇ INFO     ┇ =>   crawling:  95%|███████████████████████████████████████████████▌  | 296/311 [48:26<02:37, 10.47s/item]
[11.20 00:13:24] ┇ INFO     ┇ =>   crawling:  95%|███████████████████████████████████████████████▋  | 297/311 [48:36<02:21, 10.09s/item]
[11.20 00:13:34] ┇ INFO     ┇ =>   crawling:  96%|███████████████████████████████████████████████▉  | 298/311 [48:46<02:11, 10.10s/item]
[11.20 00:13:43] ┇ INFO     ┇ =>   crawling:  96%|████████████████████████████████████████████████  | 299/311 [48:55<01:58,  9.86s/item]
[11.20 00:13:53] ┇ INFO     ┇ =>   crawling:  96%|████████████████████████████████████████████████▏ | 300/311 [49:05<01:47,  9.79s/item]
[11.20 00:14:03] ┇ INFO     ┇ =>   crawling:  97%|████████████████████████████████████████████████▍ | 301/311 [49:15<01:40, 10.03s/item]
[11.20 00:14:12] ┇ INFO     ┇ =>   crawling:  97%|████████████████████████████████████████████████▌ | 302/311 [49:23<01:25,  9.46s/item]
[11.20 00:14:21] ┇ INFO     ┇ =>   crawling:  97%|████████████████████████████████████████████████▋ | 303/311 [49:33<01:15,  9.46s/item]
[11.20 00:14:30] ┇ INFO     ┇ =>   crawling:  98%|████████████████████████████████████████████████▊ | 304/311 [49:42<01:05,  9.39s/item]
[11.20 00:14:40] ┇ INFO     ┇ =>   crawling:  98%|█████████████████████████████████████████████████ | 305/311 [49:52<00:57,  9.61s/item]
[11.20 00:14:49] ┇ INFO     ┇ =>   crawling:  98%|█████████████████████████████████████████████████▏| 306/311 [50:01<00:47,  9.45s/item]
[11.20 00:14:59] ┇ INFO     ┇ =>   crawling:  99%|█████████████████████████████████████████████████▎| 307/311 [50:11<00:37,  9.41s/item]
[11.20 00:15:08] ┇ INFO     ┇ =>   crawling:  99%|█████████████████████████████████████████████████▌| 308/311 [50:20<00:28,  9.47s/item]
[11.20 00:15:19] ┇ INFO     ┇ =>   crawling:  99%|█████████████████████████████████████████████████▋| 309/311 [50:31<00:19,  9.89s/item]
[11.20 00:15:31] ┇ INFO     ┇ =>   crawling: 100%|█████████████████████████████████████████████████▊| 310/311 [50:43<00:10, 10.50s/item]
[11.20 00:15:40] ┇ INFO     ┇ =>   crawling: 100%|██████████████████████████████████████████████████| 311/311 [50:52<00:00, 10.10s/item]
[11.20 00:15:40] ┇ INFO     ┇ =>  exporting:   0%|▏                                                 | 10/3108 [00:00<00:00, 4770.05row/s]
[11.20 00:15:40] ┇ INFO     ┇ =>  exporting:   1%|▎                                                 | 20/3108 [00:00<00:00, 8016.64row/s]
[11.20 00:15:40] ┇ INFO     ┇ =>  exporting:   1%|▍                                                 | 30/3108 [00:00<00:00, 10816.57row/s]
[11.20 00:15:40] ┇ INFO     ┇ =>  exporting:   1%|▋                                                 | 40/3108 [00:00<00:00, 11953.84row/s]
[11.20 00:15:40] ┇ INFO     ┇ =>  exporting:   2%|▊                                                 | 50/3108 [00:00<00:00, 12412.12row/s]
[11.20 00:15:40] ┇ INFO     ┇ =>  exporting:   2%|▉                                                 | 60/3108 [00:00<00:00, 13154.47row/s]
[11.20 00:15:40] ┇ INFO     ┇ =>  exporting:   2%|█▏                                                | 70/3108 [00:00<00:00, 14354.22row/s]
[11.20 00:15:40] ┇ INFO     ┇ =>  exporting:   3%|█▎                                                | 80/3108 [00:00<00:00, 15425.20row/s]
[11.20 00:15:40] ┇ INFO     ┇ =>  exporting:   3%|█▍                                                | 90/3108 [00:00<00:00, 16268.90row/s]
[11.20 00:15:40] ┇ INFO     ┇ =>  exporting:   3%|█▌                                                | 100/3108 [00:00<00:00, 16595.33row/s]
[11.20 00:15:40] ┇ INFO     ┇ =>  exporting:   4%|█▊                                                | 110/3108 [00:00<00:03, 800.39row/s]
[11.20 00:15:40] ┇ INFO     ┇ =>  exporting:   4%|█▉                                                | 120/3108 [00:00<00:03, 800.39row/s]
[11.20 00:15:41] ┇ INFO     ┇ =>  exporting:   4%|██                                                | 130/3108 [00:00<00:03, 800.39row/s]
[11.20 00:15:41] ┇ INFO     ┇ =>  exporting:   5%|██▎                                               | 140/3108 [00:00<00:03, 800.39row/s]
[11.20 00:15:41] ┇ INFO     ┇ =>  exporting:   5%|██▍                                               | 150/3108 [00:00<00:03, 800.39row/s]
[11.20 00:15:41] ┇ INFO     ┇ =>  exporting:   5%|██▌                                               | 160/3108 [00:00<00:03, 800.39row/s]
[11.20 00:15:41] ┇ INFO     ┇ =>  exporting:   5%|██▋                                               | 170/3108 [00:00<00:03, 800.39row/s]
[11.20 00:15:41] ┇ INFO     ┇ =>  exporting:   6%|██▉                                               | 180/3108 [00:00<00:03, 800.39row/s]
[11.20 00:15:41] ┇ INFO     ┇ =>  exporting:   6%|███                                               | 190/3108 [00:00<00:03, 800.39row/s]
[11.20 00:15:41] ┇ INFO     ┇ =>  exporting:   6%|███▏                                              | 200/3108 [00:00<00:03, 800.39row/s]
[11.20 00:15:41] ┇ INFO     ┇ =>  exporting:   7%|███▍                                              | 210/3108 [00:00<00:03, 800.39row/s]
[11.20 00:15:41] ┇ INFO     ┇ =>  exporting:   7%|███▌                                              | 220/3108 [00:00<00:03, 800.39row/s]
[11.20 00:15:41] ┇ INFO     ┇ =>  exporting:   7%|███▋                                              | 230/3108 [00:00<00:03, 800.39row/s]
[11.20 00:15:41] ┇ INFO     ┇ =>  exporting:   8%|███▊                                              | 240/3108 [00:00<00:03, 800.39row/s]
[11.20 00:15:41] ┇ INFO     ┇ =>  exporting:   8%|████                                              | 250/3108 [00:00<00:03, 800.39row/s]
[11.20 00:15:41] ┇ INFO     ┇ =>  exporting:   8%|████▏                                             | 260/3108 [00:00<00:03, 800.39row/s]
[11.20 00:15:41] ┇ INFO     ┇ =>  exporting:   9%|████▎                                             | 270/3108 [00:00<00:03, 800.39row/s]
[11.20 00:15:41] ┇ INFO     ┇ =>  exporting:   9%|████▌                                             | 280/3108 [00:00<00:03, 800.39row/s]
[11.20 00:15:41] ┇ INFO     ┇ =>  exporting:   9%|████▋                                             | 290/3108 [00:00<00:03, 800.39row/s]
[11.20 00:15:41] ┇ INFO     ┇ =>  exporting:  10%|████▊                                             | 300/3108 [00:00<00:03, 800.39row/s]
[11.20 00:15:41] ┇ INFO     ┇ =>  exporting:  10%|████▉                                             | 310/3108 [00:00<00:03, 800.39row/s]
[11.20 00:15:41] ┇ INFO     ┇ =>  exporting:  10%|█████▏                                            | 320/3108 [00:00<00:03, 800.39row/s]
[11.20 00:15:41] ┇ INFO     ┇ =>  exporting:  11%|█████▎                                            | 330/3108 [00:00<00:03, 800.39row/s]
[11.20 00:15:41] ┇ INFO     ┇ =>  exporting:  11%|█████▍                                            | 340/3108 [00:00<00:03, 800.39row/s]
[11.20 00:15:41] ┇ INFO     ┇ =>  exporting:  11%|█████▋                                            | 350/3108 [00:00<00:03, 800.39row/s]
[11.20 00:15:41] ┇ INFO     ┇ =>  exporting:  12%|█████▊                                            | 360/3108 [00:00<00:03, 800.39row/s]
[11.20 00:15:41] ┇ INFO     ┇ =>  exporting:  12%|█████▉                                            | 370/3108 [00:00<00:03, 800.39row/s]
[11.20 00:15:41] ┇ INFO     ┇ =>  exporting:  12%|██████                                            | 380/3108 [00:00<00:03, 800.39row/s]
[11.20 00:15:41] ┇ INFO     ┇ =>  exporting:  13%|██████▎                                           | 390/3108 [00:00<00:03, 800.39row/s]
[11.20 00:15:41] ┇ INFO     ┇ =>  exporting:  13%|██████▍                                           | 400/3108 [00:00<00:03, 800.39row/s]
[11.20 00:15:41] ┇ INFO     ┇ =>  exporting:  13%|██████▌                                           | 410/3108 [00:00<00:03, 800.39row/s]
[11.20 00:15:41] ┇ INFO     ┇ =>  exporting:  14%|██████▊                                           | 420/3108 [00:00<00:03, 800.39row/s]
[11.20 00:15:41] ┇ INFO     ┇ =>  exporting:  14%|██████▉                                           | 430/3108 [00:00<00:03, 800.39row/s]
[11.20 00:15:41] ┇ INFO     ┇ =>  exporting:  14%|███████                                           | 440/3108 [00:00<00:03, 800.39row/s]
[11.20 00:15:41] ┇ INFO     ┇ =>  exporting:  14%|███████▏                                          | 450/3108 [00:00<00:03, 800.39row/s]
[11.20 00:15:41] ┇ INFO     ┇ =>  exporting:  15%|███████▍                                          | 460/3108 [00:00<00:03, 800.39row/s]
[11.20 00:15:41] ┇ INFO     ┇ =>  exporting:  15%|███████▌                                          | 470/3108 [00:00<00:03, 800.39row/s]
[11.20 00:15:41] ┇ INFO     ┇ =>  exporting:  15%|███████▋                                          | 480/3108 [00:00<00:03, 800.39row/s]
[11.20 00:15:41] ┇ INFO     ┇ =>  exporting:  16%|███████▉                                          | 490/3108 [00:00<00:03, 800.39row/s]
[11.20 00:15:41] ┇ INFO     ┇ =>  exporting:  16%|████████                                          | 500/3108 [00:00<00:03, 800.39row/s]
[11.20 00:15:41] ┇ INFO     ┇ =>  exporting:  16%|████████▏                                         | 510/3108 [00:00<00:03, 800.39row/s]
[11.20 00:15:41] ┇ INFO     ┇ =>  exporting:  17%|████████▎                                         | 520/3108 [00:00<00:03, 800.39row/s]
[11.20 00:15:41] ┇ INFO     ┇ =>  exporting:  17%|████████▌                                         | 530/3108 [00:00<00:03, 800.39row/s]
[11.20 00:15:41] ┇ INFO     ┇ =>  exporting:  17%|████████▋                                         | 540/3108 [00:00<00:03, 800.39row/s]
[11.20 00:15:41] ┇ INFO     ┇ =>  exporting:  18%|████████▊                                         | 550/3108 [00:00<00:03, 800.39row/s]
[11.20 00:15:41] ┇ INFO     ┇ =>  exporting:  18%|█████████                                         | 560/3108 [00:00<00:03, 800.39row/s]
[11.20 00:15:41] ┇ INFO     ┇ =>  exporting:  18%|█████████▏                                        | 570/3108 [00:00<00:03, 800.39row/s]
[11.20 00:15:41] ┇ INFO     ┇ =>  exporting:  19%|█████████▎                                        | 580/3108 [00:00<00:03, 800.39row/s]
[11.20 00:15:41] ┇ INFO     ┇ =>  exporting:  19%|█████████▍                                        | 590/3108 [00:00<00:03, 800.39row/s]
[11.20 00:15:41] ┇ INFO     ┇ =>  exporting:  19%|█████████▋                                        | 600/3108 [00:00<00:03, 800.39row/s]
[11.20 00:15:41] ┇ INFO     ┇ =>  exporting:  20%|█████████▊                                        | 610/3108 [00:00<00:03, 800.39row/s]
[11.20 00:15:41] ┇ INFO     ┇ =>  exporting:  20%|█████████▉                                        | 620/3108 [00:00<00:03, 800.39row/s]
[11.20 00:15:41] ┇ INFO     ┇ =>  exporting:  20%|██████████▏                                       | 630/3108 [00:00<00:03, 800.39row/s]
[11.20 00:15:41] ┇ INFO     ┇ =>  exporting:  21%|██████████▎                                       | 640/3108 [00:00<00:03, 800.39row/s]
[11.20 00:15:41] ┇ INFO     ┇ =>  exporting:  21%|██████████▍                                       | 650/3108 [00:00<00:03, 800.39row/s]
[11.20 00:15:41] ┇ INFO     ┇ =>  exporting:  21%|██████████▌                                       | 660/3108 [00:00<00:03, 800.39row/s]
[11.20 00:15:41] ┇ INFO     ┇ =>  exporting:  22%|██████████▊                                       | 670/3108 [00:00<00:03, 800.39row/s]
[11.20 00:15:41] ┇ INFO     ┇ =>  exporting:  22%|██████████▉                                       | 680/3108 [00:00<00:03, 800.39row/s]
[11.20 00:15:41] ┇ INFO     ┇ =>  exporting:  22%|███████████                                       | 690/3108 [00:00<00:03, 800.39row/s]
[11.20 00:15:41] ┇ INFO     ┇ =>  exporting:  23%|███████████▎                                      | 700/3108 [00:00<00:03, 800.39row/s]
[11.20 00:15:41] ┇ INFO     ┇ =>  exporting:  23%|███████████▍                                      | 710/3108 [00:00<00:02, 800.39row/s]
[11.20 00:15:41] ┇ INFO     ┇ =>  exporting:  23%|███████████▌                                      | 720/3108 [00:00<00:02, 800.39row/s]
[11.20 00:15:41] ┇ INFO     ┇ =>  exporting:  23%|███████████▋                                      | 730/3108 [00:00<00:02, 800.39row/s]
[11.20 00:15:41] ┇ INFO     ┇ =>  exporting:  24%|███████████▉                                      | 740/3108 [00:00<00:02, 800.39row/s]
[11.20 00:15:41] ┇ INFO     ┇ =>  exporting:  24%|████████████                                      | 750/3108 [00:00<00:02, 800.39row/s]
[11.20 00:15:41] ┇ INFO     ┇ =>  exporting:  24%|████████████▏                                     | 760/3108 [00:00<00:02, 800.39row/s]
[11.20 00:15:41] ┇ INFO     ┇ =>  exporting:  25%|████████████▍                                     | 770/3108 [00:00<00:02, 800.39row/s]
[11.20 00:15:41] ┇ INFO     ┇ =>  exporting:  25%|████████████▌                                     | 780/3108 [00:00<00:02, 800.39row/s]
[11.20 00:15:41] ┇ INFO     ┇ =>  exporting:  25%|████████████▋                                     | 790/3108 [00:00<00:02, 800.39row/s]
[11.20 00:15:41] ┇ INFO     ┇ =>  exporting:  26%|████████████▊                                     | 800/3108 [00:00<00:02, 800.39row/s]
[11.20 00:15:41] ┇ INFO     ┇ =>  exporting:  26%|█████████████                                     | 810/3108 [00:00<00:02, 800.39row/s]
[11.20 00:15:41] ┇ INFO     ┇ =>  exporting:  26%|█████████████▏                                    | 820/3108 [00:00<00:02, 800.39row/s]
[11.20 00:15:41] ┇ INFO     ┇ =>  exporting:  27%|█████████████▎                                    | 830/3108 [00:00<00:02, 800.39row/s]
[11.20 00:15:41] ┇ INFO     ┇ =>  exporting:  27%|█████████████▌                                    | 840/3108 [00:00<00:02, 800.39row/s]
[11.20 00:15:41] ┇ INFO     ┇ =>  exporting:  27%|█████████████▋                                    | 850/3108 [00:00<00:02, 800.39row/s]
[11.20 00:15:41] ┇ INFO     ┇ =>  exporting:  28%|█████████████▊                                    | 860/3108 [00:00<00:02, 800.39row/s]
[11.20 00:15:41] ┇ INFO     ┇ =>  exporting:  28%|█████████████▉                                    | 870/3108 [00:00<00:02, 800.39row/s]
[11.20 00:15:41] ┇ INFO     ┇ =>  exporting:  28%|██████████████▏                                   | 880/3108 [00:00<00:02, 800.39row/s]
[11.20 00:15:41] ┇ INFO     ┇ =>  exporting:  29%|██████████████▎                                   | 890/3108 [00:00<00:02, 800.39row/s]
[11.20 00:15:41] ┇ INFO     ┇ =>  exporting:  29%|██████████████▍                                   | 900/3108 [00:00<00:02, 800.39row/s]
[11.20 00:15:41] ┇ INFO     ┇ =>  exporting:  29%|██████████████▋                                   | 910/3108 [00:00<00:02, 800.39row/s]
[11.20 00:15:41] ┇ INFO     ┇ =>  exporting:  30%|██████████████▊                                   | 920/3108 [00:00<00:02, 800.39row/s]
[11.20 00:15:41] ┇ INFO     ┇ =>  exporting:  30%|██████████████▉                                   | 930/3108 [00:00<00:02, 800.39row/s]
[11.20 00:15:41] ┇ INFO     ┇ =>  exporting:  30%|███████████████                                   | 940/3108 [00:00<00:02, 800.39row/s]
[11.20 00:15:41] ┇ INFO     ┇ =>  exporting:  31%|███████████████▎                                  | 950/3108 [00:00<00:02, 800.39row/s]
[11.20 00:15:41] ┇ INFO     ┇ =>  exporting:  31%|███████████████▍                                  | 960/3108 [00:00<00:02, 800.39row/s]
[11.20 00:15:41] ┇ INFO     ┇ =>  exporting:  31%|███████████████▌                                  | 970/3108 [00:00<00:02, 800.39row/s]
[11.20 00:15:41] ┇ INFO     ┇ =>  exporting:  32%|███████████████▊                                  | 980/3108 [00:00<00:02, 800.39row/s]
[11.20 00:15:41] ┇ INFO     ┇ =>  exporting:  32%|███████████████▉                                  | 990/3108 [00:00<00:02, 800.39row/s]
[11.20 00:15:41] ┇ INFO     ┇ =>  exporting:  32%|████████████████                                  | 1000/3108 [00:00<00:02, 800.39row/s]
[11.20 00:15:41] ┇ INFO     ┇ =>  exporting:  32%|████████████████▏                                 | 1010/3108 [00:00<00:02, 800.39row/s]
[11.20 00:15:41] ┇ INFO     ┇ =>  exporting:  33%|████████████████▍                                 | 1020/3108 [00:00<00:02, 800.39row/s]
[11.20 00:15:41] ┇ INFO     ┇ =>  exporting:  33%|████████████████▌                                 | 1030/3108 [00:00<00:02, 800.39row/s]
[11.20 00:15:41] ┇ INFO     ┇ =>  exporting:  33%|████████████████▋                                 | 1040/3108 [00:00<00:02, 800.39row/s]
[11.20 00:15:41] ┇ INFO     ┇ =>  exporting:  34%|████████████████▉                                 | 1050/3108 [00:00<00:02, 800.39row/s]
[11.20 00:15:41] ┇ INFO     ┇ =>  exporting:  34%|█████████████████                                 | 1060/3108 [00:00<00:02, 800.39row/s]
[11.20 00:15:41] ┇ INFO     ┇ =>  exporting:  34%|█████████████████▏                                | 1070/3108 [00:00<00:02, 800.39row/s]
[11.20 00:15:41] ┇ INFO     ┇ =>  exporting:  35%|█████████████████▎                                | 1080/3108 [00:00<00:02, 800.39row/s]
[11.20 00:15:41] ┇ INFO     ┇ =>  exporting:  35%|█████████████████▌                                | 1090/3108 [00:00<00:02, 800.39row/s]
[11.20 00:15:41] ┇ INFO     ┇ =>  exporting:  35%|█████████████████▋                                | 1100/3108 [00:00<00:02, 800.39row/s]
[11.20 00:15:41] ┇ INFO     ┇ =>  exporting:  36%|█████████████████▊                                | 1110/3108 [00:00<00:02, 800.39row/s]
[11.20 00:15:41] ┇ INFO     ┇ =>  exporting:  36%|██████████████████                                | 1120/3108 [00:00<00:02, 800.39row/s]
[11.20 00:15:41] ┇ INFO     ┇ =>  exporting:  36%|██████████████████▏                               | 1130/3108 [00:00<00:02, 800.39row/s]
[11.20 00:15:41] ┇ INFO     ┇ =>  exporting:  37%|██████████████████▎                               | 1140/3108 [00:00<00:02, 800.39row/s]
[11.20 00:15:41] ┇ INFO     ┇ =>  exporting:  37%|██████████████████▌                               | 1150/3108 [00:00<00:02, 800.39row/s]
[11.20 00:15:41] ┇ INFO     ┇ =>  exporting:  37%|██████████████████▋                               | 1160/3108 [00:00<00:02, 800.39row/s]
[11.20 00:15:41] ┇ INFO     ┇ =>  exporting:  38%|██████████████████▊                               | 1170/3108 [00:00<00:02, 800.39row/s]
[11.20 00:15:41] ┇ INFO     ┇ =>  exporting:  38%|██████████████████▉                               | 1180/3108 [00:00<00:02, 800.39row/s]
[11.20 00:15:41] ┇ INFO     ┇ =>  exporting:  38%|███████████████████▏                              | 1190/3108 [00:00<00:02, 800.39row/s]
[11.20 00:15:41] ┇ INFO     ┇ =>  exporting:  39%|███████████████████▎                              | 1200/3108 [00:00<00:02, 800.39row/s]
[11.20 00:15:41] ┇ INFO     ┇ =>  exporting:  39%|███████████████████▍                              | 1210/3108 [00:00<00:02, 800.39row/s]
[11.20 00:15:41] ┇ INFO     ┇ =>  exporting:  39%|███████████████████▋                              | 1220/3108 [00:00<00:02, 800.39row/s]
[11.20 00:15:41] ┇ INFO     ┇ =>  exporting:  40%|███████████████████▊                              | 1230/3108 [00:00<00:02, 800.39row/s]
[11.20 00:15:41] ┇ INFO     ┇ =>  exporting:  40%|███████████████████▉                              | 1240/3108 [00:00<00:02, 800.39row/s]
[11.20 00:15:41] ┇ INFO     ┇ =>  exporting:  40%|████████████████████                              | 1250/3108 [00:00<00:02, 800.39row/s]
[11.20 00:15:41] ┇ INFO     ┇ =>  exporting:  41%|████████████████████▎                             | 1260/3108 [00:00<00:02, 800.39row/s]
[11.20 00:15:41] ┇ INFO     ┇ =>  exporting:  41%|████████████████████▍                             | 1270/3108 [00:00<00:02, 800.39row/s]
[11.20 00:15:41] ┇ INFO     ┇ =>  exporting:  41%|████████████████████▌                             | 1280/3108 [00:00<00:02, 800.39row/s]
[11.20 00:15:41] ┇ INFO     ┇ =>  exporting:  42%|████████████████████▊                             | 1290/3108 [00:00<00:02, 800.39row/s]
[11.20 00:15:41] ┇ INFO     ┇ =>  exporting:  42%|████████████████████▉                             | 1300/3108 [00:00<00:02, 800.39row/s]
[11.20 00:15:41] ┇ INFO     ┇ =>  exporting:  42%|█████████████████████                             | 1310/3108 [00:00<00:02, 800.39row/s]
[11.20 00:15:41] ┇ INFO     ┇ =>  exporting:  42%|█████████████████████▏                            | 1320/3108 [00:00<00:02, 800.39row/s]
[11.20 00:15:41] ┇ INFO     ┇ =>  exporting:  43%|█████████████████████▍                            | 1330/3108 [00:00<00:02, 800.39row/s]
[11.20 00:15:41] ┇ INFO     ┇ =>  exporting:  43%|█████████████████████▌                            | 1340/3108 [00:00<00:02, 800.39row/s]
[11.20 00:15:41] ┇ INFO     ┇ =>  exporting:  43%|█████████████████████▋                            | 1350/3108 [00:00<00:02, 800.39row/s]
[11.20 00:15:41] ┇ INFO     ┇ =>  exporting:  44%|█████████████████████▉                            | 1360/3108 [00:00<00:02, 800.39row/s]
[11.20 00:15:41] ┇ INFO     ┇ =>  exporting:  44%|██████████████████████                            | 1370/3108 [00:00<00:02, 800.39row/s]
[11.20 00:15:41] ┇ INFO     ┇ =>  exporting:  44%|██████████████████████▏                           | 1380/3108 [00:00<00:02, 800.39row/s]
[11.20 00:15:41] ┇ INFO     ┇ =>  exporting:  45%|██████████████████████▎                           | 1390/3108 [00:00<00:02, 800.39row/s]
[11.20 00:15:41] ┇ INFO     ┇ =>  exporting:  45%|██████████████████████▌                           | 1400/3108 [00:00<00:02, 800.39row/s]
[11.20 00:15:41] ┇ INFO     ┇ =>  exporting:  45%|██████████████████████▋                           | 1410/3108 [00:00<00:02, 800.39row/s]
[11.20 00:15:41] ┇ INFO     ┇ =>  exporting:  46%|██████████████████████▊                           | 1420/3108 [00:00<00:02, 800.39row/s]
[11.20 00:15:41] ┇ INFO     ┇ =>  exporting:  46%|███████████████████████                           | 1430/3108 [00:00<00:02, 800.39row/s]
[11.20 00:15:41] ┇ INFO     ┇ =>  exporting:  46%|███████████████████████▏                          | 1440/3108 [00:00<00:02, 800.39row/s]
[11.20 00:15:41] ┇ INFO     ┇ =>  exporting:  47%|███████████████████████▎                          | 1450/3108 [00:00<00:02, 800.39row/s]
[11.20 00:15:41] ┇ INFO     ┇ =>  exporting:  47%|███████████████████████▍                          | 1460/3108 [00:00<00:02, 800.39row/s]
[11.20 00:15:41] ┇ INFO     ┇ =>  exporting:  47%|███████████████████████▋                          | 1470/3108 [00:00<00:02, 800.39row/s]
[11.20 00:15:41] ┇ INFO     ┇ =>  exporting:  48%|███████████████████████▊                          | 1480/3108 [00:00<00:02, 800.39row/s]
[11.20 00:15:41] ┇ INFO     ┇ =>  exporting:  48%|███████████████████████▉                          | 1490/3108 [00:00<00:02, 800.39row/s]
[11.20 00:15:41] ┇ INFO     ┇ =>  exporting:  48%|████████████████████████▏                         | 1500/3108 [00:00<00:02, 800.39row/s]
[11.20 00:15:41] ┇ INFO     ┇ =>  exporting:  49%|████████████████████████▎                         | 1510/3108 [00:00<00:01, 800.39row/s]
[11.20 00:15:41] ┇ INFO     ┇ =>  exporting:  49%|████████████████████████▍                         | 1520/3108 [00:00<00:01, 800.39row/s]
[11.20 00:15:41] ┇ INFO     ┇ =>  exporting:  49%|████████████████████████▌                         | 1530/3108 [00:00<00:01, 800.39row/s]
[11.20 00:15:41] ┇ INFO     ┇ =>  exporting:  50%|████████████████████████▊                         | 1540/3108 [00:00<00:01, 800.39row/s]
[11.20 00:15:41] ┇ INFO     ┇ =>  exporting:  50%|████████████████████████▉                         | 1550/3108 [00:00<00:01, 800.39row/s]
[11.20 00:15:41] ┇ INFO     ┇ =>  exporting:  50%|█████████████████████████                         | 1560/3108 [00:00<00:01, 800.39row/s]
[11.20 00:15:41] ┇ INFO     ┇ =>  exporting:  51%|█████████████████████████▎                        | 1570/3108 [00:00<00:01, 800.39row/s]
[11.20 00:15:41] ┇ INFO     ┇ =>  exporting:  51%|█████████████████████████▍                        | 1580/3108 [00:00<00:01, 800.39row/s]
[11.20 00:15:41] ┇ INFO     ┇ =>  exporting:  51%|█████████████████████████▌                        | 1590/3108 [00:00<00:01, 800.39row/s]
[11.20 00:15:41] ┇ INFO     ┇ =>  exporting:  51%|█████████████████████████▋                        | 1600/3108 [00:00<00:01, 800.39row/s]
[11.20 00:15:41] ┇ INFO     ┇ =>  exporting:  52%|█████████████████████████▉                        | 1610/3108 [00:00<00:01, 800.39row/s]
[11.20 00:15:41] ┇ INFO     ┇ =>  exporting:  52%|██████████████████████████                        | 1620/3108 [00:00<00:01, 800.39row/s]
[11.20 00:15:41] ┇ INFO     ┇ =>  exporting:  52%|██████████████████████████▏                       | 1630/3108 [00:00<00:01, 800.39row/s]
[11.20 00:15:41] ┇ INFO     ┇ =>  exporting:  53%|██████████████████████████▍                       | 1640/3108 [00:00<00:01, 800.39row/s]
[11.20 00:15:41] ┇ INFO     ┇ =>  exporting:  53%|██████████████████████████▌                       | 1650/3108 [00:00<00:01, 800.39row/s]
[11.20 00:15:41] ┇ INFO     ┇ =>  exporting:  53%|██████████████████████████▋                       | 1660/3108 [00:00<00:01, 800.39row/s]
[11.20 00:15:41] ┇ INFO     ┇ =>  exporting:  54%|██████████████████████████▊                       | 1670/3108 [00:00<00:01, 800.39row/s]
[11.20 00:15:41] ┇ INFO     ┇ =>  exporting:  54%|███████████████████████████                       | 1680/3108 [00:00<00:01, 800.39row/s]
[11.20 00:15:41] ┇ INFO     ┇ =>  exporting:  54%|███████████████████████████▏                      | 1690/3108 [00:00<00:01, 800.39row/s]
[11.20 00:15:41] ┇ INFO     ┇ =>  exporting:  55%|███████████████████████████▎                      | 1700/3108 [00:00<00:01, 800.39row/s]
[11.20 00:15:41] ┇ INFO     ┇ =>  exporting:  55%|███████████████████████████▌                      | 1710/3108 [00:00<00:01, 800.39row/s]
[11.20 00:15:41] ┇ INFO     ┇ =>  exporting:  55%|███████████████████████████▋                      | 1720/3108 [00:00<00:01, 800.39row/s]
[11.20 00:15:41] ┇ INFO     ┇ =>  exporting:  56%|███████████████████████████▊                      | 1730/3108 [00:00<00:01, 800.39row/s]
[11.20 00:15:41] ┇ INFO     ┇ =>  exporting:  56%|███████████████████████████▉                      | 1740/3108 [00:00<00:01, 800.39row/s]
[11.20 00:15:41] ┇ INFO     ┇ =>  exporting:  56%|████████████████████████████▏                     | 1750/3108 [00:00<00:01, 800.39row/s]
[11.20 00:15:41] ┇ INFO     ┇ =>  exporting:  57%|████████████████████████████▎                     | 1760/3108 [00:00<00:01, 800.39row/s]
[11.20 00:15:41] ┇ INFO     ┇ =>  exporting:  57%|████████████████████████████▍                     | 1770/3108 [00:00<00:01, 800.39row/s]
[11.20 00:15:41] ┇ INFO     ┇ =>  exporting:  57%|████████████████████████████▋                     | 1780/3108 [00:00<00:01, 800.39row/s]
[11.20 00:15:41] ┇ INFO     ┇ =>  exporting:  58%|████████████████████████████▊                     | 1790/3108 [00:00<00:01, 800.39row/s]
[11.20 00:15:41] ┇ INFO     ┇ =>  exporting:  58%|████████████████████████████▉                     | 1800/3108 [00:00<00:01, 800.39row/s]
[11.20 00:15:41] ┇ INFO     ┇ =>  exporting:  58%|█████████████████████████████                     | 1810/3108 [00:00<00:01, 800.39row/s]
[11.20 00:15:41] ┇ INFO     ┇ =>  exporting:  59%|█████████████████████████████▎                    | 1820/3108 [00:00<00:01, 800.39row/s]
[11.20 00:15:41] ┇ INFO     ┇ =>  exporting:  59%|█████████████████████████████▍                    | 1830/3108 [00:00<00:01, 800.39row/s]
[11.20 00:15:41] ┇ INFO     ┇ =>  exporting:  59%|█████████████████████████████▌                    | 1840/3108 [00:00<00:01, 800.39row/s]
[11.20 00:15:41] ┇ INFO     ┇ =>  exporting:  60%|█████████████████████████████▊                    | 1850/3108 [00:00<00:01, 800.39row/s]
[11.20 00:15:41] ┇ INFO     ┇ =>  exporting:  60%|█████████████████████████████▉                    | 1860/3108 [00:00<00:01, 800.39row/s]
[11.20 00:15:41] ┇ INFO     ┇ =>  exporting:  60%|██████████████████████████████                    | 1870/3108 [00:00<00:01, 800.39row/s]
[11.20 00:15:41] ┇ INFO     ┇ =>  exporting:  60%|██████████████████████████████▏                   | 1880/3108 [00:00<00:01, 800.39row/s]
[11.20 00:15:41] ┇ INFO     ┇ =>  exporting:  61%|██████████████████████████████▍                   | 1890/3108 [00:00<00:01, 800.39row/s]
[11.20 00:15:41] ┇ INFO     ┇ =>  exporting:  61%|██████████████████████████████▌                   | 1900/3108 [00:00<00:01, 800.39row/s]
[11.20 00:15:41] ┇ INFO     ┇ =>  exporting:  61%|██████████████████████████████▋                   | 1910/3108 [00:00<00:01, 800.39row/s]
[11.20 00:15:41] ┇ INFO     ┇ =>  exporting:  62%|██████████████████████████████▉                   | 1920/3108 [00:00<00:01, 800.39row/s]
[11.20 00:15:41] ┇ INFO     ┇ =>  exporting:  62%|███████████████████████████████                   | 1930/3108 [00:00<00:01, 800.39row/s]
[11.20 00:15:41] ┇ INFO     ┇ =>  exporting:  62%|███████████████████████████████▏                  | 1940/3108 [00:00<00:01, 800.39row/s]
[11.20 00:15:41] ┇ INFO     ┇ =>  exporting:  63%|███████████████████████████████▎                  | 1950/3108 [00:00<00:01, 800.39row/s]
[11.20 00:15:41] ┇ INFO     ┇ =>  exporting:  63%|███████████████████████████████▌                  | 1960/3108 [00:00<00:01, 800.39row/s]
[11.20 00:15:41] ┇ INFO     ┇ =>  exporting:  63%|███████████████████████████████▋                  | 1970/3108 [00:00<00:01, 800.39row/s]
[11.20 00:15:41] ┇ INFO     ┇ =>  exporting:  64%|███████████████████████████████▊                  | 1980/3108 [00:00<00:01, 800.39row/s]
[11.20 00:15:41] ┇ INFO     ┇ =>  exporting:  64%|████████████████████████████████                  | 1990/3108 [00:00<00:01, 800.39row/s]
[11.20 00:15:41] ┇ INFO     ┇ =>  exporting:  64%|████████████████████████████████▏                 | 2000/3108 [00:00<00:01, 800.39row/s]
[11.20 00:15:41] ┇ INFO     ┇ =>  exporting:  65%|████████████████████████████████▎                 | 2010/3108 [00:00<00:01, 800.39row/s]
[11.20 00:15:41] ┇ INFO     ┇ =>  exporting:  65%|████████████████████████████████▍                 | 2020/3108 [00:00<00:01, 800.39row/s]
[11.20 00:15:41] ┇ INFO     ┇ =>  exporting:  65%|████████████████████████████████▋                 | 2030/3108 [00:00<00:01, 800.39row/s]
[11.20 00:15:41] ┇ INFO     ┇ =>  exporting:  66%|████████████████████████████████▊                 | 2040/3108 [00:00<00:01, 800.39row/s]
[11.20 00:15:41] ┇ INFO     ┇ =>  exporting:  66%|████████████████████████████████▉                 | 2050/3108 [00:00<00:01, 800.39row/s]
[11.20 00:15:41] ┇ INFO     ┇ =>  exporting:  66%|█████████████████████████████████▏                | 2060/3108 [00:00<00:01, 800.39row/s]
[11.20 00:15:41] ┇ INFO     ┇ =>  exporting:  67%|█████████████████████████████████▎                | 2070/3108 [00:00<00:01, 800.39row/s]
[11.20 00:15:41] ┇ INFO     ┇ =>  exporting:  67%|█████████████████████████████████▍                | 2080/3108 [00:00<00:01, 800.39row/s]
[11.20 00:15:41] ┇ INFO     ┇ =>  exporting:  67%|█████████████████████████████████▌                | 2090/3108 [00:00<00:01, 800.39row/s]
[11.20 00:15:41] ┇ INFO     ┇ =>  exporting:  68%|█████████████████████████████████▊                | 2100/3108 [00:00<00:01, 800.39row/s]
[11.20 00:15:41] ┇ INFO     ┇ =>  exporting:  68%|█████████████████████████████████▉                | 2110/3108 [00:00<00:01, 800.39row/s]
[11.20 00:15:41] ┇ INFO     ┇ =>  exporting:  68%|██████████████████████████████████                | 2120/3108 [00:00<00:01, 800.39row/s]
[11.20 00:15:41] ┇ INFO     ┇ =>  exporting:  69%|██████████████████████████████████▎               | 2130/3108 [00:00<00:01, 800.39row/s]
[11.20 00:15:41] ┇ INFO     ┇ =>  exporting:  69%|██████████████████████████████████▍               | 2140/3108 [00:00<00:01, 800.39row/s]
[11.20 00:15:41] ┇ INFO     ┇ =>  exporting:  69%|██████████████████████████████████▌               | 2150/3108 [00:00<00:01, 800.39row/s]
[11.20 00:15:41] ┇ INFO     ┇ =>  exporting:  69%|██████████████████████████████████▋               | 2160/3108 [00:00<00:01, 800.39row/s]
[11.20 00:15:41] ┇ INFO     ┇ =>  exporting:  70%|██████████████████████████████████▉               | 2170/3108 [00:00<00:01, 800.39row/s]
[11.20 00:15:41] ┇ INFO     ┇ =>  exporting:  70%|███████████████████████████████████               | 2180/3108 [00:00<00:01, 800.39row/s]
[11.20 00:15:41] ┇ INFO     ┇ =>  exporting:  70%|███████████████████████████████████▏              | 2190/3108 [00:00<00:01, 800.39row/s]
[11.20 00:15:41] ┇ INFO     ┇ =>  exporting:  71%|███████████████████████████████████▍              | 2200/3108 [00:00<00:01, 800.39row/s]
[11.20 00:15:41] ┇ INFO     ┇ =>  exporting:  71%|███████████████████████████████████▌              | 2210/3108 [00:00<00:01, 800.39row/s]
[11.20 00:15:41] ┇ INFO     ┇ =>  exporting:  71%|███████████████████████████████████▋              | 2220/3108 [00:00<00:01, 800.39row/s]
[11.20 00:15:41] ┇ INFO     ┇ =>  exporting:  72%|███████████████████████████████████▉              | 2230/3108 [00:00<00:01, 800.39row/s]
[11.20 00:15:41] ┇ INFO     ┇ =>  exporting:  72%|████████████████████████████████████              | 2240/3108 [00:00<00:01, 800.39row/s]
[11.20 00:15:41] ┇ INFO     ┇ =>  exporting:  72%|████████████████████████████████████▏             | 2250/3108 [00:00<00:01, 800.39row/s]
[11.20 00:15:41] ┇ INFO     ┇ =>  exporting:  73%|████████████████████████████████████▎             | 2260/3108 [00:00<00:01, 800.39row/s]
[11.20 00:15:41] ┇ INFO     ┇ =>  exporting:  73%|████████████████████████████████████▌             | 2270/3108 [00:00<00:01, 800.39row/s]
[11.20 00:15:41] ┇ INFO     ┇ =>  exporting:  73%|████████████████████████████████████▋             | 2280/3108 [00:00<00:01, 800.39row/s]
[11.20 00:15:41] ┇ INFO     ┇ =>  exporting:  74%|████████████████████████████████████▊             | 2290/3108 [00:00<00:01, 800.39row/s]
[11.20 00:15:41] ┇ INFO     ┇ =>  exporting:  74%|█████████████████████████████████████             | 2300/3108 [00:00<00:01, 800.39row/s]
[11.20 00:15:41] ┇ INFO     ┇ =>  exporting:  74%|█████████████████████████████████████▏            | 2310/3108 [00:00<00:00, 800.39row/s]
[11.20 00:15:41] ┇ INFO     ┇ =>  exporting:  75%|█████████████████████████████████████▎            | 2320/3108 [00:00<00:00, 800.39row/s]
[11.20 00:15:41] ┇ INFO     ┇ =>  exporting:  75%|█████████████████████████████████████▍            | 2330/3108 [00:00<00:00, 800.39row/s]
[11.20 00:15:41] ┇ INFO     ┇ =>  exporting:  75%|█████████████████████████████████████▋            | 2340/3108 [00:00<00:00, 800.39row/s]
[11.20 00:15:41] ┇ INFO     ┇ =>  exporting:  76%|█████████████████████████████████████▊            | 2350/3108 [00:00<00:00, 800.39row/s]
[11.20 00:15:41] ┇ INFO     ┇ =>  exporting:  76%|█████████████████████████████████████▉            | 2360/3108 [00:00<00:00, 800.39row/s]
[11.20 00:15:41] ┇ INFO     ┇ =>  exporting:  76%|██████████████████████████████████████▏           | 2370/3108 [00:00<00:00, 800.39row/s]
[11.20 00:15:41] ┇ INFO     ┇ =>  exporting:  77%|██████████████████████████████████████▎           | 2380/3108 [00:00<00:00, 800.39row/s]
[11.20 00:15:41] ┇ INFO     ┇ =>  exporting:  77%|██████████████████████████████████████▍           | 2390/3108 [00:00<00:00, 800.39row/s]
[11.20 00:15:41] ┇ INFO     ┇ =>  exporting:  77%|██████████████████████████████████████▌           | 2400/3108 [00:00<00:00, 800.39row/s]
[11.20 00:15:41] ┇ INFO     ┇ =>  exporting:  78%|██████████████████████████████████████▊           | 2410/3108 [00:00<00:00, 800.39row/s]
[11.20 00:15:41] ┇ INFO     ┇ =>  exporting:  78%|██████████████████████████████████████▉           | 2420/3108 [00:00<00:00, 800.39row/s]
[11.20 00:15:41] ┇ INFO     ┇ =>  exporting:  78%|███████████████████████████████████████           | 2430/3108 [00:00<00:00, 800.39row/s]
[11.20 00:15:41] ┇ INFO     ┇ =>  exporting:  79%|███████████████████████████████████████▎          | 2440/3108 [00:00<00:00, 800.39row/s]
[11.20 00:15:41] ┇ INFO     ┇ =>  exporting:  79%|███████████████████████████████████████▍          | 2450/3108 [00:00<00:00, 800.39row/s]
[11.20 00:15:41] ┇ INFO     ┇ =>  exporting:  79%|███████████████████████████████████████▌          | 2460/3108 [00:00<00:00, 800.39row/s]
[11.20 00:15:41] ┇ INFO     ┇ =>  exporting:  79%|███████████████████████████████████████▋          | 2470/3108 [00:00<00:00, 800.39row/s]
[11.20 00:15:41] ┇ INFO     ┇ =>  exporting:  80%|███████████████████████████████████████▉          | 2480/3108 [00:00<00:00, 800.39row/s]
[11.20 00:15:41] ┇ INFO     ┇ =>  exporting:  80%|████████████████████████████████████████          | 2490/3108 [00:00<00:00, 800.39row/s]
[11.20 00:15:41] ┇ INFO     ┇ =>  exporting:  80%|████████████████████████████████████████▏         | 2500/3108 [00:00<00:00, 800.39row/s]
[11.20 00:15:41] ┇ INFO     ┇ =>  exporting:  81%|████████████████████████████████████████▍         | 2510/3108 [00:00<00:00, 800.39row/s]
[11.20 00:15:41] ┇ INFO     ┇ =>  exporting:  81%|████████████████████████████████████████▌         | 2520/3108 [00:00<00:00, 800.39row/s]
[11.20 00:15:41] ┇ INFO     ┇ =>  exporting:  81%|████████████████████████████████████████▋         | 2530/3108 [00:00<00:00, 800.39row/s]
[11.20 00:15:41] ┇ INFO     ┇ =>  exporting:  82%|████████████████████████████████████████▊         | 2540/3108 [00:00<00:00, 800.39row/s]
[11.20 00:15:41] ┇ INFO     ┇ =>  exporting:  82%|█████████████████████████████████████████         | 2550/3108 [00:00<00:00, 800.39row/s]
[11.20 00:15:41] ┇ INFO     ┇ =>  exporting:  82%|█████████████████████████████████████████▏        | 2560/3108 [00:00<00:00, 800.39row/s]
[11.20 00:15:41] ┇ INFO     ┇ =>  exporting:  83%|█████████████████████████████████████████▎        | 2570/3108 [00:00<00:00, 800.39row/s]
[11.20 00:15:41] ┇ INFO     ┇ =>  exporting:  83%|█████████████████████████████████████████▌        | 2580/3108 [00:00<00:00, 800.39row/s]
[11.20 00:15:41] ┇ INFO     ┇ =>  exporting:  83%|█████████████████████████████████████████▋        | 2590/3108 [00:00<00:00, 800.39row/s]
[11.20 00:15:41] ┇ INFO     ┇ =>  exporting:  84%|█████████████████████████████████████████▊        | 2600/3108 [00:00<00:00, 800.39row/s]
[11.20 00:15:41] ┇ INFO     ┇ =>  exporting:  84%|█████████████████████████████████████████▉        | 2610/3108 [00:00<00:00, 800.39row/s]
[11.20 00:15:41] ┇ INFO     ┇ =>  exporting:  84%|██████████████████████████████████████████▏       | 2620/3108 [00:00<00:00, 800.39row/s]
[11.20 00:15:41] ┇ INFO     ┇ =>  exporting:  85%|██████████████████████████████████████████▎       | 2630/3108 [00:00<00:00, 800.39row/s]
[11.20 00:15:41] ┇ INFO     ┇ =>  exporting:  85%|██████████████████████████████████████████▍       | 2640/3108 [00:00<00:00, 800.39row/s]
[11.20 00:15:41] ┇ INFO     ┇ =>  exporting:  85%|██████████████████████████████████████████▋       | 2650/3108 [00:00<00:00, 800.39row/s]
[11.20 00:15:41] ┇ INFO     ┇ =>  exporting:  86%|██████████████████████████████████████████▊       | 2660/3108 [00:00<00:00, 800.39row/s]
[11.20 00:15:41] ┇ INFO     ┇ =>  exporting:  86%|██████████████████████████████████████████▉       | 2670/3108 [00:00<00:00, 800.39row/s]
[11.20 00:15:41] ┇ INFO     ┇ =>  exporting:  86%|███████████████████████████████████████████       | 2680/3108 [00:00<00:00, 800.39row/s]
[11.20 00:15:41] ┇ INFO     ┇ =>  exporting:  87%|███████████████████████████████████████████▎      | 2690/3108 [00:00<00:00, 800.39row/s]
[11.20 00:15:41] ┇ INFO     ┇ =>  exporting:  87%|███████████████████████████████████████████▍      | 2700/3108 [00:00<00:00, 800.39row/s]
[11.20 00:15:41] ┇ INFO     ┇ =>  exporting:  87%|███████████████████████████████████████████▌      | 2710/3108 [00:00<00:00, 800.39row/s]
[11.20 00:15:41] ┇ INFO     ┇ =>  exporting:  88%|███████████████████████████████████████████▊      | 2720/3108 [00:00<00:00, 800.39row/s]
[11.20 00:15:41] ┇ INFO     ┇ =>  exporting:  88%|███████████████████████████████████████████▉      | 2730/3108 [00:00<00:00, 800.39row/s]
[11.20 00:15:41] ┇ INFO     ┇ =>  exporting:  88%|████████████████████████████████████████████      | 2740/3108 [00:00<00:00, 800.39row/s]
[11.20 00:15:41] ┇ INFO     ┇ =>  exporting:  88%|████████████████████████████████████████████▏     | 2750/3108 [00:00<00:00, 800.39row/s]
[11.20 00:15:41] ┇ INFO     ┇ =>  exporting:  89%|████████████████████████████████████████████▍     | 2760/3108 [00:00<00:00, 800.39row/s]
[11.20 00:15:41] ┇ INFO     ┇ =>  exporting:  89%|████████████████████████████████████████████▌     | 2770/3108 [00:00<00:00, 800.39row/s]
[11.20 00:15:41] ┇ INFO     ┇ =>  exporting:  89%|████████████████████████████████████████████▋     | 2780/3108 [00:00<00:00, 800.39row/s]
[11.20 00:15:41] ┇ INFO     ┇ =>  exporting:  90%|████████████████████████████████████████████▉     | 2790/3108 [00:00<00:00, 800.39row/s]
[11.20 00:15:41] ┇ INFO     ┇ =>  exporting:  90%|█████████████████████████████████████████████     | 2800/3108 [00:00<00:00, 800.39row/s]
[11.20 00:15:41] ┇ INFO     ┇ =>  exporting:  90%|█████████████████████████████████████████████▏    | 2810/3108 [00:00<00:00, 800.39row/s]
[11.20 00:15:41] ┇ INFO     ┇ =>  exporting:  91%|█████████████████████████████████████████████▎    | 2820/3108 [00:00<00:00, 800.39row/s]
[11.20 00:15:41] ┇ INFO     ┇ =>  exporting:  91%|█████████████████████████████████████████████▌    | 2830/3108 [00:00<00:00, 800.39row/s]
[11.20 00:15:41] ┇ INFO     ┇ =>  exporting:  91%|█████████████████████████████████████████████▋    | 2840/3108 [00:00<00:00, 800.39row/s]
[11.20 00:15:41] ┇ INFO     ┇ =>  exporting:  92%|█████████████████████████████████████████████▊    | 2850/3108 [00:00<00:00, 800.39row/s]
[11.20 00:15:41] ┇ INFO     ┇ =>  exporting:  92%|██████████████████████████████████████████████    | 2860/3108 [00:00<00:00, 800.39row/s]
[11.20 00:15:41] ┇ INFO     ┇ =>  exporting:  92%|██████████████████████████████████████████████▏   | 2870/3108 [00:00<00:00, 800.39row/s]
[11.20 00:15:41] ┇ INFO     ┇ =>  exporting:  93%|██████████████████████████████████████████████▎   | 2880/3108 [00:00<00:00, 800.39row/s]
[11.20 00:15:41] ┇ INFO     ┇ =>  exporting:  93%|██████████████████████████████████████████████▍   | 2890/3108 [00:00<00:00, 800.39row/s]
[11.20 00:15:41] ┇ INFO     ┇ =>  exporting:  93%|██████████████████████████████████████████████▋   | 2900/3108 [00:00<00:00, 800.39row/s]
[11.20 00:15:41] ┇ INFO     ┇ =>  exporting:  94%|██████████████████████████████████████████████▊   | 2910/3108 [00:00<00:00, 800.39row/s]
[11.20 00:15:41] ┇ INFO     ┇ =>  exporting:  94%|██████████████████████████████████████████████▉   | 2920/3108 [00:00<00:00, 800.39row/s]
[11.20 00:15:41] ┇ INFO     ┇ =>  exporting:  94%|███████████████████████████████████████████████▏  | 2930/3108 [00:00<00:00, 800.39row/s]
[11.20 00:15:41] ┇ INFO     ┇ =>  exporting:  95%|███████████████████████████████████████████████▎  | 2940/3108 [00:00<00:00, 800.39row/s]
[11.20 00:15:41] ┇ INFO     ┇ =>  exporting:  95%|███████████████████████████████████████████████▍  | 2950/3108 [00:00<00:00, 800.39row/s]
[11.20 00:15:41] ┇ INFO     ┇ =>  exporting:  95%|███████████████████████████████████████████████▌  | 2960/3108 [00:00<00:00, 800.39row/s]
[11.20 00:15:41] ┇ INFO     ┇ =>  exporting:  96%|███████████████████████████████████████████████▊  | 2970/3108 [00:00<00:00, 800.39row/s]
[11.20 00:15:41] ┇ INFO     ┇ =>  exporting:  96%|███████████████████████████████████████████████▉  | 2980/3108 [00:00<00:00, 800.39row/s]
[11.20 00:15:41] ┇ INFO     ┇ =>  exporting:  96%|████████████████████████████████████████████████  | 2990/3108 [00:00<00:00, 800.39row/s]
[11.20 00:15:41] ┇ INFO     ┇ =>  exporting:  97%|████████████████████████████████████████████████▎ | 3000/3108 [00:00<00:00, 800.39row/s]
[11.20 00:15:41] ┇ INFO     ┇ =>  exporting:  97%|████████████████████████████████████████████████▍ | 3010/3108 [00:00<00:00, 800.39row/s]
[11.20 00:15:41] ┇ INFO     ┇ =>  exporting:  97%|████████████████████████████████████████████████▌ | 3020/3108 [00:00<00:00, 800.39row/s]
[11.20 00:15:41] ┇ INFO     ┇ =>  exporting:  97%|████████████████████████████████████████████████▋ | 3030/3108 [00:00<00:00, 800.39row/s]
[11.20 00:15:41] ┇ INFO     ┇ =>  exporting:  98%|████████████████████████████████████████████████▉ | 3040/3108 [00:00<00:00, 800.39row/s]
[11.20 00:15:41] ┇ INFO     ┇ =>  exporting:  98%|█████████████████████████████████████████████████ | 3050/3108 [00:00<00:00, 800.39row/s]
[11.20 00:15:41] ┇ INFO     ┇ =>  exporting:  98%|█████████████████████████████████████████████████▏| 3060/3108 [00:00<00:00, 800.39row/s]
[11.20 00:15:41] ┇ INFO     ┇ =>  exporting:  99%|█████████████████████████████████████████████████▍| 3070/3108 [00:00<00:00, 800.39row/s]
[11.20 00:15:41] ┇ INFO     ┇ =>  exporting:  99%|█████████████████████████████████████████████████▌| 3080/3108 [00:00<00:00, 800.39row/s]
[11.20 00:15:41] ┇ INFO     ┇ =>  exporting:  99%|█████████████████████████████████████████████████▋| 3090/3108 [00:00<00:00, 800.39row/s]
[11.20 00:15:41] ┇ INFO     ┇ =>  exporting: 100%|█████████████████████████████████████████████████▊| 3100/3108 [00:00<00:00, 800.39row/s]
[11.20 00:15:41] ┇ INFO     ┇ =>  exporting: 100%|██████████████████████████████████████████████████| 3108/3108 [00:00<00:00, 800.39row/s]
[11.20 00:15:41] ┇ INFO     ┇ Export 3108/3108 rows to [output/GNER/wiki_passage_from_zero-train-1119.232446.jsonl]
[11.20 00:15:41] ┇ INFO     ┇ =========================================================================================================================================
[11.20 00:15:41] ┇ INFO     ┇ [EXIT] python /home/chris/proj/chrisdata2/src/chrisdata/cli.py ner crawl_wiki GNER/data/zero-shot-train.jsonl output/GNER/wiki_passage_from_zero-train.jsonl ($=00:50:53.349)
[11.20 00:15:41] ┇ INFO     ┇ =========================================================================================================================================
