[11.20 07:34:57] ┇ INFO     ┇ =========================================================================================================================================
[11.20 07:34:57] ┇ INFO     ┇ [INIT] python /mnt/dat/proj/chrisdata2/src/chrisdata/cli.py ner crawl_wiki GNER/data/zero-shot-dev.jsonl output/GNER/wiki_passage_from_zero-dev.jsonl
[11.20 07:34:57] ┇ INFO     ┇ =========================================================================================================================================
[11.20 07:34:57] ┇ INFO     ┇ -----+-----------------------------+--------------------------------------------------------------------------------------------------------
[11.20 07:34:57] ┇ INFO     ┇    # | IOArguments                 | value
[11.20 07:34:57] ┇ INFO     ┇ -----+-----------------------------+--------------------------------------------------------------------------------------------------------
[11.20 07:34:57] ┇ INFO     ┇    1 | tag                         |
[11.20 07:34:57] ┇ INFO     ┇    2 | env.project                 | chrisdata
[11.20 07:34:57] ┇ INFO     ┇    3 | env.job_name                | crawl_wiki_by_entity
[11.20 07:34:57] ┇ INFO     ┇    4 | env.job_version             |
[11.20 07:34:57] ┇ INFO     ┇    5 | env.hostname                | chris36
[11.20 07:34:57] ┇ INFO     ┇    6 | env.hostaddr                | 129.254.181.36
[11.20 07:34:57] ┇ INFO     ┇    7 | env.time_stamp              | 1120.073456
[11.20 07:34:57] ┇ INFO     ┇    8 | env.python_path             | /home/chris/miniforge3/envs/chrisdata/bin/python
[11.20 07:34:57] ┇ INFO     ┇    9 | env.current_dir             | /mnt/dat/proj/chrisdata2/scripts
[11.20 07:34:57] ┇ INFO     ┇   10 | env.current_file            | /mnt/dat/proj/chrisdata2/src/chrisdata/cli.py
[11.20 07:34:57] ┇ INFO     ┇   11 | env.working_dir             | /mnt/dat/proj/chrisdata2
[11.20 07:34:57] ┇ INFO     ┇   12 | env.command_args            | ['ner', 'crawl_wiki', 'GNER/data/zero-shot-dev.jsonl', 'output/GNER/wiki_passage_from_zero-dev.jsonl']
[11.20 07:34:57] ┇ INFO     ┇   13 | env.max_workers             | 12
[11.20 07:34:57] ┇ INFO     ┇   14 | env.calling_sec             | 0.001
[11.20 07:34:57] ┇ INFO     ┇   15 | env.waiting_sec             | 300.0
[11.20 07:34:57] ┇ INFO     ┇   16 | env.debugging               | False
[11.20 07:34:57] ┇ INFO     ┇   17 | env.logging_home            | /mnt/dat/proj/chrisdata2/output/GNER
[11.20 07:34:57] ┇ INFO     ┇   18 | env.logging_file            | crawl_wiki-1120.073456.out
[11.20 07:34:57] ┇ INFO     ┇   19 | env.argument_file           |
[11.20 07:34:57] ┇ INFO     ┇   20 | env.date_format             | [%m.%d %H:%M:%S]
[11.20 07:34:57] ┇ INFO     ┇   21 | env.message_level           | 20
[11.20 07:34:57] ┇ INFO     ┇   22 | env.message_format          | %(asctime)s ┇ %(levelname)-8s ┇ %(message)s
[11.20 07:34:57] ┇ INFO     ┇   23 | time.started                | [11.20 07:34:57]
[11.20 07:34:57] ┇ INFO     ┇   24 | time.settled                |
[11.20 07:34:57] ┇ INFO     ┇   25 | time.elapsed                |
[11.20 07:34:57] ┇ INFO     ┇   26 | input.start                 | 0.0
[11.20 07:34:57] ┇ INFO     ┇   27 | input.limit                 | -1.0
[11.20 07:34:57] ┇ INFO     ┇   28 | input.batch                 | 10.0
[11.20 07:34:57] ┇ INFO     ┇   29 | input.inter                 | 1.0
[11.20 07:34:57] ┇ INFO     ┇   30 | input.data                  | nan
[11.20 07:34:57] ┇ INFO     ┇   31 | input.file.name             | zero-shot-dev.jsonl
[11.20 07:34:57] ┇ INFO     ┇   32 | input.file.home             | GNER/data
[11.20 07:34:57] ┇ INFO     ┇   33 | input.file.user             |
[11.20 07:34:57] ┇ INFO     ┇   34 | input.file.pswd             |
[11.20 07:34:57] ┇ INFO     ┇   35 | input.file.reset            | False
[11.20 07:34:57] ┇ INFO     ┇   36 | input.file.required         | True
[11.20 07:34:57] ┇ INFO     ┇   37 | input.file.mode             | rb
[11.20 07:34:57] ┇ INFO     ┇   38 | input.file.encoding         | utf-8
[11.20 07:34:57] ┇ INFO     ┇   39 | output.file.name            | wiki_passage_from_zero-dev-1120.073456.jsonl
[11.20 07:34:57] ┇ INFO     ┇   40 | output.file.home            | output/GNER
[11.20 07:34:57] ┇ INFO     ┇   41 | output.file.user            |
[11.20 07:34:57] ┇ INFO     ┇   42 | output.file.pswd            |
[11.20 07:34:57] ┇ INFO     ┇   43 | output.file.reset           | False
[11.20 07:34:57] ┇ INFO     ┇   44 | output.file.required        | False
[11.20 07:34:57] ┇ INFO     ┇   45 | output.file.mode            | w
[11.20 07:34:57] ┇ INFO     ┇   46 | output.file.encoding        | utf-8
[11.20 07:34:57] ┇ INFO     ┇   47 | output.table.name           | wiki_passage_from_zero-dev
[11.20 07:34:57] ┇ INFO     ┇   48 | output.table.home           | localhost:8800/GNER
[11.20 07:34:57] ┇ INFO     ┇   49 | output.table.user           |
[11.20 07:34:57] ┇ INFO     ┇   50 | output.table.pswd           |
[11.20 07:34:57] ┇ INFO     ┇   51 | output.table.reset          | True
[11.20 07:34:57] ┇ INFO     ┇   52 | output.table.required       | True
[11.20 07:34:57] ┇ INFO     ┇   53 | output.table.sort           | _id
[11.20 07:34:57] ┇ INFO     ┇   54 | output.table.find           | {}
[11.20 07:34:57] ┇ INFO     ┇   55 | output.table.timeout        | 30000
[11.20 07:34:57] ┇ INFO     ┇   56 | option.min_entity_freq      | 2
[11.20 07:34:57] ┇ INFO     ┇   57 | option.min_entity_chars     | 3
[11.20 07:34:57] ┇ INFO     ┇   58 | option.min_entity_links     | 3
[11.20 07:34:57] ┇ INFO     ┇   59 | option.max_entity_targets   | 70000
[11.20 07:34:57] ┇ INFO     ┇   60 | option.max_search_candidate | 5
[11.20 07:34:57] ┇ INFO     ┇   61 | option.max_targets_per_page | 3
[11.20 07:34:57] ┇ INFO     ┇   62 | option.max_passage_length   | 1000
[11.20 07:34:57] ┇ INFO     ┇   63 | option.min_passage_length   | 100
[11.20 07:34:57] ┇ INFO     ┇ -----+-----------------------------+--------------------------------------------------------------------------------------------------------
[11.20 07:34:57] ┇ INFO     ┇ Drop an existing table: localhost:8800/GNER/wiki_passage_from_zero-dev
[11.20 07:34:57] ┇ INFO     ┇ Number of entities in entity_texts: 19799
[11.20 07:34:57] ┇ INFO     ┇ Number of entities in entity_freq: 1884
[11.20 07:34:57] ┇ INFO     ┇ Number of entities in entity_list: 1884
[11.20 07:35:07] ┇ INFO     ┇ =>   crawling:   1%|▎                                                 | 1/189 [00:09<30:43,  9.80s/item]
[11.20 07:35:18] ┇ INFO     ┇ =>   crawling:   1%|▌                                                 | 2/189 [00:20<32:18, 10.37s/item]
[11.20 07:35:27] ┇ INFO     ┇ =>   crawling:   2%|▊                                                 | 3/189 [00:29<30:19,  9.78s/item]
[11.20 07:35:37] ┇ INFO     ┇ =>   crawling:   2%|█                                                 | 4/189 [00:39<30:49, 10.00s/item]
[11.20 07:35:47] ┇ INFO     ┇ =>   crawling:   3%|█▎                                                | 5/189 [00:49<30:09,  9.83s/item]
[11.20 07:35:57] ┇ INFO     ┇ =>   crawling:   3%|█▌                                                | 6/189 [00:59<30:20,  9.95s/item]
[11.20 07:36:06] ┇ INFO     ┇ =>   crawling:   4%|█▊                                                | 7/189 [01:09<29:42,  9.80s/item]
[11.20 07:36:18] ┇ INFO     ┇ =>   crawling:   4%|██                                                | 8/189 [01:20<31:07, 10.32s/item]
[11.20 07:36:28] ┇ INFO     ┇ =>   crawling:   5%|██▍                                               | 9/189 [01:30<30:56, 10.32s/item]
[11.20 07:36:37] ┇ INFO     ┇ =>   crawling:   5%|██▋                                               | 10/189 [01:39<29:19,  9.83s/item]
[11.20 07:36:46] ┇ INFO     ┇ =>   crawling:   6%|██▉                                               | 11/189 [01:48<28:22,  9.56s/item]
[11.20 07:36:57] ┇ INFO     ┇ =>   crawling:   6%|███▏                                              | 12/189 [01:59<29:29,  9.99s/item]
[11.20 07:37:07] ┇ INFO     ┇ =>   crawling:   7%|███▍                                              | 13/189 [02:09<29:11,  9.95s/item]
[11.20 07:37:17] ┇ INFO     ┇ =>   crawling:   7%|███▋                                              | 14/189 [02:19<29:08,  9.99s/item]
[11.20 07:37:28] ┇ INFO     ┇ =>   crawling:   8%|███▉                                              | 15/189 [02:30<29:57, 10.33s/item]
[11.20 07:37:38] ┇ INFO     ┇ =>   crawling:   8%|████▏                                             | 16/189 [02:41<29:53, 10.37s/item]
[11.20 07:37:50] ┇ INFO     ┇ =>   crawling:   9%|████▍                                             | 17/189 [02:52<31:01, 10.82s/item]
[11.20 07:38:01] ┇ INFO     ┇ =>   crawling:  10%|████▊                                             | 18/189 [03:03<30:57, 10.86s/item]
[11.20 07:38:12] ┇ INFO     ┇ =>   crawling:  10%|█████                                             | 19/189 [03:15<31:01, 10.95s/item]
[11.20 07:38:21] ┇ INFO     ┇ =>   crawling:  11%|█████▎                                            | 20/189 [03:23<29:04, 10.32s/item]
[11.20 07:38:31] ┇ INFO     ┇ =>   crawling:  11%|█████▌                                            | 21/189 [03:34<28:41, 10.25s/item]
[11.20 07:38:41] ┇ INFO     ┇ =>   crawling:  12%|█████▊                                            | 22/189 [03:44<28:32, 10.25s/item]
[11.20 07:38:51] ┇ INFO     ┇ =>   crawling:  12%|██████                                            | 23/189 [03:53<27:34,  9.96s/item]
[11.20 07:39:01] ┇ INFO     ┇ =>   crawling:  13%|██████▎                                           | 24/189 [04:03<27:28,  9.99s/item]
[11.20 07:39:10] ┇ INFO     ┇ =>   crawling:  13%|██████▌                                           | 25/189 [04:13<26:51,  9.83s/item]
[11.20 07:39:20] ┇ INFO     ┇ =>   crawling:  14%|██████▉                                           | 26/189 [04:22<26:25,  9.73s/item]
[11.20 07:39:29] ┇ INFO     ┇ =>   crawling:  14%|███████▏                                          | 27/189 [04:32<26:01,  9.64s/item]
[11.20 07:39:39] ┇ INFO     ┇ =>   crawling:  15%|███████▍                                          | 28/189 [04:41<25:46,  9.61s/item]
[11.20 07:39:49] ┇ INFO     ┇ =>   crawling:  15%|███████▋                                          | 29/189 [04:51<25:53,  9.71s/item]
[11.20 07:39:58] ┇ INFO     ┇ =>   crawling:  16%|███████▉                                          | 30/189 [05:00<25:23,  9.58s/item]
[11.20 07:40:08] ┇ INFO     ┇ =>   crawling:  16%|████████▏                                         | 31/189 [05:10<25:35,  9.72s/item]
[11.20 07:40:18] ┇ INFO     ┇ =>   crawling:  17%|████████▍                                         | 32/189 [05:20<25:41,  9.82s/item]
[11.20 07:40:26] ┇ INFO     ┇ =>   crawling:  17%|████████▋                                         | 33/189 [05:29<24:30,  9.43s/item]
[11.20 07:40:37] ┇ INFO     ┇ =>   crawling:  18%|████████▉                                         | 34/189 [05:39<24:54,  9.64s/item]
[11.20 07:40:45] ┇ INFO     ┇ =>   crawling:  19%|█████████▎                                        | 35/189 [05:48<23:57,  9.33s/item]
[11.20 07:40:54] ┇ INFO     ┇ =>   crawling:  19%|█████████▌                                        | 36/189 [05:57<23:39,  9.28s/item]
[11.20 07:41:03] ┇ INFO     ┇ =>   crawling:  20%|█████████▊                                        | 37/189 [06:06<23:05,  9.12s/item]
[11.20 07:41:12] ┇ INFO     ┇ =>   crawling:  20%|██████████                                        | 38/189 [06:15<22:55,  9.11s/item]
[11.20 07:41:21] ┇ INFO     ┇ =>   crawling:  21%|██████████▎                                       | 39/189 [06:24<22:41,  9.07s/item]
[11.20 07:41:31] ┇ INFO     ┇ =>   crawling:  21%|██████████▌                                       | 40/189 [06:33<23:04,  9.29s/item]
[11.20 07:41:40] ┇ INFO     ┇ =>   crawling:  22%|██████████▊                                       | 41/189 [06:42<22:29,  9.12s/item]
[11.20 07:41:48] ┇ INFO     ┇ =>   crawling:  22%|███████████                                       | 42/189 [06:50<21:40,  8.84s/item]
[11.20 07:41:57] ┇ INFO     ┇ =>   crawling:  23%|███████████▍                                      | 43/189 [06:59<21:28,  8.83s/item]
[11.20 07:42:05] ┇ INFO     ┇ =>   crawling:  23%|███████████▋                                      | 44/189 [07:08<21:15,  8.79s/item]
[11.20 07:42:15] ┇ INFO     ┇ =>   crawling:  24%|███████████▉                                      | 45/189 [07:18<21:52,  9.12s/item]
[11.20 07:42:23] ┇ INFO     ┇ =>   crawling:  24%|████████████▏                                     | 46/189 [07:26<20:48,  8.73s/item]
[11.20 07:42:33] ┇ INFO     ┇ =>   crawling:  25%|████████████▍                                     | 47/189 [07:36<21:34,  9.11s/item]
[11.20 07:42:42] ┇ INFO     ┇ =>   crawling:  25%|████████████▋                                     | 48/189 [07:44<21:13,  9.03s/item]
[11.20 07:42:50] ┇ INFO     ┇ =>   crawling:  26%|████████████▉                                     | 49/189 [07:53<20:32,  8.80s/item]
[11.20 07:43:00] ┇ INFO     ┇ =>   crawling:  26%|█████████████▏                                    | 50/189 [08:02<20:48,  8.98s/item]
[11.20 07:43:09] ┇ INFO     ┇ =>   crawling:  27%|█████████████▍                                    | 51/189 [08:12<21:15,  9.25s/item]
[11.20 07:43:19] ┇ INFO     ┇ =>   crawling:  28%|█████████████▊                                    | 52/189 [08:21<21:05,  9.24s/item]
[11.20 07:43:29] ┇ INFO     ┇ =>   crawling:  28%|██████████████                                    | 53/189 [08:31<21:23,  9.44s/item]
[11.20 07:43:41] ┇ INFO     ┇ =>   crawling:  29%|██████████████▎                                   | 54/189 [08:43<23:12, 10.31s/item]
[11.20 07:43:50] ┇ INFO     ┇ =>   crawling:  29%|██████████████▌                                   | 55/189 [08:53<22:24, 10.03s/item]
[11.20 07:43:59] ┇ INFO     ┇ =>   crawling:  30%|██████████████▊                                   | 56/189 [09:01<21:17,  9.61s/item]
[11.20 07:44:08] ┇ INFO     ┇ =>   crawling:  30%|███████████████                                   | 57/189 [09:10<20:33,  9.34s/item]
[11.20 07:44:17] ┇ INFO     ┇ =>   crawling:  31%|███████████████▎                                  | 58/189 [09:19<20:04,  9.19s/item]
[11.20 07:44:27] ┇ INFO     ┇ =>   crawling:  31%|███████████████▌                                  | 59/189 [09:29<20:45,  9.58s/item]
[11.20 07:44:38] ┇ INFO     ┇ =>   crawling:  32%|███████████████▊                                  | 60/189 [09:40<21:19,  9.92s/item]
[11.20 07:44:46] ┇ INFO     ┇ =>   crawling:  32%|████████████████▏                                 | 61/189 [09:49<20:23,  9.56s/item]
[11.20 07:44:56] ┇ INFO     ┇ =>   crawling:  33%|████████████████▍                                 | 62/189 [09:58<20:01,  9.46s/item]
[11.20 07:45:06] ┇ INFO     ┇ =>   crawling:  33%|████████████████▋                                 | 63/189 [10:08<20:13,  9.63s/item]
[11.20 07:45:15] ┇ INFO     ┇ =>   crawling:  34%|████████████████▉                                 | 64/189 [10:17<19:48,  9.51s/item]
[11.20 07:45:25] ┇ INFO     ┇ =>   crawling:  34%|█████████████████▏                                | 65/189 [10:27<19:48,  9.59s/item]
[11.20 07:45:34] ┇ INFO     ┇ =>   crawling:  35%|█████████████████▍                                | 66/189 [10:37<19:40,  9.60s/item]
[11.20 07:45:43] ┇ INFO     ┇ =>   crawling:  35%|█████████████████▋                                | 67/189 [10:45<18:55,  9.31s/item]
[11.20 07:45:52] ┇ INFO     ┇ =>   crawling:  36%|█████████████████▉                                | 68/189 [10:54<18:35,  9.22s/item]
[11.20 07:46:01] ┇ INFO     ┇ =>   crawling:  37%|██████████████████▎                               | 69/189 [11:04<18:33,  9.28s/item]
[11.20 07:46:10] ┇ INFO     ┇ =>   crawling:  37%|██████████████████▌                               | 70/189 [11:13<18:15,  9.21s/item]
[11.20 07:46:19] ┇ INFO     ┇ =>   crawling:  38%|██████████████████▊                               | 71/189 [11:21<17:34,  8.94s/item]
[11.20 07:46:27] ┇ INFO     ┇ =>   crawling:  38%|███████████████████                               | 72/189 [11:30<17:07,  8.78s/item]
[11.20 07:46:37] ┇ INFO     ┇ =>   crawling:  39%|███████████████████▎                              | 73/189 [11:39<17:23,  8.99s/item]
[11.20 07:46:46] ┇ INFO     ┇ =>   crawling:  39%|███████████████████▌                              | 74/189 [11:49<17:44,  9.25s/item]
[11.20 07:46:56] ┇ INFO     ┇ =>   crawling:  40%|███████████████████▊                              | 75/189 [11:59<17:47,  9.37s/item]
[11.20 07:47:05] ┇ INFO     ┇ =>   crawling:  40%|████████████████████                              | 76/189 [12:07<17:19,  9.20s/item]
[11.20 07:47:13] ┇ INFO     ┇ =>   crawling:  41%|████████████████████▎                             | 77/189 [12:16<16:38,  8.92s/item]
[11.20 07:47:24] ┇ INFO     ┇ =>   crawling:  41%|████████████████████▋                             | 78/189 [12:26<17:31,  9.47s/item]
[11.20 07:47:32] ┇ INFO     ┇ =>   crawling:  42%|████████████████████▉                             | 79/189 [12:35<16:39,  9.08s/item]
[11.20 07:47:43] ┇ INFO     ┇ =>   crawling:  42%|█████████████████████▏                            | 80/189 [12:45<17:24,  9.58s/item]
[11.20 07:47:54] ┇ INFO     ┇ =>   crawling:  43%|█████████████████████▍                            | 81/189 [12:57<18:18, 10.17s/item]
[11.20 07:48:04] ┇ INFO     ┇ =>   crawling:  43%|█████████████████████▋                            | 82/189 [13:06<17:43,  9.94s/item]
[11.20 07:48:13] ┇ INFO     ┇ =>   crawling:  44%|█████████████████████▉                            | 83/189 [13:16<17:21,  9.83s/item]
[11.20 07:48:23] ┇ INFO     ┇ =>   crawling:  44%|██████████████████████▏                           | 84/189 [13:26<17:16,  9.87s/item]
[11.20 07:48:34] ┇ INFO     ┇ =>   crawling:  45%|██████████████████████▍                           | 85/189 [13:36<17:17,  9.98s/item]
[11.20 07:48:43] ┇ INFO     ┇ =>   crawling:  46%|██████████████████████▊                           | 86/189 [13:45<16:44,  9.75s/item]
[11.20 07:48:52] ┇ INFO     ┇ =>   crawling:  46%|███████████████████████                           | 87/189 [13:54<16:03,  9.45s/item]
[11.20 07:49:00] ┇ INFO     ┇ =>   crawling:  47%|███████████████████████▎                          | 88/189 [14:03<15:34,  9.25s/item]
[11.20 07:49:09] ┇ INFO     ┇ =>   crawling:  47%|███████████████████████▌                          | 89/189 [14:11<14:55,  8.96s/item]
[11.20 07:49:18] ┇ INFO     ┇ =>   crawling:  48%|███████████████████████▊                          | 90/189 [14:20<14:55,  9.05s/item]
[11.20 07:49:27] ┇ INFO     ┇ =>   crawling:  48%|████████████████████████                          | 91/189 [14:29<14:49,  9.07s/item]
[11.20 07:49:36] ┇ INFO     ┇ =>   crawling:  49%|████████████████████████▎                         | 92/189 [14:39<14:52,  9.20s/item]
[11.20 07:49:48] ┇ INFO     ┇ =>   crawling:  49%|████████████████████████▌                         | 93/189 [14:50<15:45,  9.84s/item]
[11.20 07:49:58] ┇ INFO     ┇ =>   crawling:  50%|████████████████████████▊                         | 94/189 [15:00<15:33,  9.83s/item]
[11.20 07:50:07] ┇ INFO     ┇ =>   crawling:  50%|█████████████████████████▏                        | 95/189 [15:09<15:03,  9.61s/item]
[11.20 07:50:16] ┇ INFO     ┇ =>   crawling:  51%|█████████████████████████▍                        | 96/189 [15:19<14:54,  9.62s/item]
[11.20 07:50:26] ┇ INFO     ┇ =>   crawling:  51%|█████████████████████████▋                        | 97/189 [15:28<14:37,  9.53s/item]
[11.20 07:50:35] ┇ INFO     ┇ =>   crawling:  52%|█████████████████████████▉                        | 98/189 [15:37<14:21,  9.47s/item]
[11.20 07:50:46] ┇ INFO     ┇ =>   crawling:  52%|██████████████████████████▏                       | 99/189 [15:48<14:52,  9.92s/item]
[11.20 07:50:56] ┇ INFO     ┇ =>   crawling:  53%|██████████████████████████▍                       | 100/189 [15:59<14:50, 10.00s/item]
[11.20 07:51:08] ┇ INFO     ┇ =>   crawling:  53%|██████████████████████████▋                       | 101/189 [16:10<15:17, 10.43s/item]
[11.20 07:51:16] ┇ INFO     ┇ =>   crawling:  54%|██████████████████████████▉                       | 102/189 [16:19<14:20,  9.89s/item]
[11.20 07:51:27] ┇ INFO     ┇ =>   crawling:  54%|███████████████████████████▏                      | 103/189 [16:29<14:22, 10.03s/item]
[11.20 07:51:38] ┇ INFO     ┇ =>   crawling:  55%|███████████████████████████▌                      | 104/189 [16:40<14:36, 10.31s/item]
[11.20 07:51:48] ┇ INFO     ┇ =>   crawling:  56%|███████████████████████████▊                      | 105/189 [16:50<14:25, 10.31s/item]
[11.20 07:51:57] ┇ INFO     ┇ =>   crawling:  56%|████████████████████████████                      | 106/189 [17:00<13:57, 10.09s/item]
[11.20 07:52:07] ┇ INFO     ┇ =>   crawling:  57%|████████████████████████████▎                     | 107/189 [17:10<13:46, 10.07s/item]
[11.20 07:52:20] ┇ INFO     ┇ =>   crawling:  57%|████████████████████████████▌                     | 108/189 [17:23<14:39, 10.85s/item]
[11.20 07:52:29] ┇ INFO     ┇ =>   crawling:  58%|████████████████████████████▊                     | 109/189 [17:32<13:46, 10.34s/item]
[11.20 07:52:39] ┇ INFO     ┇ =>   crawling:  58%|█████████████████████████████                     | 110/189 [17:41<13:22, 10.16s/item]
[11.20 07:52:50] ┇ INFO     ┇ =>   crawling:  59%|█████████████████████████████▎                    | 111/189 [17:52<13:25, 10.32s/item]
[11.20 07:52:59] ┇ INFO     ┇ =>   crawling:  59%|█████████████████████████████▋                    | 112/189 [18:01<12:50, 10.01s/item]
[11.20 07:53:08] ┇ INFO     ┇ =>   crawling:  60%|█████████████████████████████▉                    | 113/189 [18:10<12:11,  9.62s/item]
[11.20 07:53:17] ┇ INFO     ┇ =>   crawling:  60%|██████████████████████████████▏                   | 114/189 [18:20<11:57,  9.56s/item]
[11.20 07:53:26] ┇ INFO     ┇ =>   crawling:  61%|██████████████████████████████▍                   | 115/189 [18:28<11:24,  9.25s/item]
[11.20 07:53:35] ┇ INFO     ┇ =>   crawling:  61%|██████████████████████████████▋                   | 116/189 [18:37<11:16,  9.26s/item]
[11.20 07:53:45] ┇ INFO     ┇ =>   crawling:  62%|██████████████████████████████▉                   | 117/189 [18:47<11:18,  9.43s/item]
[11.20 07:53:57] ┇ INFO     ┇ =>   crawling:  62%|███████████████████████████████▏                  | 118/189 [19:00<12:12, 10.32s/item]
[11.20 07:54:07] ┇ INFO     ┇ =>   crawling:  63%|███████████████████████████████▍                  | 119/189 [19:10<11:54, 10.20s/item]
[11.20 07:54:16] ┇ INFO     ┇ =>   crawling:  63%|███████████████████████████████▋                  | 120/189 [19:18<11:16,  9.80s/item]
[11.20 07:54:26] ┇ INFO     ┇ =>   crawling:  64%|████████████████████████████████                  | 121/189 [19:29<11:20, 10.00s/item]
[11.20 07:54:36] ┇ INFO     ┇ =>   crawling:  65%|████████████████████████████████▎                 | 122/189 [19:39<11:07,  9.96s/item]
[11.20 07:54:44] ┇ INFO     ┇ =>   crawling:  65%|████████████████████████████████▌                 | 123/189 [19:47<10:20,  9.40s/item]
[11.20 07:54:56] ┇ INFO     ┇ =>   crawling:  66%|████████████████████████████████▊                 | 124/189 [19:58<10:50, 10.00s/item]
[11.20 07:55:04] ┇ INFO     ┇ =>   crawling:  66%|█████████████████████████████████                 | 125/189 [20:06<09:59,  9.37s/item]
[11.20 07:55:13] ┇ INFO     ┇ =>   crawling:  67%|█████████████████████████████████▎                | 126/189 [20:15<09:46,  9.32s/item]
[11.20 07:55:21] ┇ INFO     ┇ =>   crawling:  67%|█████████████████████████████████▌                | 127/189 [20:24<09:16,  8.97s/item]
[11.20 07:55:30] ┇ INFO     ┇ =>   crawling:  68%|█████████████████████████████████▊                | 128/189 [20:32<09:01,  8.88s/item]
[11.20 07:55:39] ┇ INFO     ┇ =>   crawling:  68%|██████████████████████████████████▏               | 129/189 [20:41<08:51,  8.85s/item]
[11.20 07:55:48] ┇ INFO     ┇ =>   crawling:  69%|██████████████████████████████████▍               | 130/189 [20:50<08:51,  9.01s/item]
[11.20 07:55:59] ┇ INFO     ┇ =>   crawling:  69%|██████████████████████████████████▋               | 131/189 [21:01<09:15,  9.57s/item]
[11.20 07:56:10] ┇ INFO     ┇ =>   crawling:  70%|██████████████████████████████████▉               | 132/189 [21:12<09:27,  9.96s/item]
[11.20 07:56:19] ┇ INFO     ┇ =>   crawling:  70%|███████████████████████████████████▏              | 133/189 [21:22<09:14,  9.90s/item]
[11.20 07:56:30] ┇ INFO     ┇ =>   crawling:  71%|███████████████████████████████████▍              | 134/189 [21:33<09:21, 10.21s/item]
[11.20 07:56:42] ┇ INFO     ┇ =>   crawling:  71%|███████████████████████████████████▋              | 135/189 [21:44<09:30, 10.56s/item]
[11.20 07:56:50] ┇ INFO     ┇ =>   crawling:  72%|███████████████████████████████████▉              | 136/189 [21:53<08:50, 10.01s/item]
[11.20 07:57:00] ┇ INFO     ┇ =>   crawling:  72%|████████████████████████████████████▏             | 137/189 [22:02<08:34,  9.89s/item]
[11.20 07:57:12] ┇ INFO     ┇ =>   crawling:  73%|████████████████████████████████████▌             | 138/189 [22:14<08:55, 10.51s/item]
[11.20 07:57:26] ┇ INFO     ┇ =>   crawling:  74%|████████████████████████████████████▊             | 139/189 [22:29<09:40, 11.62s/item]
[11.20 07:57:35] ┇ INFO     ┇ =>   crawling:  74%|█████████████████████████████████████             | 140/189 [22:37<08:48, 10.78s/item]
[11.20 07:57:44] ┇ INFO     ┇ =>   crawling:  75%|█████████████████████████████████████▎            | 141/189 [22:47<08:12, 10.26s/item]
[11.20 07:57:54] ┇ INFO     ┇ =>   crawling:  75%|█████████████████████████████████████▌            | 142/189 [22:57<08:04, 10.30s/item]
[11.20 07:58:07] ┇ INFO     ┇ =>   crawling:  76%|█████████████████████████████████████▊            | 143/189 [23:10<08:26, 11.01s/item]
[11.20 07:58:15] ┇ INFO     ┇ =>   crawling:  76%|██████████████████████████████████████            | 144/189 [23:17<07:31, 10.04s/item]
[11.20 07:58:25] ┇ INFO     ┇ =>   crawling:  77%|██████████████████████████████████████▎           | 145/189 [23:27<07:16,  9.92s/item]
[11.20 07:58:34] ┇ INFO     ┇ =>   crawling:  77%|██████████████████████████████████████▌           | 146/189 [23:37<07:05,  9.90s/item]
[11.20 07:58:43] ┇ INFO     ┇ =>   crawling:  78%|██████████████████████████████████████▉           | 147/189 [23:45<06:36,  9.44s/item]
[11.20 07:58:55] ┇ INFO     ┇ =>   crawling:  78%|███████████████████████████████████████▏          | 148/189 [23:57<06:58, 10.22s/item]
[11.20 07:59:05] ┇ INFO     ┇ =>   crawling:  79%|███████████████████████████████████████▍          | 149/189 [24:08<06:51, 10.28s/item]
[11.20 07:59:14] ┇ INFO     ┇ =>   crawling:  79%|███████████████████████████████████████▋          | 150/189 [24:17<06:25,  9.88s/item]
[11.20 07:59:26] ┇ INFO     ┇ =>   crawling:  80%|███████████████████████████████████████▉          | 151/189 [24:28<06:36, 10.43s/item]
[11.20 07:59:35] ┇ INFO     ┇ =>   crawling:  80%|████████████████████████████████████████▏         | 152/189 [24:38<06:13, 10.10s/item]
[11.20 07:59:44] ┇ INFO     ┇ =>   crawling:  81%|████████████████████████████████████████▍         | 153/189 [24:47<05:53,  9.81s/item]
[11.20 07:59:53] ┇ INFO     ┇ =>   crawling:  81%|████████████████████████████████████████▋         | 154/189 [24:55<05:26,  9.34s/item]
[11.20 08:00:02] ┇ INFO     ┇ =>   crawling:  82%|█████████████████████████████████████████         | 155/189 [25:05<05:21,  9.46s/item]
[11.20 08:00:11] ┇ INFO     ┇ =>   crawling:  83%|█████████████████████████████████████████▎        | 156/189 [25:14<05:08,  9.33s/item]
[11.20 08:00:21] ┇ INFO     ┇ =>   crawling:  83%|█████████████████████████████████████████▌        | 157/189 [25:24<05:05,  9.54s/item]
[11.20 08:00:31] ┇ INFO     ┇ =>   crawling:  84%|█████████████████████████████████████████▊        | 158/189 [25:33<04:56,  9.55s/item]
[11.20 08:00:41] ┇ INFO     ┇ =>   crawling:  84%|██████████████████████████████████████████        | 159/189 [25:44<04:52,  9.76s/item]
[11.20 08:00:50] ┇ INFO     ┇ =>   crawling:  85%|██████████████████████████████████████████▎       | 160/189 [25:52<04:32,  9.39s/item]
[11.20 08:00:59] ┇ INFO     ┇ =>   crawling:  85%|██████████████████████████████████████████▌       | 161/189 [26:01<04:18,  9.23s/item]
[11.20 08:01:07] ┇ INFO     ┇ =>   crawling:  86%|██████████████████████████████████████████▊       | 162/189 [26:10<04:05,  9.08s/item]
[11.20 08:01:16] ┇ INFO     ┇ =>   crawling:  86%|███████████████████████████████████████████       | 163/189 [26:18<03:51,  8.92s/item]
[11.20 08:01:25] ┇ INFO     ┇ =>   crawling:  87%|███████████████████████████████████████████▍      | 164/189 [26:27<03:43,  8.94s/item]
[11.20 08:01:35] ┇ INFO     ┇ =>   crawling:  87%|███████████████████████████████████████████▋      | 165/189 [26:38<03:44,  9.36s/item]
[11.20 08:01:44] ┇ INFO     ┇ =>   crawling:  88%|███████████████████████████████████████████▉      | 166/189 [26:47<03:32,  9.23s/item]
[11.20 08:01:53] ┇ INFO     ┇ =>   crawling:  88%|████████████████████████████████████████████▏     | 167/189 [26:55<03:19,  9.05s/item]
[11.20 08:02:03] ┇ INFO     ┇ =>   crawling:  89%|████████████████████████████████████████████▍     | 168/189 [27:05<03:14,  9.25s/item]
[11.20 08:02:12] ┇ INFO     ┇ =>   crawling:  89%|████████████████████████████████████████████▋     | 169/189 [27:14<03:05,  9.26s/item]
[11.20 08:02:21] ┇ INFO     ┇ =>   crawling:  90%|████████████████████████████████████████████▉     | 170/189 [27:23<02:54,  9.19s/item]
[11.20 08:02:29] ┇ INFO     ┇ =>   crawling:  90%|█████████████████████████████████████████████▏    | 171/189 [27:31<02:38,  8.79s/item]
[11.20 08:02:39] ┇ INFO     ┇ =>   crawling:  91%|█████████████████████████████████████████████▌    | 172/189 [27:42<02:38,  9.30s/item]
[11.20 08:02:48] ┇ INFO     ┇ =>   crawling:  92%|█████████████████████████████████████████████▊    | 173/189 [27:51<02:27,  9.23s/item]
[11.20 08:02:57] ┇ INFO     ┇ =>   crawling:  92%|██████████████████████████████████████████████    | 174/189 [28:00<02:16,  9.13s/item]
[11.20 08:03:08] ┇ INFO     ┇ =>   crawling:  93%|██████████████████████████████████████████████▎   | 175/189 [28:10<02:14,  9.63s/item]
[11.20 08:03:18] ┇ INFO     ┇ =>   crawling:  93%|██████████████████████████████████████████████▌   | 176/189 [28:21<02:08,  9.88s/item]
[11.20 08:03:32] ┇ INFO     ┇ =>   crawling:  94%|██████████████████████████████████████████████▊   | 177/189 [28:34<02:10, 10.85s/item]
[11.20 08:03:41] ┇ INFO     ┇ =>   crawling:  94%|███████████████████████████████████████████████   | 178/189 [28:44<01:55, 10.52s/item]
[11.20 08:03:51] ┇ INFO     ┇ =>   crawling:  95%|███████████████████████████████████████████████▎  | 179/189 [28:54<01:43, 10.37s/item]
[11.20 08:04:00] ┇ INFO     ┇ =>   crawling:  95%|███████████████████████████████████████████████▌  | 180/189 [29:03<01:29,  9.89s/item]
[11.20 08:04:10] ┇ INFO     ┇ =>   crawling:  96%|███████████████████████████████████████████████▉  | 181/189 [29:12<01:18,  9.82s/item]
[11.20 08:04:21] ┇ INFO     ┇ =>   crawling:  96%|████████████████████████████████████████████████▏ | 182/189 [29:23<01:11, 10.20s/item]
[11.20 08:04:31] ┇ INFO     ┇ =>   crawling:  97%|████████████████████████████████████████████████▍ | 183/189 [29:33<01:01, 10.18s/item]
[11.20 08:04:41] ┇ INFO     ┇ =>   crawling:  97%|████████████████████████████████████████████████▋ | 184/189 [29:43<00:50, 10.03s/item]
[11.20 08:04:50] ┇ INFO     ┇ =>   crawling:  98%|████████████████████████████████████████████████▉ | 185/189 [29:52<00:39,  9.79s/item]
[11.20 08:04:59] ┇ INFO     ┇ =>   crawling:  98%|█████████████████████████████████████████████████▏| 186/189 [30:01<00:28,  9.49s/item]
[11.20 08:05:09] ┇ INFO     ┇ =>   crawling:  99%|█████████████████████████████████████████████████▍| 187/189 [30:12<00:19,  9.85s/item]
[11.20 08:05:21] ┇ INFO     ┇ =>   crawling:  99%|█████████████████████████████████████████████████▋| 188/189 [30:23<00:10, 10.41s/item]
[11.20 08:05:31] ┇ INFO     ┇ =>   crawling: 100%|██████████████████████████████████████████████████| 189/189 [30:33<00:00, 10.14s/item]
[11.20 08:05:31] ┇ INFO     ┇ =>  exporting:   1%|▎                                                 | 10/1884 [00:00<00:00, 7921.25row/s]
[11.20 08:05:31] ┇ INFO     ┇ =>  exporting:   1%|▌                                                 | 20/1884 [00:00<00:00, 13374.69row/s]
[11.20 08:05:31] ┇ INFO     ┇ =>  exporting:   2%|▊                                                 | 30/1884 [00:00<00:00, 18204.44row/s]
[11.20 08:05:31] ┇ INFO     ┇ =>  exporting:   2%|█                                                 | 40/1884 [00:00<00:00, 21236.98row/s]
[11.20 08:05:31] ┇ INFO     ┇ =>  exporting:   3%|█▎                                                | 50/1884 [00:00<00:00, 23265.50row/s]
[11.20 08:05:31] ┇ INFO     ┇ =>  exporting:   3%|█▌                                                | 60/1884 [00:00<00:00, 24482.76row/s]
[11.20 08:05:31] ┇ INFO     ┇ =>  exporting:   4%|█▊                                                | 70/1884 [00:00<00:00, 26341.40row/s]
[11.20 08:05:31] ┇ INFO     ┇ =>  exporting:   4%|██                                                | 80/1884 [00:00<00:00, 28168.60row/s]
[11.20 08:05:31] ┇ INFO     ┇ =>  exporting:   5%|██▍                                               | 90/1884 [00:00<00:00, 28992.88row/s]
[11.20 08:05:31] ┇ INFO     ┇ =>  exporting:   5%|██▋                                               | 100/1884 [00:00<00:00, 29713.12row/s]
[11.20 08:05:31] ┇ INFO     ┇ =>  exporting:   6%|██▉                                               | 110/1884 [00:00<00:00, 8610.28row/s]
[11.20 08:05:31] ┇ INFO     ┇ =>  exporting:   6%|███▏                                              | 120/1884 [00:00<00:00, 9240.42row/s]
[11.20 08:05:31] ┇ INFO     ┇ =>  exporting:   7%|███▍                                              | 130/1884 [00:00<00:00, 9816.89row/s]
[11.20 08:05:31] ┇ INFO     ┇ =>  exporting:   7%|███▋                                              | 140/1884 [00:00<00:00, 10331.89row/s]
[11.20 08:05:31] ┇ INFO     ┇ =>  exporting:   8%|███▉                                              | 150/1884 [00:00<00:00, 10908.46row/s]
[11.20 08:05:31] ┇ INFO     ┇ =>  exporting:   8%|████▏                                             | 160/1884 [00:00<00:00, 11438.17row/s]
[11.20 08:05:31] ┇ INFO     ┇ =>  exporting:   9%|████▌                                             | 170/1884 [00:00<00:00, 11928.59row/s]
[11.20 08:05:31] ┇ INFO     ┇ =>  exporting:  10%|████▊                                             | 180/1884 [00:00<00:00, 12387.60row/s]
[11.20 08:05:31] ┇ INFO     ┇ =>  exporting:  10%|█████                                             | 190/1884 [00:00<00:00, 12889.90row/s]
[11.20 08:05:31] ┇ INFO     ┇ =>  exporting:  11%|█████▎                                            | 200/1884 [00:00<00:00, 13388.36row/s]
[11.20 08:05:31] ┇ INFO     ┇ =>  exporting:  11%|█████▌                                            | 210/1884 [00:00<00:00, 13793.60row/s]
[11.20 08:05:31] ┇ INFO     ┇ =>  exporting:  12%|█████▊                                            | 220/1884 [00:00<00:00, 14162.55row/s]
[11.20 08:05:31] ┇ INFO     ┇ =>  exporting:  12%|██████                                            | 230/1884 [00:00<00:00, 14591.09row/s]
[11.20 08:05:31] ┇ INFO     ┇ =>  exporting:  13%|██████▎                                           | 240/1884 [00:00<00:00, 15037.39row/s]
[11.20 08:05:31] ┇ INFO     ┇ =>  exporting:  13%|██████▋                                           | 250/1884 [00:00<00:00, 15435.22row/s]
[11.20 08:05:31] ┇ INFO     ┇ =>  exporting:  14%|██████▉                                           | 260/1884 [00:00<00:00, 15896.08row/s]
[11.20 08:05:31] ┇ INFO     ┇ =>  exporting:  14%|███████▏                                          | 270/1884 [00:00<00:00, 16322.13row/s]
[11.20 08:05:31] ┇ INFO     ┇ =>  exporting:  15%|███████▍                                          | 280/1884 [00:00<00:00, 16657.28row/s]
[11.20 08:05:31] ┇ INFO     ┇ =>  exporting:  15%|███████▋                                          | 290/1884 [00:00<00:00, 16968.67row/s]
[11.20 08:05:31] ┇ INFO     ┇ =>  exporting:  16%|███████▉                                          | 300/1884 [00:00<00:00, 17373.23row/s]
[11.20 08:05:31] ┇ INFO     ┇ =>  exporting:  16%|████████▏                                         | 310/1884 [00:00<00:00, 17718.71row/s]
[11.20 08:05:31] ┇ INFO     ┇ =>  exporting:  17%|████████▍                                         | 320/1884 [00:00<00:00, 18125.04row/s]
[11.20 08:05:31] ┇ INFO     ┇ =>  exporting:  18%|████████▊                                         | 330/1884 [00:00<00:00, 18391.18row/s]
[11.20 08:05:31] ┇ INFO     ┇ =>  exporting:  18%|█████████                                         | 340/1884 [00:00<00:00, 18749.68row/s]
[11.20 08:05:31] ┇ INFO     ┇ =>  exporting:  19%|█████████▎                                        | 350/1884 [00:00<00:00, 19058.58row/s]
[11.20 08:05:31] ┇ INFO     ┇ =>  exporting:  19%|█████████▌                                        | 360/1884 [00:00<00:00, 19395.38row/s]
[11.20 08:05:31] ┇ INFO     ┇ =>  exporting:  20%|█████████▊                                        | 370/1884 [00:00<00:00, 19652.67row/s]
[11.20 08:05:31] ┇ INFO     ┇ =>  exporting:  20%|██████████                                        | 380/1884 [00:00<00:00, 19949.88row/s]
[11.20 08:05:31] ┇ INFO     ┇ =>  exporting:  21%|██████████▎                                       | 390/1884 [00:00<00:00, 20235.77row/s]
[11.20 08:05:31] ┇ INFO     ┇ =>  exporting:  21%|██████████▌                                       | 400/1884 [00:00<00:00, 20527.86row/s]
[11.20 08:05:31] ┇ INFO     ┇ =>  exporting:  22%|██████████▉                                       | 410/1884 [00:00<00:00, 20865.66row/s]
[11.20 08:05:31] ┇ INFO     ┇ =>  exporting:  22%|███████████▏                                      | 420/1884 [00:00<00:00, 21099.12row/s]
[11.20 08:05:31] ┇ INFO     ┇ =>  exporting:  23%|███████████▍                                      | 430/1884 [00:00<00:00, 21304.46row/s]
[11.20 08:05:31] ┇ INFO     ┇ =>  exporting:  23%|███████████▋                                      | 440/1884 [00:00<00:00, 21570.09row/s]
[11.20 08:05:31] ┇ INFO     ┇ =>  exporting:  24%|███████████▉                                      | 450/1884 [00:00<00:00, 21840.78row/s]
[11.20 08:05:31] ┇ INFO     ┇ =>  exporting:  24%|████████████▏                                     | 460/1884 [00:00<00:00, 22085.64row/s]
[11.20 08:05:31] ┇ INFO     ┇ =>  exporting:  25%|████████████▍                                     | 470/1884 [00:00<00:00, 22340.47row/s]
[11.20 08:05:31] ┇ INFO     ┇ =>  exporting:  25%|████████████▋                                     | 480/1884 [00:00<00:00, 22664.26row/s]
[11.20 08:05:31] ┇ INFO     ┇ =>  exporting:  26%|█████████████                                     | 490/1884 [00:00<00:00, 22892.63row/s]
[11.20 08:05:31] ┇ INFO     ┇ =>  exporting:  27%|█████████████▎                                    | 500/1884 [00:00<00:00, 23154.53row/s]
[11.20 08:05:31] ┇ INFO     ┇ =>  exporting:  27%|█████████████▌                                    | 510/1884 [00:00<00:00, 23375.79row/s]
[11.20 08:05:31] ┇ INFO     ┇ =>  exporting:  28%|█████████████▊                                    | 520/1884 [00:00<00:00, 23582.87row/s]
[11.20 08:05:31] ┇ INFO     ┇ =>  exporting:  28%|██████████████                                    | 530/1884 [00:00<00:00, 23864.79row/s]
[11.20 08:05:31] ┇ INFO     ┇ =>  exporting:  29%|██████████████▎                                   | 540/1884 [00:00<00:00, 24095.45row/s]
[11.20 08:05:31] ┇ INFO     ┇ =>  exporting:  29%|██████████████▌                                   | 550/1884 [00:00<00:00, 24351.77row/s]
[11.20 08:05:31] ┇ INFO     ┇ =>  exporting:  30%|██████████████▊                                   | 560/1884 [00:00<00:00, 24601.57row/s]
[11.20 08:05:31] ┇ INFO     ┇ =>  exporting:  30%|███████████████▏                                  | 570/1884 [00:00<00:00, 24802.15row/s]
[11.20 08:05:31] ┇ INFO     ┇ =>  exporting:  31%|███████████████▍                                  | 580/1884 [00:00<00:00, 25043.20row/s]
[11.20 08:05:31] ┇ INFO     ┇ =>  exporting:  31%|███████████████▋                                  | 590/1884 [00:00<00:00, 25190.76row/s]
[11.20 08:05:31] ┇ INFO     ┇ =>  exporting:  32%|███████████████▉                                  | 600/1884 [00:00<00:00, 25354.97row/s]
[11.20 08:05:31] ┇ INFO     ┇ =>  exporting:  32%|████████████████▏                                 | 610/1884 [00:00<00:00, 25578.35row/s]
[11.20 08:05:31] ┇ INFO     ┇ =>  exporting:  33%|████████████████▍                                 | 620/1884 [00:00<00:00, 25696.07row/s]
[11.20 08:05:31] ┇ INFO     ┇ =>  exporting:  33%|████████████████▋                                 | 630/1884 [00:00<00:00, 25839.37row/s]
[11.20 08:05:31] ┇ INFO     ┇ =>  exporting:  34%|████████████████▉                                 | 640/1884 [00:00<00:00, 26011.19row/s]
[11.20 08:05:31] ┇ INFO     ┇ =>  exporting:  35%|█████████████████▎                                | 650/1884 [00:00<00:00, 26209.86row/s]
[11.20 08:05:31] ┇ INFO     ┇ =>  exporting:  35%|█████████████████▌                                | 660/1884 [00:00<00:00, 26382.54row/s]
[11.20 08:05:31] ┇ INFO     ┇ =>  exporting:  36%|█████████████████▊                                | 670/1884 [00:00<00:00, 26518.67row/s]
[11.20 08:05:31] ┇ INFO     ┇ =>  exporting:  36%|██████████████████                                | 680/1884 [00:00<00:00, 26663.36row/s]
[11.20 08:05:31] ┇ INFO     ┇ =>  exporting:  37%|██████████████████▎                               | 690/1884 [00:00<00:00, 26732.09row/s]
[11.20 08:05:31] ┇ INFO     ┇ =>  exporting:  37%|██████████████████▌                               | 700/1884 [00:00<00:00, 26914.66row/s]
[11.20 08:05:31] ┇ INFO     ┇ =>  exporting:  38%|██████████████████▊                               | 710/1884 [00:00<00:00, 27058.30row/s]
[11.20 08:05:31] ┇ INFO     ┇ =>  exporting:  38%|███████████████████                               | 720/1884 [00:00<00:00, 27250.98row/s]
[11.20 08:05:31] ┇ INFO     ┇ =>  exporting:  39%|███████████████████▎                              | 730/1884 [00:00<00:00, 27408.35row/s]
[11.20 08:05:31] ┇ INFO     ┇ =>  exporting:  39%|███████████████████▋                              | 740/1884 [00:00<00:00, 27546.11row/s]
[11.20 08:05:31] ┇ INFO     ┇ =>  exporting:  40%|███████████████████▉                              | 750/1884 [00:00<00:00, 27663.75row/s]
[11.20 08:05:31] ┇ INFO     ┇ =>  exporting:  40%|████████████████████▏                             | 760/1884 [00:00<00:00, 27794.77row/s]
[11.20 08:05:31] ┇ INFO     ┇ =>  exporting:  41%|████████████████████▍                             | 770/1884 [00:00<00:00, 27993.05row/s]
[11.20 08:05:31] ┇ INFO     ┇ =>  exporting:  41%|████████████████████▋                             | 780/1884 [00:00<00:00, 28072.40row/s]
[11.20 08:05:31] ┇ INFO     ┇ =>  exporting:  42%|████████████████████▉                             | 790/1884 [00:00<00:00, 28195.20row/s]
[11.20 08:05:31] ┇ INFO     ┇ =>  exporting:  42%|█████████████████████▏                            | 800/1884 [00:00<00:00, 28321.47row/s]
[11.20 08:05:31] ┇ INFO     ┇ =>  exporting:  43%|█████████████████████▍                            | 810/1884 [00:00<00:00, 28363.55row/s]
[11.20 08:05:31] ┇ INFO     ┇ =>  exporting:  44%|█████████████████████▊                            | 820/1884 [00:00<00:00, 28440.19row/s]
[11.20 08:05:31] ┇ INFO     ┇ =>  exporting:  44%|██████████████████████                            | 830/1884 [00:00<00:00, 28542.51row/s]
[11.20 08:05:31] ┇ INFO     ┇ =>  exporting:  45%|██████████████████████▎                           | 840/1884 [00:00<00:00, 28660.34row/s]
[11.20 08:05:31] ┇ INFO     ┇ =>  exporting:  45%|██████████████████████▌                           | 850/1884 [00:00<00:00, 28675.20row/s]
[11.20 08:05:31] ┇ INFO     ┇ =>  exporting:  46%|██████████████████████▊                           | 860/1884 [00:00<00:00, 28761.32row/s]
[11.20 08:05:31] ┇ INFO     ┇ =>  exporting:  46%|███████████████████████                           | 870/1884 [00:00<00:00, 28868.79row/s]
[11.20 08:05:31] ┇ INFO     ┇ =>  exporting:  47%|███████████████████████▎                          | 880/1884 [00:00<00:00, 28960.73row/s]
[11.20 08:05:31] ┇ INFO     ┇ =>  exporting:  47%|███████████████████████▌                          | 890/1884 [00:00<00:00, 29049.59row/s]
[11.20 08:05:31] ┇ INFO     ┇ =>  exporting:  48%|███████████████████████▉                          | 900/1884 [00:00<00:00, 29090.08row/s]
[11.20 08:05:31] ┇ INFO     ┇ =>  exporting:  48%|████████████████████████▏                         | 910/1884 [00:00<00:00, 29171.86row/s]
[11.20 08:05:31] ┇ INFO     ┇ =>  exporting:  49%|████████████████████████▍                         | 920/1884 [00:00<00:00, 29265.84row/s]
[11.20 08:05:31] ┇ INFO     ┇ =>  exporting:  49%|████████████████████████▋                         | 930/1884 [00:00<00:00, 29391.35row/s]
[11.20 08:05:31] ┇ INFO     ┇ =>  exporting:  50%|████████████████████████▉                         | 940/1884 [00:00<00:00, 29545.76row/s]
[11.20 08:05:31] ┇ INFO     ┇ =>  exporting:  50%|█████████████████████████▏                        | 950/1884 [00:00<00:00, 29761.06row/s]
[11.20 08:05:31] ┇ INFO     ┇ =>  exporting:  51%|█████████████████████████▍                        | 960/1884 [00:00<00:00, 29932.81row/s]
[11.20 08:05:31] ┇ INFO     ┇ =>  exporting:  51%|█████████████████████████▋                        | 970/1884 [00:00<00:00, 30026.31row/s]
[11.20 08:05:31] ┇ INFO     ┇ =>  exporting:  52%|██████████████████████████                        | 980/1884 [00:00<00:00, 30115.82row/s]
[11.20 08:05:31] ┇ INFO     ┇ =>  exporting:  53%|██████████████████████████▎                       | 990/1884 [00:00<00:00, 30211.51row/s]
[11.20 08:05:31] ┇ INFO     ┇ =>  exporting:  53%|██████████████████████████▌                       | 1000/1884 [00:00<00:00, 30318.15row/s]
[11.20 08:05:31] ┇ INFO     ┇ =>  exporting:  54%|██████████████████████████▊                       | 1010/1884 [00:00<00:00, 30444.84row/s]
[11.20 08:05:31] ┇ INFO     ┇ =>  exporting:  54%|███████████████████████████                       | 1020/1884 [00:00<00:00, 30547.81row/s]
[11.20 08:05:31] ┇ INFO     ┇ =>  exporting:  55%|███████████████████████████▎                      | 1030/1884 [00:00<00:00, 30586.31row/s]
[11.20 08:05:31] ┇ INFO     ┇ =>  exporting:  55%|███████████████████████████▌                      | 1040/1884 [00:00<00:00, 30626.11row/s]
[11.20 08:05:31] ┇ INFO     ┇ =>  exporting:  56%|███████████████████████████▊                      | 1050/1884 [00:00<00:00, 30661.82row/s]
[11.20 08:05:31] ┇ INFO     ┇ =>  exporting:  56%|████████████████████████████▏                     | 1060/1884 [00:00<00:00, 30753.86row/s]
[11.20 08:05:31] ┇ INFO     ┇ =>  exporting:  57%|████████████████████████████▍                     | 1070/1884 [00:00<00:00, 30834.75row/s]
[11.20 08:05:31] ┇ INFO     ┇ =>  exporting:  57%|████████████████████████████▋                     | 1080/1884 [00:00<00:00, 30884.63row/s]
[11.20 08:05:31] ┇ INFO     ┇ =>  exporting:  58%|████████████████████████████▉                     | 1090/1884 [00:00<00:00, 30950.71row/s]
[11.20 08:05:31] ┇ INFO     ┇ =>  exporting:  58%|█████████████████████████████▏                    | 1100/1884 [00:00<00:00, 31070.38row/s]
[11.20 08:05:31] ┇ INFO     ┇ =>  exporting:  59%|█████████████████████████████▍                    | 1110/1884 [00:00<00:00, 31156.66row/s]
[11.20 08:05:31] ┇ INFO     ┇ =>  exporting:  59%|█████████████████████████████▋                    | 1120/1884 [00:00<00:00, 31271.40row/s]
[11.20 08:05:31] ┇ INFO     ┇ =>  exporting:  60%|█████████████████████████████▉                    | 1130/1884 [00:00<00:00, 31344.04row/s]
[11.20 08:05:31] ┇ INFO     ┇ =>  exporting:  61%|██████████████████████████████▎                   | 1140/1884 [00:00<00:00, 31399.44row/s]
[11.20 08:05:31] ┇ INFO     ┇ =>  exporting:  61%|██████████████████████████████▌                   | 1150/1884 [00:00<00:00, 31481.16row/s]
[11.20 08:05:31] ┇ INFO     ┇ =>  exporting:  62%|██████████████████████████████▊                   | 1160/1884 [00:00<00:00, 31642.15row/s]
[11.20 08:05:31] ┇ INFO     ┇ =>  exporting:  62%|███████████████████████████████                   | 1170/1884 [00:00<00:00, 31705.23row/s]
[11.20 08:05:31] ┇ INFO     ┇ =>  exporting:  63%|███████████████████████████████▎                  | 1180/1884 [00:00<00:00, 31797.08row/s]
[11.20 08:05:31] ┇ INFO     ┇ =>  exporting:  63%|███████████████████████████████▌                  | 1190/1884 [00:00<00:00, 31877.11row/s]
[11.20 08:05:31] ┇ INFO     ┇ =>  exporting:  64%|███████████████████████████████▊                  | 1200/1884 [00:00<00:00, 31910.00row/s]
[11.20 08:05:31] ┇ INFO     ┇ =>  exporting:  64%|████████████████████████████████                  | 1210/1884 [00:00<00:00, 31963.55row/s]
[11.20 08:05:31] ┇ INFO     ┇ =>  exporting:  65%|████████████████████████████████▍                 | 1220/1884 [00:00<00:00, 32055.50row/s]
[11.20 08:05:31] ┇ INFO     ┇ =>  exporting:  65%|████████████████████████████████▋                 | 1230/1884 [00:00<00:00, 32209.29row/s]
[11.20 08:05:31] ┇ INFO     ┇ =>  exporting:  66%|████████████████████████████████▉                 | 1240/1884 [00:00<00:00, 32260.47row/s]
[11.20 08:05:31] ┇ INFO     ┇ =>  exporting:  66%|█████████████████████████████████▏                | 1250/1884 [00:00<00:00, 32295.28row/s]
[11.20 08:05:31] ┇ INFO     ┇ =>  exporting:  67%|█████████████████████████████████▍                | 1260/1884 [00:00<00:00, 32389.84row/s]
[11.20 08:05:31] ┇ INFO     ┇ =>  exporting:  67%|█████████████████████████████████▋                | 1270/1884 [00:00<00:00, 32557.31row/s]
[11.20 08:05:31] ┇ INFO     ┇ =>  exporting:  68%|█████████████████████████████████▉                | 1280/1884 [00:00<00:00, 32702.33row/s]
[11.20 08:05:31] ┇ INFO     ┇ =>  exporting:  68%|██████████████████████████████████▏               | 1290/1884 [00:00<00:00, 32742.22row/s]
[11.20 08:05:31] ┇ INFO     ┇ =>  exporting:  69%|██████████████████████████████████▌               | 1300/1884 [00:00<00:00, 32754.42row/s]
[11.20 08:05:31] ┇ INFO     ┇ =>  exporting:  70%|██████████████████████████████████▊               | 1310/1884 [00:00<00:00, 32811.24row/s]
[11.20 08:05:31] ┇ INFO     ┇ =>  exporting:  70%|███████████████████████████████████               | 1320/1884 [00:00<00:00, 32924.28row/s]
[11.20 08:05:31] ┇ INFO     ┇ =>  exporting:  71%|███████████████████████████████████▎              | 1330/1884 [00:00<00:00, 33009.80row/s]
[11.20 08:05:31] ┇ INFO     ┇ =>  exporting:  71%|███████████████████████████████████▌              | 1340/1884 [00:00<00:00, 33118.85row/s]
[11.20 08:05:31] ┇ INFO     ┇ =>  exporting:  72%|███████████████████████████████████▊              | 1350/1884 [00:00<00:00, 33164.32row/s]
[11.20 08:05:31] ┇ INFO     ┇ =>  exporting:  72%|████████████████████████████████████              | 1360/1884 [00:00<00:00, 33238.47row/s]
[11.20 08:05:31] ┇ INFO     ┇ =>  exporting:  73%|████████████████████████████████████▎             | 1370/1884 [00:00<00:00, 33301.05row/s]
[11.20 08:05:31] ┇ INFO     ┇ =>  exporting:  73%|████████████████████████████████████▌             | 1380/1884 [00:00<00:00, 33347.39row/s]
[11.20 08:05:31] ┇ INFO     ┇ =>  exporting:  74%|████████████████████████████████████▉             | 1390/1884 [00:00<00:00, 33407.92row/s]
[11.20 08:05:31] ┇ INFO     ┇ =>  exporting:  74%|█████████████████████████████████████▏            | 1400/1884 [00:00<00:00, 33526.08row/s]
[11.20 08:05:31] ┇ INFO     ┇ =>  exporting:  75%|█████████████████████████████████████▍            | 1410/1884 [00:00<00:00, 33567.57row/s]
[11.20 08:05:31] ┇ INFO     ┇ =>  exporting:  75%|█████████████████████████████████████▋            | 1420/1884 [00:00<00:00, 33672.24row/s]
[11.20 08:05:31] ┇ INFO     ┇ =>  exporting:  76%|█████████████████████████████████████▉            | 1430/1884 [00:00<00:00, 33763.53row/s]
[11.20 08:05:31] ┇ INFO     ┇ =>  exporting:  76%|██████████████████████████████████████▏           | 1440/1884 [00:00<00:00, 33820.87row/s]
[11.20 08:05:31] ┇ INFO     ┇ =>  exporting:  77%|██████████████████████████████████████▍           | 1450/1884 [00:00<00:00, 33833.31row/s]
[11.20 08:05:31] ┇ INFO     ┇ =>  exporting:  77%|██████████████████████████████████████▋           | 1460/1884 [00:00<00:00, 33918.33row/s]
[11.20 08:05:31] ┇ INFO     ┇ =>  exporting:  78%|███████████████████████████████████████           | 1470/1884 [00:00<00:00, 33948.51row/s]
[11.20 08:05:31] ┇ INFO     ┇ =>  exporting:  79%|███████████████████████████████████████▎          | 1480/1884 [00:00<00:00, 33982.05row/s]
[11.20 08:05:31] ┇ INFO     ┇ =>  exporting:  79%|███████████████████████████████████████▌          | 1490/1884 [00:00<00:00, 33952.93row/s]
[11.20 08:05:31] ┇ INFO     ┇ =>  exporting:  80%|███████████████████████████████████████▊          | 1500/1884 [00:00<00:00, 34020.01row/s]
[11.20 08:05:31] ┇ INFO     ┇ =>  exporting:  80%|████████████████████████████████████████          | 1510/1884 [00:00<00:00, 34080.40row/s]
[11.20 08:05:31] ┇ INFO     ┇ =>  exporting:  81%|████████████████████████████████████████▎         | 1520/1884 [00:00<00:00, 34098.94row/s]
[11.20 08:05:31] ┇ INFO     ┇ =>  exporting:  81%|████████████████████████████████████████▌         | 1530/1884 [00:00<00:00, 34193.24row/s]
[11.20 08:05:31] ┇ INFO     ┇ =>  exporting:  82%|████████████████████████████████████████▊         | 1540/1884 [00:00<00:00, 34243.57row/s]
[11.20 08:05:31] ┇ INFO     ┇ =>  exporting:  82%|█████████████████████████████████████████▏        | 1550/1884 [00:00<00:00, 34272.97row/s]
[11.20 08:05:31] ┇ INFO     ┇ =>  exporting:  83%|█████████████████████████████████████████▍        | 1560/1884 [00:00<00:00, 34363.65row/s]
[11.20 08:05:31] ┇ INFO     ┇ =>  exporting:  83%|█████████████████████████████████████████▋        | 1570/1884 [00:00<00:00, 34440.32row/s]
[11.20 08:05:31] ┇ INFO     ┇ =>  exporting:  84%|█████████████████████████████████████████▉        | 1580/1884 [00:00<00:00, 34432.24row/s]
[11.20 08:05:31] ┇ INFO     ┇ =>  exporting:  84%|██████████████████████████████████████████▏       | 1590/1884 [00:00<00:00, 34452.89row/s]
[11.20 08:05:31] ┇ INFO     ┇ =>  exporting:  85%|██████████████████████████████████████████▍       | 1600/1884 [00:00<00:00, 34467.83row/s]
[11.20 08:05:31] ┇ INFO     ┇ =>  exporting:  85%|██████████████████████████████████████████▋       | 1610/1884 [00:00<00:00, 34505.85row/s]
[11.20 08:05:31] ┇ INFO     ┇ =>  exporting:  86%|██████████████████████████████████████████▉       | 1620/1884 [00:00<00:00, 34557.01row/s]
[11.20 08:05:31] ┇ INFO     ┇ =>  exporting:  87%|███████████████████████████████████████████▎      | 1630/1884 [00:00<00:00, 34614.35row/s]
[11.20 08:05:31] ┇ INFO     ┇ =>  exporting:  87%|███████████████████████████████████████████▌      | 1640/1884 [00:00<00:00, 34681.85row/s]
[11.20 08:05:31] ┇ INFO     ┇ =>  exporting:  88%|███████████████████████████████████████████▊      | 1650/1884 [00:00<00:00, 34736.22row/s]
[11.20 08:05:31] ┇ INFO     ┇ =>  exporting:  88%|████████████████████████████████████████████      | 1660/1884 [00:00<00:00, 34820.38row/s]
[11.20 08:05:31] ┇ INFO     ┇ =>  exporting:  89%|████████████████████████████████████████████▎     | 1670/1884 [00:00<00:00, 34858.95row/s]
[11.20 08:05:31] ┇ INFO     ┇ =>  exporting:  89%|████████████████████████████████████████████▌     | 1680/1884 [00:00<00:00, 34897.49row/s]
[11.20 08:05:31] ┇ INFO     ┇ =>  exporting:  90%|████████████████████████████████████████████▊     | 1690/1884 [00:00<00:00, 34922.91row/s]
[11.20 08:05:31] ┇ INFO     ┇ =>  exporting:  90%|█████████████████████████████████████████████     | 1700/1884 [00:00<00:00, 34893.52row/s]
[11.20 08:05:31] ┇ INFO     ┇ =>  exporting:  91%|█████████████████████████████████████████████▍    | 1710/1884 [00:00<00:00, 34949.81row/s]
[11.20 08:05:31] ┇ INFO     ┇ =>  exporting:  91%|█████████████████████████████████████████████▋    | 1720/1884 [00:00<00:00, 34997.64row/s]
[11.20 08:05:31] ┇ INFO     ┇ =>  exporting:  92%|█████████████████████████████████████████████▉    | 1730/1884 [00:00<00:00, 35040.30row/s]
[11.20 08:05:31] ┇ INFO     ┇ =>  exporting:  92%|██████████████████████████████████████████████▏   | 1740/1884 [00:00<00:00, 35080.39row/s]
[11.20 08:05:31] ┇ INFO     ┇ =>  exporting:  93%|██████████████████████████████████████████████▍   | 1750/1884 [00:00<00:00, 35108.35row/s]
[11.20 08:05:31] ┇ INFO     ┇ =>  exporting:  93%|██████████████████████████████████████████████▋   | 1760/1884 [00:00<00:00, 35112.80row/s]
[11.20 08:05:31] ┇ INFO     ┇ =>  exporting:  94%|██████████████████████████████████████████████▉   | 1770/1884 [00:00<00:00, 35118.87row/s]
[11.20 08:05:31] ┇ INFO     ┇ =>  exporting:  94%|███████████████████████████████████████████████▏  | 1780/1884 [00:00<00:00, 35121.23row/s]
[11.20 08:05:31] ┇ INFO     ┇ =>  exporting:  95%|███████████████████████████████████████████████▌  | 1790/1884 [00:00<00:00, 35133.11row/s]
[11.20 08:05:31] ┇ INFO     ┇ =>  exporting:  96%|███████████████████████████████████████████████▊  | 1800/1884 [00:00<00:00, 35207.79row/s]
[11.20 08:05:31] ┇ INFO     ┇ =>  exporting:  96%|████████████████████████████████████████████████  | 1810/1884 [00:00<00:00, 35233.66row/s]
[11.20 08:05:31] ┇ INFO     ┇ =>  exporting:  97%|████████████████████████████████████████████████▎ | 1820/1884 [00:00<00:00, 35268.89row/s]
[11.20 08:05:31] ┇ INFO     ┇ =>  exporting:  97%|████████████████████████████████████████████████▌ | 1830/1884 [00:00<00:00, 35358.61row/s]
[11.20 08:05:31] ┇ INFO     ┇ =>  exporting:  98%|████████████████████████████████████████████████▊ | 1840/1884 [00:00<00:00, 35427.47row/s]
[11.20 08:05:31] ┇ INFO     ┇ =>  exporting:  98%|█████████████████████████████████████████████████ | 1850/1884 [00:00<00:00, 35450.92row/s]
[11.20 08:05:31] ┇ INFO     ┇ =>  exporting:  99%|█████████████████████████████████████████████████▎| 1860/1884 [00:00<00:00, 35548.51row/s]
[11.20 08:05:31] ┇ INFO     ┇ =>  exporting:  99%|█████████████████████████████████████████████████▋| 1870/1884 [00:00<00:00, 35598.99row/s]
[11.20 08:05:31] ┇ INFO     ┇ =>  exporting: 100%|█████████████████████████████████████████████████▉| 1880/1884 [00:00<00:00, 35579.59row/s]
[11.20 08:05:31] ┇ INFO     ┇ =>  exporting: 100%|██████████████████████████████████████████████████| 1884/1884 [00:00<00:00, 35556.30row/s]
[11.20 08:05:31] ┇ INFO     ┇ Export 1884/1884 rows to [output/GNER/wiki_passage_from_zero-dev-1120.073456.jsonl]
[11.20 08:05:31] ┇ INFO     ┇ =========================================================================================================================================
[11.20 08:05:31] ┇ INFO     ┇ [EXIT] python /mnt/dat/proj/chrisdata2/src/chrisdata/cli.py ner crawl_wiki GNER/data/zero-shot-dev.jsonl output/GNER/wiki_passage_from_zero-dev.jsonl ($=00:30:33.803)
[11.20 08:05:31] ┇ INFO     ┇ =========================================================================================================================================
