[11.18 23:34:49] ┇ INFO     ┇ =========================================================================================================================================
[11.18 23:34:49] ┇ INFO     ┇ [INIT] python /home/chris/proj/chrisdata2/src/chrisdata/cli.py ner convert-gner --input-file-path input/GNER/zero-shot-test.jsonl --output-table-name inst_tuning_base-from-test --output-file-path output/GNER/convert/test-data.jsonl --get-entity-texts-fn from_test
[11.18 23:34:49] ┇ INFO     ┇ =========================================================================================================================================
[11.18 23:34:49] ┇ INFO     ┇ -----+-----------------------------+-----------------------------------------------------------------------------------------------------------------------------------------------------------------------------------------------------------------------------------------
[11.18 23:34:49] ┇ INFO     ┇    # | IOArguments                 | value
[11.18 23:34:49] ┇ INFO     ┇ -----+-----------------------------+-----------------------------------------------------------------------------------------------------------------------------------------------------------------------------------------------------------------------------------------
[11.18 23:34:49] ┇ INFO     ┇    1 | tag                         |
[11.18 23:34:49] ┇ INFO     ┇    2 | env.project                 | chrisdata
[11.18 23:34:49] ┇ INFO     ┇    3 | env.job_name                | convert_GNER
[11.18 23:34:49] ┇ INFO     ┇    4 | env.job_version             |
[11.18 23:34:49] ┇ INFO     ┇    5 | env.hostname                | chris36
[11.18 23:34:49] ┇ INFO     ┇    6 | env.hostaddr                | 129.254.181.36
[11.18 23:34:49] ┇ INFO     ┇    7 | env.time_stamp              | 1118.233448
[11.18 23:34:49] ┇ INFO     ┇    8 | env.python_path             | /home/chris/miniforge3/envs/chrisdata/bin/python
[11.18 23:34:49] ┇ INFO     ┇    9 | env.current_dir             | /mnt/dat/proj/chrisdata2
[11.18 23:34:49] ┇ INFO     ┇   10 | env.current_file            | /home/chris/proj/chrisdata2/src/chrisdata/cli.py
[11.18 23:34:49] ┇ INFO     ┇   11 | env.working_dir             | /mnt/dat/proj/chrisdata2
[11.18 23:34:49] ┇ INFO     ┇   12 | env.command_args            | ['ner', 'convert-gner', '--input-file-path', 'input/GNER/zero-shot-test.jsonl', '--output-table-name', 'inst_tuning_base-from-test', '--output-file-path', 'output/GNER/convert/test-data.jsonl', '--get-entity-texts-fn', 'from_test']
[11.18 23:34:49] ┇ INFO     ┇   13 | env.max_workers             | 12
[11.18 23:34:49] ┇ INFO     ┇   14 | env.calling_sec             | 0.001
[11.18 23:34:49] ┇ INFO     ┇   15 | env.waiting_sec             | 300.0
[11.18 23:34:49] ┇ INFO     ┇   16 | env.debugging               | False
[11.18 23:34:49] ┇ INFO     ┇   17 | env.logging_home            | /mnt/dat/proj/chrisdata2/output/GNER/convert
[11.18 23:34:49] ┇ INFO     ┇   18 | env.logging_file            | logging-1118.233448.out
[11.18 23:34:49] ┇ INFO     ┇   19 | env.argument_file           |
[11.18 23:34:49] ┇ INFO     ┇   20 | env.date_format             | [%m.%d %H:%M:%S]
[11.18 23:34:49] ┇ INFO     ┇   21 | env.message_level           | 20
[11.18 23:34:49] ┇ INFO     ┇   22 | env.message_format          | %(asctime)s ┇ %(levelname)-8s ┇ %(message)s
[11.18 23:34:49] ┇ INFO     ┇   23 | time.started                | [11.18 23:34:49]
[11.18 23:34:49] ┇ INFO     ┇   24 | time.settled                |
[11.18 23:34:49] ┇ INFO     ┇   25 | time.elapsed                |
[11.18 23:34:49] ┇ INFO     ┇   26 | input.start                 | 0.0
[11.18 23:34:49] ┇ INFO     ┇   27 | input.limit                 | -1.0
[11.18 23:34:49] ┇ INFO     ┇   28 | input.batch                 | 10.0
[11.18 23:34:49] ┇ INFO     ┇   29 | input.inter                 | 1.0
[11.18 23:34:49] ┇ INFO     ┇   30 | input.data                  | nan
[11.18 23:34:49] ┇ INFO     ┇   31 | input.file.name             | zero-shot-test.jsonl
[11.18 23:34:49] ┇ INFO     ┇   32 | input.file.home             | input/GNER
[11.18 23:34:49] ┇ INFO     ┇   33 | input.file.user             |
[11.18 23:34:49] ┇ INFO     ┇   34 | input.file.pswd             |
[11.18 23:34:49] ┇ INFO     ┇   35 | input.file.reset            | False
[11.18 23:34:49] ┇ INFO     ┇   36 | input.file.required         | True
[11.18 23:34:49] ┇ INFO     ┇   37 | input.file.mode             | rb
[11.18 23:34:49] ┇ INFO     ┇   38 | input.file.encoding         | utf-8
[11.18 23:34:49] ┇ INFO     ┇   39 | output.file.name            | test-data-1118.233448.jsonl
[11.18 23:34:49] ┇ INFO     ┇   40 | output.file.home            | output/GNER/convert
[11.18 23:34:49] ┇ INFO     ┇   41 | output.file.user            |
[11.18 23:34:49] ┇ INFO     ┇   42 | output.file.pswd            |
[11.18 23:34:49] ┇ INFO     ┇   43 | output.file.reset           | False
[11.18 23:34:49] ┇ INFO     ┇   44 | output.file.required        | True
[11.18 23:34:49] ┇ INFO     ┇   45 | output.file.mode            | w
[11.18 23:34:49] ┇ INFO     ┇   46 | output.file.encoding        | utf-8
[11.18 23:34:49] ┇ INFO     ┇   47 | output.table.name           | inst_tuning_base-from-test
[11.18 23:34:49] ┇ INFO     ┇   48 | output.table.home           | localhost:8800/GNER
[11.18 23:34:49] ┇ INFO     ┇   49 | output.table.user           |
[11.18 23:34:49] ┇ INFO     ┇   50 | output.table.pswd           |
[11.18 23:34:49] ┇ INFO     ┇   51 | output.table.reset          | True
[11.18 23:34:49] ┇ INFO     ┇   52 | output.table.required       | True
[11.18 23:34:49] ┇ INFO     ┇   53 | output.table.sort           | _id
[11.18 23:34:49] ┇ INFO     ┇   54 | output.table.find           | {}
[11.18 23:34:49] ┇ INFO     ┇   55 | output.table.timeout        | 30000
[11.18 23:34:49] ┇ INFO     ┇   56 | option.get_entity_texts_fn  | GetEntityTextsFn.from_test
[11.18 23:34:49] ┇ INFO     ┇   57 | option.min_entity_freq      | 2
[11.18 23:34:49] ┇ INFO     ┇   58 | option.min_entity_chars     | 3
[11.18 23:34:49] ┇ INFO     ┇   59 | option.min_entity_links     | 3
[11.18 23:34:49] ┇ INFO     ┇   60 | option.max_entity_targets   | 70000
[11.18 23:34:49] ┇ INFO     ┇   61 | option.max_search_candidate | 5
[11.18 23:34:49] ┇ INFO     ┇   62 | option.max_targets_per_page | 3
[11.18 23:34:49] ┇ INFO     ┇   63 | option.max_passage_length   | 1000
[11.18 23:34:49] ┇ INFO     ┇   64 | option.min_passage_length   | 100
[11.18 23:34:49] ┇ INFO     ┇ -----+-----------------------------+-----------------------------------------------------------------------------------------------------------------------------------------------------------------------------------------------------------------------------------------
[11.18 23:34:49] ┇ INFO     ┇ Drop an existing table: localhost:8800/GNER/inst_tuning_base-from-test
[11.18 23:34:49] ┇ INFO     ┇ Number of entities in entity_texts: 21830
[11.18 23:34:49] ┇ INFO     ┇ Number of entities in entity_freq: 2190
[11.18 23:34:49] ┇ INFO     ┇ Number of entities in entity_list: 2190
[11.18 23:35:00] ┇ INFO     ┇ =>   crawling:   0%|▏                                                 | 1/219 [00:11<40:10, 11.06s/item]
[11.18 23:35:09] ┇ INFO     ┇ =>   crawling:   1%|▍                                                 | 2/219 [00:19<35:11,  9.73s/item]
[11.18 23:35:18] ┇ INFO     ┇ =>   crawling:   1%|▋                                                 | 3/219 [00:28<33:36,  9.34s/item]
[11.18 23:35:27] ┇ INFO     ┇ =>   crawling:   2%|▉                                                 | 4/219 [00:37<32:37,  9.11s/item]
[11.18 23:35:39] ┇ INFO     ┇ =>   crawling:   2%|█▏                                                | 5/219 [00:49<36:36, 10.26s/item]
[11.18 23:35:51] ┇ INFO     ┇ =>   crawling:   3%|█▎                                                | 6/219 [01:01<38:43, 10.91s/item]
[11.18 23:36:00] ┇ INFO     ┇ =>   crawling:   3%|█▌                                                | 7/219 [01:11<36:27, 10.32s/item]
[11.18 23:36:10] ┇ INFO     ┇ =>   crawling:   4%|█▊                                                | 8/219 [01:20<35:28, 10.09s/item]
[11.18 23:36:21] ┇ INFO     ┇ =>   crawling:   4%|██                                                | 9/219 [01:31<36:11, 10.34s/item]
[11.18 23:36:31] ┇ INFO     ┇ =>   crawling:   5%|██▎                                               | 10/219 [01:41<35:40, 10.24s/item]
[11.18 23:36:41] ┇ INFO     ┇ =>   crawling:   5%|██▌                                               | 11/219 [01:51<34:57, 10.09s/item]
[11.18 23:36:49] ┇ INFO     ┇ =>   crawling:   5%|██▋                                               | 12/219 [02:00<33:26,  9.69s/item]
[11.18 23:37:00] ┇ INFO     ┇ =>   crawling:   6%|██▉                                               | 13/219 [02:10<34:05,  9.93s/item]
[11.18 23:37:08] ┇ INFO     ┇ =>   crawling:   6%|███▏                                              | 14/219 [02:18<31:46,  9.30s/item]
[11.18 23:37:17] ┇ INFO     ┇ =>   crawling:   7%|███▍                                              | 15/219 [02:27<31:51,  9.37s/item]
[11.18 23:37:27] ┇ INFO     ┇ =>   crawling:   7%|███▋                                              | 16/219 [02:38<32:32,  9.62s/item]
[11.18 23:37:37] ┇ INFO     ┇ =>   crawling:   8%|███▉                                              | 17/219 [02:47<32:30,  9.66s/item]
[11.18 23:37:46] ┇ INFO     ┇ =>   crawling:   8%|████                                              | 18/219 [02:56<31:33,  9.42s/item]
[11.18 23:37:56] ┇ INFO     ┇ =>   crawling:   9%|████▎                                             | 19/219 [03:07<32:15,  9.68s/item]
[11.18 23:38:07] ┇ INFO     ┇ =>   crawling:   9%|████▌                                             | 20/219 [03:17<33:03,  9.97s/item]
[11.18 23:38:16] ┇ INFO     ┇ =>   crawling:  10%|████▊                                             | 21/219 [03:27<32:19,  9.80s/item]
[11.18 23:38:25] ┇ INFO     ┇ =>   crawling:  10%|█████                                             | 22/219 [03:35<30:59,  9.44s/item]
[11.18 23:38:39] ┇ INFO     ┇ =>   crawling:  11%|█████▎                                            | 23/219 [03:49<35:09, 10.76s/item]
[11.18 23:38:49] ┇ INFO     ┇ =>   crawling:  11%|█████▍                                            | 24/219 [03:59<34:07, 10.50s/item]
[11.18 23:38:58] ┇ INFO     ┇ =>   crawling:  11%|█████▋                                            | 25/219 [04:08<32:34, 10.07s/item]
[11.18 23:39:08] ┇ INFO     ┇ =>   crawling:  12%|█████▉                                            | 26/219 [04:18<32:08,  9.99s/item]
[11.18 23:39:17] ┇ INFO     ┇ =>   crawling:  12%|██████▏                                           | 27/219 [04:27<31:12,  9.75s/item]
[11.18 23:39:26] ┇ INFO     ┇ =>   crawling:  13%|██████▍                                           | 28/219 [04:36<30:31,  9.59s/item]
[11.18 23:39:35] ┇ INFO     ┇ =>   crawling:  13%|██████▌                                           | 29/219 [04:45<29:51,  9.43s/item]
[11.18 23:39:44] ┇ INFO     ┇ =>   crawling:  14%|██████▊                                           | 30/219 [04:55<29:36,  9.40s/item]
[11.18 23:39:54] ┇ INFO     ┇ =>   crawling:  14%|███████                                           | 31/219 [05:04<29:19,  9.36s/item]
[11.18 23:40:03] ┇ INFO     ┇ =>   crawling:  15%|███████▎                                          | 32/219 [05:14<29:36,  9.50s/item]
[11.18 23:40:12] ┇ INFO     ┇ =>   crawling:  15%|███████▌                                          | 33/219 [05:22<28:45,  9.28s/item]
[11.18 23:40:22] ┇ INFO     ┇ =>   crawling:  16%|███████▊                                          | 34/219 [05:32<28:57,  9.39s/item]
[11.18 23:40:31] ┇ INFO     ┇ =>   crawling:  16%|███████▉                                          | 35/219 [05:41<28:43,  9.37s/item]
[11.18 23:40:41] ┇ INFO     ┇ =>   crawling:  16%|████████▏                                         | 36/219 [05:51<28:35,  9.37s/item]
[11.18 23:40:50] ┇ INFO     ┇ =>   crawling:  17%|████████▍                                         | 37/219 [06:00<28:08,  9.28s/item]
[11.18 23:40:58] ┇ INFO     ┇ =>   crawling:  17%|████████▋                                         | 38/219 [06:09<27:36,  9.15s/item]
[11.18 23:41:10] ┇ INFO     ┇ =>   crawling:  18%|████████▉                                         | 39/219 [06:21<29:49,  9.94s/item]
[11.18 23:41:19] ┇ INFO     ┇ =>   crawling:  18%|█████████▏                                        | 40/219 [06:29<28:31,  9.56s/item]
[11.18 23:41:32] ┇ INFO     ┇ =>   crawling:  19%|█████████▎                                        | 41/219 [06:42<31:10, 10.51s/item]
[11.18 23:41:41] ┇ INFO     ┇ =>   crawling:  19%|█████████▌                                        | 42/219 [06:51<30:07, 10.21s/item]
[11.18 23:41:49] ┇ INFO     ┇ =>   crawling:  20%|█████████▊                                        | 43/219 [06:59<28:02,  9.56s/item]
[11.18 23:41:59] ┇ INFO     ┇ =>   crawling:  20%|██████████                                        | 44/219 [07:09<28:17,  9.70s/item]
[11.18 23:42:08] ┇ INFO     ┇ =>   crawling:  21%|██████████▎                                       | 45/219 [07:18<27:14,  9.39s/item]
[11.18 23:42:19] ┇ INFO     ┇ =>   crawling:  21%|██████████▌                                       | 46/219 [07:29<28:19,  9.83s/item]
[11.18 23:42:29] ┇ INFO     ┇ =>   crawling:  21%|██████████▋                                       | 47/219 [07:39<28:44, 10.02s/item]
[11.18 23:42:39] ┇ INFO     ┇ =>   crawling:  22%|██████████▉                                       | 48/219 [07:49<27:58,  9.82s/item]
[11.18 23:42:48] ┇ INFO     ┇ =>   crawling:  22%|███████████▏                                      | 49/219 [07:58<27:25,  9.68s/item]
[11.18 23:42:58] ┇ INFO     ┇ =>   crawling:  23%|███████████▍                                      | 50/219 [08:08<27:27,  9.75s/item]
[11.18 23:43:07] ┇ INFO     ┇ =>   crawling:  23%|███████████▋                                      | 51/219 [08:17<26:27,  9.45s/item]
[11.18 23:43:15] ┇ INFO     ┇ =>   crawling:  24%|███████████▊                                      | 52/219 [08:26<25:41,  9.23s/item]
[11.18 23:43:23] ┇ INFO     ┇ =>   crawling:  24%|████████████                                      | 53/219 [08:34<24:40,  8.92s/item]
[11.18 23:43:33] ┇ INFO     ┇ =>   crawling:  25%|████████████▎                                     | 54/219 [08:43<25:06,  9.13s/item]
[11.18 23:43:43] ┇ INFO     ┇ =>   crawling:  25%|████████████▌                                     | 55/219 [08:53<25:40,  9.40s/item]
[11.18 23:43:52] ┇ INFO     ┇ =>   crawling:  26%|████████████▊                                     | 56/219 [09:03<25:27,  9.37s/item]
[11.18 23:44:02] ┇ INFO     ┇ =>   crawling:  26%|█████████████                                     | 57/219 [09:12<25:12,  9.34s/item]
[11.18 23:44:12] ┇ INFO     ┇ =>   crawling:  26%|█████████████▏                                    | 58/219 [09:22<25:40,  9.57s/item]
[11.18 23:44:21] ┇ INFO     ┇ =>   crawling:  27%|█████████████▍                                    | 59/219 [09:31<25:09,  9.44s/item]
[11.18 23:44:32] ┇ INFO     ┇ =>   crawling:  27%|█████████████▋                                    | 60/219 [09:42<26:11,  9.88s/item]
[11.18 23:44:42] ┇ INFO     ┇ =>   crawling:  28%|█████████████▉                                    | 61/219 [09:52<25:56,  9.85s/item]
[11.18 23:44:51] ┇ INFO     ┇ =>   crawling:  28%|██████████████▏                                   | 62/219 [10:01<25:13,  9.64s/item]
[11.18 23:45:00] ┇ INFO     ┇ =>   crawling:  29%|██████████████▍                                   | 63/219 [10:10<24:21,  9.37s/item]
[11.18 23:45:10] ┇ INFO     ┇ =>   crawling:  29%|██████████████▌                                   | 64/219 [10:20<24:42,  9.56s/item]
[11.18 23:45:21] ┇ INFO     ┇ =>   crawling:  30%|██████████████▊                                   | 65/219 [10:31<25:51, 10.07s/item]
[11.18 23:45:30] ┇ INFO     ┇ =>   crawling:  30%|███████████████                                   | 66/219 [10:41<25:20,  9.94s/item]
[11.18 23:45:39] ┇ INFO     ┇ =>   crawling:  31%|███████████████▎                                  | 67/219 [10:49<24:09,  9.53s/item]
[11.18 23:45:48] ┇ INFO     ┇ =>   crawling:  31%|███████████████▌                                  | 68/219 [10:58<23:25,  9.31s/item]
[11.18 23:45:57] ┇ INFO     ┇ =>   crawling:  32%|███████████████▊                                  | 69/219 [11:07<22:54,  9.16s/item]
[11.18 23:46:06] ┇ INFO     ┇ =>   crawling:  32%|███████████████▉                                  | 70/219 [11:16<22:39,  9.12s/item]
[11.18 23:46:15] ┇ INFO     ┇ =>   crawling:  32%|████████████████▏                                 | 71/219 [11:25<22:23,  9.08s/item]
[11.18 23:46:25] ┇ INFO     ┇ =>   crawling:  33%|████████████████▍                                 | 72/219 [11:35<23:17,  9.51s/item]
[11.18 23:46:35] ┇ INFO     ┇ =>   crawling:  33%|████████████████▋                                 | 73/219 [11:45<23:21,  9.60s/item]
[11.18 23:46:44] ┇ INFO     ┇ =>   crawling:  34%|████████████████▉                                 | 74/219 [11:54<22:36,  9.36s/item]
[11.18 23:46:52] ┇ INFO     ┇ =>   crawling:  34%|█████████████████                                 | 75/219 [12:02<21:36,  9.00s/item]
[11.18 23:47:00] ┇ INFO     ┇ =>   crawling:  35%|█████████████████▎                                | 76/219 [12:10<20:44,  8.70s/item]
[11.18 23:47:10] ┇ INFO     ┇ =>   crawling:  35%|█████████████████▌                                | 77/219 [12:21<21:51,  9.24s/item]
[11.18 23:47:18] ┇ INFO     ┇ =>   crawling:  36%|█████████████████▊                                | 78/219 [12:29<20:52,  8.88s/item]
[11.18 23:47:28] ┇ INFO     ┇ =>   crawling:  36%|██████████████████                                | 79/219 [12:38<21:01,  9.01s/item]
[11.18 23:47:36] ┇ INFO     ┇ =>   crawling:  37%|██████████████████▎                               | 80/219 [12:47<20:32,  8.86s/item]
[11.18 23:47:48] ┇ INFO     ┇ =>   crawling:  37%|██████████████████▍                               | 81/219 [12:58<22:17,  9.70s/item]
[11.18 23:47:57] ┇ INFO     ┇ =>   crawling:  37%|██████████████████▋                               | 82/219 [13:08<21:58,  9.62s/item]
[11.18 23:48:07] ┇ INFO     ┇ =>   crawling:  38%|██████████████████▉                               | 83/219 [13:18<22:02,  9.72s/item]
[11.18 23:48:17] ┇ INFO     ┇ =>   crawling:  38%|███████████████████▏                              | 84/219 [13:27<22:00,  9.78s/item]
[11.18 23:48:26] ┇ INFO     ┇ =>   crawling:  39%|███████████████████▍                              | 85/219 [13:37<21:30,  9.63s/item]
[11.18 23:48:35] ┇ INFO     ┇ =>   crawling:  39%|███████████████████▋                              | 86/219 [13:45<20:26,  9.22s/item]
[11.18 23:48:45] ┇ INFO     ┇ =>   crawling:  40%|███████████████████▊                              | 87/219 [13:55<21:02,  9.57s/item]
[11.18 23:48:55] ┇ INFO     ┇ =>   crawling:  40%|████████████████████                              | 88/219 [14:06<21:23,  9.80s/item]
[11.18 23:49:05] ┇ INFO     ┇ =>   crawling:  41%|████████████████████▎                             | 89/219 [14:15<21:09,  9.76s/item]
[11.18 23:49:15] ┇ INFO     ┇ =>   crawling:  41%|████████████████████▌                             | 90/219 [14:25<20:47,  9.67s/item]
[11.18 23:49:24] ┇ INFO     ┇ =>   crawling:  42%|████████████████████▊                             | 91/219 [14:34<20:23,  9.56s/item]
[11.18 23:49:35] ┇ INFO     ┇ =>   crawling:  42%|█████████████████████                             | 92/219 [14:45<20:58,  9.91s/item]
[11.18 23:49:44] ┇ INFO     ┇ =>   crawling:  42%|█████████████████████▏                            | 93/219 [14:55<20:37,  9.82s/item]
[11.18 23:49:53] ┇ INFO     ┇ =>   crawling:  43%|█████████████████████▍                            | 94/219 [15:03<19:55,  9.57s/item]
[11.18 23:50:02] ┇ INFO     ┇ =>   crawling:  43%|█████████████████████▋                            | 95/219 [15:13<19:26,  9.41s/item]
[11.18 23:50:13] ┇ INFO     ┇ =>   crawling:  44%|█████████████████████▉                            | 96/219 [15:23<20:06,  9.81s/item]
[11.18 23:50:26] ┇ INFO     ┇ =>   crawling:  44%|██████████████████████▏                           | 97/219 [15:36<22:00, 10.83s/item]
[11.18 23:50:36] ┇ INFO     ┇ =>   crawling:  45%|██████████████████████▎                           | 98/219 [15:46<21:01, 10.43s/item]
[11.18 23:50:48] ┇ INFO     ┇ =>   crawling:  45%|██████████████████████▌                           | 99/219 [15:58<21:43, 10.86s/item]
[11.18 23:50:57] ┇ INFO     ┇ =>   crawling:  46%|██████████████████████▊                           | 100/219 [16:07<20:35, 10.38s/item]
[11.18 23:51:08] ┇ INFO     ┇ =>   crawling:  46%|███████████████████████                           | 101/219 [16:18<20:42, 10.53s/item]
[11.18 23:51:17] ┇ INFO     ┇ =>   crawling:  47%|███████████████████████▎                          | 102/219 [16:27<19:42, 10.10s/item]
[11.18 23:51:27] ┇ INFO     ┇ =>   crawling:  47%|███████████████████████▌                          | 103/219 [16:37<19:29, 10.08s/item]
[11.18 23:51:35] ┇ INFO     ┇ =>   crawling:  47%|███████████████████████▋                          | 104/219 [16:46<18:26,  9.63s/item]
[11.18 23:51:45] ┇ INFO     ┇ =>   crawling:  48%|███████████████████████▉                          | 105/219 [16:55<18:07,  9.54s/item]
[11.18 23:51:53] ┇ INFO     ┇ =>   crawling:  48%|████████████████████████▏                         | 106/219 [17:03<17:15,  9.16s/item]
[11.18 23:52:04] ┇ INFO     ┇ =>   crawling:  49%|████████████████████████▍                         | 107/219 [17:14<17:57,  9.62s/item]
[11.18 23:52:15] ┇ INFO     ┇ =>   crawling:  49%|████████████████████████▋                         | 108/219 [17:25<18:43, 10.12s/item]
[11.18 23:52:27] ┇ INFO     ┇ =>   crawling:  50%|████████████████████████▉                         | 109/219 [17:37<19:25, 10.59s/item]
[11.18 23:52:36] ┇ INFO     ┇ =>   crawling:  50%|█████████████████████████                         | 110/219 [17:47<18:42, 10.30s/item]
[11.18 23:52:45] ┇ INFO     ┇ =>   crawling:  51%|█████████████████████████▎                        | 111/219 [17:56<17:48,  9.90s/item]
[11.18 23:52:54] ┇ INFO     ┇ =>   crawling:  51%|█████████████████████████▌                        | 112/219 [18:04<16:54,  9.48s/item]
[11.18 23:53:03] ┇ INFO     ┇ =>   crawling:  52%|█████████████████████████▊                        | 113/219 [18:14<16:51,  9.55s/item]
[11.18 23:53:13] ┇ INFO     ┇ =>   crawling:  52%|██████████████████████████                        | 114/219 [18:23<16:41,  9.54s/item]
[11.18 23:53:24] ┇ INFO     ┇ =>   crawling:  53%|██████████████████████████▎                       | 115/219 [18:34<17:21, 10.01s/item]
[11.18 23:53:34] ┇ INFO     ┇ =>   crawling:  53%|██████████████████████████▍                       | 116/219 [18:44<17:01,  9.91s/item]
[11.18 23:53:45] ┇ INFO     ┇ =>   crawling:  53%|██████████████████████████▋                       | 117/219 [18:55<17:17, 10.17s/item]
[11.18 23:53:54] ┇ INFO     ┇ =>   crawling:  54%|██████████████████████████▉                       | 118/219 [19:05<16:52, 10.02s/item]
[11.18 23:54:06] ┇ INFO     ┇ =>   crawling:  54%|███████████████████████████▏                      | 119/219 [19:16<17:20, 10.40s/item]
[11.18 23:54:14] ┇ INFO     ┇ =>   crawling:  55%|███████████████████████████▍                      | 120/219 [19:25<16:25,  9.95s/item]
[11.18 23:54:23] ┇ INFO     ┇ =>   crawling:  55%|███████████████████████████▋                      | 121/219 [19:34<15:46,  9.66s/item]
[11.18 23:54:33] ┇ INFO     ┇ =>   crawling:  56%|███████████████████████████▊                      | 122/219 [19:43<15:23,  9.52s/item]
[11.18 23:54:42] ┇ INFO     ┇ =>   crawling:  56%|████████████████████████████                      | 123/219 [19:52<15:13,  9.51s/item]
[11.18 23:54:52] ┇ INFO     ┇ =>   crawling:  57%|████████████████████████████▎                     | 124/219 [20:02<15:04,  9.52s/item]
[11.18 23:55:04] ┇ INFO     ┇ =>   crawling:  57%|████████████████████████████▌                     | 125/219 [20:14<16:19, 10.42s/item]
[11.18 23:55:15] ┇ INFO     ┇ =>   crawling:  58%|████████████████████████████▊                     | 126/219 [20:26<16:33, 10.68s/item]
[11.18 23:55:25] ┇ INFO     ┇ =>   crawling:  58%|████████████████████████████▉                     | 127/219 [20:36<16:01, 10.45s/item]
[11.18 23:55:35] ┇ INFO     ┇ =>   crawling:  58%|█████████████████████████████▏                    | 128/219 [20:45<15:26, 10.19s/item]
[11.18 23:55:43] ┇ INFO     ┇ =>   crawling:  59%|█████████████████████████████▍                    | 129/219 [20:54<14:30,  9.67s/item]
[11.18 23:55:53] ┇ INFO     ┇ =>   crawling:  59%|█████████████████████████████▋                    | 130/219 [21:03<14:11,  9.57s/item]
[11.18 23:56:01] ┇ INFO     ┇ =>   crawling:  60%|█████████████████████████████▉                    | 131/219 [21:11<13:24,  9.14s/item]
[11.18 23:56:10] ┇ INFO     ┇ =>   crawling:  60%|██████████████████████████████▏                   | 132/219 [21:20<13:05,  9.03s/item]
[11.18 23:56:17] ┇ INFO     ┇ =>   crawling:  61%|██████████████████████████████▎                   | 133/219 [21:28<12:25,  8.66s/item]
[11.18 23:56:27] ┇ INFO     ┇ =>   crawling:  61%|██████████████████████████████▌                   | 134/219 [21:37<12:38,  8.93s/item]
[11.18 23:56:36] ┇ INFO     ┇ =>   crawling:  62%|██████████████████████████████▊                   | 135/219 [21:46<12:21,  8.83s/item]
[11.18 23:56:46] ┇ INFO     ┇ =>   crawling:  62%|███████████████████████████████                   | 136/219 [21:57<13:03,  9.44s/item]
[11.18 23:56:57] ┇ INFO     ┇ =>   crawling:  63%|███████████████████████████████▎                  | 137/219 [22:08<13:27,  9.85s/item]
[11.18 23:57:06] ┇ INFO     ┇ =>   crawling:  63%|███████████████████████████████▌                  | 138/219 [22:17<13:00,  9.64s/item]
[11.18 23:57:15] ┇ INFO     ┇ =>   crawling:  63%|███████████████████████████████▋                  | 139/219 [22:25<12:24,  9.30s/item]
[11.18 23:57:24] ┇ INFO     ┇ =>   crawling:  64%|███████████████████████████████▉                  | 140/219 [22:34<12:08,  9.22s/item]
[11.18 23:57:34] ┇ INFO     ┇ =>   crawling:  64%|████████████████████████████████▏                 | 141/219 [22:44<12:09,  9.35s/item]
[11.18 23:57:43] ┇ INFO     ┇ =>   crawling:  65%|████████████████████████████████▍                 | 142/219 [22:53<12:03,  9.40s/item]
[11.18 23:57:52] ┇ INFO     ┇ =>   crawling:  65%|████████████████████████████████▋                 | 143/219 [23:02<11:41,  9.23s/item]
[11.18 23:58:01] ┇ INFO     ┇ =>   crawling:  66%|████████████████████████████████▉                 | 144/219 [23:11<11:24,  9.12s/item]
[11.18 23:58:10] ┇ INFO     ┇ =>   crawling:  66%|█████████████████████████████████                 | 145/219 [23:20<11:08,  9.04s/item]
[11.18 23:58:19] ┇ INFO     ┇ =>   crawling:  67%|█████████████████████████████████▎                | 146/219 [23:29<11:08,  9.16s/item]
[11.18 23:58:29] ┇ INFO     ┇ =>   crawling:  67%|█████████████████████████████████▌                | 147/219 [23:39<11:19,  9.43s/item]
[11.18 23:58:37] ┇ INFO     ┇ =>   crawling:  68%|█████████████████████████████████▊                | 148/219 [23:48<10:41,  9.04s/item]
[11.18 23:58:46] ┇ INFO     ┇ =>   crawling:  68%|██████████████████████████████████                | 149/219 [23:56<10:16,  8.81s/item]
[11.18 23:58:54] ┇ INFO     ┇ =>   crawling:  68%|██████████████████████████████████▏               | 150/219 [24:04<09:54,  8.62s/item]
[11.18 23:59:03] ┇ INFO     ┇ =>   crawling:  69%|██████████████████████████████████▍               | 151/219 [24:13<09:53,  8.73s/item]
[11.18 23:59:14] ┇ INFO     ┇ =>   crawling:  69%|██████████████████████████████████▋               | 152/219 [24:24<10:39,  9.55s/item]
[11.18 23:59:23] ┇ INFO     ┇ =>   crawling:  70%|██████████████████████████████████▉               | 153/219 [24:33<10:14,  9.32s/item]
[11.18 23:59:32] ┇ INFO     ┇ =>   crawling:  70%|███████████████████████████████████▏              | 154/219 [24:43<10:06,  9.32s/item]
[11.18 23:59:42] ┇ INFO     ┇ =>   crawling:  71%|███████████████████████████████████▍              | 155/219 [24:52<10:06,  9.48s/item]
[11.18 23:59:52] ┇ INFO     ┇ =>   crawling:  71%|███████████████████████████████████▌              | 156/219 [25:02<10:01,  9.55s/item]
[11.19 00:00:02] ┇ INFO     ┇ =>   crawling:  72%|███████████████████████████████████▊              | 157/219 [25:12<09:57,  9.64s/item]
[11.19 00:00:10] ┇ INFO     ┇ =>   crawling:  72%|████████████████████████████████████              | 158/219 [25:21<09:31,  9.37s/item]
[11.19 00:00:20] ┇ INFO     ┇ =>   crawling:  73%|████████████████████████████████████▎             | 159/219 [25:30<09:20,  9.34s/item]
[11.19 00:00:30] ┇ INFO     ┇ =>   crawling:  73%|████████████████████████████████████▌             | 160/219 [25:40<09:19,  9.49s/item]
[11.19 00:00:38] ┇ INFO     ┇ =>   crawling:  74%|████████████████████████████████████▊             | 161/219 [25:48<08:55,  9.23s/item]
[11.19 00:00:47] ┇ INFO     ┇ =>   crawling:  74%|████████████████████████████████████▉             | 162/219 [25:57<08:35,  9.04s/item]
[11.19 00:00:56] ┇ INFO     ┇ =>   crawling:  74%|█████████████████████████████████████▏            | 163/219 [26:06<08:22,  8.98s/item]
[11.19 00:01:05] ┇ INFO     ┇ =>   crawling:  75%|█████████████████████████████████████▍            | 164/219 [26:15<08:17,  9.04s/item]
[11.19 00:01:14] ┇ INFO     ┇ =>   crawling:  75%|█████████████████████████████████████▋            | 165/219 [26:24<08:10,  9.08s/item]
[11.19 00:01:23] ┇ INFO     ┇ =>   crawling:  76%|█████████████████████████████████████▉            | 166/219 [26:33<07:54,  8.95s/item]
[11.19 00:01:31] ┇ INFO     ┇ =>   crawling:  76%|██████████████████████████████████████▏           | 167/219 [26:41<07:37,  8.80s/item]
[11.19 00:01:40] ┇ INFO     ┇ =>   crawling:  77%|██████████████████████████████████████▎           | 168/219 [26:50<07:22,  8.68s/item]
[11.19 00:01:49] ┇ INFO     ┇ =>   crawling:  77%|██████████████████████████████████████▌           | 169/219 [27:00<07:32,  9.05s/item]
[11.19 00:01:59] ┇ INFO     ┇ =>   crawling:  78%|██████████████████████████████████████▊           | 170/219 [27:09<07:26,  9.11s/item]
[11.19 00:02:07] ┇ INFO     ┇ =>   crawling:  78%|███████████████████████████████████████           | 171/219 [27:18<07:10,  8.96s/item]
[11.19 00:02:18] ┇ INFO     ┇ =>   crawling:  79%|███████████████████████████████████████▎          | 172/219 [27:28<07:20,  9.36s/item]
[11.19 00:02:28] ┇ INFO     ┇ =>   crawling:  79%|███████████████████████████████████████▍          | 173/219 [27:39<07:31,  9.82s/item]
[11.19 00:02:37] ┇ INFO     ┇ =>   crawling:  79%|███████████████████████████████████████▋          | 174/219 [27:47<07:03,  9.41s/item]
[11.19 00:02:47] ┇ INFO     ┇ =>   crawling:  80%|███████████████████████████████████████▉          | 175/219 [27:57<07:05,  9.66s/item]
[11.19 00:02:56] ┇ INFO     ┇ =>   crawling:  80%|████████████████████████████████████████▏         | 176/219 [28:06<06:43,  9.39s/item]
[11.19 00:03:05] ┇ INFO     ┇ =>   crawling:  81%|████████████████████████████████████████▍         | 177/219 [28:16<06:34,  9.40s/item]
[11.19 00:03:14] ┇ INFO     ┇ =>   crawling:  81%|████████████████████████████████████████▋         | 178/219 [28:24<06:16,  9.18s/item]
[11.19 00:03:22] ┇ INFO     ┇ =>   crawling:  82%|████████████████████████████████████████▊         | 179/219 [28:33<05:57,  8.94s/item]
[11.19 00:03:32] ┇ INFO     ┇ =>   crawling:  82%|█████████████████████████████████████████         | 180/219 [28:42<05:54,  9.09s/item]
[11.19 00:03:42] ┇ INFO     ┇ =>   crawling:  83%|█████████████████████████████████████████▎        | 181/219 [28:52<05:59,  9.46s/item]
[11.19 00:03:52] ┇ INFO     ┇ =>   crawling:  83%|█████████████████████████████████████████▌        | 182/219 [29:03<05:57,  9.65s/item]
[11.19 00:04:02] ┇ INFO     ┇ =>   crawling:  84%|█████████████████████████████████████████▊        | 183/219 [29:13<05:53,  9.82s/item]
[11.19 00:04:12] ┇ INFO     ┇ =>   crawling:  84%|██████████████████████████████████████████        | 184/219 [29:23<05:45,  9.86s/item]
[11.19 00:04:22] ┇ INFO     ┇ =>   crawling:  84%|██████████████████████████████████████████▏       | 185/219 [29:32<05:34,  9.83s/item]
[11.19 00:04:32] ┇ INFO     ┇ =>   crawling:  85%|██████████████████████████████████████████▍       | 186/219 [29:43<05:27,  9.92s/item]
[11.19 00:04:40] ┇ INFO     ┇ =>   crawling:  85%|██████████████████████████████████████████▋       | 187/219 [29:51<04:58,  9.32s/item]
[11.19 00:04:49] ┇ INFO     ┇ =>   crawling:  86%|██████████████████████████████████████████▉       | 188/219 [29:59<04:40,  9.04s/item]
[11.19 00:04:57] ┇ INFO     ┇ =>   crawling:  86%|███████████████████████████████████████████▏      | 189/219 [30:08<04:28,  8.95s/item]
[11.19 00:05:06] ┇ INFO     ┇ =>   crawling:  87%|███████████████████████████████████████████▍      | 190/219 [30:17<04:21,  9.01s/item]
[11.19 00:05:16] ┇ INFO     ┇ =>   crawling:  87%|███████████████████████████████████████████▌      | 191/219 [30:27<04:19,  9.25s/item]
[11.19 00:05:26] ┇ INFO     ┇ =>   crawling:  88%|███████████████████████████████████████████▊      | 192/219 [30:36<04:13,  9.37s/item]
[11.19 00:05:35] ┇ INFO     ┇ =>   crawling:  88%|████████████████████████████████████████████      | 193/219 [30:45<03:57,  9.15s/item]
[11.19 00:05:43] ┇ INFO     ┇ =>   crawling:  89%|████████████████████████████████████████████▎     | 194/219 [30:54<03:45,  9.01s/item]
[11.19 00:05:57] ┇ INFO     ┇ =>   crawling:  89%|████████████████████████████████████████████▌     | 195/219 [31:07<04:11, 10.47s/item]
[11.19 00:06:06] ┇ INFO     ┇ =>   crawling:  89%|████████████████████████████████████████████▋     | 196/219 [31:16<03:50, 10.04s/item]
[11.19 00:06:14] ┇ INFO     ┇ =>   crawling:  90%|████████████████████████████████████████████▉     | 197/219 [31:25<03:28,  9.48s/item]
[11.19 00:06:24] ┇ INFO     ┇ =>   crawling:  90%|█████████████████████████████████████████████▏    | 198/219 [31:34<03:21,  9.58s/item]
[11.19 00:06:35] ┇ INFO     ┇ =>   crawling:  91%|█████████████████████████████████████████████▍    | 199/219 [31:45<03:17,  9.90s/item]
[11.19 00:06:45] ┇ INFO     ┇ =>   crawling:  91%|█████████████████████████████████████████████▋    | 200/219 [31:55<03:06,  9.83s/item]
[11.19 00:06:54] ┇ INFO     ┇ =>   crawling:  92%|█████████████████████████████████████████████▉    | 201/219 [32:04<02:52,  9.60s/item]
[11.19 00:07:03] ┇ INFO     ┇ =>   crawling:  92%|██████████████████████████████████████████████    | 202/219 [32:13<02:42,  9.57s/item]
[11.19 00:07:14] ┇ INFO     ┇ =>   crawling:  93%|██████████████████████████████████████████████▎   | 203/219 [32:24<02:40, 10.01s/item]
[11.19 00:07:25] ┇ INFO     ┇ =>   crawling:  93%|██████████████████████████████████████████████▌   | 204/219 [32:35<02:33, 10.24s/item]
[11.19 00:07:36] ┇ INFO     ┇ =>   crawling:  94%|██████████████████████████████████████████████▊   | 205/219 [32:47<02:28, 10.63s/item]
[11.19 00:07:47] ┇ INFO     ┇ =>   crawling:  94%|███████████████████████████████████████████████   | 206/219 [32:58<02:19, 10.72s/item]
[11.19 00:07:57] ┇ INFO     ┇ =>   crawling:  95%|███████████████████████████████████████████████▎  | 207/219 [33:07<02:03, 10.32s/item]
[11.19 00:08:05] ┇ INFO     ┇ =>   crawling:  95%|███████████████████████████████████████████████▍  | 208/219 [33:16<01:48,  9.85s/item]
[11.19 00:08:15] ┇ INFO     ┇ =>   crawling:  95%|███████████████████████████████████████████████▋  | 209/219 [33:25<01:37,  9.80s/item]
[11.19 00:08:25] ┇ INFO     ┇ =>   crawling:  96%|███████████████████████████████████████████████▉  | 210/219 [33:35<01:27,  9.68s/item]
[11.19 00:08:36] ┇ INFO     ┇ =>   crawling:  96%|████████████████████████████████████████████████▏ | 211/219 [33:46<01:21, 10.23s/item]
[11.19 00:08:46] ┇ INFO     ┇ =>   crawling:  97%|████████████████████████████████████████████████▍ | 212/219 [33:56<01:11, 10.17s/item]
[11.19 00:08:55] ┇ INFO     ┇ =>   crawling:  97%|████████████████████████████████████████████████▋ | 213/219 [34:06<00:59,  9.93s/item]
[11.19 00:09:04] ┇ INFO     ┇ =>   crawling:  98%|████████████████████████████████████████████████▊ | 214/219 [34:14<00:47,  9.54s/item]
[11.19 00:09:13] ┇ INFO     ┇ =>   crawling:  98%|█████████████████████████████████████████████████ | 215/219 [34:24<00:37,  9.43s/item]
[11.19 00:09:22] ┇ INFO     ┇ =>   crawling:  99%|█████████████████████████████████████████████████▎| 216/219 [34:32<00:27,  9.11s/item]
[11.19 00:09:31] ┇ INFO     ┇ =>   crawling:  99%|█████████████████████████████████████████████████▌| 217/219 [34:41<00:18,  9.12s/item]
[11.19 00:09:41] ┇ INFO     ┇ =>   crawling: 100%|█████████████████████████████████████████████████▊| 218/219 [34:52<00:09,  9.58s/item]
[11.19 00:09:52] ┇ INFO     ┇ =>   crawling: 100%|██████████████████████████████████████████████████| 219/219 [35:02<00:00,  9.85s/item]
[11.19 00:09:52] ┇ INFO     ┇ =>  exporting:   0%|▏                                                 | 10/2190 [00:00<00:00, 4328.49row/s]
[11.19 00:09:52] ┇ INFO     ┇ =>  exporting:   1%|▍                                                 | 20/2190 [00:00<00:00, 7465.17row/s]
[11.19 00:09:52] ┇ INFO     ┇ =>  exporting:   1%|▋                                                 | 30/2190 [00:00<00:00, 9840.39row/s]
[11.19 00:09:52] ┇ INFO     ┇ =>  exporting:   2%|▉                                                 | 40/2190 [00:00<00:00, 11415.40row/s]
[11.19 00:09:52] ┇ INFO     ┇ =>  exporting:   2%|█▏                                                | 50/2190 [00:00<00:00, 12415.80row/s]
[11.19 00:09:52] ┇ INFO     ┇ =>  exporting:   3%|█▎                                                | 60/2190 [00:00<00:00, 13037.26row/s]
[11.19 00:09:52] ┇ INFO     ┇ =>  exporting:   3%|█▌                                                | 70/2190 [00:00<00:00, 13237.81row/s]
[11.19 00:09:52] ┇ INFO     ┇ =>  exporting:   4%|█▊                                                | 80/2190 [00:00<00:00, 14180.13row/s]
[11.19 00:09:52] ┇ INFO     ┇ =>  exporting:   4%|██                                                | 90/2190 [00:00<00:00, 14875.18row/s]
[11.19 00:09:52] ┇ INFO     ┇ =>  exporting:   5%|██▎                                               | 100/2190 [00:00<00:00, 15098.29row/s]
[11.19 00:09:52] ┇ INFO     ┇ =>  exporting:   5%|██▌                                               | 110/2190 [00:00<00:00, 4129.62row/s]
[11.19 00:09:52] ┇ INFO     ┇ =>  exporting:   5%|██▋                                               | 120/2190 [00:00<00:00, 4421.88row/s]
[11.19 00:09:52] ┇ INFO     ┇ =>  exporting:   6%|██▉                                               | 130/2190 [00:00<00:00, 4731.92row/s]
[11.19 00:09:52] ┇ INFO     ┇ =>  exporting:   6%|███▏                                              | 140/2190 [00:00<00:00, 5010.30row/s]
[11.19 00:09:52] ┇ INFO     ┇ =>  exporting:   7%|███▍                                              | 150/2190 [00:00<00:00, 5275.50row/s]
[11.19 00:09:52] ┇ INFO     ┇ =>  exporting:   7%|███▋                                              | 160/2190 [00:00<00:00, 5530.56row/s]
[11.19 00:09:52] ┇ INFO     ┇ =>  exporting:   8%|███▉                                              | 170/2190 [00:00<00:00, 5783.28row/s]
[11.19 00:09:52] ┇ INFO     ┇ =>  exporting:   8%|████                                              | 180/2190 [00:00<00:00, 6028.70row/s]
[11.19 00:09:52] ┇ INFO     ┇ =>  exporting:   9%|████▎                                             | 190/2190 [00:00<00:00, 6275.29row/s]
[11.19 00:09:52] ┇ INFO     ┇ =>  exporting:   9%|████▌                                             | 200/2190 [00:00<00:00, 6502.24row/s]
[11.19 00:09:52] ┇ INFO     ┇ =>  exporting:  10%|████▊                                             | 210/2190 [00:00<00:00, 6705.27row/s]
[11.19 00:09:52] ┇ INFO     ┇ =>  exporting:  10%|█████                                             | 220/2190 [00:00<00:00, 6936.59row/s]
[11.19 00:09:52] ┇ INFO     ┇ =>  exporting:  11%|█████▎                                            | 230/2190 [00:00<00:00, 7147.44row/s]
[11.19 00:09:52] ┇ INFO     ┇ =>  exporting:  11%|█████▍                                            | 240/2190 [00:00<00:00, 7316.28row/s]
[11.19 00:09:52] ┇ INFO     ┇ =>  exporting:  11%|█████▋                                            | 250/2190 [00:00<00:00, 7514.25row/s]
[11.19 00:09:52] ┇ INFO     ┇ =>  exporting:  12%|█████▉                                            | 260/2190 [00:00<00:00, 7691.14row/s]
[11.19 00:09:52] ┇ INFO     ┇ =>  exporting:  12%|██████▏                                           | 270/2190 [00:00<00:00, 7879.42row/s]
[11.19 00:09:52] ┇ INFO     ┇ =>  exporting:  13%|██████▍                                           | 280/2190 [00:00<00:00, 8070.13row/s]
[11.19 00:09:52] ┇ INFO     ┇ =>  exporting:  13%|██████▌                                           | 290/2190 [00:00<00:00, 8247.04row/s]
[11.19 00:09:52] ┇ INFO     ┇ =>  exporting:  14%|██████▊                                           | 300/2190 [00:00<00:00, 8447.40row/s]
[11.19 00:09:52] ┇ INFO     ┇ =>  exporting:  14%|███████                                           | 310/2190 [00:00<00:00, 8625.33row/s]
[11.19 00:09:52] ┇ INFO     ┇ =>  exporting:  15%|███████▎                                          | 320/2190 [00:00<00:00, 8793.78row/s]
[11.19 00:09:52] ┇ INFO     ┇ =>  exporting:  15%|███████▌                                          | 330/2190 [00:00<00:00, 8960.74row/s]
[11.19 00:09:52] ┇ INFO     ┇ =>  exporting:  16%|███████▊                                          | 340/2190 [00:00<00:00, 9065.59row/s]
[11.19 00:09:52] ┇ INFO     ┇ =>  exporting:  16%|███████▉                                          | 350/2190 [00:00<00:00, 9193.20row/s]
[11.19 00:09:52] ┇ INFO     ┇ =>  exporting:  16%|████████▏                                         | 360/2190 [00:00<00:00, 9338.83row/s]
[11.19 00:09:52] ┇ INFO     ┇ =>  exporting:  17%|████████▍                                         | 370/2190 [00:00<00:00, 9506.93row/s]
[11.19 00:09:52] ┇ INFO     ┇ =>  exporting:  17%|████████▋                                         | 380/2190 [00:00<00:00, 9617.70row/s]
[11.19 00:09:52] ┇ INFO     ┇ =>  exporting:  18%|████████▉                                         | 390/2190 [00:00<00:00, 9810.88row/s]
[11.19 00:09:52] ┇ INFO     ┇ =>  exporting:  18%|█████████▏                                        | 400/2190 [00:00<00:00, 9918.07row/s]
[11.19 00:09:52] ┇ INFO     ┇ =>  exporting:  19%|█████████▎                                        | 410/2190 [00:00<00:00, 10045.94row/s]
[11.19 00:09:52] ┇ INFO     ┇ =>  exporting:  19%|█████████▌                                        | 420/2190 [00:00<00:00, 10186.65row/s]
[11.19 00:09:52] ┇ INFO     ┇ =>  exporting:  20%|█████████▊                                        | 430/2190 [00:00<00:00, 10341.76row/s]
[11.19 00:09:52] ┇ INFO     ┇ =>  exporting:  20%|██████████                                        | 440/2190 [00:00<00:00, 10459.02row/s]
[11.19 00:09:52] ┇ INFO     ┇ =>  exporting:  21%|██████████▎                                       | 450/2190 [00:00<00:00, 10555.54row/s]
[11.19 00:09:52] ┇ INFO     ┇ =>  exporting:  21%|██████████▌                                       | 460/2190 [00:00<00:00, 10677.25row/s]
[11.19 00:09:52] ┇ INFO     ┇ =>  exporting:  21%|██████████▋                                       | 470/2190 [00:00<00:00, 10777.14row/s]
[11.19 00:09:52] ┇ INFO     ┇ =>  exporting:  22%|██████████▉                                       | 480/2190 [00:00<00:00, 10907.28row/s]
[11.19 00:09:52] ┇ INFO     ┇ =>  exporting:  22%|███████████▏                                      | 490/2190 [00:00<00:00, 11032.37row/s]
[11.19 00:09:52] ┇ INFO     ┇ =>  exporting:  23%|███████████▍                                      | 500/2190 [00:00<00:00, 11138.59row/s]
[11.19 00:09:52] ┇ INFO     ┇ =>  exporting:  23%|███████████▋                                      | 510/2190 [00:00<00:00, 11228.49row/s]
[11.19 00:09:52] ┇ INFO     ┇ =>  exporting:  24%|███████████▊                                      | 520/2190 [00:00<00:00, 11349.64row/s]
[11.19 00:09:52] ┇ INFO     ┇ =>  exporting:  24%|████████████                                      | 530/2190 [00:00<00:00, 11453.18row/s]
[11.19 00:09:52] ┇ INFO     ┇ =>  exporting:  25%|████████████▎                                     | 540/2190 [00:00<00:00, 11568.84row/s]
[11.19 00:09:52] ┇ INFO     ┇ =>  exporting:  25%|████████████▌                                     | 550/2190 [00:00<00:00, 11669.17row/s]
[11.19 00:09:52] ┇ INFO     ┇ =>  exporting:  26%|████████████▊                                     | 560/2190 [00:00<00:00, 11792.64row/s]
[11.19 00:09:52] ┇ INFO     ┇ =>  exporting:  26%|█████████████                                     | 570/2190 [00:00<00:00, 11906.79row/s]
[11.19 00:09:52] ┇ INFO     ┇ =>  exporting:  26%|█████████████▏                                    | 580/2190 [00:00<00:00, 12022.40row/s]
[11.19 00:09:52] ┇ INFO     ┇ =>  exporting:  27%|█████████████▍                                    | 590/2190 [00:00<00:00, 12117.10row/s]
[11.19 00:09:52] ┇ INFO     ┇ =>  exporting:  27%|█████████████▋                                    | 600/2190 [00:00<00:00, 12185.60row/s]
[11.19 00:09:52] ┇ INFO     ┇ =>  exporting:  28%|█████████████▉                                    | 610/2190 [00:00<00:00, 12298.30row/s]
[11.19 00:09:52] ┇ INFO     ┇ =>  exporting:  28%|██████████████▏                                   | 620/2190 [00:00<00:00, 12363.81row/s]
[11.19 00:09:52] ┇ INFO     ┇ =>  exporting:  29%|██████████████▍                                   | 630/2190 [00:00<00:00, 12477.27row/s]
[11.19 00:09:52] ┇ INFO     ┇ =>  exporting:  29%|██████████████▌                                   | 640/2190 [00:00<00:00, 12592.20row/s]
[11.19 00:09:52] ┇ INFO     ┇ =>  exporting:  30%|██████████████▊                                   | 650/2190 [00:00<00:00, 12682.16row/s]
[11.19 00:09:52] ┇ INFO     ┇ =>  exporting:  30%|███████████████                                   | 660/2190 [00:00<00:00, 12773.94row/s]
[11.19 00:09:52] ┇ INFO     ┇ =>  exporting:  31%|███████████████▎                                  | 670/2190 [00:00<00:00, 12886.85row/s]
[11.19 00:09:52] ┇ INFO     ┇ =>  exporting:  31%|███████████████▌                                  | 680/2190 [00:00<00:00, 12964.62row/s]
[11.19 00:09:52] ┇ INFO     ┇ =>  exporting:  32%|███████████████▊                                  | 690/2190 [00:00<00:00, 13035.82row/s]
[11.19 00:09:52] ┇ INFO     ┇ =>  exporting:  32%|███████████████▉                                  | 700/2190 [00:00<00:00, 13129.12row/s]
[11.19 00:09:52] ┇ INFO     ┇ =>  exporting:  32%|████████████████▏                                 | 710/2190 [00:00<00:00, 13199.46row/s]
[11.19 00:09:52] ┇ INFO     ┇ =>  exporting:  33%|████████████████▍                                 | 720/2190 [00:00<00:00, 13294.44row/s]
[11.19 00:09:52] ┇ INFO     ┇ =>  exporting:  33%|████████████████▋                                 | 730/2190 [00:00<00:00, 13366.05row/s]
[11.19 00:09:52] ┇ INFO     ┇ =>  exporting:  34%|████████████████▉                                 | 740/2190 [00:00<00:00, 13418.18row/s]
[11.19 00:09:52] ┇ INFO     ┇ =>  exporting:  34%|█████████████████                                 | 750/2190 [00:00<00:00, 13518.44row/s]
[11.19 00:09:52] ┇ INFO     ┇ =>  exporting:  35%|█████████████████▎                                | 760/2190 [00:00<00:00, 13582.76row/s]
[11.19 00:09:52] ┇ INFO     ┇ =>  exporting:  35%|█████████████████▌                                | 770/2190 [00:00<00:00, 13647.62row/s]
[11.19 00:09:52] ┇ INFO     ┇ =>  exporting:  36%|█████████████████▊                                | 780/2190 [00:00<00:00, 13737.78row/s]
[11.19 00:09:52] ┇ INFO     ┇ =>  exporting:  36%|██████████████████                                | 790/2190 [00:00<00:00, 13808.09row/s]
[11.19 00:09:52] ┇ INFO     ┇ =>  exporting:  37%|██████████████████▎                               | 800/2190 [00:00<00:00, 13896.76row/s]
[11.19 00:09:52] ┇ INFO     ┇ =>  exporting:  37%|██████████████████▍                               | 810/2190 [00:00<00:00, 13932.16row/s]
[11.19 00:09:52] ┇ INFO     ┇ =>  exporting:  37%|██████████████████▋                               | 820/2190 [00:00<00:00, 13982.72row/s]
[11.19 00:09:52] ┇ INFO     ┇ =>  exporting:  38%|██████████████████▉                               | 830/2190 [00:00<00:00, 14058.82row/s]
[11.19 00:09:52] ┇ INFO     ┇ =>  exporting:  38%|███████████████████▏                              | 840/2190 [00:00<00:00, 14098.78row/s]
[11.19 00:09:52] ┇ INFO     ┇ =>  exporting:  39%|███████████████████▍                              | 850/2190 [00:00<00:00, 14142.40row/s]
[11.19 00:09:52] ┇ INFO     ┇ =>  exporting:  39%|███████████████████▋                              | 860/2190 [00:00<00:00, 14233.13row/s]
[11.19 00:09:52] ┇ INFO     ┇ =>  exporting:  40%|███████████████████▊                              | 870/2190 [00:00<00:00, 14308.91row/s]
[11.19 00:09:52] ┇ INFO     ┇ =>  exporting:  40%|████████████████████                              | 880/2190 [00:00<00:00, 14401.55row/s]
[11.19 00:09:52] ┇ INFO     ┇ =>  exporting:  41%|████████████████████▎                             | 890/2190 [00:00<00:00, 14459.08row/s]
[11.19 00:09:52] ┇ INFO     ┇ =>  exporting:  41%|████████████████████▌                             | 900/2190 [00:00<00:00, 14487.32row/s]
[11.19 00:09:52] ┇ INFO     ┇ =>  exporting:  42%|████████████████████▊                             | 910/2190 [00:00<00:00, 14553.39row/s]
[11.19 00:09:52] ┇ INFO     ┇ =>  exporting:  42%|█████████████████████                             | 920/2190 [00:00<00:00, 14643.25row/s]
[11.19 00:09:52] ┇ INFO     ┇ =>  exporting:  42%|█████████████████████▏                            | 930/2190 [00:00<00:00, 14724.19row/s]
[11.19 00:09:52] ┇ INFO     ┇ =>  exporting:  43%|█████████████████████▍                            | 940/2190 [00:00<00:00, 14759.61row/s]
[11.19 00:09:52] ┇ INFO     ┇ =>  exporting:  43%|█████████████████████▋                            | 950/2190 [00:00<00:00, 14807.59row/s]
[11.19 00:09:52] ┇ INFO     ┇ =>  exporting:  44%|█████████████████████▉                            | 960/2190 [00:00<00:00, 14863.26row/s]
[11.19 00:09:52] ┇ INFO     ┇ =>  exporting:  44%|██████████████████████▏                           | 970/2190 [00:00<00:00, 14880.33row/s]
[11.19 00:09:52] ┇ INFO     ┇ =>  exporting:  45%|██████████████████████▎                           | 980/2190 [00:00<00:00, 14926.73row/s]
[11.19 00:09:52] ┇ INFO     ┇ =>  exporting:  45%|██████████████████████▌                           | 990/2190 [00:00<00:00, 14951.29row/s]
[11.19 00:09:52] ┇ INFO     ┇ =>  exporting:  46%|██████████████████████▊                           | 1000/2190 [00:00<00:00, 14963.30row/s]
[11.19 00:09:52] ┇ INFO     ┇ =>  exporting:  46%|███████████████████████                           | 1010/2190 [00:00<00:00, 14994.18row/s]
[11.19 00:09:52] ┇ INFO     ┇ =>  exporting:  47%|███████████████████████▎                          | 1020/2190 [00:00<00:00, 15041.49row/s]
[11.19 00:09:52] ┇ INFO     ┇ =>  exporting:  47%|███████████████████████▌                          | 1030/2190 [00:00<00:00, 15067.17row/s]
[11.19 00:09:52] ┇ INFO     ┇ =>  exporting:  47%|███████████████████████▋                          | 1040/2190 [00:00<00:00, 15080.85row/s]
[11.19 00:09:52] ┇ INFO     ┇ =>  exporting:  48%|███████████████████████▉                          | 1050/2190 [00:00<00:00, 15110.25row/s]
[11.19 00:09:52] ┇ INFO     ┇ =>  exporting:  48%|████████████████████████▏                         | 1060/2190 [00:00<00:00, 15127.62row/s]
[11.19 00:09:52] ┇ INFO     ┇ =>  exporting:  49%|████████████████████████▍                         | 1070/2190 [00:00<00:00, 15168.76row/s]
[11.19 00:09:52] ┇ INFO     ┇ =>  exporting:  49%|████████████████████████▋                         | 1080/2190 [00:00<00:00, 15175.22row/s]
[11.19 00:09:52] ┇ INFO     ┇ =>  exporting:  50%|████████████████████████▉                         | 1090/2190 [00:00<00:00, 15207.62row/s]
[11.19 00:09:52] ┇ INFO     ┇ =>  exporting:  50%|█████████████████████████                         | 1100/2190 [00:00<00:00, 15290.58row/s]
[11.19 00:09:52] ┇ INFO     ┇ =>  exporting:  51%|█████████████████████████▎                        | 1110/2190 [00:00<00:00, 15381.11row/s]
[11.19 00:09:52] ┇ INFO     ┇ =>  exporting:  51%|█████████████████████████▌                        | 1120/2190 [00:00<00:00, 15452.34row/s]
[11.19 00:09:52] ┇ INFO     ┇ =>  exporting:  52%|█████████████████████████▊                        | 1130/2190 [00:00<00:00, 15501.79row/s]
[11.19 00:09:52] ┇ INFO     ┇ =>  exporting:  52%|██████████████████████████                        | 1140/2190 [00:00<00:00, 15543.95row/s]
[11.19 00:09:52] ┇ INFO     ┇ =>  exporting:  53%|██████████████████████████▎                       | 1150/2190 [00:00<00:00, 15584.65row/s]
[11.19 00:09:52] ┇ INFO     ┇ =>  exporting:  53%|██████████████████████████▍                       | 1160/2190 [00:00<00:00, 15604.51row/s]
[11.19 00:09:52] ┇ INFO     ┇ =>  exporting:  53%|██████████████████████████▋                       | 1170/2190 [00:00<00:00, 15661.08row/s]
[11.19 00:09:52] ┇ INFO     ┇ =>  exporting:  54%|██████████████████████████▉                       | 1180/2190 [00:00<00:00, 15695.11row/s]
[11.19 00:09:52] ┇ INFO     ┇ =>  exporting:  54%|███████████████████████████▏                      | 1190/2190 [00:00<00:00, 15736.05row/s]
[11.19 00:09:52] ┇ INFO     ┇ =>  exporting:  55%|███████████████████████████▍                      | 1200/2190 [00:00<00:00, 15754.93row/s]
[11.19 00:09:52] ┇ INFO     ┇ =>  exporting:  55%|███████████████████████████▋                      | 1210/2190 [00:00<00:00, 15771.00row/s]
[11.19 00:09:52] ┇ INFO     ┇ =>  exporting:  56%|███████████████████████████▊                      | 1220/2190 [00:00<00:00, 15818.66row/s]
[11.19 00:09:52] ┇ INFO     ┇ =>  exporting:  56%|████████████████████████████                      | 1230/2190 [00:00<00:00, 15875.59row/s]
[11.19 00:09:52] ┇ INFO     ┇ =>  exporting:  57%|████████████████████████████▎                     | 1240/2190 [00:00<00:00, 15908.12row/s]
[11.19 00:09:52] ┇ INFO     ┇ =>  exporting:  57%|████████████████████████████▌                     | 1250/2190 [00:00<00:00, 15933.29row/s]
[11.19 00:09:52] ┇ INFO     ┇ =>  exporting:  58%|████████████████████████████▊                     | 1260/2190 [00:00<00:00, 15959.77row/s]
[11.19 00:09:52] ┇ INFO     ┇ =>  exporting:  58%|████████████████████████████▉                     | 1270/2190 [00:00<00:00, 16021.41row/s]
[11.19 00:09:52] ┇ INFO     ┇ =>  exporting:  58%|█████████████████████████████▏                    | 1280/2190 [00:00<00:00, 16046.02row/s]
[11.19 00:09:52] ┇ INFO     ┇ =>  exporting:  59%|█████████████████████████████▍                    | 1290/2190 [00:00<00:00, 16093.07row/s]
[11.19 00:09:52] ┇ INFO     ┇ =>  exporting:  59%|█████████████████████████████▋                    | 1300/2190 [00:00<00:00, 16133.90row/s]
[11.19 00:09:52] ┇ INFO     ┇ =>  exporting:  60%|█████████████████████████████▉                    | 1310/2190 [00:00<00:00, 16171.92row/s]
[11.19 00:09:52] ┇ INFO     ┇ =>  exporting:  60%|██████████████████████████████▏                   | 1320/2190 [00:00<00:00, 16202.04row/s]
[11.19 00:09:52] ┇ INFO     ┇ =>  exporting:  61%|██████████████████████████████▎                   | 1330/2190 [00:00<00:00, 16251.12row/s]
[11.19 00:09:52] ┇ INFO     ┇ =>  exporting:  61%|██████████████████████████████▌                   | 1340/2190 [00:00<00:00, 16318.45row/s]
[11.19 00:09:52] ┇ INFO     ┇ =>  exporting:  62%|██████████████████████████████▊                   | 1350/2190 [00:00<00:00, 16376.56row/s]
[11.19 00:09:52] ┇ INFO     ┇ =>  exporting:  62%|███████████████████████████████                   | 1360/2190 [00:00<00:00, 16415.68row/s]
[11.19 00:09:52] ┇ INFO     ┇ =>  exporting:  63%|███████████████████████████████▎                  | 1370/2190 [00:00<00:00, 16432.59row/s]
[11.19 00:09:52] ┇ INFO     ┇ =>  exporting:  63%|███████████████████████████████▌                  | 1380/2190 [00:00<00:00, 16406.76row/s]
[11.19 00:09:52] ┇ INFO     ┇ =>  exporting:  63%|███████████████████████████████▋                  | 1390/2190 [00:00<00:00, 16435.08row/s]
[11.19 00:09:52] ┇ INFO     ┇ =>  exporting:  64%|███████████████████████████████▉                  | 1400/2190 [00:00<00:00, 16450.00row/s]
[11.19 00:09:52] ┇ INFO     ┇ =>  exporting:  64%|████████████████████████████████▏                 | 1410/2190 [00:00<00:00, 16474.46row/s]
[11.19 00:09:52] ┇ INFO     ┇ =>  exporting:  65%|████████████████████████████████▍                 | 1420/2190 [00:00<00:00, 16536.44row/s]
[11.19 00:09:52] ┇ INFO     ┇ =>  exporting:  65%|████████████████████████████████▋                 | 1430/2190 [00:00<00:00, 16594.65row/s]
[11.19 00:09:52] ┇ INFO     ┇ =>  exporting:  66%|████████████████████████████████▉                 | 1440/2190 [00:00<00:00, 16659.31row/s]
[11.19 00:09:52] ┇ INFO     ┇ =>  exporting:  66%|█████████████████████████████████                 | 1450/2190 [00:00<00:00, 16718.74row/s]
[11.19 00:09:52] ┇ INFO     ┇ =>  exporting:  67%|█████████████████████████████████▎                | 1460/2190 [00:00<00:00, 16767.66row/s]
[11.19 00:09:52] ┇ INFO     ┇ =>  exporting:  67%|█████████████████████████████████▌                | 1470/2190 [00:00<00:00, 16816.84row/s]
[11.19 00:09:52] ┇ INFO     ┇ =>  exporting:  68%|█████████████████████████████████▊                | 1480/2190 [00:00<00:00, 16900.91row/s]
[11.19 00:09:52] ┇ INFO     ┇ =>  exporting:  68%|██████████████████████████████████                | 1490/2190 [00:00<00:00, 16982.74row/s]
[11.19 00:09:52] ┇ INFO     ┇ =>  exporting:  68%|██████████████████████████████████▏               | 1500/2190 [00:00<00:00, 17013.22row/s]
[11.19 00:09:52] ┇ INFO     ┇ =>  exporting:  69%|██████████████████████████████████▍               | 1510/2190 [00:00<00:00, 17066.83row/s]
[11.19 00:09:52] ┇ INFO     ┇ =>  exporting:  69%|██████████████████████████████████▋               | 1520/2190 [00:00<00:00, 17103.72row/s]
[11.19 00:09:52] ┇ INFO     ┇ =>  exporting:  70%|██████████████████████████████████▉               | 1530/2190 [00:00<00:00, 17147.33row/s]
[11.19 00:09:52] ┇ INFO     ┇ =>  exporting:  70%|███████████████████████████████████▏              | 1540/2190 [00:00<00:00, 17208.32row/s]
[11.19 00:09:52] ┇ INFO     ┇ =>  exporting:  71%|███████████████████████████████████▍              | 1550/2190 [00:00<00:00, 17285.66row/s]
[11.19 00:09:52] ┇ INFO     ┇ =>  exporting:  71%|███████████████████████████████████▌              | 1560/2190 [00:00<00:00, 17355.28row/s]
[11.19 00:09:52] ┇ INFO     ┇ =>  exporting:  72%|███████████████████████████████████▊              | 1570/2190 [00:00<00:00, 17419.13row/s]
[11.19 00:09:52] ┇ INFO     ┇ =>  exporting:  72%|████████████████████████████████████              | 1580/2190 [00:00<00:00, 17499.57row/s]
[11.19 00:09:52] ┇ INFO     ┇ =>  exporting:  73%|████████████████████████████████████▎             | 1590/2190 [00:00<00:00, 17565.89row/s]
[11.19 00:09:52] ┇ INFO     ┇ =>  exporting:  73%|████████████████████████████████████▌             | 1600/2190 [00:00<00:00, 17639.43row/s]
[11.19 00:09:52] ┇ INFO     ┇ =>  exporting:  74%|████████████████████████████████████▊             | 1610/2190 [00:00<00:00, 17707.46row/s]
[11.19 00:09:52] ┇ INFO     ┇ =>  exporting:  74%|████████████████████████████████████▉             | 1620/2190 [00:00<00:00, 17780.99row/s]
[11.19 00:09:52] ┇ INFO     ┇ =>  exporting:  74%|█████████████████████████████████████▏            | 1630/2190 [00:00<00:00, 17856.54row/s]
[11.19 00:09:52] ┇ INFO     ┇ =>  exporting:  75%|█████████████████████████████████████▍            | 1640/2190 [00:00<00:00, 17915.69row/s]
[11.19 00:09:52] ┇ INFO     ┇ =>  exporting:  75%|█████████████████████████████████████▋            | 1650/2190 [00:00<00:00, 17983.11row/s]
[11.19 00:09:52] ┇ INFO     ┇ =>  exporting:  76%|█████████████████████████████████████▉            | 1660/2190 [00:00<00:00, 18047.97row/s]
[11.19 00:09:52] ┇ INFO     ┇ =>  exporting:  76%|██████████████████████████████████████▏           | 1670/2190 [00:00<00:00, 18117.85row/s]
[11.19 00:09:52] ┇ INFO     ┇ =>  exporting:  77%|██████████████████████████████████████▎           | 1680/2190 [00:00<00:00, 18180.40row/s]
[11.19 00:09:52] ┇ INFO     ┇ =>  exporting:  77%|██████████████████████████████████████▌           | 1690/2190 [00:00<00:00, 18236.90row/s]
[11.19 00:09:52] ┇ INFO     ┇ =>  exporting:  78%|██████████████████████████████████████▊           | 1700/2190 [00:00<00:00, 18288.91row/s]
[11.19 00:09:52] ┇ INFO     ┇ =>  exporting:  78%|███████████████████████████████████████           | 1710/2190 [00:00<00:00, 18350.51row/s]
[11.19 00:09:52] ┇ INFO     ┇ =>  exporting:  79%|███████████████████████████████████████▎          | 1720/2190 [00:00<00:00, 18393.91row/s]
[11.19 00:09:52] ┇ INFO     ┇ =>  exporting:  79%|███████████████████████████████████████▍          | 1730/2190 [00:00<00:00, 18431.40row/s]
[11.19 00:09:52] ┇ INFO     ┇ =>  exporting:  79%|███████████████████████████████████████▋          | 1740/2190 [00:00<00:00, 18498.04row/s]
[11.19 00:09:52] ┇ INFO     ┇ =>  exporting:  80%|███████████████████████████████████████▉          | 1750/2190 [00:00<00:00, 18557.32row/s]
[11.19 00:09:52] ┇ INFO     ┇ =>  exporting:  80%|████████████████████████████████████████▏         | 1760/2190 [00:00<00:00, 18613.67row/s]
[11.19 00:09:52] ┇ INFO     ┇ =>  exporting:  81%|████████████████████████████████████████▍         | 1770/2190 [00:00<00:00, 18669.10row/s]
[11.19 00:09:52] ┇ INFO     ┇ =>  exporting:  81%|████████████████████████████████████████▋         | 1780/2190 [00:00<00:00, 18731.71row/s]
[11.19 00:09:52] ┇ INFO     ┇ =>  exporting:  82%|████████████████████████████████████████▊         | 1790/2190 [00:00<00:00, 18776.32row/s]
[11.19 00:09:52] ┇ INFO     ┇ =>  exporting:  82%|█████████████████████████████████████████         | 1800/2190 [00:00<00:00, 18831.15row/s]
[11.19 00:09:52] ┇ INFO     ┇ =>  exporting:  83%|█████████████████████████████████████████▎        | 1810/2190 [00:00<00:00, 18889.74row/s]
[11.19 00:09:52] ┇ INFO     ┇ =>  exporting:  83%|█████████████████████████████████████████▌        | 1820/2190 [00:00<00:00, 18957.73row/s]
[11.19 00:09:52] ┇ INFO     ┇ =>  exporting:  84%|█████████████████████████████████████████▊        | 1830/2190 [00:00<00:00, 19013.59row/s]
[11.19 00:09:52] ┇ INFO     ┇ =>  exporting:  84%|██████████████████████████████████████████        | 1840/2190 [00:00<00:00, 19062.57row/s]
[11.19 00:09:52] ┇ INFO     ┇ =>  exporting:  84%|██████████████████████████████████████████▏       | 1850/2190 [00:00<00:00, 19109.01row/s]
[11.19 00:09:52] ┇ INFO     ┇ =>  exporting:  85%|██████████████████████████████████████████▍       | 1860/2190 [00:00<00:00, 19167.13row/s]
[11.19 00:09:52] ┇ INFO     ┇ =>  exporting:  85%|██████████████████████████████████████████▋       | 1870/2190 [00:00<00:00, 19225.83row/s]
[11.19 00:09:52] ┇ INFO     ┇ =>  exporting:  86%|██████████████████████████████████████████▉       | 1880/2190 [00:00<00:00, 19277.84row/s]
[11.19 00:09:52] ┇ INFO     ┇ =>  exporting:  86%|███████████████████████████████████████████▏      | 1890/2190 [00:00<00:00, 19324.58row/s]
[11.19 00:09:52] ┇ INFO     ┇ =>  exporting:  87%|███████████████████████████████████████████▍      | 1900/2190 [00:00<00:00, 19389.73row/s]
[11.19 00:09:52] ┇ INFO     ┇ =>  exporting:  87%|███████████████████████████████████████████▌      | 1910/2190 [00:00<00:00, 19449.85row/s]
[11.19 00:09:52] ┇ INFO     ┇ =>  exporting:  88%|███████████████████████████████████████████▊      | 1920/2190 [00:00<00:00, 19512.22row/s]
[11.19 00:09:52] ┇ INFO     ┇ =>  exporting:  88%|████████████████████████████████████████████      | 1930/2190 [00:00<00:00, 19577.04row/s]
[11.19 00:09:52] ┇ INFO     ┇ =>  exporting:  89%|████████████████████████████████████████████▎     | 1940/2190 [00:00<00:00, 19631.66row/s]
[11.19 00:09:52] ┇ INFO     ┇ =>  exporting:  89%|████████████████████████████████████████████▌     | 1950/2190 [00:00<00:00, 19684.41row/s]
[11.19 00:09:52] ┇ INFO     ┇ =>  exporting:  89%|████████████████████████████████████████████▋     | 1960/2190 [00:00<00:00, 19717.54row/s]
[11.19 00:09:52] ┇ INFO     ┇ =>  exporting:  90%|████████████████████████████████████████████▉     | 1970/2190 [00:00<00:00, 19749.55row/s]
[11.19 00:09:52] ┇ INFO     ┇ =>  exporting:  90%|█████████████████████████████████████████████▏    | 1980/2190 [00:00<00:00, 19794.87row/s]
[11.19 00:09:52] ┇ INFO     ┇ =>  exporting:  91%|█████████████████████████████████████████████▍    | 1990/2190 [00:00<00:00, 19798.08row/s]
[11.19 00:09:52] ┇ INFO     ┇ =>  exporting:  91%|█████████████████████████████████████████████▋    | 2000/2190 [00:00<00:00, 19798.08row/s]
[11.19 00:09:52] ┇ INFO     ┇ =>  exporting:  92%|█████████████████████████████████████████████▉    | 2010/2190 [00:00<00:00, 19798.08row/s]
[11.19 00:09:52] ┇ INFO     ┇ =>  exporting:  92%|██████████████████████████████████████████████    | 2020/2190 [00:00<00:00, 19798.08row/s]
[11.19 00:09:52] ┇ INFO     ┇ =>  exporting:  93%|██████████████████████████████████████████████▎   | 2030/2190 [00:00<00:00, 19798.08row/s]
[11.19 00:09:52] ┇ INFO     ┇ =>  exporting:  93%|██████████████████████████████████████████████▌   | 2040/2190 [00:00<00:00, 19798.08row/s]
[11.19 00:09:52] ┇ INFO     ┇ =>  exporting:  94%|██████████████████████████████████████████████▊   | 2050/2190 [00:00<00:00, 19798.08row/s]
[11.19 00:09:52] ┇ INFO     ┇ =>  exporting:  94%|███████████████████████████████████████████████   | 2060/2190 [00:00<00:00, 19798.08row/s]
[11.19 00:09:52] ┇ INFO     ┇ =>  exporting:  95%|███████████████████████████████████████████████▎  | 2070/2190 [00:00<00:00, 19798.08row/s]
[11.19 00:09:52] ┇ INFO     ┇ =>  exporting:  95%|███████████████████████████████████████████████▍  | 2080/2190 [00:00<00:00, 19798.08row/s]
[11.19 00:09:52] ┇ INFO     ┇ =>  exporting:  95%|███████████████████████████████████████████████▋  | 2090/2190 [00:00<00:00, 19798.08row/s]
[11.19 00:09:52] ┇ INFO     ┇ =>  exporting:  96%|███████████████████████████████████████████████▉  | 2100/2190 [00:00<00:00, 19798.08row/s]
[11.19 00:09:52] ┇ INFO     ┇ =>  exporting:  96%|████████████████████████████████████████████████▏ | 2110/2190 [00:00<00:00, 19798.08row/s]
[11.19 00:09:52] ┇ INFO     ┇ =>  exporting:  97%|████████████████████████████████████████████████▍ | 2120/2190 [00:00<00:00, 19798.08row/s]
[11.19 00:09:52] ┇ INFO     ┇ =>  exporting:  97%|████████████████████████████████████████████████▋ | 2130/2190 [00:00<00:00, 19798.08row/s]
[11.19 00:09:52] ┇ INFO     ┇ =>  exporting:  98%|████████████████████████████████████████████████▊ | 2140/2190 [00:00<00:00, 19798.08row/s]
[11.19 00:09:52] ┇ INFO     ┇ =>  exporting:  98%|█████████████████████████████████████████████████ | 2150/2190 [00:00<00:00, 19798.08row/s]
[11.19 00:09:52] ┇ INFO     ┇ =>  exporting:  99%|█████████████████████████████████████████████████▎| 2160/2190 [00:00<00:00, 19798.08row/s]
[11.19 00:09:52] ┇ INFO     ┇ =>  exporting:  99%|█████████████████████████████████████████████████▌| 2170/2190 [00:00<00:00, 19798.08row/s]
[11.19 00:09:52] ┇ INFO     ┇ =>  exporting: 100%|█████████████████████████████████████████████████▊| 2180/2190 [00:00<00:00, 19798.08row/s]
[11.19 00:09:52] ┇ INFO     ┇ =>  exporting: 100%|██████████████████████████████████████████████████| 2190/2190 [00:00<00:00, 19798.08row/s]
[11.19 00:09:52] ┇ INFO     ┇ Export 2190/2190 rows to [output/GNER/convert/test-data-1118.233448.jsonl]
[11.19 00:09:52] ┇ INFO     ┇ =========================================================================================================================================
[11.19 00:09:52] ┇ INFO     ┇ [EXIT] python /home/chris/proj/chrisdata2/src/chrisdata/cli.py ner convert-gner --input-file-path input/GNER/zero-shot-test.jsonl --output-table-name inst_tuning_base-from-test --output-file-path output/GNER/convert/test-data.jsonl --get-entity-texts-fn from_test ($=00:35:02.925)
[11.19 00:09:52] ┇ INFO     ┇ =========================================================================================================================================
