/home/chris/miniforge3/envs/chrisdata/bin/python -m chrisdata.cli ner convert
[11.16 13:09:21] ┇ INFO     ┇ =========================================================================================================================================
[11.16 13:09:21] ┇ INFO     ┇ [INIT] python /home/chris/proj/chrisdata2/src/chrisdata/cli.py ner convert
[11.16 13:09:21] ┇ INFO     ┇ =========================================================================================================================================
[11.16 13:09:21] ┇ INFO     ┇ -----+-----------------------------+--------------------------------------------------
[11.16 13:09:21] ┇ INFO     ┇    # | IOArguments                 | value
[11.16 13:09:21] ┇ INFO     ┇ -----+-----------------------------+--------------------------------------------------
[11.16 13:09:21] ┇ INFO     ┇    1 | tag                         |
[11.16 13:09:21] ┇ INFO     ┇    2 | env.project                 | chrisdata
[11.16 13:09:21] ┇ INFO     ┇    3 | env.job_name                | convert_wikidata
[11.16 13:09:21] ┇ INFO     ┇    4 | env.job_version             |
[11.16 13:09:21] ┇ INFO     ┇    5 | env.hostname                | chris36
[11.16 13:09:21] ┇ INFO     ┇    6 | env.hostaddr                | 129.254.181.36
[11.16 13:09:21] ┇ INFO     ┇    7 | env.time_stamp              | 1116.130920
[11.16 13:09:21] ┇ INFO     ┇    8 | env.python_path             | /home/chris/miniforge3/envs/chrisdata/bin/python
[11.16 13:09:21] ┇ INFO     ┇    9 | env.current_dir             | /mnt/dat/proj/chrisdata2
[11.16 13:09:21] ┇ INFO     ┇   10 | env.current_file            | /home/chris/proj/chrisdata2/src/chrisdata/cli.py
[11.16 13:09:21] ┇ INFO     ┇   11 | env.working_dir             | /mnt/dat/proj/chrisdata2
[11.16 13:09:21] ┇ INFO     ┇   12 | env.command_args            | ['ner', 'convert']
[11.16 13:09:21] ┇ INFO     ┇   13 | env.num_ip_addrs            | 41
[11.16 13:09:21] ┇ INFO     ┇   14 | env.max_workers             | 12
[11.16 13:09:21] ┇ INFO     ┇   15 | env.calling_sec             | 0.001
[11.16 13:09:21] ┇ INFO     ┇   16 | env.waiting_sec             | 300.0
[11.16 13:09:21] ┇ INFO     ┇   17 | env.debugging               | False
[11.16 13:09:21] ┇ INFO     ┇   18 | env.logging_home            | /mnt/dat/proj/chrisdata2/output/wikidata/convert
[11.16 13:09:21] ┇ INFO     ┇   19 | env.logging_file            | logging-1116.130920.out
[11.16 13:09:21] ┇ INFO     ┇   20 | env.argument_file           |
[11.16 13:09:21] ┇ INFO     ┇   21 | env.date_format             | [%m.%d %H:%M:%S]
[11.16 13:09:21] ┇ INFO     ┇   22 | env.message_level           | 20
[11.16 13:09:21] ┇ INFO     ┇   23 | env.message_format          | %(asctime)s ┇ %(levelname)-8s ┇ %(message)s
[11.16 13:09:21] ┇ INFO     ┇   24 | time.started                | [11.16 13:09:21]
[11.16 13:09:21] ┇ INFO     ┇   25 | time.settled                |
[11.16 13:09:21] ┇ INFO     ┇   26 | time.elapsed                |
[11.16 13:09:21] ┇ INFO     ┇   27 | input.start                 | 0.0
[11.16 13:09:21] ┇ INFO     ┇   28 | input.limit                 | -1.0
[11.16 13:09:21] ┇ INFO     ┇   29 | input.batch                 | 10.0
[11.16 13:09:21] ┇ INFO     ┇   30 | input.inter                 | 1.0
[11.16 13:09:21] ┇ INFO     ┇   31 | input.data                  | nan
[11.16 13:09:21] ┇ INFO     ┇   32 | input.file.name             | zero-shot-test.jsonl
[11.16 13:09:21] ┇ INFO     ┇   33 | input.file.home             | input/GNER
[11.16 13:09:21] ┇ INFO     ┇   34 | input.file.user             |
[11.16 13:09:21] ┇ INFO     ┇   35 | input.file.pswd             |
[11.16 13:09:21] ┇ INFO     ┇   36 | input.file.reset            | False
[11.16 13:09:21] ┇ INFO     ┇   37 | input.file.required         | True
[11.16 13:09:21] ┇ INFO     ┇   38 | input.file.mode             | rb
[11.16 13:09:21] ┇ INFO     ┇   39 | input.file.encoding         | utf-8
[11.16 13:09:21] ┇ INFO     ┇   40 | output.file.name            | zero-shot-test-conv-1116.130920.jsonl
[11.16 13:09:21] ┇ INFO     ┇   41 | output.file.home            | output/GNER
[11.16 13:09:21] ┇ INFO     ┇   42 | output.file.user            |
[11.16 13:09:21] ┇ INFO     ┇   43 | output.file.pswd            |
[11.16 13:09:21] ┇ INFO     ┇   44 | output.file.reset           | False
[11.16 13:09:21] ┇ INFO     ┇   45 | output.file.required        | True
[11.16 13:09:21] ┇ INFO     ┇   46 | output.file.mode            | w
[11.16 13:09:21] ┇ INFO     ┇   47 | output.file.encoding        | utf-8
[11.16 13:09:21] ┇ INFO     ┇   48 | output.table.name           | GNER_tuning_source
[11.16 13:09:21] ┇ INFO     ┇   49 | output.table.home           | localhost:8800/ner
[11.16 13:09:21] ┇ INFO     ┇   50 | output.table.user           |
[11.16 13:09:21] ┇ INFO     ┇   51 | output.table.pswd           |
[11.16 13:09:21] ┇ INFO     ┇   52 | output.table.reset          | False
[11.16 13:09:21] ┇ INFO     ┇   53 | output.table.required       | True
[11.16 13:09:21] ┇ INFO     ┇   54 | output.table.sort           | _id
[11.16 13:09:21] ┇ INFO     ┇   55 | output.table.find           | {}
[11.16 13:09:21] ┇ INFO     ┇   56 | output.table.timeout        | 30000
[11.16 13:09:21] ┇ INFO     ┇   57 | option.min_entity_freq      | 2
[11.16 13:09:21] ┇ INFO     ┇   58 | option.min_entity_chars     | 3
[11.16 13:09:21] ┇ INFO     ┇   59 | option.min_entity_links     | 3
[11.16 13:09:21] ┇ INFO     ┇   60 | option.max_entity_targets   | 5000
[11.16 13:09:21] ┇ INFO     ┇   61 | option.max_search_candidate | 5
[11.16 13:09:21] ┇ INFO     ┇   62 | option.max_targets_per_page | 3
[11.16 13:09:21] ┇ INFO     ┇ -----+-----------------------------+--------------------------------------------------
[11.16 13:09:21] ┇ INFO     ┇ Number of entities in entity_freq: 2280
[11.16 13:09:21] ┇ INFO     ┇ Number of entities in entity_list: 2280
[11.16 13:09:21] ┇ INFO     ┇ => converting:   0%|▏                                                 | 1/228 [00:00<00:01, 210.92item/s]
[11.16 13:09:21] ┇ INFO     ┇ => converting:   1%|▍                                                 | 2/228 [00:00<00:00, 233.77item/s]
[11.16 13:09:21] ┇ INFO     ┇ => converting:   1%|▋                                                 | 3/228 [00:00<00:00, 242.93item/s]
[11.16 13:09:21] ┇ INFO     ┇ => converting:   2%|▉                                                 | 4/228 [00:00<00:00, 245.61item/s]
[11.16 13:09:21] ┇ INFO     ┇ => converting:   2%|█                                                 | 5/228 [00:00<00:00, 249.45item/s]
[11.16 13:09:21] ┇ INFO     ┇ => converting:   3%|█▎                                                | 6/228 [00:00<00:00, 249.92item/s]
[11.16 13:09:21] ┇ INFO     ┇ => converting:   3%|█▌                                                | 7/228 [00:00<00:00, 249.74item/s]
[11.16 13:09:21] ┇ INFO     ┇ => converting:   4%|█▊                                                | 8/228 [00:00<00:00, 250.25item/s]
[11.16 13:09:21] ┇ INFO     ┇ => converting:   4%|█▉                                                | 9/228 [00:00<00:00, 251.98item/s]
[11.16 13:09:21] ┇ INFO     ┇ => converting:   4%|██▏                                               | 10/228 [00:00<00:00, 252.21item/s]
[11.16 13:09:21] ┇ INFO     ┇ => converting:   5%|██▍                                               | 11/228 [00:00<00:00, 252.35item/s]
[11.16 13:09:21] ┇ INFO     ┇ => converting:   5%|██▋                                               | 12/228 [00:00<00:00, 252.00item/s]
[11.16 13:09:21] ┇ INFO     ┇ => converting:   6%|██▊                                               | 13/228 [00:00<00:00, 253.11item/s]
[11.16 13:09:21] ┇ INFO     ┇ => converting:   6%|███                                               | 14/228 [00:00<00:00, 252.57item/s]
[11.16 13:09:21] ┇ INFO     ┇ => converting:   7%|███▎                                              | 15/228 [00:00<00:00, 251.95item/s]
[11.16 13:09:21] ┇ INFO     ┇ => converting:   7%|███▌                                              | 16/228 [00:00<00:00, 247.35item/s]
[11.16 13:09:21] ┇ INFO     ┇ => converting:   7%|███▋                                              | 17/228 [00:00<00:00, 248.45item/s]
[11.16 13:09:21] ┇ INFO     ┇ => converting:   8%|███▉                                              | 18/228 [00:00<00:00, 251.65item/s]
[11.16 13:09:21] ┇ INFO     ┇ => converting:   8%|████▏                                             | 19/228 [00:00<00:00, 252.27item/s]
[11.16 13:09:21] ┇ INFO     ┇ => converting:   9%|████▍                                             | 20/228 [00:00<00:00, 252.68item/s]
[11.16 13:09:21] ┇ INFO     ┇ => converting:   9%|████▌                                             | 21/228 [00:00<00:00, 252.72item/s]
[11.16 13:09:21] ┇ INFO     ┇ => converting:  10%|████▊                                             | 22/228 [00:00<00:00, 252.96item/s]
[11.16 13:09:21] ┇ INFO     ┇ => converting:  10%|█████                                             | 23/228 [00:00<00:00, 253.20item/s]
[11.16 13:09:21] ┇ INFO     ┇ => converting:  11%|█████▎                                            | 24/228 [00:00<00:00, 253.45item/s]
[11.16 13:09:21] ┇ INFO     ┇ => converting:  11%|█████▍                                            | 25/228 [00:00<00:00, 254.79item/s]
[11.16 13:09:21] ┇ INFO     ┇ => converting:  11%|█████▋                                            | 26/228 [00:00<00:00, 255.41item/s]
[11.16 13:09:21] ┇ INFO     ┇ => converting:  12%|█████▉                                            | 27/228 [00:00<00:00, 255.41item/s]
[11.16 13:09:21] ┇ INFO     ┇ => converting:  12%|██████▏                                           | 28/228 [00:00<00:00, 255.41item/s]
[11.16 13:09:21] ┇ INFO     ┇ => converting:  13%|██████▎                                           | 29/228 [00:00<00:00, 255.41item/s]
[11.16 13:09:21] ┇ INFO     ┇ => converting:  13%|██████▌                                           | 30/228 [00:00<00:00, 255.41item/s]
[11.16 13:09:21] ┇ INFO     ┇ => converting:  14%|██████▊                                           | 31/228 [00:00<00:00, 255.41item/s]
[11.16 13:09:21] ┇ INFO     ┇ => converting:  14%|███████                                           | 32/228 [00:00<00:00, 255.41item/s]
[11.16 13:09:21] ┇ INFO     ┇ => converting:  14%|███████▏                                          | 33/228 [00:00<00:00, 255.41item/s]
[11.16 13:09:21] ┇ INFO     ┇ => converting:  15%|███████▍                                          | 34/228 [00:00<00:00, 255.41item/s]
[11.16 13:09:21] ┇ INFO     ┇ => converting:  15%|███████▋                                          | 35/228 [00:00<00:00, 255.41item/s]
[11.16 13:09:21] ┇ INFO     ┇ => converting:  16%|███████▉                                          | 36/228 [00:00<00:00, 255.41item/s]
[11.16 13:09:21] ┇ INFO     ┇ => converting:  16%|████████                                          | 37/228 [00:00<00:00, 255.41item/s]
[11.16 13:09:21] ┇ INFO     ┇ => converting:  17%|████████▎                                         | 38/228 [00:00<00:00, 255.41item/s]
[11.16 13:09:21] ┇ INFO     ┇ => converting:  17%|████████▌                                         | 39/228 [00:00<00:00, 255.41item/s]
[11.16 13:09:21] ┇ INFO     ┇ => converting:  18%|████████▊                                         | 40/228 [00:00<00:00, 255.41item/s]
[11.16 13:09:21] ┇ INFO     ┇ => converting:  18%|████████▉                                         | 41/228 [00:00<00:00, 255.41item/s]
[11.16 13:09:21] ┇ INFO     ┇ => converting:  18%|█████████▏                                        | 42/228 [00:00<00:00, 255.41item/s]
[11.16 13:09:21] ┇ INFO     ┇ => converting:  19%|█████████▍                                        | 43/228 [00:00<00:00, 255.41item/s]
[11.16 13:09:21] ┇ INFO     ┇ => converting:  19%|█████████▋                                        | 44/228 [00:00<00:00, 255.41item/s]
[11.16 13:09:21] ┇ INFO     ┇ => converting:  20%|█████████▊                                        | 45/228 [00:00<00:00, 255.41item/s]
[11.16 13:09:21] ┇ INFO     ┇ => converting:  20%|██████████                                        | 46/228 [00:00<00:00, 255.41item/s]
[11.16 13:09:22] ┇ INFO     ┇ => converting:  21%|██████████▎                                       | 47/228 [00:00<00:00, 255.41item/s]
[11.16 13:09:22] ┇ INFO     ┇ => converting:  21%|██████████▌                                       | 48/228 [00:00<00:00, 255.41item/s]
[11.16 13:09:22] ┇ INFO     ┇ => converting:  21%|██████████▋                                       | 49/228 [00:00<00:00, 255.41item/s]
[11.16 13:09:22] ┇ INFO     ┇ => converting:  22%|██████████▉                                       | 50/228 [00:00<00:00, 255.41item/s]
[11.16 13:09:22] ┇ INFO     ┇ => converting:  22%|███████████▏                                      | 51/228 [00:00<00:00, 255.41item/s]
[11.16 13:09:22] ┇ INFO     ┇ => converting:  23%|███████████▍                                      | 52/228 [00:00<00:00, 257.68item/s]
[11.16 13:09:22] ┇ INFO     ┇ => converting:  23%|███████████▌                                      | 53/228 [00:00<00:00, 257.68item/s]
[11.16 13:09:22] ┇ INFO     ┇ => converting:  24%|███████████▊                                      | 54/228 [00:00<00:00, 257.68item/s]
[11.16 13:09:22] ┇ INFO     ┇ => converting:  24%|████████████                                      | 55/228 [00:00<00:00, 257.68item/s]
[11.16 13:09:22] ┇ INFO     ┇ => converting:  25%|████████████▎                                     | 56/228 [00:00<00:00, 257.68item/s]
[11.16 13:09:22] ┇ INFO     ┇ => converting:  25%|████████████▌                                     | 57/228 [00:00<00:00, 257.68item/s]
[11.16 13:09:22] ┇ INFO     ┇ => converting:  25%|████████████▋                                     | 58/228 [00:00<00:00, 257.68item/s]
[11.16 13:09:22] ┇ INFO     ┇ => converting:  26%|████████████▉                                     | 59/228 [00:00<00:00, 257.68item/s]
[11.16 13:09:22] ┇ INFO     ┇ => converting:  26%|█████████████▏                                    | 60/228 [00:00<00:00, 257.68item/s]
[11.16 13:09:22] ┇ INFO     ┇ => converting:  27%|█████████████▍                                    | 61/228 [00:00<00:00, 257.68item/s]
[11.16 13:09:22] ┇ INFO     ┇ => converting:  27%|█████████████▌                                    | 62/228 [00:00<00:00, 257.68item/s]
[11.16 13:09:22] ┇ INFO     ┇ => converting:  28%|█████████████▊                                    | 63/228 [00:00<00:00, 257.68item/s]
[11.16 13:09:22] ┇ INFO     ┇ => converting:  28%|██████████████                                    | 64/228 [00:00<00:00, 257.68item/s]
[11.16 13:09:22] ┇ INFO     ┇ => converting:  29%|██████████████▎                                   | 65/228 [00:00<00:00, 257.68item/s]
[11.16 13:09:22] ┇ INFO     ┇ => converting:  29%|██████████████▍                                   | 66/228 [00:00<00:00, 257.68item/s]
[11.16 13:09:22] ┇ INFO     ┇ => converting:  29%|██████████████▋                                   | 67/228 [00:00<00:00, 257.68item/s]
[11.16 13:09:22] ┇ INFO     ┇ => converting:  30%|██████████████▉                                   | 68/228 [00:00<00:00, 257.68item/s]
[11.16 13:09:22] ┇ INFO     ┇ => converting:  30%|███████████████▏                                  | 69/228 [00:00<00:00, 257.68item/s]
[11.16 13:09:22] ┇ INFO     ┇ => converting:  31%|███████████████▎                                  | 70/228 [00:00<00:00, 257.68item/s]
[11.16 13:09:22] ┇ INFO     ┇ => converting:  31%|███████████████▌                                  | 71/228 [00:00<00:00, 257.68item/s]
[11.16 13:09:22] ┇ INFO     ┇ => converting:  32%|███████████████▊                                  | 72/228 [00:00<00:00, 257.68item/s]
[11.16 13:09:22] ┇ INFO     ┇ => converting:  32%|████████████████                                  | 73/228 [00:00<00:00, 257.68item/s]
[11.16 13:09:22] ┇ INFO     ┇ => converting:  32%|████████████████▏                                 | 74/228 [00:00<00:00, 257.68item/s]
[11.16 13:09:22] ┇ INFO     ┇ => converting:  33%|████████████████▍                                 | 75/228 [00:00<00:00, 257.68item/s]
[11.16 13:09:22] ┇ INFO     ┇ => converting:  33%|████████████████▋                                 | 76/228 [00:00<00:00, 257.68item/s]
[11.16 13:09:22] ┇ INFO     ┇ => converting:  34%|████████████████▉                                 | 77/228 [00:00<00:00, 257.68item/s]
[11.16 13:09:22] ┇ INFO     ┇ => converting:  34%|█████████████████                                 | 78/228 [00:00<00:00, 257.68item/s]
[11.16 13:09:22] ┇ INFO     ┇ => converting:  35%|█████████████████▎                                | 79/228 [00:00<00:00, 257.68item/s]
[11.16 13:09:22] ┇ INFO     ┇ => converting:  35%|█████████████████▌                                | 80/228 [00:00<00:00, 257.68item/s]
[11.16 13:09:22] ┇ INFO     ┇ => converting:  36%|█████████████████▊                                | 81/228 [00:00<00:00, 270.38item/s]
[11.16 13:09:22] ┇ INFO     ┇ => converting:  36%|█████████████████▉                                | 82/228 [00:00<00:00, 270.38item/s]
[11.16 13:09:22] ┇ INFO     ┇ => converting:  36%|██████████████████▏                               | 83/228 [00:00<00:00, 270.38item/s]
[11.16 13:09:22] ┇ INFO     ┇ => converting:  37%|██████████████████▍                               | 84/228 [00:00<00:00, 270.38item/s]
[11.16 13:09:22] ┇ INFO     ┇ => converting:  37%|██████████████████▋                               | 85/228 [00:00<00:00, 270.38item/s]
[11.16 13:09:22] ┇ INFO     ┇ => converting:  38%|██████████████████▊                               | 86/228 [00:00<00:00, 270.38item/s]
[11.16 13:09:22] ┇ INFO     ┇ => converting:  38%|███████████████████                               | 87/228 [00:00<00:00, 270.38item/s]
[11.16 13:09:22] ┇ INFO     ┇ => converting:  39%|███████████████████▎                              | 88/228 [00:00<00:00, 270.38item/s]
[11.16 13:09:22] ┇ INFO     ┇ => converting:  39%|███████████████████▌                              | 89/228 [00:00<00:00, 270.38item/s]
[11.16 13:09:22] ┇ INFO     ┇ => converting:  39%|███████████████████▋                              | 90/228 [00:00<00:00, 270.38item/s]
[11.16 13:09:22] ┇ INFO     ┇ => converting:  40%|███████████████████▉                              | 91/228 [00:00<00:00, 270.38item/s]
[11.16 13:09:22] ┇ INFO     ┇ => converting:  40%|████████████████████▏                             | 92/228 [00:00<00:00, 270.38item/s]
[11.16 13:09:22] ┇ INFO     ┇ => converting:  41%|████████████████████▍                             | 93/228 [00:00<00:00, 270.38item/s]
[11.16 13:09:22] ┇ INFO     ┇ => converting:  41%|████████████████████▌                             | 94/228 [00:00<00:00, 270.38item/s]
[11.16 13:09:22] ┇ INFO     ┇ => converting:  42%|████████████████████▊                             | 95/228 [00:00<00:00, 270.38item/s]
[11.16 13:09:22] ┇ INFO     ┇ => converting:  42%|█████████████████████                             | 96/228 [00:00<00:00, 270.38item/s]
[11.16 13:09:22] ┇ INFO     ┇ => converting:  43%|█████████████████████▎                            | 97/228 [00:00<00:00, 270.38item/s]
[11.16 13:09:22] ┇ INFO     ┇ => converting:  43%|█████████████████████▍                            | 98/228 [00:00<00:00, 270.38item/s]
[11.16 13:09:22] ┇ INFO     ┇ => converting:  43%|█████████████████████▋                            | 99/228 [00:00<00:00, 270.38item/s]
[11.16 13:09:22] ┇ INFO     ┇ => converting:  44%|█████████████████████▉                            | 100/228 [00:00<00:00, 270.38item/s]
[11.16 13:09:22] ┇ INFO     ┇ => converting:  44%|██████████████████████▏                           | 101/228 [00:00<00:00, 270.38item/s]
[11.16 13:09:22] ┇ INFO     ┇ => converting:  45%|██████████████████████▎                           | 102/228 [00:00<00:00, 270.38item/s]
[11.16 13:09:22] ┇ INFO     ┇ => converting:  45%|██████████████████████▌                           | 103/228 [00:00<00:00, 270.38item/s]
[11.16 13:09:22] ┇ INFO     ┇ => converting:  46%|██████████████████████▊                           | 104/228 [00:00<00:00, 270.38item/s]
[11.16 13:09:22] ┇ INFO     ┇ => converting:  46%|███████████████████████                           | 105/228 [00:00<00:00, 270.38item/s]
[11.16 13:09:22] ┇ INFO     ┇ => converting:  46%|███████████████████████▏                          | 106/228 [00:00<00:00, 270.38item/s]
[11.16 13:09:22] ┇ INFO     ┇ => converting:  47%|███████████████████████▍                          | 107/228 [00:00<00:00, 270.38item/s]
[11.16 13:09:22] ┇ INFO     ┇ => converting:  47%|███████████████████████▋                          | 108/228 [00:00<00:00, 270.38item/s]
[11.16 13:09:22] ┇ INFO     ┇ => converting:  48%|███████████████████████▉                          | 109/228 [00:00<00:00, 269.61item/s]
[11.16 13:09:22] ┇ INFO     ┇ => converting:  48%|████████████████████████                          | 110/228 [00:00<00:00, 269.61item/s]
[11.16 13:09:22] ┇ INFO     ┇ => converting:  49%|████████████████████████▎                         | 111/228 [00:00<00:00, 269.61item/s]
[11.16 13:09:22] ┇ INFO     ┇ => converting:  49%|████████████████████████▌                         | 112/228 [00:00<00:00, 269.61item/s]
[11.16 13:09:22] ┇ INFO     ┇ => converting:  50%|████████████████████████▊                         | 113/228 [00:00<00:00, 269.61item/s]
[11.16 13:09:22] ┇ INFO     ┇ => converting:  50%|█████████████████████████                         | 114/228 [00:00<00:00, 269.61item/s]
[11.16 13:09:22] ┇ INFO     ┇ => converting:  50%|█████████████████████████▏                        | 115/228 [00:00<00:00, 269.61item/s]
[11.16 13:09:22] ┇ INFO     ┇ => converting:  51%|█████████████████████████▍                        | 116/228 [00:00<00:00, 269.61item/s]
[11.16 13:09:22] ┇ INFO     ┇ => converting:  51%|█████████████████████████▋                        | 117/228 [00:00<00:00, 269.61item/s]
[11.16 13:09:22] ┇ INFO     ┇ => converting:  52%|█████████████████████████▉                        | 118/228 [00:00<00:00, 269.61item/s]
[11.16 13:09:22] ┇ INFO     ┇ => converting:  52%|██████████████████████████                        | 119/228 [00:00<00:00, 269.61item/s]
[11.16 13:09:22] ┇ INFO     ┇ => converting:  53%|██████████████████████████▎                       | 120/228 [00:00<00:00, 269.61item/s]
[11.16 13:09:22] ┇ INFO     ┇ => converting:  53%|██████████████████████████▌                       | 121/228 [00:00<00:00, 269.61item/s]
[11.16 13:09:22] ┇ INFO     ┇ => converting:  54%|██████████████████████████▊                       | 122/228 [00:00<00:00, 269.61item/s]
[11.16 13:09:22] ┇ INFO     ┇ => converting:  54%|██████████████████████████▉                       | 123/228 [00:00<00:00, 269.61item/s]
[11.16 13:09:22] ┇ INFO     ┇ => converting:  54%|███████████████████████████▏                      | 124/228 [00:00<00:00, 269.61item/s]
[11.16 13:09:22] ┇ INFO     ┇ => converting:  55%|███████████████████████████▍                      | 125/228 [00:00<00:00, 269.61item/s]
[11.16 13:09:22] ┇ INFO     ┇ => converting:  55%|███████████████████████████▋                      | 126/228 [00:00<00:00, 269.61item/s]
[11.16 13:09:22] ┇ INFO     ┇ => converting:  56%|███████████████████████████▊                      | 127/228 [00:00<00:00, 269.61item/s]
[11.16 13:09:22] ┇ INFO     ┇ => converting:  56%|████████████████████████████                      | 128/228 [00:00<00:00, 269.61item/s]
[11.16 13:09:22] ┇ INFO     ┇ => converting:  57%|████████████████████████████▎                     | 129/228 [00:00<00:00, 269.61item/s]
[11.16 13:09:22] ┇ INFO     ┇ => converting:  57%|████████████████████████████▌                     | 130/228 [00:00<00:00, 269.61item/s]
[11.16 13:09:22] ┇ INFO     ┇ => converting:  57%|████████████████████████████▋                     | 131/228 [00:00<00:00, 269.61item/s]
[11.16 13:09:22] ┇ INFO     ┇ => converting:  58%|████████████████████████████▉                     | 132/228 [00:00<00:00, 269.61item/s]
[11.16 13:09:22] ┇ INFO     ┇ => converting:  58%|█████████████████████████████▏                    | 133/228 [00:00<00:00, 269.61item/s]
[11.16 13:09:22] ┇ INFO     ┇ => converting:  59%|█████████████████████████████▍                    | 134/228 [00:00<00:00, 269.61item/s]
[11.16 13:09:22] ┇ INFO     ┇ => converting:  59%|█████████████████████████████▌                    | 135/228 [00:00<00:00, 269.61item/s]
[11.16 13:09:22] ┇ INFO     ┇ => converting:  60%|█████████████████████████████▊                    | 136/228 [00:00<00:00, 269.61item/s]
[11.16 13:09:22] ┇ INFO     ┇ => converting:  60%|██████████████████████████████                    | 137/228 [00:00<00:00, 272.03item/s]
[11.16 13:09:22] ┇ INFO     ┇ => converting:  61%|██████████████████████████████▎                   | 138/228 [00:00<00:00, 272.03item/s]
[11.16 13:09:22] ┇ INFO     ┇ => converting:  61%|██████████████████████████████▍                   | 139/228 [00:00<00:00, 272.03item/s]
[11.16 13:09:22] ┇ INFO     ┇ => converting:  61%|██████████████████████████████▋                   | 140/228 [00:00<00:00, 272.03item/s]
[11.16 13:09:22] ┇ INFO     ┇ => converting:  62%|██████████████████████████████▉                   | 141/228 [00:00<00:00, 272.03item/s]
[11.16 13:09:22] ┇ INFO     ┇ => converting:  62%|███████████████████████████████▏                  | 142/228 [00:00<00:00, 272.03item/s]
[11.16 13:09:22] ┇ INFO     ┇ => converting:  63%|███████████████████████████████▎                  | 143/228 [00:00<00:00, 272.03item/s]
[11.16 13:09:22] ┇ INFO     ┇ => converting:  63%|███████████████████████████████▌                  | 144/228 [00:00<00:00, 272.03item/s]
[11.16 13:09:22] ┇ INFO     ┇ => converting:  64%|███████████████████████████████▊                  | 145/228 [00:00<00:00, 272.03item/s]
[11.16 13:09:22] ┇ INFO     ┇ => converting:  64%|████████████████████████████████                  | 146/228 [00:00<00:00, 272.03item/s]
[11.16 13:09:22] ┇ INFO     ┇ => converting:  64%|████████████████████████████████▏                 | 147/228 [00:00<00:00, 272.03item/s]
[11.16 13:09:22] ┇ INFO     ┇ => converting:  65%|████████████████████████████████▍                 | 148/228 [00:00<00:00, 272.03item/s]
[11.16 13:09:22] ┇ INFO     ┇ => converting:  65%|████████████████████████████████▋                 | 149/228 [00:00<00:00, 272.03item/s]
[11.16 13:09:22] ┇ INFO     ┇ => converting:  66%|████████████████████████████████▉                 | 150/228 [00:00<00:00, 272.03item/s]
[11.16 13:09:22] ┇ INFO     ┇ => converting:  66%|█████████████████████████████████                 | 151/228 [00:00<00:00, 272.03item/s]
[11.16 13:09:22] ┇ INFO     ┇ => converting:  67%|█████████████████████████████████▎                | 152/228 [00:00<00:00, 272.03item/s]
[11.16 13:09:22] ┇ INFO     ┇ => converting:  67%|█████████████████████████████████▌                | 153/228 [00:00<00:00, 272.03item/s]
[11.16 13:09:22] ┇ INFO     ┇ => converting:  68%|█████████████████████████████████▊                | 154/228 [00:00<00:00, 272.03item/s]
[11.16 13:09:22] ┇ INFO     ┇ => converting:  68%|█████████████████████████████████▉                | 155/228 [00:00<00:00, 272.03item/s]
[11.16 13:09:22] ┇ INFO     ┇ => converting:  68%|██████████████████████████████████▏               | 156/228 [00:00<00:00, 272.03item/s]
[11.16 13:09:22] ┇ INFO     ┇ => converting:  69%|██████████████████████████████████▍               | 157/228 [00:00<00:00, 272.03item/s]
[11.16 13:09:22] ┇ INFO     ┇ => converting:  69%|██████████████████████████████████▋               | 158/228 [00:00<00:00, 272.03item/s]
[11.16 13:09:22] ┇ INFO     ┇ => converting:  70%|██████████████████████████████████▊               | 159/228 [00:00<00:00, 272.03item/s]
[11.16 13:09:22] ┇ INFO     ┇ => converting:  70%|███████████████████████████████████               | 160/228 [00:00<00:00, 272.03item/s]
[11.16 13:09:22] ┇ INFO     ┇ => converting:  71%|███████████████████████████████████▎              | 161/228 [00:00<00:00, 272.03item/s]
[11.16 13:09:22] ┇ INFO     ┇ => converting:  71%|███████████████████████████████████▌              | 162/228 [00:00<00:00, 272.03item/s]
[11.16 13:09:22] ┇ INFO     ┇ => converting:  71%|███████████████████████████████████▋              | 163/228 [00:00<00:00, 272.03item/s]
[11.16 13:09:22] ┇ INFO     ┇ => converting:  72%|███████████████████████████████████▉              | 164/228 [00:00<00:00, 272.03item/s]
[11.16 13:09:22] ┇ INFO     ┇ => converting:  72%|████████████████████████████████████▏             | 165/228 [00:00<00:00, 270.40item/s]
[11.16 13:09:22] ┇ INFO     ┇ => converting:  73%|████████████████████████████████████▍             | 166/228 [00:00<00:00, 270.40item/s]
[11.16 13:09:22] ┇ INFO     ┇ => converting:  73%|████████████████████████████████████▌             | 167/228 [00:00<00:00, 270.40item/s]
[11.16 13:09:22] ┇ INFO     ┇ => converting:  74%|████████████████████████████████████▊             | 168/228 [00:00<00:00, 270.40item/s]
[11.16 13:09:22] ┇ INFO     ┇ => converting:  74%|█████████████████████████████████████             | 169/228 [00:00<00:00, 270.40item/s]
[11.16 13:09:22] ┇ INFO     ┇ => converting:  75%|█████████████████████████████████████▎            | 170/228 [00:00<00:00, 270.40item/s]
[11.16 13:09:22] ┇ INFO     ┇ => converting:  75%|█████████████████████████████████████▌            | 171/228 [00:00<00:00, 270.40item/s]
[11.16 13:09:22] ┇ INFO     ┇ => converting:  75%|█████████████████████████████████████▋            | 172/228 [00:00<00:00, 270.40item/s]
[11.16 13:09:22] ┇ INFO     ┇ => converting:  76%|█████████████████████████████████████▉            | 173/228 [00:00<00:00, 270.40item/s]
[11.16 13:09:22] ┇ INFO     ┇ => converting:  76%|██████████████████████████████████████▏           | 174/228 [00:00<00:00, 270.40item/s]
[11.16 13:09:22] ┇ INFO     ┇ => converting:  77%|██████████████████████████████████████▍           | 175/228 [00:00<00:00, 270.40item/s]
[11.16 13:09:22] ┇ INFO     ┇ => converting:  77%|██████████████████████████████████████▌           | 176/228 [00:00<00:00, 270.40item/s]
[11.16 13:09:22] ┇ INFO     ┇ => converting:  78%|██████████████████████████████████████▊           | 177/228 [00:00<00:00, 270.40item/s]
[11.16 13:09:22] ┇ INFO     ┇ => converting:  78%|███████████████████████████████████████           | 178/228 [00:00<00:00, 270.40item/s]
[11.16 13:09:22] ┇ INFO     ┇ => converting:  79%|███████████████████████████████████████▎          | 179/228 [00:00<00:00, 270.40item/s]
[11.16 13:09:22] ┇ INFO     ┇ => converting:  79%|███████████████████████████████████████▍          | 180/228 [00:00<00:00, 270.40item/s]
[11.16 13:09:22] ┇ INFO     ┇ => converting:  79%|███████████████████████████████████████▋          | 181/228 [00:00<00:00, 270.40item/s]
[11.16 13:09:22] ┇ INFO     ┇ => converting:  80%|███████████████████████████████████████▉          | 182/228 [00:00<00:00, 270.40item/s]
[11.16 13:09:22] ┇ INFO     ┇ => converting:  80%|████████████████████████████████████████▏         | 183/228 [00:00<00:00, 270.40item/s]
[11.16 13:09:22] ┇ INFO     ┇ => converting:  81%|████████████████████████████████████████▎         | 184/228 [00:00<00:00, 270.40item/s]
[11.16 13:09:22] ┇ INFO     ┇ => converting:  81%|████████████████████████████████████████▌         | 185/228 [00:00<00:00, 270.40item/s]
[11.16 13:09:22] ┇ INFO     ┇ => converting:  82%|████████████████████████████████████████▊         | 186/228 [00:00<00:00, 270.40item/s]
[11.16 13:09:22] ┇ INFO     ┇ => converting:  82%|█████████████████████████████████████████         | 187/228 [00:00<00:00, 270.40item/s]
[11.16 13:09:22] ┇ INFO     ┇ => converting:  82%|█████████████████████████████████████████▏        | 188/228 [00:00<00:00, 270.40item/s]
[11.16 13:09:22] ┇ INFO     ┇ => converting:  83%|█████████████████████████████████████████▍        | 189/228 [00:00<00:00, 270.40item/s]
[11.16 13:09:22] ┇ INFO     ┇ => converting:  83%|█████████████████████████████████████████▋        | 190/228 [00:00<00:00, 270.40item/s]
[11.16 13:09:22] ┇ INFO     ┇ => converting:  84%|█████████████████████████████████████████▉        | 191/228 [00:00<00:00, 270.40item/s]
[11.16 13:09:22] ┇ INFO     ┇ => converting:  84%|██████████████████████████████████████████        | 192/228 [00:00<00:00, 270.40item/s]
[11.16 13:09:22] ┇ INFO     ┇ => converting:  85%|██████████████████████████████████████████▎       | 193/228 [00:00<00:00, 270.40item/s]
[11.16 13:09:31] ┇ INFO     ┇ => converting:  85%|██████████████████████████████████████████▌       | 194/228 [00:09<00:03,  9.14item/s]
[11.16 13:09:41] ┇ INFO     ┇ => converting:  86%|██████████████████████████████████████████▊       | 195/228 [00:19<00:03,  9.14item/s]
[11.16 13:09:50] ┇ INFO     ┇ => converting:  86%|██████████████████████████████████████████▉       | 196/228 [00:28<00:12,  2.48item/s]
[11.16 13:09:59] ┇ INFO     ┇ => converting:  86%|███████████████████████████████████████████▏      | 197/228 [00:37<00:18,  1.69item/s]
[11.16 13:10:07] ┇ INFO     ┇ => converting:  87%|███████████████████████████████████████████▍      | 198/228 [00:46<00:17,  1.69item/s]
[11.16 13:10:17] ┇ INFO     ┇ => converting:  87%|███████████████████████████████████████████▋      | 199/228 [00:55<00:32,  1.12s/item]
[11.16 13:10:26] ┇ INFO     ┇ => converting:  88%|███████████████████████████████████████████▊      | 200/228 [01:05<00:40,  1.45s/item]
[11.16 13:10:37] ┇ INFO     ┇ => converting:  88%|████████████████████████████████████████████      | 201/228 [01:15<00:39,  1.45s/item]
[11.16 13:10:45] ┇ INFO     ┇ => converting:  89%|████████████████████████████████████████████▎     | 202/228 [01:24<00:59,  2.30s/item]
[11.16 13:10:55] ┇ INFO     ┇ => converting:  89%|████████████████████████████████████████████▌     | 203/228 [01:34<01:10,  2.83s/item]
[11.16 13:11:04] ┇ INFO     ┇ => converting:  89%|████████████████████████████████████████████▋     | 204/228 [01:42<01:07,  2.83s/item]
[11.16 13:11:13] ┇ INFO     ┇ => converting:  90%|████████████████████████████████████████████▉     | 205/228 [01:51<01:27,  3.81s/item]
[11.16 13:11:23] ┇ INFO     ┇ => converting:  90%|█████████████████████████████████████████████▏    | 206/228 [02:01<01:38,  4.47s/item]
[11.16 13:11:32] ┇ INFO     ┇ => converting:  91%|█████████████████████████████████████████████▍    | 207/228 [02:10<01:33,  4.47s/item]
[11.16 13:11:40] ┇ INFO     ┇ => converting:  91%|█████████████████████████████████████████████▌    | 208/228 [02:19<01:29,  4.47s/item]
[11.16 13:11:50] ┇ INFO     ┇ => converting:  92%|█████████████████████████████████████████████▊    | 209/228 [02:28<01:51,  5.88s/item]
[11.16 13:12:02] ┇ INFO     ┇ => converting:  92%|██████████████████████████████████████████████    | 210/228 [02:40<01:59,  6.66s/item]
[11.16 13:12:16] ┇ INFO     ┇ => converting:  93%|██████████████████████████████████████████████▎   | 211/228 [02:54<02:13,  7.85s/item]
[11.16 13:12:30] ┇ INFO     ┇ => converting:  93%|██████████████████████████████████████████████▍   | 212/228 [03:08<02:23,  8.99s/item]
[11.16 13:12:39] ┇ INFO     ┇ => converting:  93%|██████████████████████████████████████████████▋   | 213/228 [03:17<02:14,  8.96s/item]
[11.16 13:12:52] ┇ INFO     ┇ => converting:  94%|██████████████████████████████████████████████▉   | 214/228 [03:30<02:18,  9.87s/item]
[11.16 13:13:02] ┇ INFO     ┇ => converting:  94%|███████████████████████████████████████████████▏  | 215/228 [03:40<02:07,  9.84s/item]
[11.16 13:13:12] ┇ INFO     ┇ => converting:  95%|███████████████████████████████████████████████▎  | 216/228 [03:50<01:58,  9.84s/item]
[11.16 13:13:23] ┇ INFO     ┇ => converting:  95%|███████████████████████████████████████████████▌  | 217/228 [04:01<01:51, 10.15s/item]
[11.16 13:13:36] ┇ INFO     ┇ => converting:  96%|███████████████████████████████████████████████▊  | 218/228 [04:14<01:48, 10.82s/item]
[11.16 13:13:47] ┇ INFO     ┇ => converting:  96%|████████████████████████████████████████████████  | 219/228 [04:25<01:37, 10.86s/item]
[11.16 13:13:58] ┇ INFO     ┇ => converting:  96%|████████████████████████████████████████████████▏ | 220/228 [04:36<01:27, 10.98s/item]
[11.16 13:14:10] ┇ INFO     ┇ => converting:  97%|████████████████████████████████████████████████▍ | 221/228 [04:48<01:17, 11.14s/item]
[11.16 13:14:19] ┇ INFO     ┇ => converting:  97%|████████████████████████████████████████████████▋ | 222/228 [04:57<01:03, 10.63s/item]
[11.16 13:14:28] ┇ INFO     ┇ => converting:  98%|████████████████████████████████████████████████▉ | 223/228 [05:06<00:53, 10.63s/item]
[11.16 13:14:39] ┇ INFO     ┇ => converting:  98%|█████████████████████████████████████████████████ | 224/228 [05:17<00:41, 10.34s/item]
[11.16 13:14:48] ┇ INFO     ┇ => converting:  99%|█████████████████████████████████████████████████▎| 225/228 [05:26<00:30, 10.10s/item]
[11.16 13:14:59] ┇ INFO     ┇ => converting:  99%|█████████████████████████████████████████████████▌| 226/228 [05:37<00:20, 10.15s/item]
[11.16 13:15:10] ┇ INFO     ┇ => converting: 100%|█████████████████████████████████████████████████▊| 227/228 [05:48<00:10, 10.46s/item]
[11.16 13:15:21] ┇ INFO     ┇ => converting: 100%|██████████████████████████████████████████████████| 228/228 [05:59<00:00, 10.51s/item]
[11.16 13:15:21] ┇ INFO     ┇ =>  exporting:   0%|▏                                                 | 10/2280 [00:00<00:00, 6429.04row/s]
[11.16 13:15:21] ┇ INFO     ┇ =>  exporting:   1%|▍                                                 | 20/2280 [00:00<00:00, 11205.73row/s]
[11.16 13:15:21] ┇ INFO     ┇ =>  exporting:   1%|▋                                                 | 30/2280 [00:00<00:00, 14967.18row/s]
[11.16 13:15:21] ┇ INFO     ┇ =>  exporting:   2%|▉                                                 | 40/2280 [00:00<00:00, 17595.40row/s]
[11.16 13:15:21] ┇ INFO     ┇ =>  exporting:   2%|█                                                 | 50/2280 [00:00<00:00, 18934.20row/s]
[11.16 13:15:21] ┇ INFO     ┇ =>  exporting:   3%|█▎                                                | 60/2280 [00:00<00:00, 19912.82row/s]
[11.16 13:15:21] ┇ INFO     ┇ =>  exporting:   3%|█▌                                                | 70/2280 [00:00<00:00, 20615.17row/s]
[11.16 13:15:21] ┇ INFO     ┇ =>  exporting:   4%|█▊                                                | 80/2280 [00:00<00:00, 22189.15row/s]
[11.16 13:15:21] ┇ INFO     ┇ =>  exporting:   4%|█▉                                                | 90/2280 [00:00<00:00, 23242.86row/s]
[11.16 13:15:21] ┇ INFO     ┇ =>  exporting:   4%|██▏                                               | 100/2280 [00:00<00:00, 23974.30row/s]
[11.16 13:15:21] ┇ INFO     ┇ =>  exporting:   5%|██▍                                               | 110/2280 [00:00<00:00, 6071.66row/s]
[11.16 13:15:21] ┇ INFO     ┇ =>  exporting:   5%|██▋                                               | 120/2280 [00:00<00:00, 6478.19row/s]
[11.16 13:15:21] ┇ INFO     ┇ =>  exporting:   6%|██▊                                               | 130/2280 [00:00<00:00, 6931.85row/s]
[11.16 13:15:21] ┇ INFO     ┇ =>  exporting:   6%|███                                               | 140/2280 [00:00<00:00, 7344.62row/s]
[11.16 13:15:21] ┇ INFO     ┇ =>  exporting:   7%|███▎                                              | 150/2280 [00:00<00:00, 7766.56row/s]
[11.16 13:15:21] ┇ INFO     ┇ =>  exporting:   7%|███▌                                              | 160/2280 [00:00<00:00, 8146.26row/s]
[11.16 13:15:21] ┇ INFO     ┇ =>  exporting:   7%|███▋                                              | 170/2280 [00:00<00:00, 8516.25row/s]
[11.16 13:15:21] ┇ INFO     ┇ =>  exporting:   8%|███▉                                              | 180/2280 [00:00<00:00, 8910.25row/s]
[11.16 13:15:21] ┇ INFO     ┇ =>  exporting:   8%|████▏                                             | 190/2280 [00:00<00:00, 9276.63row/s]
[11.16 13:15:21] ┇ INFO     ┇ =>  exporting:   9%|████▍                                             | 200/2280 [00:00<00:00, 9655.73row/s]
[11.16 13:15:21] ┇ INFO     ┇ =>  exporting:   9%|████▌                                             | 210/2280 [00:00<00:00, 10005.72row/s]
[11.16 13:15:21] ┇ INFO     ┇ =>  exporting:  10%|████▊                                             | 220/2280 [00:00<00:00, 10344.46row/s]
[11.16 13:15:21] ┇ INFO     ┇ =>  exporting:  10%|█████                                             | 230/2280 [00:00<00:00, 10670.64row/s]
[11.16 13:15:21] ┇ INFO     ┇ =>  exporting:  11%|█████▎                                            | 240/2280 [00:00<00:00, 10980.93row/s]
[11.16 13:15:21] ┇ INFO     ┇ =>  exporting:  11%|█████▍                                            | 250/2280 [00:00<00:00, 11263.26row/s]
[11.16 13:15:21] ┇ INFO     ┇ =>  exporting:  11%|█████▋                                            | 260/2280 [00:00<00:00, 11564.60row/s]
[11.16 13:15:21] ┇ INFO     ┇ =>  exporting:  12%|█████▉                                            | 270/2280 [00:00<00:00, 11857.12row/s]
[11.16 13:15:21] ┇ INFO     ┇ =>  exporting:  12%|██████▏                                           | 280/2280 [00:00<00:00, 12147.47row/s]
[11.16 13:15:21] ┇ INFO     ┇ =>  exporting:  13%|██████▎                                           | 290/2280 [00:00<00:00, 12449.57row/s]
[11.16 13:15:21] ┇ INFO     ┇ =>  exporting:  13%|██████▌                                           | 300/2280 [00:00<00:00, 12728.53row/s]
[11.16 13:15:21] ┇ INFO     ┇ =>  exporting:  14%|██████▊                                           | 310/2280 [00:00<00:00, 13029.44row/s]
[11.16 13:15:21] ┇ INFO     ┇ =>  exporting:  14%|███████                                           | 320/2280 [00:00<00:00, 13318.55row/s]
[11.16 13:15:21] ┇ INFO     ┇ =>  exporting:  14%|███████▏                                          | 330/2280 [00:00<00:00, 13600.21row/s]
[11.16 13:15:21] ┇ INFO     ┇ =>  exporting:  15%|███████▍                                          | 340/2280 [00:00<00:00, 13852.00row/s]
[11.16 13:15:21] ┇ INFO     ┇ =>  exporting:  15%|███████▋                                          | 350/2280 [00:00<00:00, 14051.54row/s]
[11.16 13:15:21] ┇ INFO     ┇ =>  exporting:  16%|███████▉                                          | 360/2280 [00:00<00:00, 14298.76row/s]
[11.16 13:15:21] ┇ INFO     ┇ =>  exporting:  16%|████████                                          | 370/2280 [00:00<00:00, 14511.53row/s]
[11.16 13:15:21] ┇ INFO     ┇ =>  exporting:  17%|████████▎                                         | 380/2280 [00:00<00:00, 14768.68row/s]
[11.16 13:15:21] ┇ INFO     ┇ =>  exporting:  17%|████████▌                                         | 390/2280 [00:00<00:00, 15003.56row/s]
[11.16 13:15:21] ┇ INFO     ┇ =>  exporting:  18%|████████▊                                         | 400/2280 [00:00<00:00, 15243.42row/s]
[11.16 13:15:21] ┇ INFO     ┇ =>  exporting:  18%|████████▉                                         | 410/2280 [00:00<00:00, 15463.64row/s]
[11.16 13:15:21] ┇ INFO     ┇ =>  exporting:  18%|█████████▏                                        | 420/2280 [00:00<00:00, 15619.44row/s]
[11.16 13:15:21] ┇ INFO     ┇ =>  exporting:  19%|█████████▍                                        | 430/2280 [00:00<00:00, 15840.91row/s]
[11.16 13:15:21] ┇ INFO     ┇ =>  exporting:  19%|█████████▋                                        | 440/2280 [00:00<00:00, 16102.94row/s]
[11.16 13:15:21] ┇ INFO     ┇ =>  exporting:  20%|█████████▊                                        | 450/2280 [00:00<00:00, 16309.53row/s]
[11.16 13:15:21] ┇ INFO     ┇ =>  exporting:  20%|██████████                                        | 460/2280 [00:00<00:00, 16524.04row/s]
[11.16 13:15:21] ┇ INFO     ┇ =>  exporting:  21%|██████████▎                                       | 470/2280 [00:00<00:00, 16660.66row/s]
[11.16 13:15:21] ┇ INFO     ┇ =>  exporting:  21%|██████████▌                                       | 480/2280 [00:00<00:00, 16864.35row/s]
[11.16 13:15:21] ┇ INFO     ┇ =>  exporting:  21%|██████████▋                                       | 490/2280 [00:00<00:00, 17006.28row/s]
[11.16 13:15:21] ┇ INFO     ┇ =>  exporting:  22%|██████████▉                                       | 500/2280 [00:00<00:00, 17216.16row/s]
[11.16 13:15:21] ┇ INFO     ┇ =>  exporting:  22%|███████████▏                                      | 510/2280 [00:00<00:00, 17405.88row/s]
[11.16 13:15:21] ┇ INFO     ┇ =>  exporting:  23%|███████████▍                                      | 520/2280 [00:00<00:00, 17623.98row/s]
[11.16 13:15:21] ┇ INFO     ┇ =>  exporting:  23%|███████████▌                                      | 530/2280 [00:00<00:00, 17763.95row/s]
[11.16 13:15:21] ┇ INFO     ┇ =>  exporting:  24%|███████████▊                                      | 540/2280 [00:00<00:00, 17970.03row/s]
[11.16 13:15:21] ┇ INFO     ┇ =>  exporting:  24%|████████████                                      | 550/2280 [00:00<00:00, 18138.89row/s]
[11.16 13:15:21] ┇ INFO     ┇ =>  exporting:  25%|████████████▎                                     | 560/2280 [00:00<00:00, 18291.06row/s]
[11.16 13:15:21] ┇ INFO     ┇ =>  exporting:  25%|████████████▌                                     | 570/2280 [00:00<00:00, 18443.75row/s]
[11.16 13:15:21] ┇ INFO     ┇ =>  exporting:  25%|████████████▋                                     | 580/2280 [00:00<00:00, 18619.66row/s]
[11.16 13:15:21] ┇ INFO     ┇ =>  exporting:  26%|████████████▉                                     | 590/2280 [00:00<00:00, 18788.26row/s]
[11.16 13:15:21] ┇ INFO     ┇ =>  exporting:  26%|█████████████▏                                    | 600/2280 [00:00<00:00, 18981.33row/s]
[11.16 13:15:21] ┇ INFO     ┇ =>  exporting:  27%|█████████████▍                                    | 610/2280 [00:00<00:00, 19153.65row/s]
[11.16 13:15:21] ┇ INFO     ┇ =>  exporting:  27%|█████████████▌                                    | 620/2280 [00:00<00:00, 19315.96row/s]
[11.16 13:15:21] ┇ INFO     ┇ =>  exporting:  28%|█████████████▊                                    | 630/2280 [00:00<00:00, 19436.79row/s]
[11.16 13:15:21] ┇ INFO     ┇ =>  exporting:  28%|██████████████                                    | 640/2280 [00:00<00:00, 19631.23row/s]
[11.16 13:15:21] ┇ INFO     ┇ =>  exporting:  29%|██████████████▎                                   | 650/2280 [00:00<00:00, 19739.19row/s]
[11.16 13:15:21] ┇ INFO     ┇ =>  exporting:  29%|██████████████▍                                   | 660/2280 [00:00<00:00, 19925.86row/s]
[11.16 13:15:21] ┇ INFO     ┇ =>  exporting:  29%|██████████████▋                                   | 670/2280 [00:00<00:00, 20090.82row/s]
[11.16 13:15:21] ┇ INFO     ┇ =>  exporting:  30%|██████████████▉                                   | 680/2280 [00:00<00:00, 20240.91row/s]
[11.16 13:15:21] ┇ INFO     ┇ =>  exporting:  30%|███████████████▏                                  | 690/2280 [00:00<00:00, 20412.25row/s]
[11.16 13:15:21] ┇ INFO     ┇ =>  exporting:  31%|███████████████▎                                  | 700/2280 [00:00<00:00, 20607.07row/s]
[11.16 13:15:21] ┇ INFO     ┇ =>  exporting:  31%|███████████████▌                                  | 710/2280 [00:00<00:00, 20708.87row/s]
[11.16 13:15:21] ┇ INFO     ┇ =>  exporting:  32%|███████████████▊                                  | 720/2280 [00:00<00:00, 20799.20row/s]
[11.16 13:15:21] ┇ INFO     ┇ =>  exporting:  32%|████████████████                                  | 730/2280 [00:00<00:00, 20979.71row/s]
[11.16 13:15:21] ┇ INFO     ┇ =>  exporting:  32%|████████████████▏                                 | 740/2280 [00:00<00:00, 21067.32row/s]
[11.16 13:15:21] ┇ INFO     ┇ =>  exporting:  33%|████████████████▍                                 | 750/2280 [00:00<00:00, 21207.63row/s]
[11.16 13:15:21] ┇ INFO     ┇ =>  exporting:  33%|████████████████▋                                 | 760/2280 [00:00<00:00, 21331.77row/s]
[11.16 13:15:21] ┇ INFO     ┇ =>  exporting:  34%|████████████████▉                                 | 770/2280 [00:00<00:00, 21434.88row/s]
[11.16 13:15:21] ┇ INFO     ┇ =>  exporting:  34%|█████████████████                                 | 780/2280 [00:00<00:00, 21605.13row/s]
[11.16 13:15:21] ┇ INFO     ┇ =>  exporting:  35%|█████████████████▎                                | 790/2280 [00:00<00:00, 21703.96row/s]
[11.16 13:15:21] ┇ INFO     ┇ =>  exporting:  35%|█████████████████▌                                | 800/2280 [00:00<00:00, 21779.54row/s]
[11.16 13:15:21] ┇ INFO     ┇ =>  exporting:  36%|█████████████████▊                                | 810/2280 [00:00<00:00, 21898.28row/s]
[11.16 13:15:21] ┇ INFO     ┇ =>  exporting:  36%|█████████████████▉                                | 820/2280 [00:00<00:00, 22050.09row/s]
[11.16 13:15:21] ┇ INFO     ┇ =>  exporting:  36%|██████████████████▏                               | 830/2280 [00:00<00:00, 22157.48row/s]
[11.16 13:15:21] ┇ INFO     ┇ =>  exporting:  37%|██████████████████▍                               | 840/2280 [00:00<00:00, 22262.20row/s]
[11.16 13:15:21] ┇ INFO     ┇ =>  exporting:  37%|██████████████████▋                               | 850/2280 [00:00<00:00, 22310.97row/s]
[11.16 13:15:21] ┇ INFO     ┇ =>  exporting:  38%|██████████████████▊                               | 860/2280 [00:00<00:00, 22404.22row/s]
[11.16 13:15:21] ┇ INFO     ┇ =>  exporting:  38%|███████████████████                               | 870/2280 [00:00<00:00, 22492.62row/s]
[11.16 13:15:21] ┇ INFO     ┇ =>  exporting:  39%|███████████████████▎                              | 880/2280 [00:00<00:00, 22560.22row/s]
[11.16 13:15:21] ┇ INFO     ┇ =>  exporting:  39%|███████████████████▌                              | 890/2280 [00:00<00:00, 22672.74row/s]
[11.16 13:15:21] ┇ INFO     ┇ =>  exporting:  39%|███████████████████▋                              | 900/2280 [00:00<00:00, 22846.73row/s]
[11.16 13:15:21] ┇ INFO     ┇ =>  exporting:  40%|███████████████████▉                              | 910/2280 [00:00<00:00, 22981.24row/s]
[11.16 13:15:21] ┇ INFO     ┇ =>  exporting:  40%|████████████████████▏                             | 920/2280 [00:00<00:00, 23112.57row/s]
[11.16 13:15:21] ┇ INFO     ┇ =>  exporting:  41%|████████████████████▍                             | 930/2280 [00:00<00:00, 23161.67row/s]
[11.16 13:15:21] ┇ INFO     ┇ =>  exporting:  41%|████████████████████▌                             | 940/2280 [00:00<00:00, 23197.63row/s]
[11.16 13:15:21] ┇ INFO     ┇ =>  exporting:  42%|████████████████████▊                             | 950/2280 [00:00<00:00, 23308.23row/s]
[11.16 13:15:21] ┇ INFO     ┇ =>  exporting:  42%|█████████████████████                             | 960/2280 [00:00<00:00, 23470.79row/s]
[11.16 13:15:21] ┇ INFO     ┇ =>  exporting:  43%|█████████████████████▎                            | 970/2280 [00:00<00:00, 23556.14row/s]
[11.16 13:15:21] ┇ INFO     ┇ =>  exporting:  43%|█████████████████████▍                            | 980/2280 [00:00<00:00, 23651.23row/s]
[11.16 13:15:21] ┇ INFO     ┇ =>  exporting:  43%|█████████████████████▋                            | 990/2280 [00:00<00:00, 23737.41row/s]
[11.16 13:15:21] ┇ INFO     ┇ =>  exporting:  44%|█████████████████████▉                            | 1000/2280 [00:00<00:00, 23811.25row/s]
[11.16 13:15:21] ┇ INFO     ┇ =>  exporting:  44%|██████████████████████▏                           | 1010/2280 [00:00<00:00, 23831.94row/s]
[11.16 13:15:21] ┇ INFO     ┇ =>  exporting:  45%|██████████████████████▎                           | 1020/2280 [00:00<00:00, 23914.40row/s]
[11.16 13:15:21] ┇ INFO     ┇ =>  exporting:  45%|██████████████████████▌                           | 1030/2280 [00:00<00:00, 23958.94row/s]
[11.16 13:15:21] ┇ INFO     ┇ =>  exporting:  46%|██████████████████████▊                           | 1040/2280 [00:00<00:00, 23984.06row/s]
[11.16 13:15:21] ┇ INFO     ┇ =>  exporting:  46%|███████████████████████                           | 1050/2280 [00:00<00:00, 24011.75row/s]
[11.16 13:15:21] ┇ INFO     ┇ =>  exporting:  46%|███████████████████████▏                          | 1060/2280 [00:00<00:00, 24078.17row/s]
[11.16 13:15:21] ┇ INFO     ┇ =>  exporting:  47%|███████████████████████▍                          | 1070/2280 [00:00<00:00, 24145.53row/s]
[11.16 13:15:21] ┇ INFO     ┇ =>  exporting:  47%|███████████████████████▋                          | 1080/2280 [00:00<00:00, 24184.21row/s]
[11.16 13:15:21] ┇ INFO     ┇ =>  exporting:  48%|███████████████████████▉                          | 1090/2280 [00:00<00:00, 24209.10row/s]
[11.16 13:15:21] ┇ INFO     ┇ =>  exporting:  48%|████████████████████████                          | 1100/2280 [00:00<00:00, 24246.57row/s]
[11.16 13:15:21] ┇ INFO     ┇ =>  exporting:  49%|████████████████████████▎                         | 1110/2280 [00:00<00:00, 24335.14row/s]
[11.16 13:15:21] ┇ INFO     ┇ =>  exporting:  49%|████████████████████████▌                         | 1120/2280 [00:00<00:00, 24309.65row/s]
[11.16 13:15:21] ┇ INFO     ┇ =>  exporting:  50%|████████████████████████▊                         | 1130/2280 [00:00<00:00, 24364.30row/s]
[11.16 13:15:21] ┇ INFO     ┇ =>  exporting:  50%|█████████████████████████                         | 1140/2280 [00:00<00:00, 24387.85row/s]
[11.16 13:15:21] ┇ INFO     ┇ =>  exporting:  50%|█████████████████████████▏                        | 1150/2280 [00:00<00:00, 24524.73row/s]
[11.16 13:15:21] ┇ INFO     ┇ =>  exporting:  51%|█████████████████████████▍                        | 1160/2280 [00:00<00:00, 24681.26row/s]
[11.16 13:15:21] ┇ INFO     ┇ =>  exporting:  51%|█████████████████████████▋                        | 1170/2280 [00:00<00:00, 24799.18row/s]
[11.16 13:15:21] ┇ INFO     ┇ =>  exporting:  52%|█████████████████████████▉                        | 1180/2280 [00:00<00:00, 24877.12row/s]
[11.16 13:15:21] ┇ INFO     ┇ =>  exporting:  52%|██████████████████████████                        | 1190/2280 [00:00<00:00, 24930.18row/s]
[11.16 13:15:21] ┇ INFO     ┇ =>  exporting:  53%|██████████████████████████▎                       | 1200/2280 [00:00<00:00, 24995.36row/s]
[11.16 13:15:21] ┇ INFO     ┇ =>  exporting:  53%|██████████████████████████▌                       | 1210/2280 [00:00<00:00, 25044.08row/s]
[11.16 13:15:21] ┇ INFO     ┇ =>  exporting:  54%|██████████████████████████▊                       | 1220/2280 [00:00<00:00, 25117.81row/s]
[11.16 13:15:21] ┇ INFO     ┇ =>  exporting:  54%|██████████████████████████▉                       | 1230/2280 [00:00<00:00, 25183.76row/s]
[11.16 13:15:21] ┇ INFO     ┇ =>  exporting:  54%|███████████████████████████▏                      | 1240/2280 [00:00<00:00, 25246.16row/s]
[11.16 13:15:21] ┇ INFO     ┇ =>  exporting:  55%|███████████████████████████▍                      | 1250/2280 [00:00<00:00, 25285.54row/s]
[11.16 13:15:21] ┇ INFO     ┇ =>  exporting:  55%|███████████████████████████▋                      | 1260/2280 [00:00<00:00, 25328.77row/s]
[11.16 13:15:21] ┇ INFO     ┇ =>  exporting:  56%|███████████████████████████▊                      | 1270/2280 [00:00<00:00, 25408.75row/s]
[11.16 13:15:21] ┇ INFO     ┇ =>  exporting:  56%|████████████████████████████                      | 1280/2280 [00:00<00:00, 25512.31row/s]
[11.16 13:15:21] ┇ INFO     ┇ =>  exporting:  57%|████████████████████████████▎                     | 1290/2280 [00:00<00:00, 25574.18row/s]
[11.16 13:15:21] ┇ INFO     ┇ =>  exporting:  57%|████████████████████████████▌                     | 1300/2280 [00:00<00:00, 25595.91row/s]
[11.16 13:15:21] ┇ INFO     ┇ =>  exporting:  57%|████████████████████████████▋                     | 1310/2280 [00:00<00:00, 25637.32row/s]
[11.16 13:15:21] ┇ INFO     ┇ =>  exporting:  58%|████████████████████████████▉                     | 1320/2280 [00:00<00:00, 25731.81row/s]
[11.16 13:15:21] ┇ INFO     ┇ =>  exporting:  58%|█████████████████████████████▏                    | 1330/2280 [00:00<00:00, 25793.68row/s]
[11.16 13:15:21] ┇ INFO     ┇ =>  exporting:  59%|█████████████████████████████▍                    | 1340/2280 [00:00<00:00, 25865.27row/s]
[11.16 13:15:21] ┇ INFO     ┇ =>  exporting:  59%|█████████████████████████████▌                    | 1350/2280 [00:00<00:00, 25956.87row/s]
[11.16 13:15:21] ┇ INFO     ┇ =>  exporting:  60%|█████████████████████████████▊                    | 1360/2280 [00:00<00:00, 26009.65row/s]
[11.16 13:15:21] ┇ INFO     ┇ =>  exporting:  60%|██████████████████████████████                    | 1370/2280 [00:00<00:00, 26069.54row/s]
[11.16 13:15:21] ┇ INFO     ┇ =>  exporting:  61%|██████████████████████████████▎                   | 1380/2280 [00:00<00:00, 26128.72row/s]
[11.16 13:15:21] ┇ INFO     ┇ =>  exporting:  61%|██████████████████████████████▍                   | 1390/2280 [00:00<00:00, 26232.68row/s]
[11.16 13:15:21] ┇ INFO     ┇ =>  exporting:  61%|██████████████████████████████▋                   | 1400/2280 [00:00<00:00, 26357.48row/s]
[11.16 13:15:21] ┇ INFO     ┇ =>  exporting:  62%|██████████████████████████████▉                   | 1410/2280 [00:00<00:00, 26386.33row/s]
[11.16 13:15:21] ┇ INFO     ┇ =>  exporting:  62%|███████████████████████████████▏                  | 1420/2280 [00:00<00:00, 26421.28row/s]
[11.16 13:15:21] ┇ INFO     ┇ =>  exporting:  63%|███████████████████████████████▎                  | 1430/2280 [00:00<00:00, 26453.27row/s]
[11.16 13:15:21] ┇ INFO     ┇ =>  exporting:  63%|███████████████████████████████▌                  | 1440/2280 [00:00<00:00, 26475.13row/s]
[11.16 13:15:21] ┇ INFO     ┇ =>  exporting:  64%|███████████████████████████████▊                  | 1450/2280 [00:00<00:00, 26527.24row/s]
[11.16 13:15:21] ┇ INFO     ┇ =>  exporting:  64%|████████████████████████████████                  | 1460/2280 [00:00<00:00, 26558.78row/s]
[11.16 13:15:21] ┇ INFO     ┇ =>  exporting:  64%|████████████████████████████████▏                 | 1470/2280 [00:00<00:00, 26612.80row/s]
[11.16 13:15:21] ┇ INFO     ┇ =>  exporting:  65%|████████████████████████████████▍                 | 1480/2280 [00:00<00:00, 26694.40row/s]
[11.16 13:15:21] ┇ INFO     ┇ =>  exporting:  65%|████████████████████████████████▋                 | 1490/2280 [00:00<00:00, 26769.44row/s]
[11.16 13:15:21] ┇ INFO     ┇ =>  exporting:  66%|████████████████████████████████▉                 | 1500/2280 [00:00<00:00, 26853.40row/s]
[11.16 13:15:21] ┇ INFO     ┇ =>  exporting:  66%|█████████████████████████████████                 | 1510/2280 [00:00<00:00, 26911.81row/s]
[11.16 13:15:21] ┇ INFO     ┇ =>  exporting:  67%|█████████████████████████████████▎                | 1520/2280 [00:00<00:00, 26967.20row/s]
[11.16 13:15:21] ┇ INFO     ┇ =>  exporting:  67%|█████████████████████████████████▌                | 1530/2280 [00:00<00:00, 27010.59row/s]
[11.16 13:15:21] ┇ INFO     ┇ =>  exporting:  68%|█████████████████████████████████▊                | 1540/2280 [00:00<00:00, 27130.95row/s]
[11.16 13:15:21] ┇ INFO     ┇ =>  exporting:  68%|█████████████████████████████████▉                | 1550/2280 [00:00<00:00, 27256.41row/s]
[11.16 13:15:21] ┇ INFO     ┇ =>  exporting:  68%|██████████████████████████████████▏               | 1560/2280 [00:00<00:00, 27284.01row/s]
[11.16 13:15:21] ┇ INFO     ┇ =>  exporting:  69%|██████████████████████████████████▍               | 1570/2280 [00:00<00:00, 27332.40row/s]
[11.16 13:15:21] ┇ INFO     ┇ =>  exporting:  69%|██████████████████████████████████▋               | 1580/2280 [00:00<00:00, 27356.60row/s]
[11.16 13:15:21] ┇ INFO     ┇ =>  exporting:  70%|██████████████████████████████████▊               | 1590/2280 [00:00<00:00, 27401.70row/s]
[11.16 13:15:21] ┇ INFO     ┇ =>  exporting:  70%|███████████████████████████████████               | 1600/2280 [00:00<00:00, 27468.62row/s]
[11.16 13:15:21] ┇ INFO     ┇ =>  exporting:  71%|███████████████████████████████████▎              | 1610/2280 [00:00<00:00, 27542.78row/s]
[11.16 13:15:21] ┇ INFO     ┇ =>  exporting:  71%|███████████████████████████████████▌              | 1620/2280 [00:00<00:00, 27596.80row/s]
[11.16 13:15:21] ┇ INFO     ┇ =>  exporting:  71%|███████████████████████████████████▋              | 1630/2280 [00:00<00:00, 27674.75row/s]
[11.16 13:15:21] ┇ INFO     ┇ =>  exporting:  72%|███████████████████████████████████▉              | 1640/2280 [00:00<00:00, 27736.53row/s]
[11.16 13:15:21] ┇ INFO     ┇ =>  exporting:  72%|████████████████████████████████████▏             | 1650/2280 [00:00<00:00, 27803.74row/s]
[11.16 13:15:21] ┇ INFO     ┇ =>  exporting:  73%|████████████████████████████████████▍             | 1660/2280 [00:00<00:00, 27876.83row/s]
[11.16 13:15:21] ┇ INFO     ┇ =>  exporting:  73%|████████████████████████████████████▌             | 1670/2280 [00:00<00:00, 27922.79row/s]
[11.16 13:15:21] ┇ INFO     ┇ =>  exporting:  74%|████████████████████████████████████▊             | 1680/2280 [00:00<00:00, 27981.12row/s]
[11.16 13:15:21] ┇ INFO     ┇ =>  exporting:  74%|█████████████████████████████████████             | 1690/2280 [00:00<00:00, 28054.43row/s]
[11.16 13:15:21] ┇ INFO     ┇ =>  exporting:  75%|█████████████████████████████████████▎            | 1700/2280 [00:00<00:00, 28102.65row/s]
[11.16 13:15:21] ┇ INFO     ┇ =>  exporting:  75%|█████████████████████████████████████▌            | 1710/2280 [00:00<00:00, 28134.89row/s]
[11.16 13:15:21] ┇ INFO     ┇ =>  exporting:  75%|█████████████████████████████████████▋            | 1720/2280 [00:00<00:00, 28197.66row/s]
[11.16 13:15:21] ┇ INFO     ┇ =>  exporting:  76%|█████████████████████████████████████▉            | 1730/2280 [00:00<00:00, 28228.76row/s]
[11.16 13:15:21] ┇ INFO     ┇ =>  exporting:  76%|██████████████████████████████████████▏           | 1740/2280 [00:00<00:00, 28256.83row/s]
[11.16 13:15:21] ┇ INFO     ┇ =>  exporting:  77%|██████████████████████████████████████▍           | 1750/2280 [00:00<00:00, 28304.05row/s]
[11.16 13:15:21] ┇ INFO     ┇ =>  exporting:  77%|██████████████████████████████████████▌           | 1760/2280 [00:00<00:00, 28328.36row/s]
[11.16 13:15:21] ┇ INFO     ┇ =>  exporting:  78%|██████████████████████████████████████▊           | 1770/2280 [00:00<00:00, 28352.88row/s]
[11.16 13:15:21] ┇ INFO     ┇ =>  exporting:  78%|███████████████████████████████████████           | 1780/2280 [00:00<00:00, 28394.86row/s]
[11.16 13:15:21] ┇ INFO     ┇ =>  exporting:  79%|███████████████████████████████████████▎          | 1790/2280 [00:00<00:00, 28397.99row/s]
[11.16 13:15:21] ┇ INFO     ┇ =>  exporting:  79%|███████████████████████████████████████▍          | 1800/2280 [00:00<00:00, 28382.51row/s]
[11.16 13:15:21] ┇ INFO     ┇ =>  exporting:  79%|███████████████████████████████████████▋          | 1810/2280 [00:00<00:00, 28446.61row/s]
[11.16 13:15:21] ┇ INFO     ┇ =>  exporting:  80%|███████████████████████████████████████▉          | 1820/2280 [00:00<00:00, 28487.96row/s]
[11.16 13:15:21] ┇ INFO     ┇ =>  exporting:  80%|████████████████████████████████████████▏         | 1830/2280 [00:00<00:00, 28485.45row/s]
[11.16 13:15:21] ┇ INFO     ┇ =>  exporting:  81%|████████████████████████████████████████▎         | 1840/2280 [00:00<00:00, 28488.13row/s]
[11.16 13:15:21] ┇ INFO     ┇ =>  exporting:  81%|████████████████████████████████████████▌         | 1850/2280 [00:00<00:00, 28529.43row/s]
[11.16 13:15:21] ┇ INFO     ┇ =>  exporting:  82%|████████████████████████████████████████▊         | 1860/2280 [00:00<00:00, 28570.40row/s]
[11.16 13:15:21] ┇ INFO     ┇ =>  exporting:  82%|█████████████████████████████████████████         | 1870/2280 [00:00<00:00, 28589.47row/s]
[11.16 13:15:21] ┇ INFO     ┇ =>  exporting:  82%|█████████████████████████████████████████▏        | 1880/2280 [00:00<00:00, 28604.20row/s]
[11.16 13:15:21] ┇ INFO     ┇ =>  exporting:  83%|█████████████████████████████████████████▍        | 1890/2280 [00:00<00:00, 28639.89row/s]
[11.16 13:15:21] ┇ INFO     ┇ =>  exporting:  83%|█████████████████████████████████████████▋        | 1900/2280 [00:00<00:00, 28692.53row/s]
[11.16 13:15:21] ┇ INFO     ┇ =>  exporting:  84%|█████████████████████████████████████████▉        | 1910/2280 [00:00<00:00, 28709.89row/s]
[11.16 13:15:21] ┇ INFO     ┇ =>  exporting:  84%|██████████████████████████████████████████        | 1920/2280 [00:00<00:00, 28707.22row/s]
[11.16 13:15:21] ┇ INFO     ┇ =>  exporting:  85%|██████████████████████████████████████████▎       | 1930/2280 [00:00<00:00, 28751.88row/s]
[11.16 13:15:21] ┇ INFO     ┇ =>  exporting:  85%|██████████████████████████████████████████▌       | 1940/2280 [00:00<00:00, 28778.91row/s]
[11.16 13:15:21] ┇ INFO     ┇ =>  exporting:  86%|██████████████████████████████████████████▊       | 1950/2280 [00:00<00:00, 28797.80row/s]
[11.16 13:15:21] ┇ INFO     ┇ =>  exporting:  86%|██████████████████████████████████████████▉       | 1960/2280 [00:00<00:00, 28812.79row/s]
[11.16 13:15:21] ┇ INFO     ┇ =>  exporting:  86%|███████████████████████████████████████████▏      | 1970/2280 [00:00<00:00, 28860.46row/s]
[11.16 13:15:21] ┇ INFO     ┇ =>  exporting:  87%|███████████████████████████████████████████▍      | 1980/2280 [00:00<00:00, 28924.22row/s]
[11.16 13:15:21] ┇ INFO     ┇ =>  exporting:  87%|███████████████████████████████████████████▋      | 1990/2280 [00:00<00:00, 28953.93row/s]
[11.16 13:15:21] ┇ INFO     ┇ =>  exporting:  88%|███████████████████████████████████████████▊      | 2000/2280 [00:00<00:00, 29013.88row/s]
[11.16 13:15:21] ┇ INFO     ┇ =>  exporting:  88%|████████████████████████████████████████████      | 2010/2280 [00:00<00:00, 29034.12row/s]
[11.16 13:15:21] ┇ INFO     ┇ =>  exporting:  89%|████████████████████████████████████████████▎     | 2020/2280 [00:00<00:00, 29079.92row/s]
[11.16 13:15:21] ┇ INFO     ┇ =>  exporting:  89%|████████████████████████████████████████████▌     | 2030/2280 [00:00<00:00, 29097.05row/s]
[11.16 13:15:21] ┇ INFO     ┇ =>  exporting:  89%|████████████████████████████████████████████▋     | 2040/2280 [00:00<00:00, 29098.19row/s]
[11.16 13:15:21] ┇ INFO     ┇ =>  exporting:  90%|████████████████████████████████████████████▉     | 2050/2280 [00:00<00:00, 29089.07row/s]
[11.16 13:15:21] ┇ INFO     ┇ =>  exporting:  90%|█████████████████████████████████████████████▏    | 2060/2280 [00:00<00:00, 29119.26row/s]
[11.16 13:15:21] ┇ INFO     ┇ =>  exporting:  91%|█████████████████████████████████████████████▍    | 2070/2280 [00:00<00:00, 29159.30row/s]
[11.16 13:15:21] ┇ INFO     ┇ =>  exporting:  91%|█████████████████████████████████████████████▌    | 2080/2280 [00:00<00:00, 29172.11row/s]
[11.16 13:15:21] ┇ INFO     ┇ =>  exporting:  92%|█████████████████████████████████████████████▊    | 2090/2280 [00:00<00:00, 29202.02row/s]
[11.16 13:15:21] ┇ INFO     ┇ =>  exporting:  92%|██████████████████████████████████████████████    | 2100/2280 [00:00<00:00, 29243.35row/s]
[11.16 13:15:21] ┇ INFO     ┇ =>  exporting:  93%|██████████████████████████████████████████████▎   | 2110/2280 [00:00<00:00, 29271.81row/s]
[11.16 13:15:21] ┇ INFO     ┇ =>  exporting:  93%|██████████████████████████████████████████████▍   | 2120/2280 [00:00<00:00, 29311.65row/s]
[11.16 13:15:21] ┇ INFO     ┇ =>  exporting:  93%|██████████████████████████████████████████████▋   | 2130/2280 [00:00<00:00, 29326.18row/s]
[11.16 13:15:21] ┇ INFO     ┇ =>  exporting:  94%|██████████████████████████████████████████████▉   | 2140/2280 [00:00<00:00, 29360.35row/s]
[11.16 13:15:21] ┇ INFO     ┇ =>  exporting:  94%|███████████████████████████████████████████████▏  | 2150/2280 [00:00<00:00, 29371.88row/s]
[11.16 13:15:21] ┇ INFO     ┇ =>  exporting:  95%|███████████████████████████████████████████████▎  | 2160/2280 [00:00<00:00, 29385.40row/s]
[11.16 13:15:21] ┇ INFO     ┇ =>  exporting:  95%|███████████████████████████████████████████████▌  | 2170/2280 [00:00<00:00, 29394.83row/s]
[11.16 13:15:21] ┇ INFO     ┇ =>  exporting:  96%|███████████████████████████████████████████████▊  | 2180/2280 [00:00<00:00, 29431.63row/s]
[11.16 13:15:21] ┇ INFO     ┇ =>  exporting:  96%|████████████████████████████████████████████████  | 2190/2280 [00:00<00:00, 29457.50row/s]
[11.16 13:15:21] ┇ INFO     ┇ =>  exporting:  96%|████████████████████████████████████████████████▏ | 2200/2280 [00:00<00:00, 29483.65row/s]
[11.16 13:15:21] ┇ INFO     ┇ =>  exporting:  97%|████████████████████████████████████████████████▍ | 2210/2280 [00:00<00:00, 29561.09row/s]
[11.16 13:15:21] ┇ INFO     ┇ =>  exporting:  97%|████████████████████████████████████████████████▋ | 2220/2280 [00:00<00:00, 29604.12row/s]
[11.16 13:15:21] ┇ INFO     ┇ =>  exporting:  98%|████████████████████████████████████████████████▉ | 2230/2280 [00:00<00:00, 29630.55row/s]
[11.16 13:15:21] ┇ INFO     ┇ =>  exporting:  98%|█████████████████████████████████████████████████ | 2240/2280 [00:00<00:00, 29654.92row/s]
[11.16 13:15:21] ┇ INFO     ┇ =>  exporting:  99%|█████████████████████████████████████████████████▎| 2250/2280 [00:00<00:00, 29710.78row/s]
[11.16 13:15:21] ┇ INFO     ┇ =>  exporting:  99%|█████████████████████████████████████████████████▌| 2260/2280 [00:00<00:00, 29717.55row/s]
[11.16 13:15:21] ┇ INFO     ┇ =>  exporting: 100%|█████████████████████████████████████████████████▊| 2270/2280 [00:00<00:00, 29717.96row/s]
[11.16 13:15:21] ┇ INFO     ┇ =>  exporting: 100%|██████████████████████████████████████████████████| 2280/2280 [00:00<00:00, 29736.01row/s]
[11.16 13:15:21] ┇ INFO     ┇ Export 2280/2280 rows to [output/GNER/zero-shot-test-conv-1116.130920.jsonl]
[11.16 13:15:21] ┇ INFO     ┇ =========================================================================================================================================
[11.16 13:15:21] ┇ INFO     ┇ [EXIT] python /home/chris/proj/chrisdata2/src/chrisdata/cli.py ner convert ($=00:05:59.485)
[11.16 13:15:21] ┇ INFO     ┇ =========================================================================================================================================
