[10.10 08:34:08] ┇ INFO     ┇                       chrisbase.data ┇ =========================================================================================================================================
[10.10 08:34:08] ┇ INFO     ┇                       chrisbase.data ┇ [INIT] python extract_wikidata.py extract run
[10.10 08:34:08] ┇ INFO     ┇                       chrisbase.data ┇ =========================================================================================================================================
[10.10 08:34:08] ┇ INFO     ┇                       chrisbase.data ┇ -----+----------------------+----------------------------------------------------------
[10.10 08:34:08] ┇ INFO     ┇                       chrisbase.data ┇    # | IOArguments          | value
[10.10 08:34:08] ┇ INFO     ┇                       chrisbase.data ┇ -----+----------------------+----------------------------------------------------------
[10.10 08:34:08] ┇ INFO     ┇                       chrisbase.data ┇    1 | env.project          | WiseData
[10.10 08:34:08] ┇ INFO     ┇                       chrisbase.data ┇    2 | env.job_name         | extract_wikidata
[10.10 08:34:08] ┇ INFO     ┇                       chrisbase.data ┇    3 | env.hostname         | chrisBookPro.local
[10.10 08:34:08] ┇ INFO     ┇                       chrisbase.data ┇    4 | env.hostaddr         | 172.30.1.1
[10.10 08:34:08] ┇ INFO     ┇                       chrisbase.data ┇    5 | env.python_path      | /Users/chris/miniforge3/envs/WiseData-2023.08/bin/python
[10.10 08:34:08] ┇ INFO     ┇                       chrisbase.data ┇    6 | env.working_path     | /Users/chris/proj/WiseData-2023.08
[10.10 08:34:08] ┇ INFO     ┇                       chrisbase.data ┇    7 | env.running_file     | extract_wikidata.py
[10.10 08:34:08] ┇ INFO     ┇                       chrisbase.data ┇    8 | env.command_args     | ['extract', 'run']
[10.10 08:34:08] ┇ INFO     ┇                       chrisbase.data ┇    9 | env.num_ip_addrs     | 0
[10.10 08:34:08] ┇ INFO     ┇                       chrisbase.data ┇   10 | env.max_workers      | 1
[10.10 08:34:08] ┇ INFO     ┇                       chrisbase.data ┇   11 | env.output_home      | output-extract_wikidata
[10.10 08:34:08] ┇ INFO     ┇                       chrisbase.data ┇   12 | env.logging_file     | extract-1010.083407.out
[10.10 08:34:08] ┇ INFO     ┇                       chrisbase.data ┇   13 | env.argument_file    | arguments-1010.083407.json
[10.10 08:34:08] ┇ INFO     ┇                       chrisbase.data ┇   14 | env.debugging        | False
[10.10 08:34:08] ┇ INFO     ┇                       chrisbase.data ┇   15 | env.msg_level        | 20
[10.10 08:34:08] ┇ INFO     ┇                       chrisbase.data ┇   16 | env.msg_format       | %(asctime)s ┇ %(levelname)-8s ┇ %(name)36s ┇ %(message)s
[10.10 08:34:08] ┇ INFO     ┇                       chrisbase.data ┇   17 | env.date_format      | [%m.%d %H:%M:%S]
[10.10 08:34:08] ┇ INFO     ┇                       chrisbase.data ┇   18 | env.time_stamp       | 1010.083407
[10.10 08:34:08] ┇ INFO     ┇                       chrisbase.data ┇   19 | input.start          | 0
[10.10 08:34:08] ┇ INFO     ┇                       chrisbase.data ┇   20 | input.limit          | -1
[10.10 08:34:08] ┇ INFO     ┇                       chrisbase.data ┇   21 | input.batch          | 1000
[10.10 08:34:08] ┇ INFO     ┇                       chrisbase.data ┇   22 | input.inter          | 5000
[10.10 08:34:08] ┇ INFO     ┇                       chrisbase.data ┇   23 | input.table.home     | localhost:6382/wikimedia
[10.10 08:34:08] ┇ INFO     ┇                       chrisbase.data ┇   24 | input.table.name     | wikidata-20230920-search-kowiki
[10.10 08:34:08] ┇ INFO     ┇                       chrisbase.data ┇   25 | input.table.user     |
[10.10 08:34:08] ┇ INFO     ┇                       chrisbase.data ┇   26 | input.table.pswd     |
[10.10 08:34:08] ┇ INFO     ┇                       chrisbase.data ┇   27 | input.table.reset    | False
[10.10 08:34:08] ┇ INFO     ┇                       chrisbase.data ┇   28 | input.table.strict   | False
[10.10 08:34:08] ┇ INFO     ┇                       chrisbase.data ┇   29 | input.table.sort     | _id
[10.10 08:34:08] ┇ INFO     ┇                       chrisbase.data ┇   30 | input.table.find     | {}
[10.10 08:34:08] ┇ INFO     ┇                       chrisbase.data ┇   31 | input.table.timeout  | 5000
[10.10 08:34:08] ┇ INFO     ┇                       chrisbase.data ┇   32 | input.index.home     | localhost:9810
[10.10 08:34:08] ┇ INFO     ┇                       chrisbase.data ┇   33 | input.index.name     | wikidata-20230920-search-kowiki
[10.10 08:34:08] ┇ INFO     ┇                       chrisbase.data ┇   34 | input.index.user     | elastic
[10.10 08:34:08] ┇ INFO     ┇                       chrisbase.data ┇   35 | input.index.pswd     | cIrEP5OCwTLn0QIQwnsA
[10.10 08:34:08] ┇ INFO     ┇                       chrisbase.data ┇   36 | input.index.reset    | False
[10.10 08:34:08] ┇ INFO     ┇                       chrisbase.data ┇   37 | input.index.strict   | False
[10.10 08:34:08] ┇ INFO     ┇                       chrisbase.data ┇   38 | input.index.window   | 1000
[10.10 08:34:08] ┇ INFO     ┇                       chrisbase.data ┇   39 | input.index.scroll   | 3m
[10.10 08:34:08] ┇ INFO     ┇                       chrisbase.data ┇   40 | input.index.sort     | hits:desc
[10.10 08:34:08] ┇ INFO     ┇                       chrisbase.data ┇   41 | input.index.timeout  | 10
[10.10 08:34:08] ┇ INFO     ┇                       chrisbase.data ┇   42 | input.index.retrial  | 3
[10.10 08:34:08] ┇ INFO     ┇                       chrisbase.data ┇   43 | input.index.create   |
[10.10 08:34:08] ┇ INFO     ┇                       chrisbase.data ┇   44 | output.table.home    | localhost:6382/wikimedia
[10.10 08:34:08] ┇ INFO     ┇                       chrisbase.data ┇   45 | output.table.name    | wikidata-20230920-extract-kowiki
[10.10 08:34:08] ┇ INFO     ┇                       chrisbase.data ┇   46 | output.table.user    |
[10.10 08:34:08] ┇ INFO     ┇                       chrisbase.data ┇   47 | output.table.pswd    |
[10.10 08:34:08] ┇ INFO     ┇                       chrisbase.data ┇   48 | output.table.reset   | True
[10.10 08:34:08] ┇ INFO     ┇                       chrisbase.data ┇   49 | output.table.strict  | True
[10.10 08:34:08] ┇ INFO     ┇                       chrisbase.data ┇   50 | output.table.sort    | _id
[10.10 08:34:08] ┇ INFO     ┇                       chrisbase.data ┇   51 | output.table.find    | {}
[10.10 08:34:08] ┇ INFO     ┇                       chrisbase.data ┇   52 | output.table.timeout | 5000
[10.10 08:34:08] ┇ INFO     ┇                       chrisbase.data ┇ -----+----------------------+----------------------------------------------------------
[10.10 08:34:08] ┇ INFO     ┇                       chrisbase.data ┇ Drop an existing table: localhost:6382/wikimedia/wikidata-20230920-extract-kowiki
[10.10 08:34:08] ┇ INFO     ┇                             __main__ ┇ Run ExtractApp
[10.10 08:34:08] ┇ INFO     ┇                             __main__ ┇ - from: [ElasticStreamer] [elastic@localhost:9810/wikidata-20230920-search-kowiki](112725)
[10.10 08:34:08] ┇ INFO     ┇                             __main__ ┇   => amount: 113 * 1000 (BatchItems)
[10.10 08:34:08] ┇ INFO     ┇                             __main__ ┇ - into: [MongoStreamer] [localhost:6382/wikimedia/wikidata-20230920-extract-kowiki](0)
[10.10 08:34:17] ┇ INFO     ┇                             __main__ ┇ * extracting:   4%|██▏                                               | 5/113 [00:08<03:04,  1.70s/batch]
[10.10 08:34:26] ┇ INFO     ┇                             __main__ ┇ * extracting:   9%|████▍                                             | 10/113 [00:17<02:54,  1.69s/batch]
[10.10 08:34:34] ┇ INFO     ┇                             __main__ ┇ * extracting:  13%|██████▋                                           | 15/113 [00:25<02:48,  1.72s/batch]
[10.10 08:34:43] ┇ INFO     ┇                             __main__ ┇ * extracting:  18%|████████▊                                         | 20/113 [00:34<02:38,  1.70s/batch]
[10.10 08:34:51] ┇ INFO     ┇                             __main__ ┇ * extracting:  22%|███████████                                       | 25/113 [00:42<02:27,  1.68s/batch]
[10.10 08:35:00] ┇ INFO     ┇                             __main__ ┇ * extracting:  27%|█████████████▎                                    | 30/113 [00:51<02:20,  1.69s/batch]
[10.10 08:35:08] ┇ INFO     ┇                             __main__ ┇ * extracting:  31%|███████████████▍                                  | 35/113 [00:59<02:11,  1.69s/batch]
[10.10 08:35:17] ┇ INFO     ┇                             __main__ ┇ * extracting:  35%|█████████████████▋                                | 40/113 [01:08<02:02,  1.68s/batch]
[10.10 08:35:25] ┇ INFO     ┇                             __main__ ┇ * extracting:  40%|███████████████████▉                              | 45/113 [01:16<01:53,  1.67s/batch]
[10.10 08:35:33] ┇ INFO     ┇                             __main__ ┇ * extracting:  44%|██████████████████████                            | 50/113 [01:24<01:47,  1.70s/batch]
[10.10 08:35:42] ┇ INFO     ┇                             __main__ ┇ * extracting:  49%|████████████████████████▎                         | 55/113 [01:33<01:36,  1.67s/batch]
[10.10 08:35:50] ┇ INFO     ┇                             __main__ ┇ * extracting:  53%|██████████████████████████▌                       | 60/113 [01:41<01:29,  1.68s/batch]
[10.10 08:35:59] ┇ INFO     ┇                             __main__ ┇ * extracting:  58%|████████████████████████████▊                     | 65/113 [01:50<01:20,  1.68s/batch]
[10.10 08:36:07] ┇ INFO     ┇                             __main__ ┇ * extracting:  62%|██████████████████████████████▉                   | 70/113 [01:58<01:11,  1.66s/batch]
[10.10 08:36:15] ┇ INFO     ┇                             __main__ ┇ * extracting:  66%|█████████████████████████████████▏                | 75/113 [02:06<01:03,  1.67s/batch]
[10.10 08:36:23] ┇ INFO     ┇                             __main__ ┇ * extracting:  71%|███████████████████████████████████▍              | 80/113 [02:15<00:54,  1.65s/batch]
[10.10 08:36:32] ┇ INFO     ┇                             __main__ ┇ * extracting:  75%|█████████████████████████████████████▌            | 85/113 [02:23<00:46,  1.67s/batch]
[10.10 08:36:40] ┇ INFO     ┇                             __main__ ┇ * extracting:  80%|███████████████████████████████████████▊          | 90/113 [02:31<00:37,  1.63s/batch]
[10.10 08:36:48] ┇ INFO     ┇                             __main__ ┇ * extracting:  84%|██████████████████████████████████████████        | 95/113 [02:39<00:30,  1.67s/batch]
[10.10 08:36:56] ┇ INFO     ┇                             __main__ ┇ * extracting:  88%|████████████████████████████████████████████▏     | 100/113 [02:47<00:21,  1.62s/batch]
[10.10 08:37:04] ┇ INFO     ┇                             __main__ ┇ * extracting:  93%|██████████████████████████████████████████████▍   | 105/113 [02:55<00:12,  1.62s/batch]
[10.10 08:37:13] ┇ INFO     ┇                             __main__ ┇ * extracting:  97%|████████████████████████████████████████████████▋ | 110/113 [03:04<00:04,  1.64s/batch]
[10.10 08:37:17] ┇ INFO     ┇                             __main__ ┇ * extracting: 100%|██████████████████████████████████████████████████| 113/113 [03:08<00:00,  1.67s/batch]
[10.10 08:37:17] ┇ INFO     ┇                             __main__ ┇ Inserted 547281 items to [localhost:6382/wikimedia/wikidata-20230920-extract-kowiki]
[10.10 08:37:18] ┇ INFO     ┇                       chrisbase.data ┇ =========================================================================================================================================
[10.10 08:37:18] ┇ INFO     ┇                       chrisbase.data ┇ [EXIT] python extract_wikidata.py extract run ($=00:03:08.676)
[10.10 08:37:18] ┇ INFO     ┇                       chrisbase.data ┇ =========================================================================================================================================
