[10.15 00:10:12] ┇ INFO     ┇ =========================================================================================================================================
[10.15 00:10:12] ┇ INFO     ┇ [INIT] python /home/chris/proj/chrisdata2/src/chrisdata/cli.py wikipedia convert
[10.15 00:10:12] ┇ INFO     ┇ =========================================================================================================================================
[10.15 00:10:13] ┇ INFO     ┇ -----+-----------------------+---------------------------------------------------
[10.15 00:10:13] ┇ INFO     ┇    # | IOArguments           | value
[10.15 00:10:13] ┇ INFO     ┇ -----+-----------------------+---------------------------------------------------
[10.15 00:10:13] ┇ INFO     ┇    1 | tag                   |
[10.15 00:10:13] ┇ INFO     ┇    2 | env.project           | chrisdata
[10.15 00:10:13] ┇ INFO     ┇    3 | env.job_name          | convert_wikipedia
[10.15 00:10:13] ┇ INFO     ┇    4 | env.job_version       |
[10.15 00:10:13] ┇ INFO     ┇    5 | env.hostname          | chris36
[10.15 00:10:13] ┇ INFO     ┇    6 | env.hostaddr          | 129.254.181.36
[10.15 00:10:13] ┇ INFO     ┇    7 | env.time_stamp        | 1015.001012
[10.15 00:10:13] ┇ INFO     ┇    8 | env.python_path       | /home/chris/miniforge3/envs/chrisdata/bin/python
[10.15 00:10:13] ┇ INFO     ┇    9 | env.current_dir       | /mnt/dat/proj/chrisdata2
[10.15 00:10:13] ┇ INFO     ┇   10 | env.current_file      | /home/chris/proj/chrisdata2/src/chrisdata/cli.py
[10.15 00:10:13] ┇ INFO     ┇   11 | env.working_dir       | /mnt/dat/proj/chrisdata2
[10.15 00:10:13] ┇ INFO     ┇   12 | env.command_args      | ['wikipedia', 'convert']
[10.15 00:10:13] ┇ INFO     ┇   13 | env.num_ip_addrs      | 1
[10.15 00:10:13] ┇ INFO     ┇   14 | env.max_workers       | 1
[10.15 00:10:13] ┇ INFO     ┇   15 | env.calling_sec       | 0.001
[10.15 00:10:13] ┇ INFO     ┇   16 | env.waiting_sec       | 300.0
[10.15 00:10:13] ┇ INFO     ┇   17 | env.debugging         | False
[10.15 00:10:13] ┇ INFO     ┇   18 | env.logging_home      | /mnt/dat/proj/chrisdata2/output/wikipedia/convert
[10.15 00:10:13] ┇ INFO     ┇   19 | env.logging_file      | logging-1015.001012.out
[10.15 00:10:13] ┇ INFO     ┇   20 | env.argument_file     |
[10.15 00:10:13] ┇ INFO     ┇   21 | env.date_format       | [%m.%d %H:%M:%S]
[10.15 00:10:13] ┇ INFO     ┇   22 | env.message_level     | 20
[10.15 00:10:13] ┇ INFO     ┇   23 | env.message_format    | %(asctime)s ┇ %(levelname)-8s ┇ %(message)s
[10.15 00:10:13] ┇ INFO     ┇   24 | time.started          | [10.15 00:10:13]
[10.15 00:10:13] ┇ INFO     ┇   25 | time.settled          |
[10.15 00:10:13] ┇ INFO     ┇   26 | time.elapsed          |
[10.15 00:10:13] ┇ INFO     ┇   27 | input.start           | 0.0
[10.15 00:10:13] ┇ INFO     ┇   28 | input.limit           | -1.0
[10.15 00:10:13] ┇ INFO     ┇   29 | input.batch           | 100.0
[10.15 00:10:13] ┇ INFO     ┇   30 | input.inter           | 50000.0
[10.15 00:10:13] ┇ INFO     ┇   31 | input.total           | -1.0
[10.15 00:10:13] ┇ INFO     ┇   32 | input.data            | nan
[10.15 00:10:13] ┇ INFO     ┇   33 | input.file.name       | kowiki-20230701-all-titles-in-ns0-crawl.jsonl
[10.15 00:10:13] ┇ INFO     ┇   34 | input.file.home       | input/wikipedia
[10.15 00:10:13] ┇ INFO     ┇   35 | input.file.user       |
[10.15 00:10:13] ┇ INFO     ┇   36 | input.file.pswd       |
[10.15 00:10:13] ┇ INFO     ┇   37 | input.file.reset      | False
[10.15 00:10:13] ┇ INFO     ┇   38 | input.file.required   | True
[10.15 00:10:13] ┇ INFO     ┇   39 | input.file.mode       | rb
[10.15 00:10:13] ┇ INFO     ┇   40 | input.file.encoding   | utf-8
[10.15 00:10:13] ┇ INFO     ┇   41 | output.file.name      | wikipedia-20230701-convert-1015.001012.jsonl
[10.15 00:10:13] ┇ INFO     ┇   42 | output.file.home      | output/wikipedia
[10.15 00:10:13] ┇ INFO     ┇   43 | output.file.user      |
[10.15 00:10:13] ┇ INFO     ┇   44 | output.file.pswd      |
[10.15 00:10:13] ┇ INFO     ┇   45 | output.file.reset     | False
[10.15 00:10:13] ┇ INFO     ┇   46 | output.file.required  | True
[10.15 00:10:13] ┇ INFO     ┇   47 | output.file.mode      | w
[10.15 00:10:13] ┇ INFO     ┇   48 | output.file.encoding  | utf-8
[10.15 00:10:13] ┇ INFO     ┇   49 | output.table.name     | wikipedia-20230701-convert
[10.15 00:10:13] ┇ INFO     ┇   50 | output.table.home     | localhost:8800/wikipedia
[10.15 00:10:13] ┇ INFO     ┇   51 | output.table.user     |
[10.15 00:10:13] ┇ INFO     ┇   52 | output.table.pswd     |
[10.15 00:10:13] ┇ INFO     ┇   53 | output.table.reset    | True
[10.15 00:10:13] ┇ INFO     ┇   54 | output.table.required | True
[10.15 00:10:13] ┇ INFO     ┇   55 | output.table.sort     | _id
[10.15 00:10:13] ┇ INFO     ┇   56 | output.table.find     | {}
[10.15 00:10:13] ┇ INFO     ┇   57 | output.table.timeout  | 30000
[10.15 00:10:13] ┇ INFO     ┇   58 | option.export         | True
[10.15 00:10:13] ┇ INFO     ┇   59 | option.processor      | convert_many
[10.15 00:10:13] ┇ INFO     ┇ -----+-----------------------+---------------------------------------------------
[10.15 00:10:13] ┇ INFO     ┇ Drop an existing table: localhost:8800/wikipedia/wikipedia-20230701-convert
[10.15 00:10:54] ┇ INFO     ┇ Convert from [input/wikipedia/kowiki-20230701-all-titles-in-ns0-crawl.jsonl] to [output/wikipedia/wikipedia-20230701-convert-1015.001012.jsonl, localhost:8800/wikipedia/wikipedia-20230701-convert]
[10.15 00:10:54] ┇ INFO     ┇ - [input] total=1410203 | start=0 | limit=-1 | BatchItems=14103x100ea
[10.15 00:10:54] ┇ INFO     ┇ - [output] file.reset=False | file.mode=w
[10.15 00:10:54] ┇ INFO     ┇ - [output] table.reset=True | table.timeout=30000
[10.15 00:10:59] ┇ INFO     ┇ => converting:   4%|█▊                                                | 500/14103 [00:04<02:25, 93.45item/s]
[10.15 00:11:02] ┇ INFO     ┇ => converting:   7%|███▌                                              | 1000/14103 [00:07<01:22, 158.16item/s]
[10.15 00:11:06] ┇ INFO     ┇ => converting:  11%|█████▎                                            | 1500/14103 [00:11<01:34, 133.73item/s]
[10.15 00:11:09] ┇ INFO     ┇ => converting:  14%|███████                                           | 2000/14103 [00:14<01:33, 130.13item/s]
[10.15 00:11:13] ┇ INFO     ┇ => converting:  18%|████████▊                                         | 2500/14103 [00:19<01:24, 137.04item/s]
[10.15 00:11:17] ┇ INFO     ┇ => converting:  21%|██████████▋                                       | 3000/14103 [00:22<01:19, 138.94item/s]
[10.15 00:11:21] ┇ INFO     ┇ => converting:  25%|████████████▍                                     | 3500/14103 [00:26<01:08, 155.17item/s]
[10.15 00:11:24] ┇ INFO     ┇ => converting:  28%|██████████████▏                                   | 4000/14103 [00:30<00:57, 176.39item/s]
[10.15 00:11:28] ┇ INFO     ┇ => converting:  32%|███████████████▉                                  | 4500/14103 [00:33<01:06, 143.63item/s]
[10.15 00:11:31] ┇ INFO     ┇ => converting:  35%|█████████████████▋                                | 5000/14103 [00:37<00:57, 159.24item/s]
[10.15 00:11:35] ┇ INFO     ┇ => converting:  39%|███████████████████▍                              | 5500/14103 [00:40<01:11, 120.85item/s]
[10.15 00:11:39] ┇ INFO     ┇ => converting:  43%|█████████████████████▎                            | 6000/14103 [00:44<00:55, 145.85item/s]
[10.15 00:11:42] ┇ INFO     ┇ => converting:  46%|███████████████████████                           | 6500/14103 [00:48<01:01, 123.97item/s]
[10.15 00:11:46] ┇ INFO     ┇ => converting:  50%|████████████████████████▊                         | 7000/14103 [00:51<00:42, 165.26item/s]
[10.15 00:11:49] ┇ INFO     ┇ => converting:  53%|██████████████████████████▌                       | 7500/14103 [00:55<00:54, 121.32item/s]
[10.15 00:11:53] ┇ INFO     ┇ => converting:  57%|████████████████████████████▎                     | 8000/14103 [00:58<00:58, 104.58item/s]
[10.15 00:11:56] ┇ INFO     ┇ => converting:  60%|██████████████████████████████▏                   | 8500/14103 [01:02<00:31, 176.52item/s]
[10.15 00:12:00] ┇ INFO     ┇ => converting:  64%|███████████████████████████████▉                  | 9000/14103 [01:05<00:38, 133.99item/s]
[10.15 00:12:03] ┇ INFO     ┇ => converting:  67%|█████████████████████████████████▋                | 9500/14103 [01:08<00:31, 146.23item/s]
[10.15 00:12:07] ┇ INFO     ┇ => converting:  71%|███████████████████████████████████▍              | 10000/14103 [01:12<00:33, 121.91item/s]
[10.15 00:12:11] ┇ INFO     ┇ => converting:  74%|█████████████████████████████████████▏            | 10500/14103 [01:16<00:31, 115.22item/s]
[10.15 00:12:15] ┇ INFO     ┇ => converting:  78%|██████████████████████████████████████▉           | 11000/14103 [01:20<00:21, 145.12item/s]
[10.15 00:12:18] ┇ INFO     ┇ => converting:  82%|████████████████████████████████████████▊         | 11500/14103 [01:24<00:18, 141.95item/s]
[10.15 00:12:22] ┇ INFO     ┇ => converting:  85%|██████████████████████████████████████████▌       | 12000/14103 [01:27<00:12, 170.24item/s]
[10.15 00:12:25] ┇ INFO     ┇ => converting:  89%|████████████████████████████████████████████▎     | 12500/14103 [01:30<00:10, 155.16item/s]
[10.15 00:12:28] ┇ INFO     ┇ => converting:  92%|██████████████████████████████████████████████    | 13000/14103 [01:34<00:07, 143.47item/s]
[10.15 00:12:32] ┇ INFO     ┇ => converting:  96%|███████████████████████████████████████████████▊  | 13500/14103 [01:37<00:05, 106.65item/s]
[10.15 00:12:36] ┇ INFO     ┇ => converting:  99%|█████████████████████████████████████████████████▋| 14000/14103 [01:41<00:00, 148.02item/s]
[10.15 00:12:36] ┇ INFO     ┇ => converting: 100%|██████████████████████████████████████████████████| 14103/14103 [01:42<00:00, 154.05item/s]
[10.15 00:12:52] ┇ INFO     ┇ =>  exporting: 100%|██████████████████████████████████████████████████| 639039/639039 [00:15<00:00, 40972.11row/s]
[10.15 00:12:52] ┇ INFO     ┇ Export 639039/1410203 rows to [output/wikipedia/wikipedia-20230701-convert-1015.001012.jsonl]
[10.15 00:12:55] ┇ INFO     ┇ =========================================================================================================================================
[10.15 00:12:55] ┇ INFO     ┇ [EXIT] python /home/chris/proj/chrisdata2/src/chrisdata/cli.py wikipedia convert ($=00:02:42.003)
[10.15 00:12:55] ┇ INFO     ┇ =========================================================================================================================================
