[10.04 00:12:58] ┇ INFO     ┇           chrisbase.data ┇ =========================================================================================================================================
[10.04 00:12:58] ┇ INFO     ┇           chrisbase.data ┇ [INIT] python parse_wikipedia.py 
[10.04 00:12:58] ┇ INFO     ┇           chrisbase.data ┇ =========================================================================================================================================
[10.04 00:12:59] ┇ INFO     ┇           chrisbase.data ┇ -----+-----------------------+----------------------------------------------------------
[10.04 00:12:59] ┇ INFO     ┇           chrisbase.data ┇    # | ProgramArguments      | value
[10.04 00:12:59] ┇ INFO     ┇           chrisbase.data ┇ -----+-----------------------+----------------------------------------------------------
[10.04 00:12:59] ┇ INFO     ┇           chrisbase.data ┇    1 | env.project           | WiseData
[10.04 00:12:59] ┇ INFO     ┇           chrisbase.data ┇    2 | env.job_name          | parse_wikipedia
[10.04 00:12:59] ┇ INFO     ┇           chrisbase.data ┇    3 | env.hostname          | chrisBookPro.local
[10.04 00:12:59] ┇ INFO     ┇           chrisbase.data ┇    4 | env.hostaddr          | 192.168.0.41
[10.04 00:12:59] ┇ INFO     ┇           chrisbase.data ┇    5 | env.python_path       | /Users/chris/miniforge3/envs/WiseData-2023.08/bin/python
[10.04 00:12:59] ┇ INFO     ┇           chrisbase.data ┇    6 | env.working_path      | /Users/chris/proj/WiseData-2023.08
[10.04 00:12:59] ┇ INFO     ┇           chrisbase.data ┇    7 | env.running_file      | parse_wikipedia.py
[10.04 00:12:59] ┇ INFO     ┇           chrisbase.data ┇    8 | env.command_args      | []
[10.04 00:12:59] ┇ INFO     ┇           chrisbase.data ┇    9 | env.num_ip_addrs      | 0
[10.04 00:12:59] ┇ INFO     ┇           chrisbase.data ┇   10 | env.max_workers       | 1
[10.04 00:12:59] ┇ INFO     ┇           chrisbase.data ┇   11 | env.output_home       | output-parse_wikipedia
[10.04 00:12:59] ┇ INFO     ┇           chrisbase.data ┇   12 | env.logging_file      | logging-1004.001257.out
[10.04 00:12:59] ┇ INFO     ┇           chrisbase.data ┇   13 | env.argument_file     | arguments-1004.001257.json
[10.04 00:12:59] ┇ INFO     ┇           chrisbase.data ┇   14 | env.debugging         | False
[10.04 00:12:59] ┇ INFO     ┇           chrisbase.data ┇   15 | env.msg_level         | 20
[10.04 00:12:59] ┇ INFO     ┇           chrisbase.data ┇   16 | env.msg_format        | %(asctime)s ┇ %(levelname)-8s ┇ %(name)24s ┇ %(message)s
[10.04 00:12:59] ┇ INFO     ┇           chrisbase.data ┇   17 | env.date_format       | [%m.%d %H:%M:%S]
[10.04 00:12:59] ┇ INFO     ┇           chrisbase.data ┇   18 | env.time_stamp        | 1004.001257
[10.04 00:12:59] ┇ INFO     ┇           chrisbase.data ┇   19 | data.home             | input/Wikidata-parse
[10.04 00:12:59] ┇ INFO     ┇           chrisbase.data ┇   20 | data.name             | Wikipedia-20230920-crawl-kowiki.jsonl.bz2
[10.04 00:12:59] ┇ INFO     ┇           chrisbase.data ┇   21 | data.total            | 1410203
[10.04 00:12:59] ┇ INFO     ┇           chrisbase.data ┇   22 | data.start            | 0
[10.04 00:12:59] ┇ INFO     ┇           chrisbase.data ┇   23 | data.limit            | -1
[10.04 00:12:59] ┇ INFO     ┇           chrisbase.data ┇   24 | data.batch            | 1000
[10.04 00:12:59] ┇ INFO     ┇           chrisbase.data ┇   25 | data.from_scratch     | True
[10.04 00:12:59] ┇ INFO     ┇           chrisbase.data ┇   26 | data.logging          | 10000
[10.04 00:12:59] ┇ INFO     ┇           chrisbase.data ┇   27 | table.db_host         | localhost:6382
[10.04 00:12:59] ┇ INFO     ┇           chrisbase.data ┇   28 | table.db_name         | WiseData
[10.04 00:12:59] ┇ INFO     ┇           chrisbase.data ┇   29 | table.tab_name        | wikipedia-20230920-parse-kowiki
[10.04 00:12:59] ┇ INFO     ┇           chrisbase.data ┇   30 | table.tab_reset       | True
[10.04 00:12:59] ┇ INFO     ┇           chrisbase.data ┇   31 | filter.min_char       | 40
[10.04 00:12:59] ┇ INFO     ┇           chrisbase.data ┇   32 | filter.min_word       | 5
[10.04 00:12:59] ┇ INFO     ┇           chrisbase.data ┇   33 | filter.black_subtitle | input/Wikidata-parse/Wikipedia-black-subtitles.txt
[10.04 00:12:59] ┇ INFO     ┇           chrisbase.data ┇ -----+-----------------------+----------------------------------------------------------
[10.04 00:12:59] ┇ INFO     ┇                 __main__ ┇ Cleard a database table: localhost:6382/WiseData/wikipedia-20230920-parse-kowiki
[10.04 00:12:59] ┇ INFO     ┇                 __main__ ┇ Parse 1410203 inputs with 1411 batches to localhost:6382/WiseData/wikipedia-20230920-parse-kowiki
[10.04 00:12:59] ┇ INFO     ┇                 __main__ ┇ - Filter: num_black_subtitle=16, min_char=40, min_word=5
[10.04 00:13:01] ┇ INFO     ┇                 __main__ ┇ *  importing:   1%|▎                                                 | 10/1411 [00:02<05:31,  4.22batch/s]
[10.04 00:13:04] ┇ INFO     ┇                 __main__ ┇ *  importing:   1%|▋                                                 | 20/1411 [00:05<05:10,  4.47batch/s]
[10.04 00:13:07] ┇ INFO     ┇                 __main__ ┇ *  importing:   2%|█                                                 | 30/1411 [00:08<08:09,  2.82batch/s]
[10.04 00:13:11] ┇ INFO     ┇                 __main__ ┇ *  importing:   3%|█▍                                                | 40/1411 [00:12<08:54,  2.57batch/s]
[10.04 00:13:14] ┇ INFO     ┇                 __main__ ┇ *  importing:   4%|█▊                                                | 50/1411 [00:15<09:31,  2.38batch/s]
[10.04 00:13:17] ┇ INFO     ┇                 __main__ ┇ *  importing:   4%|██▏                                               | 60/1411 [00:18<06:37,  3.40batch/s]
[10.04 00:13:20] ┇ INFO     ┇                 __main__ ┇ *  importing:   5%|██▍                                               | 70/1411 [00:21<05:25,  4.12batch/s]
[10.04 00:13:23] ┇ INFO     ┇                 __main__ ┇ *  importing:   6%|██▊                                               | 80/1411 [00:24<05:57,  3.73batch/s]
[10.04 00:13:25] ┇ INFO     ┇                 __main__ ┇ *  importing:   6%|███▏                                              | 90/1411 [00:26<05:55,  3.72batch/s]
[10.04 00:13:28] ┇ INFO     ┇                 __main__ ┇ *  importing:   7%|███▌                                              | 100/1411 [00:29<05:43,  3.82batch/s]
[10.04 00:13:30] ┇ INFO     ┇                 __main__ ┇ *  importing:   8%|███▉                                              | 110/1411 [00:31<05:13,  4.15batch/s]
[10.04 00:13:34] ┇ INFO     ┇                 __main__ ┇ *  importing:   9%|████▎                                             | 120/1411 [00:35<06:27,  3.33batch/s]
[10.04 00:13:36] ┇ INFO     ┇                 __main__ ┇ *  importing:   9%|████▌                                             | 130/1411 [00:37<06:06,  3.50batch/s]
[10.04 00:13:39] ┇ INFO     ┇                 __main__ ┇ *  importing:  10%|████▉                                             | 140/1411 [00:40<05:28,  3.87batch/s]
[10.04 00:13:42] ┇ INFO     ┇                 __main__ ┇ *  importing:  11%|█████▎                                            | 150/1411 [00:43<06:03,  3.46batch/s]
[10.04 00:13:45] ┇ INFO     ┇                 __main__ ┇ *  importing:  11%|█████▋                                            | 160/1411 [00:45<05:58,  3.49batch/s]
[10.04 00:13:47] ┇ INFO     ┇                 __main__ ┇ *  importing:  12%|██████                                            | 170/1411 [00:48<05:21,  3.86batch/s]
[10.04 00:13:50] ┇ INFO     ┇                 __main__ ┇ *  importing:  13%|██████▍                                           | 180/1411 [00:51<06:02,  3.39batch/s]
[10.04 00:13:53] ┇ INFO     ┇                 __main__ ┇ *  importing:  13%|██████▋                                           | 190/1411 [00:54<05:50,  3.48batch/s]
[10.04 00:13:56] ┇ INFO     ┇                 __main__ ┇ *  importing:  14%|███████                                           | 200/1411 [00:57<06:08,  3.29batch/s]
[10.04 00:13:59] ┇ INFO     ┇                 __main__ ┇ *  importing:  15%|███████▍                                          | 210/1411 [01:00<05:54,  3.39batch/s]
[10.04 00:14:03] ┇ INFO     ┇                 __main__ ┇ *  importing:  16%|███████▊                                          | 220/1411 [01:04<07:25,  2.67batch/s]
[10.04 00:14:06] ┇ INFO     ┇                 __main__ ┇ *  importing:  16%|████████▏                                         | 230/1411 [01:07<05:43,  3.44batch/s]
[10.04 00:14:09] ┇ INFO     ┇                 __main__ ┇ *  importing:  17%|████████▌                                         | 240/1411 [01:10<06:18,  3.10batch/s]
[10.04 00:14:12] ┇ INFO     ┇                 __main__ ┇ *  importing:  18%|████████▊                                         | 250/1411 [01:13<05:32,  3.49batch/s]
[10.04 00:14:15] ┇ INFO     ┇                 __main__ ┇ *  importing:  18%|█████████▏                                        | 260/1411 [01:16<05:51,  3.28batch/s]
[10.04 00:14:18] ┇ INFO     ┇                 __main__ ┇ *  importing:  19%|█████████▌                                        | 270/1411 [01:19<05:42,  3.33batch/s]
[10.04 00:14:21] ┇ INFO     ┇                 __main__ ┇ *  importing:  20%|█████████▉                                        | 280/1411 [01:22<05:40,  3.32batch/s]
[10.04 00:14:24] ┇ INFO     ┇                 __main__ ┇ *  importing:  21%|██████████▎                                       | 290/1411 [01:25<05:05,  3.67batch/s]
[10.04 00:14:27] ┇ INFO     ┇                 __main__ ┇ *  importing:  21%|██████████▋                                       | 300/1411 [01:28<04:56,  3.75batch/s]
[10.04 00:14:29] ┇ INFO     ┇                 __main__ ┇ *  importing:  22%|██████████▉                                       | 310/1411 [01:30<04:39,  3.94batch/s]
[10.04 00:14:32] ┇ INFO     ┇                 __main__ ┇ *  importing:  23%|███████████▎                                      | 320/1411 [01:33<04:50,  3.75batch/s]
[10.04 00:14:35] ┇ INFO     ┇                 __main__ ┇ *  importing:  23%|███████████▋                                      | 330/1411 [01:35<04:34,  3.94batch/s]
[10.04 00:14:37] ┇ INFO     ┇                 __main__ ┇ *  importing:  24%|████████████                                      | 340/1411 [01:38<04:53,  3.65batch/s]
[10.04 00:14:40] ┇ INFO     ┇                 __main__ ┇ *  importing:  25%|████████████▍                                     | 350/1411 [01:41<04:41,  3.77batch/s]
[10.04 00:14:42] ┇ INFO     ┇                 __main__ ┇ *  importing:  26%|████████████▊                                     | 360/1411 [01:43<04:12,  4.16batch/s]
[10.04 00:14:45] ┇ INFO     ┇                 __main__ ┇ *  importing:  26%|█████████████                                     | 370/1411 [01:46<04:56,  3.51batch/s]
[10.04 00:14:49] ┇ INFO     ┇                 __main__ ┇ *  importing:  27%|█████████████▍                                    | 380/1411 [01:50<06:13,  2.76batch/s]
[10.04 00:14:52] ┇ INFO     ┇                 __main__ ┇ *  importing:  28%|█████████████▊                                    | 390/1411 [01:53<04:39,  3.66batch/s]
[10.04 00:14:54] ┇ INFO     ┇                 __main__ ┇ *  importing:  28%|██████████████▏                                   | 400/1411 [01:55<03:55,  4.29batch/s]
[10.04 00:14:57] ┇ INFO     ┇                 __main__ ┇ *  importing:  29%|██████████████▌                                   | 410/1411 [01:58<05:01,  3.31batch/s]
[10.04 00:15:00] ┇ INFO     ┇                 __main__ ┇ *  importing:  30%|██████████████▉                                   | 420/1411 [02:01<05:09,  3.20batch/s]
[10.04 00:15:03] ┇ INFO     ┇                 __main__ ┇ *  importing:  30%|███████████████▏                                  | 430/1411 [02:04<04:22,  3.74batch/s]
[10.04 00:15:06] ┇ INFO     ┇                 __main__ ┇ *  importing:  31%|███████████████▌                                  | 440/1411 [02:06<04:02,  4.00batch/s]
[10.04 00:15:08] ┇ INFO     ┇                 __main__ ┇ *  importing:  32%|███████████████▉                                  | 450/1411 [02:09<04:11,  3.83batch/s]
[10.04 00:15:11] ┇ INFO     ┇                 __main__ ┇ *  importing:  33%|████████████████▎                                 | 460/1411 [02:12<04:59,  3.17batch/s]
[10.04 00:15:13] ┇ INFO     ┇                 __main__ ┇ *  importing:  33%|████████████████▋                                 | 470/1411 [02:14<04:26,  3.53batch/s]
[10.04 00:15:16] ┇ INFO     ┇                 __main__ ┇ *  importing:  34%|█████████████████                                 | 480/1411 [02:17<04:50,  3.20batch/s]
[10.04 00:15:19] ┇ INFO     ┇                 __main__ ┇ *  importing:  35%|█████████████████▎                                | 490/1411 [02:20<03:39,  4.20batch/s]
[10.04 00:15:21] ┇ INFO     ┇                 __main__ ┇ *  importing:  35%|█████████████████▋                                | 500/1411 [02:22<03:35,  4.22batch/s]
[10.04 00:15:24] ┇ INFO     ┇                 __main__ ┇ *  importing:  36%|██████████████████                                | 510/1411 [02:25<03:30,  4.27batch/s]
[10.04 00:15:26] ┇ INFO     ┇                 __main__ ┇ *  importing:  37%|██████████████████▍                               | 520/1411 [02:27<03:53,  3.81batch/s]
[10.04 00:15:29] ┇ INFO     ┇                 __main__ ┇ *  importing:  38%|██████████████████▊                               | 530/1411 [02:30<03:51,  3.81batch/s]
[10.04 00:15:32] ┇ INFO     ┇                 __main__ ┇ *  importing:  38%|███████████████████▏                              | 540/1411 [02:33<03:48,  3.82batch/s]
[10.04 00:15:35] ┇ INFO     ┇                 __main__ ┇ *  importing:  39%|███████████████████▍                              | 550/1411 [02:36<04:43,  3.03batch/s]
[10.04 00:15:38] ┇ INFO     ┇                 __main__ ┇ *  importing:  40%|███████████████████▊                              | 560/1411 [02:39<04:06,  3.45batch/s]
[10.04 00:15:41] ┇ INFO     ┇                 __main__ ┇ *  importing:  40%|████████████████████▏                             | 570/1411 [02:42<03:59,  3.51batch/s]
[10.04 00:15:43] ┇ INFO     ┇                 __main__ ┇ *  importing:  41%|████████████████████▌                             | 580/1411 [02:44<04:01,  3.44batch/s]
[10.04 00:15:46] ┇ INFO     ┇                 __main__ ┇ *  importing:  42%|████████████████████▉                             | 590/1411 [02:47<03:46,  3.63batch/s]
[10.04 00:15:49] ┇ INFO     ┇                 __main__ ┇ *  importing:  43%|█████████████████████▎                            | 600/1411 [02:50<03:33,  3.79batch/s]
[10.04 00:15:52] ┇ INFO     ┇                 __main__ ┇ *  importing:  43%|█████████████████████▌                            | 610/1411 [02:53<03:37,  3.68batch/s]
[10.04 00:15:55] ┇ INFO     ┇                 __main__ ┇ *  importing:  44%|█████████████████████▉                            | 620/1411 [02:56<04:06,  3.20batch/s]
[10.04 00:15:57] ┇ INFO     ┇                 __main__ ┇ *  importing:  45%|██████████████████████▎                           | 630/1411 [02:58<03:28,  3.75batch/s]
[10.04 00:16:01] ┇ INFO     ┇                 __main__ ┇ *  importing:  45%|██████████████████████▋                           | 640/1411 [03:02<03:28,  3.69batch/s]
[10.04 00:16:03] ┇ INFO     ┇                 __main__ ┇ *  importing:  46%|███████████████████████                           | 650/1411 [03:04<03:15,  3.89batch/s]
[10.04 00:16:06] ┇ INFO     ┇                 __main__ ┇ *  importing:  47%|███████████████████████▍                          | 660/1411 [03:07<03:30,  3.57batch/s]
[10.04 00:16:08] ┇ INFO     ┇                 __main__ ┇ *  importing:  47%|███████████████████████▋                          | 670/1411 [03:09<03:27,  3.58batch/s]
[10.04 00:16:11] ┇ INFO     ┇                 __main__ ┇ *  importing:  48%|████████████████████████                          | 680/1411 [03:12<02:50,  4.29batch/s]
[10.04 00:16:14] ┇ INFO     ┇                 __main__ ┇ *  importing:  49%|████████████████████████▍                         | 690/1411 [03:15<03:29,  3.44batch/s]
[10.04 00:16:17] ┇ INFO     ┇                 __main__ ┇ *  importing:  50%|████████████████████████▊                         | 700/1411 [03:18<02:49,  4.18batch/s]
[10.04 00:16:20] ┇ INFO     ┇                 __main__ ┇ *  importing:  50%|█████████████████████████▏                        | 710/1411 [03:20<03:13,  3.63batch/s]
[10.04 00:16:23] ┇ INFO     ┇                 __main__ ┇ *  importing:  51%|█████████████████████████▌                        | 720/1411 [03:23<03:03,  3.76batch/s]
[10.04 00:16:25] ┇ INFO     ┇                 __main__ ┇ *  importing:  52%|█████████████████████████▊                        | 730/1411 [03:26<02:53,  3.93batch/s]
[10.04 00:16:28] ┇ INFO     ┇                 __main__ ┇ *  importing:  52%|██████████████████████████▏                       | 740/1411 [03:29<03:05,  3.62batch/s]
[10.04 00:16:31] ┇ INFO     ┇                 __main__ ┇ *  importing:  53%|██████████████████████████▌                       | 750/1411 [03:32<03:25,  3.21batch/s]
[10.04 00:16:34] ┇ INFO     ┇                 __main__ ┇ *  importing:  54%|██████████████████████████▉                       | 760/1411 [03:35<02:41,  4.03batch/s]
[10.04 00:16:36] ┇ INFO     ┇                 __main__ ┇ *  importing:  55%|███████████████████████████▎                      | 770/1411 [03:37<02:57,  3.61batch/s]
[10.04 00:16:39] ┇ INFO     ┇                 __main__ ┇ *  importing:  55%|███████████████████████████▋                      | 780/1411 [03:40<02:20,  4.48batch/s]
[10.04 00:16:41] ┇ INFO     ┇                 __main__ ┇ *  importing:  56%|███████████████████████████▉                      | 790/1411 [03:42<03:01,  3.42batch/s]
[10.04 00:16:45] ┇ INFO     ┇                 __main__ ┇ *  importing:  57%|████████████████████████████▎                     | 800/1411 [03:46<03:02,  3.34batch/s]
[10.04 00:16:47] ┇ INFO     ┇                 __main__ ┇ *  importing:  57%|████████████████████████████▋                     | 810/1411 [03:48<02:43,  3.68batch/s]
[10.04 00:16:50] ┇ INFO     ┇                 __main__ ┇ *  importing:  58%|█████████████████████████████                     | 820/1411 [03:51<02:42,  3.63batch/s]
[10.04 00:16:52] ┇ INFO     ┇                 __main__ ┇ *  importing:  59%|█████████████████████████████▍                    | 830/1411 [03:53<02:29,  3.88batch/s]
[10.04 00:16:55] ┇ INFO     ┇                 __main__ ┇ *  importing:  60%|█████████████████████████████▊                    | 840/1411 [03:56<02:31,  3.78batch/s]
[10.04 00:16:57] ┇ INFO     ┇                 __main__ ┇ *  importing:  60%|██████████████████████████████                    | 850/1411 [03:58<02:09,  4.34batch/s]
[10.04 00:17:00] ┇ INFO     ┇                 __main__ ┇ *  importing:  61%|██████████████████████████████▍                   | 860/1411 [04:01<02:01,  4.53batch/s]
[10.04 00:17:02] ┇ INFO     ┇                 __main__ ┇ *  importing:  62%|██████████████████████████████▊                   | 870/1411 [04:03<02:30,  3.60batch/s]
[10.04 00:17:05] ┇ INFO     ┇                 __main__ ┇ *  importing:  62%|███████████████████████████████▏                  | 880/1411 [04:06<02:21,  3.76batch/s]
[10.04 00:17:07] ┇ INFO     ┇                 __main__ ┇ *  importing:  63%|███████████████████████████████▌                  | 890/1411 [04:08<01:57,  4.42batch/s]
[10.04 00:17:10] ┇ INFO     ┇                 __main__ ┇ *  importing:  64%|███████████████████████████████▉                  | 900/1411 [04:11<02:14,  3.79batch/s]
[10.04 00:17:13] ┇ INFO     ┇                 __main__ ┇ *  importing:  64%|████████████████████████████████▏                 | 910/1411 [04:14<02:24,  3.46batch/s]
[10.04 00:17:15] ┇ INFO     ┇                 __main__ ┇ *  importing:  65%|████████████████████████████████▌                 | 920/1411 [04:16<02:04,  3.94batch/s]
[10.04 00:17:18] ┇ INFO     ┇                 __main__ ┇ *  importing:  66%|████████████████████████████████▉                 | 930/1411 [04:19<02:07,  3.78batch/s]
[10.04 00:17:20] ┇ INFO     ┇                 __main__ ┇ *  importing:  67%|█████████████████████████████████▎                | 940/1411 [04:21<01:50,  4.28batch/s]
[10.04 00:17:23] ┇ INFO     ┇                 __main__ ┇ *  importing:  67%|█████████████████████████████████▋                | 950/1411 [04:24<01:57,  3.92batch/s]
[10.04 00:17:26] ┇ INFO     ┇                 __main__ ┇ *  importing:  68%|██████████████████████████████████                | 960/1411 [04:27<02:04,  3.61batch/s]
[10.04 00:17:28] ┇ INFO     ┇                 __main__ ┇ *  importing:  69%|██████████████████████████████████▎               | 970/1411 [04:29<02:15,  3.26batch/s]
[10.04 00:17:31] ┇ INFO     ┇                 __main__ ┇ *  importing:  69%|██████████████████████████████████▋               | 980/1411 [04:32<02:17,  3.13batch/s]
[10.04 00:17:34] ┇ INFO     ┇                 __main__ ┇ *  importing:  70%|███████████████████████████████████               | 990/1411 [04:35<01:56,  3.62batch/s]
[10.04 00:17:37] ┇ INFO     ┇                 __main__ ┇ *  importing:  71%|███████████████████████████████████▍              | 1000/1411 [04:38<01:49,  3.74batch/s]
[10.04 00:17:40] ┇ INFO     ┇                 __main__ ┇ *  importing:  72%|███████████████████████████████████▊              | 1010/1411 [04:41<01:45,  3.81batch/s]
[10.04 00:17:42] ┇ INFO     ┇                 __main__ ┇ *  importing:  72%|████████████████████████████████████▏             | 1020/1411 [04:43<01:45,  3.72batch/s]
[10.04 00:17:45] ┇ INFO     ┇                 __main__ ┇ *  importing:  73%|████████████████████████████████████▍             | 1030/1411 [04:46<02:00,  3.16batch/s]
[10.04 00:17:48] ┇ INFO     ┇                 __main__ ┇ *  importing:  74%|████████████████████████████████████▊             | 1040/1411 [04:49<01:46,  3.49batch/s]
[10.04 00:17:52] ┇ INFO     ┇                 __main__ ┇ *  importing:  74%|█████████████████████████████████████▏            | 1050/1411 [04:53<01:53,  3.17batch/s]
[10.04 00:17:55] ┇ INFO     ┇                 __main__ ┇ *  importing:  75%|█████████████████████████████████████▌            | 1060/1411 [04:56<01:37,  3.61batch/s]
[10.04 00:17:57] ┇ INFO     ┇                 __main__ ┇ *  importing:  76%|█████████████████████████████████████▉            | 1070/1411 [04:58<01:30,  3.75batch/s]
[10.04 00:18:00] ┇ INFO     ┇                 __main__ ┇ *  importing:  77%|██████████████████████████████████████▎           | 1080/1411 [05:01<01:43,  3.21batch/s]
[10.04 00:18:04] ┇ INFO     ┇                 __main__ ┇ *  importing:  77%|██████████████████████████████████████▋           | 1090/1411 [05:05<01:56,  2.76batch/s]
[10.04 00:18:06] ┇ INFO     ┇                 __main__ ┇ *  importing:  78%|██████████████████████████████████████▉           | 1100/1411 [05:07<01:13,  4.24batch/s]
[10.04 00:18:09] ┇ INFO     ┇                 __main__ ┇ *  importing:  79%|███████████████████████████████████████▎          | 1110/1411 [05:10<01:54,  2.63batch/s]
[10.04 00:18:12] ┇ INFO     ┇                 __main__ ┇ *  importing:  79%|███████████████████████████████████████▋          | 1120/1411 [05:13<01:22,  3.54batch/s]
[10.04 00:18:15] ┇ INFO     ┇                 __main__ ┇ *  importing:  80%|████████████████████████████████████████          | 1130/1411 [05:16<01:17,  3.60batch/s]
[10.04 00:18:18] ┇ INFO     ┇                 __main__ ┇ *  importing:  81%|████████████████████████████████████████▍         | 1140/1411 [05:19<01:13,  3.70batch/s]
[10.04 00:18:20] ┇ INFO     ┇                 __main__ ┇ *  importing:  82%|████████████████████████████████████████▊         | 1150/1411 [05:21<01:12,  3.59batch/s]
[10.04 00:18:23] ┇ INFO     ┇                 __main__ ┇ *  importing:  82%|█████████████████████████████████████████         | 1160/1411 [05:24<01:06,  3.76batch/s]
[10.04 00:18:26] ┇ INFO     ┇                 __main__ ┇ *  importing:  83%|█████████████████████████████████████████▍        | 1170/1411 [05:27<01:11,  3.37batch/s]
[10.04 00:18:29] ┇ INFO     ┇                 __main__ ┇ *  importing:  84%|█████████████████████████████████████████▊        | 1180/1411 [05:30<01:04,  3.56batch/s]
[10.04 00:18:32] ┇ INFO     ┇                 __main__ ┇ *  importing:  84%|██████████████████████████████████████████▏       | 1190/1411 [05:32<00:52,  4.23batch/s]
[10.04 00:18:34] ┇ INFO     ┇                 __main__ ┇ *  importing:  85%|██████████████████████████████████████████▌       | 1200/1411 [05:35<00:47,  4.47batch/s]
[10.04 00:18:36] ┇ INFO     ┇                 __main__ ┇ *  importing:  86%|██████████████████████████████████████████▉       | 1210/1411 [05:37<00:48,  4.18batch/s]
[10.04 00:18:39] ┇ INFO     ┇                 __main__ ┇ *  importing:  86%|███████████████████████████████████████████▏      | 1220/1411 [05:40<00:44,  4.25batch/s]
[10.04 00:18:41] ┇ INFO     ┇                 __main__ ┇ *  importing:  87%|███████████████████████████████████████████▌      | 1230/1411 [05:42<00:43,  4.17batch/s]
[10.04 00:18:44] ┇ INFO     ┇                 __main__ ┇ *  importing:  88%|███████████████████████████████████████████▉      | 1240/1411 [05:44<00:38,  4.49batch/s]
[10.04 00:18:46] ┇ INFO     ┇                 __main__ ┇ *  importing:  89%|████████████████████████████████████████████▎     | 1250/1411 [05:47<00:43,  3.71batch/s]
[10.04 00:18:49] ┇ INFO     ┇                 __main__ ┇ *  importing:  89%|████████████████████████████████████████████▋     | 1260/1411 [05:50<00:37,  4.08batch/s]
[10.04 00:18:52] ┇ INFO     ┇                 __main__ ┇ *  importing:  90%|█████████████████████████████████████████████     | 1270/1411 [05:52<00:35,  3.96batch/s]
[10.04 00:18:54] ┇ INFO     ┇                 __main__ ┇ *  importing:  91%|█████████████████████████████████████████████▎    | 1280/1411 [05:55<00:30,  4.30batch/s]
[10.04 00:18:56] ┇ INFO     ┇                 __main__ ┇ *  importing:  91%|█████████████████████████████████████████████▋    | 1290/1411 [05:57<00:29,  4.16batch/s]
[10.04 00:18:59] ┇ INFO     ┇                 __main__ ┇ *  importing:  92%|██████████████████████████████████████████████    | 1300/1411 [06:00<00:30,  3.63batch/s]
[10.04 00:19:02] ┇ INFO     ┇                 __main__ ┇ *  importing:  93%|██████████████████████████████████████████████▍   | 1310/1411 [06:03<00:26,  3.76batch/s]
[10.04 00:19:04] ┇ INFO     ┇                 __main__ ┇ *  importing:  94%|██████████████████████████████████████████████▊   | 1320/1411 [06:05<00:24,  3.73batch/s]
[10.04 00:19:07] ┇ INFO     ┇                 __main__ ┇ *  importing:  94%|███████████████████████████████████████████████▏  | 1330/1411 [06:08<00:18,  4.28batch/s]
[10.04 00:19:09] ┇ INFO     ┇                 __main__ ┇ *  importing:  95%|███████████████████████████████████████████████▍  | 1340/1411 [06:10<00:17,  3.98batch/s]
[10.04 00:19:13] ┇ INFO     ┇                 __main__ ┇ *  importing:  96%|███████████████████████████████████████████████▊  | 1350/1411 [06:13<00:23,  2.59batch/s]
[10.04 00:19:15] ┇ INFO     ┇                 __main__ ┇ *  importing:  96%|████████████████████████████████████████████████▏ | 1360/1411 [06:16<00:14,  3.50batch/s]
[10.04 00:19:18] ┇ INFO     ┇                 __main__ ┇ *  importing:  97%|████████████████████████████████████████████████▌ | 1370/1411 [06:19<00:10,  3.89batch/s]
[10.04 00:19:21] ┇ INFO     ┇                 __main__ ┇ *  importing:  98%|████████████████████████████████████████████████▉ | 1380/1411 [06:22<00:08,  3.55batch/s]
[10.04 00:19:24] ┇ INFO     ┇                 __main__ ┇ *  importing:  99%|█████████████████████████████████████████████████▎| 1390/1411 [06:25<00:05,  3.63batch/s]
[10.04 00:19:27] ┇ INFO     ┇                 __main__ ┇ *  importing:  99%|█████████████████████████████████████████████████▌| 1400/1411 [06:28<00:02,  3.71batch/s]
[10.04 00:19:29] ┇ INFO     ┇                 __main__ ┇ *  importing: 100%|█████████████████████████████████████████████████▉| 1410/1411 [06:30<00:00,  4.00batch/s]
[10.04 00:19:29] ┇ INFO     ┇                 __main__ ┇ *  importing: 100%|██████████████████████████████████████████████████| 1411/1411 [06:30<00:00,  3.61batch/s]
[10.04 00:19:37] ┇ INFO     ┇                 __main__ ┇ *  exporting:  49%|████████████████████████▍                         | 982840/2009624 [00:06<00:06, 146902.03row/s]
[10.04 00:19:44] ┇ INFO     ┇                 __main__ ┇ *  exporting:  99%|█████████████████████████████████████████████████▋| 1997913/2009624 [00:13<00:00, 161627.99row/s]
[10.04 00:19:44] ┇ INFO     ┇                 __main__ ┇ *  exporting: 100%|██████████████████████████████████████████████████| 2009624/2009624 [00:13<00:00, 149331.31row/s]
[10.04 00:19:44] ┇ INFO     ┇                 __main__ ┇ Export 2009624 rows to output-parse_wikipedia/wikipedia-20230920-parse-kowiki-1004.001257.jsonl
[10.04 00:19:44] ┇ INFO     ┇           chrisbase.data ┇ =========================================================================================================================================
[10.04 00:19:44] ┇ INFO     ┇           chrisbase.data ┇ [EXIT] python parse_wikipedia.py  ($=00:06:45.078)
[10.04 00:19:44] ┇ INFO     ┇           chrisbase.data ┇ =========================================================================================================================================
