[10.06 05:25:16] ┇ INFO     ┇           chrisbase.data ┇ =========================================================================================================================================
[10.06 05:25:16] ┇ INFO     ┇           chrisbase.data ┇ [INIT] python parse_wikipedia.py 
[10.06 05:25:16] ┇ INFO     ┇           chrisbase.data ┇ =========================================================================================================================================
[10.06 05:25:17] ┇ INFO     ┇           chrisbase.data ┇ -----+-----------------------+----------------------------------------------------------
[10.06 05:25:17] ┇ INFO     ┇           chrisbase.data ┇    # | ParseArguments        | value
[10.06 05:25:17] ┇ INFO     ┇           chrisbase.data ┇ -----+-----------------------+----------------------------------------------------------
[10.06 05:25:17] ┇ INFO     ┇           chrisbase.data ┇    1 | env.project           | WiseData
[10.06 05:25:17] ┇ INFO     ┇           chrisbase.data ┇    2 | env.job_name          | parse_wikipedia
[10.06 05:25:17] ┇ INFO     ┇           chrisbase.data ┇    3 | env.hostname          | chrisBookPro.local
[10.06 05:25:17] ┇ INFO     ┇           chrisbase.data ┇    4 | env.hostaddr          | 192.168.0.2
[10.06 05:25:17] ┇ INFO     ┇           chrisbase.data ┇    5 | env.python_path       | /Users/chris/miniforge3/envs/WiseData-2023.08/bin/python
[10.06 05:25:17] ┇ INFO     ┇           chrisbase.data ┇    6 | env.working_path      | /Users/chris/proj/WiseData-2023.08
[10.06 05:25:17] ┇ INFO     ┇           chrisbase.data ┇    7 | env.running_file      | parse_wikipedia.py
[10.06 05:25:17] ┇ INFO     ┇           chrisbase.data ┇    8 | env.command_args      | []
[10.06 05:25:17] ┇ INFO     ┇           chrisbase.data ┇    9 | env.num_ip_addrs      | 0
[10.06 05:25:17] ┇ INFO     ┇           chrisbase.data ┇   10 | env.max_workers       | 1
[10.06 05:25:17] ┇ INFO     ┇           chrisbase.data ┇   11 | env.output_home       | output-parse_wikipedia
[10.06 05:25:17] ┇ INFO     ┇           chrisbase.data ┇   12 | env.logging_file      | logging-1006.052515.out
[10.06 05:25:17] ┇ INFO     ┇           chrisbase.data ┇   13 | env.argument_file     | arguments-1006.052515.json
[10.06 05:25:17] ┇ INFO     ┇           chrisbase.data ┇   14 | env.debugging         | False
[10.06 05:25:17] ┇ INFO     ┇           chrisbase.data ┇   15 | env.msg_level         | 20
[10.06 05:25:17] ┇ INFO     ┇           chrisbase.data ┇   16 | env.msg_format        | %(asctime)s ┇ %(levelname)-8s ┇ %(name)24s ┇ %(message)s
[10.06 05:25:17] ┇ INFO     ┇           chrisbase.data ┇   17 | env.date_format       | [%m.%d %H:%M:%S]
[10.06 05:25:17] ┇ INFO     ┇           chrisbase.data ┇   18 | env.time_stamp        | 1006.052515
[10.06 05:25:17] ┇ INFO     ┇           chrisbase.data ┇   19 | input.start           | 0
[10.06 05:25:17] ┇ INFO     ┇           chrisbase.data ┇   20 | input.limit           | -1
[10.06 05:25:17] ┇ INFO     ┇           chrisbase.data ┇   21 | input.batch           | 1000
[10.06 05:25:17] ┇ INFO     ┇           chrisbase.data ┇   22 | input.inter           | 10000
[10.06 05:25:17] ┇ INFO     ┇           chrisbase.data ┇   23 | input.total           | 1410203
[10.06 05:25:17] ┇ INFO     ┇           chrisbase.data ┇   24 | input.file.home       | input/wikimedia
[10.06 05:25:17] ┇ INFO     ┇           chrisbase.data ┇   25 | input.file.name       | wikipedia-20230920-crawl-kowiki.jsonl
[10.06 05:25:17] ┇ INFO     ┇           chrisbase.data ┇   26 | input.file.mode       | rb
[10.06 05:25:17] ┇ INFO     ┇           chrisbase.data ┇   27 | input.file.strict     | False
[10.06 05:25:17] ┇ INFO     ┇           chrisbase.data ┇   28 | input.file.encoding   | utf-8
[10.06 05:25:17] ┇ INFO     ┇           chrisbase.data ┇   29 | output.file.home      | input/wikimedia
[10.06 05:25:17] ┇ INFO     ┇           chrisbase.data ┇   30 | output.file.name      | wikipedia-20230920-parse-kowiki-new.jsonl
[10.06 05:25:17] ┇ INFO     ┇           chrisbase.data ┇   31 | output.file.mode      | w
[10.06 05:25:17] ┇ INFO     ┇           chrisbase.data ┇   32 | output.file.strict    | False
[10.06 05:25:17] ┇ INFO     ┇           chrisbase.data ┇   33 | output.file.encoding  | utf-8
[10.06 05:25:17] ┇ INFO     ┇           chrisbase.data ┇   34 | output.table.home     | localhost:6382/wikimedia
[10.06 05:25:17] ┇ INFO     ┇           chrisbase.data ┇   35 | output.table.name     | wikipedia-20230920-parse-kowiki
[10.06 05:25:17] ┇ INFO     ┇           chrisbase.data ┇   36 | output.table.sort     | _id
[10.06 05:25:17] ┇ INFO     ┇           chrisbase.data ┇   37 | output.table.find     | {}
[10.06 05:25:17] ┇ INFO     ┇           chrisbase.data ┇   38 | output.table.reset    | True
[10.06 05:25:17] ┇ INFO     ┇           chrisbase.data ┇   39 | output.table.strict   | False
[10.06 05:25:17] ┇ INFO     ┇           chrisbase.data ┇   40 | output.table.timeout  | 5000
[10.06 05:25:17] ┇ INFO     ┇           chrisbase.data ┇   41 | filter.min_char       | 40
[10.06 05:25:17] ┇ INFO     ┇           chrisbase.data ┇   42 | filter.min_word       | 5
[10.06 05:25:17] ┇ INFO     ┇           chrisbase.data ┇   43 | filter.black_sect     | input/wikimedia/wikipedia-black_sect.txt
[10.06 05:25:17] ┇ INFO     ┇           chrisbase.data ┇   44 | filter.num_black_sect | 16
[10.06 05:25:17] ┇ INFO     ┇           chrisbase.data ┇ -----+-----------------------+----------------------------------------------------------
[10.06 05:25:17] ┇ INFO     ┇           chrisbase.data ┇ Drop an existing table: localhost:6382/wikimedia/wikipedia-20230920-parse-kowiki
[10.06 05:25:17] ┇ INFO     ┇                 __main__ ┇ Parse from [input/wikimedia/wikipedia-20230920-crawl-kowiki.jsonl] to [localhost:6382/wikimedia/wikipedia-20230920-parse-kowiki]
[10.06 05:25:17] ┇ INFO     ┇                 __main__ ┇ - amount: inputs=1410203, batches=1411
[10.06 05:25:17] ┇ INFO     ┇                 __main__ ┇ - filter: num_black_sect=16, min_char=40, min_word=5
[10.06 05:25:18] ┇ INFO     ┇                 __main__ ┇ *    parsing:   1%|▎                                                 | 10/1411 [00:01<03:28,  6.73batch/s]
[10.06 05:25:20] ┇ INFO     ┇                 __main__ ┇ *    parsing:   1%|▋                                                 | 20/1411 [00:03<03:23,  6.85batch/s]
[10.06 05:25:22] ┇ INFO     ┇                 __main__ ┇ *    parsing:   2%|█                                                 | 30/1411 [00:05<04:25,  5.19batch/s]
[10.06 05:25:24] ┇ INFO     ┇                 __main__ ┇ *    parsing:   3%|█▍                                                | 40/1411 [00:07<05:20,  4.28batch/s]
[10.06 05:25:26] ┇ INFO     ┇                 __main__ ┇ *    parsing:   4%|█▊                                                | 50/1411 [00:09<04:54,  4.62batch/s]
[10.06 05:25:28] ┇ INFO     ┇                 __main__ ┇ *    parsing:   4%|██▏                                               | 60/1411 [00:11<04:14,  5.32batch/s]
[10.06 05:25:30] ┇ INFO     ┇                 __main__ ┇ *    parsing:   5%|██▍                                               | 70/1411 [00:12<03:39,  6.12batch/s]
[10.06 05:25:31] ┇ INFO     ┇                 __main__ ┇ *    parsing:   6%|██▊                                               | 80/1411 [00:14<03:57,  5.61batch/s]
[10.06 05:25:33] ┇ INFO     ┇                 __main__ ┇ *    parsing:   6%|███▏                                              | 90/1411 [00:16<03:55,  5.60batch/s]
[10.06 05:25:35] ┇ INFO     ┇                 __main__ ┇ *    parsing:   7%|███▌                                              | 100/1411 [00:18<03:28,  6.28batch/s]
[10.06 05:25:36] ┇ INFO     ┇                 __main__ ┇ *    parsing:   8%|███▉                                              | 110/1411 [00:19<03:21,  6.45batch/s]
[10.06 05:25:38] ┇ INFO     ┇                 __main__ ┇ *    parsing:   9%|████▎                                             | 120/1411 [00:21<03:59,  5.39batch/s]
[10.06 05:25:40] ┇ INFO     ┇                 __main__ ┇ *    parsing:   9%|████▌                                             | 130/1411 [00:23<03:46,  5.66batch/s]
[10.06 05:25:42] ┇ INFO     ┇                 __main__ ┇ *    parsing:  10%|████▉                                             | 140/1411 [00:25<03:31,  6.00batch/s]
[10.06 05:25:44] ┇ INFO     ┇                 __main__ ┇ *    parsing:  11%|█████▎                                            | 150/1411 [00:26<03:41,  5.69batch/s]
[10.06 05:25:45] ┇ INFO     ┇                 __main__ ┇ *    parsing:  11%|█████▋                                            | 160/1411 [00:28<03:36,  5.77batch/s]
[10.06 05:25:47] ┇ INFO     ┇                 __main__ ┇ *    parsing:  12%|██████                                            | 170/1411 [00:30<03:15,  6.35batch/s]
[10.06 05:25:49] ┇ INFO     ┇                 __main__ ┇ *    parsing:  13%|██████▍                                           | 180/1411 [00:32<03:37,  5.66batch/s]
[10.06 05:25:51] ┇ INFO     ┇                 __main__ ┇ *    parsing:  13%|██████▋                                           | 190/1411 [00:33<03:33,  5.72batch/s]
[10.06 05:25:52] ┇ INFO     ┇                 __main__ ┇ *    parsing:  14%|███████                                           | 200/1411 [00:35<03:37,  5.58batch/s]
[10.06 05:25:54] ┇ INFO     ┇                 __main__ ┇ *    parsing:  15%|███████▍                                          | 210/1411 [00:37<03:29,  5.73batch/s]
[10.06 05:25:56] ┇ INFO     ┇                 __main__ ┇ *    parsing:  16%|███████▊                                          | 220/1411 [00:39<04:07,  4.81batch/s]
[10.06 05:25:58] ┇ INFO     ┇                 __main__ ┇ *    parsing:  16%|████████▏                                         | 230/1411 [00:41<03:24,  5.77batch/s]
[10.06 05:26:00] ┇ INFO     ┇                 __main__ ┇ *    parsing:  17%|████████▌                                         | 240/1411 [00:43<03:55,  4.98batch/s]
[10.06 05:26:02] ┇ INFO     ┇                 __main__ ┇ *    parsing:  18%|████████▊                                         | 250/1411 [00:45<03:27,  5.59batch/s]
[10.06 05:26:04] ┇ INFO     ┇                 __main__ ┇ *    parsing:  18%|█████████▏                                        | 260/1411 [00:47<03:25,  5.61batch/s]
[10.06 05:26:06] ┇ INFO     ┇                 __main__ ┇ *    parsing:  19%|█████████▌                                        | 270/1411 [00:48<03:20,  5.69batch/s]
[10.06 05:26:07] ┇ INFO     ┇                 __main__ ┇ *    parsing:  20%|█████████▉                                        | 280/1411 [00:50<03:30,  5.38batch/s]
[10.06 05:26:09] ┇ INFO     ┇                 __main__ ┇ *    parsing:  21%|██████████▎                                       | 290/1411 [00:52<03:21,  5.56batch/s]
[10.06 05:26:11] ┇ INFO     ┇                 __main__ ┇ *    parsing:  21%|██████████▋                                       | 300/1411 [00:54<03:21,  5.51batch/s]
[10.06 05:26:13] ┇ INFO     ┇                 __main__ ┇ *    parsing:  22%|██████████▉                                       | 310/1411 [00:55<02:58,  6.18batch/s]
[10.06 05:26:14] ┇ INFO     ┇                 __main__ ┇ *    parsing:  23%|███████████▎                                      | 320/1411 [00:57<02:52,  6.33batch/s]
[10.06 05:26:16] ┇ INFO     ┇                 __main__ ┇ *    parsing:  23%|███████████▋                                      | 330/1411 [00:59<02:53,  6.25batch/s]
[10.06 05:26:18] ┇ INFO     ┇                 __main__ ┇ *    parsing:  24%|████████████                                      | 340/1411 [01:00<02:56,  6.07batch/s]
[10.06 05:26:19] ┇ INFO     ┇                 __main__ ┇ *    parsing:  25%|████████████▍                                     | 350/1411 [01:02<02:50,  6.24batch/s]
[10.06 05:26:21] ┇ INFO     ┇                 __main__ ┇ *    parsing:  26%|████████████▊                                     | 360/1411 [01:04<02:43,  6.44batch/s]
[10.06 05:26:23] ┇ INFO     ┇                 __main__ ┇ *    parsing:  26%|█████████████                                     | 370/1411 [01:05<02:55,  5.94batch/s]
[10.06 05:26:25] ┇ INFO     ┇                 __main__ ┇ *    parsing:  27%|█████████████▍                                    | 380/1411 [01:07<03:45,  4.57batch/s]
[10.06 05:26:26] ┇ INFO     ┇                 __main__ ┇ *    parsing:  28%|█████████████▊                                    | 390/1411 [01:09<02:50,  5.99batch/s]
[10.06 05:26:28] ┇ INFO     ┇                 __main__ ┇ *    parsing:  28%|██████████████▏                                   | 400/1411 [01:11<02:38,  6.38batch/s]
[10.06 05:26:30] ┇ INFO     ┇                 __main__ ┇ *    parsing:  29%|██████████████▌                                   | 410/1411 [01:12<02:52,  5.80batch/s]
[10.06 05:26:31] ┇ INFO     ┇                 __main__ ┇ *    parsing:  30%|██████████████▉                                   | 420/1411 [01:14<03:00,  5.50batch/s]
[10.06 05:26:33] ┇ INFO     ┇                 __main__ ┇ *    parsing:  30%|███████████████▏                                  | 430/1411 [01:16<02:43,  5.98batch/s]
[10.06 05:26:35] ┇ INFO     ┇                 __main__ ┇ *    parsing:  31%|███████████████▌                                  | 440/1411 [01:18<02:31,  6.40batch/s]
[10.06 05:26:36] ┇ INFO     ┇                 __main__ ┇ *    parsing:  32%|███████████████▉                                  | 450/1411 [01:19<02:36,  6.15batch/s]
[10.06 05:26:38] ┇ INFO     ┇                 __main__ ┇ *    parsing:  33%|████████████████▎                                 | 460/1411 [01:21<02:38,  5.99batch/s]
[10.06 05:26:39] ┇ INFO     ┇                 __main__ ┇ *    parsing:  33%|████████████████▋                                 | 470/1411 [01:22<02:34,  6.08batch/s]
[10.06 05:26:41] ┇ INFO     ┇                 __main__ ┇ *    parsing:  34%|█████████████████                                 | 480/1411 [01:24<02:47,  5.54batch/s]
[10.06 05:26:43] ┇ INFO     ┇                 __main__ ┇ *    parsing:  35%|█████████████████▎                                | 490/1411 [01:25<02:15,  6.78batch/s]
[10.06 05:26:44] ┇ INFO     ┇                 __main__ ┇ *    parsing:  35%|█████████████████▋                                | 500/1411 [01:27<02:12,  6.90batch/s]
[10.06 05:26:46] ┇ INFO     ┇                 __main__ ┇ *    parsing:  36%|██████████████████                                | 510/1411 [01:29<02:09,  6.94batch/s]
[10.06 05:26:47] ┇ INFO     ┇                 __main__ ┇ *    parsing:  37%|██████████████████▍                               | 520/1411 [01:30<02:20,  6.35batch/s]
[10.06 05:26:49] ┇ INFO     ┇                 __main__ ┇ *    parsing:  38%|██████████████████▊                               | 530/1411 [01:32<02:13,  6.58batch/s]
[10.06 05:26:50] ┇ INFO     ┇                 __main__ ┇ *    parsing:  38%|███████████████████▏                              | 540/1411 [01:33<02:21,  6.13batch/s]
[10.06 05:26:52] ┇ INFO     ┇                 __main__ ┇ *    parsing:  39%|███████████████████▍                              | 550/1411 [01:35<02:34,  5.59batch/s]
[10.06 05:26:54] ┇ INFO     ┇                 __main__ ┇ *    parsing:  40%|███████████████████▊                              | 560/1411 [01:37<02:26,  5.82batch/s]
[10.06 05:26:56] ┇ INFO     ┇                 __main__ ┇ *    parsing:  40%|████████████████████▏                             | 570/1411 [01:38<02:19,  6.02batch/s]
[10.06 05:26:57] ┇ INFO     ┇                 __main__ ┇ *    parsing:  41%|████████████████████▌                             | 580/1411 [01:40<02:26,  5.68batch/s]
[10.06 05:26:59] ┇ INFO     ┇                 __main__ ┇ *    parsing:  42%|████████████████████▉                             | 590/1411 [01:42<02:14,  6.10batch/s]
[10.06 05:27:01] ┇ INFO     ┇                 __main__ ┇ *    parsing:  43%|█████████████████████▎                            | 600/1411 [01:43<02:09,  6.25batch/s]
[10.06 05:27:02] ┇ INFO     ┇                 __main__ ┇ *    parsing:  43%|█████████████████████▌                            | 610/1411 [01:45<02:05,  6.37batch/s]
[10.06 05:27:04] ┇ INFO     ┇                 __main__ ┇ *    parsing:  44%|█████████████████████▉                            | 620/1411 [01:47<02:22,  5.54batch/s]
[10.06 05:27:06] ┇ INFO     ┇                 __main__ ┇ *    parsing:  45%|██████████████████████▎                           | 630/1411 [01:49<02:05,  6.22batch/s]
[10.06 05:27:07] ┇ INFO     ┇                 __main__ ┇ *    parsing:  45%|██████████████████████▋                           | 640/1411 [01:50<02:08,  5.99batch/s]
[10.06 05:27:09] ┇ INFO     ┇                 __main__ ┇ *    parsing:  46%|███████████████████████                           | 650/1411 [01:52<01:54,  6.63batch/s]
[10.06 05:27:11] ┇ INFO     ┇                 __main__ ┇ *    parsing:  47%|███████████████████████▍                          | 660/1411 [01:53<02:04,  6.04batch/s]
[10.06 05:27:12] ┇ INFO     ┇                 __main__ ┇ *    parsing:  47%|███████████████████████▋                          | 670/1411 [01:55<02:05,  5.91batch/s]
[10.06 05:27:14] ┇ INFO     ┇                 __main__ ┇ *    parsing:  48%|████████████████████████                          | 680/1411 [01:57<01:44,  7.00batch/s]
[10.06 05:27:16] ┇ INFO     ┇                 __main__ ┇ *    parsing:  49%|████████████████████████▍                         | 690/1411 [01:58<02:00,  5.99batch/s]
[10.06 05:27:17] ┇ INFO     ┇                 __main__ ┇ *    parsing:  50%|████████████████████████▊                         | 700/1411 [02:00<01:50,  6.45batch/s]
[10.06 05:27:19] ┇ INFO     ┇                 __main__ ┇ *    parsing:  50%|█████████████████████████▏                        | 710/1411 [02:02<01:57,  5.98batch/s]
[10.06 05:27:21] ┇ INFO     ┇                 __main__ ┇ *    parsing:  51%|█████████████████████████▌                        | 720/1411 [02:03<01:53,  6.10batch/s]
[10.06 05:27:22] ┇ INFO     ┇                 __main__ ┇ *    parsing:  52%|█████████████████████████▊                        | 730/1411 [02:05<01:47,  6.33batch/s]
[10.06 05:27:24] ┇ INFO     ┇                 __main__ ┇ *    parsing:  52%|██████████████████████████▏                       | 740/1411 [02:07<02:00,  5.57batch/s]
[10.06 05:27:26] ┇ INFO     ┇                 __main__ ┇ *    parsing:  53%|██████████████████████████▌                       | 750/1411 [02:08<02:02,  5.39batch/s]
[10.06 05:27:27] ┇ INFO     ┇                 __main__ ┇ *    parsing:  54%|██████████████████████████▉                       | 760/1411 [02:10<01:38,  6.59batch/s]
[10.06 05:27:29] ┇ INFO     ┇                 __main__ ┇ *    parsing:  55%|███████████████████████████▎                      | 770/1411 [02:12<01:49,  5.86batch/s]
[10.06 05:27:30] ┇ INFO     ┇                 __main__ ┇ *    parsing:  55%|███████████████████████████▋                      | 780/1411 [02:13<01:28,  7.17batch/s]
[10.06 05:27:32] ┇ INFO     ┇                 __main__ ┇ *    parsing:  56%|███████████████████████████▉                      | 790/1411 [02:15<01:48,  5.71batch/s]
[10.06 05:27:34] ┇ INFO     ┇                 __main__ ┇ *    parsing:  57%|████████████████████████████▎                     | 800/1411 [02:17<01:45,  5.78batch/s]
[10.06 05:27:35] ┇ INFO     ┇                 __main__ ┇ *    parsing:  57%|████████████████████████████▋                     | 810/1411 [02:18<01:34,  6.34batch/s]
[10.06 05:27:37] ┇ INFO     ┇                 __main__ ┇ *    parsing:  58%|█████████████████████████████                     | 820/1411 [02:20<01:39,  5.95batch/s]
[10.06 05:27:38] ┇ INFO     ┇                 __main__ ┇ *    parsing:  59%|█████████████████████████████▍                    | 830/1411 [02:21<01:28,  6.55batch/s]
[10.06 05:27:40] ┇ INFO     ┇                 __main__ ┇ *    parsing:  60%|█████████████████████████████▊                    | 840/1411 [02:23<01:36,  5.95batch/s]
[10.06 05:27:41] ┇ INFO     ┇                 __main__ ┇ *    parsing:  60%|██████████████████████████████                    | 850/1411 [02:24<01:17,  7.20batch/s]
[10.06 05:27:43] ┇ INFO     ┇                 __main__ ┇ *    parsing:  61%|██████████████████████████████▍                   | 860/1411 [02:26<01:16,  7.20batch/s]
[10.06 05:27:44] ┇ INFO     ┇                 __main__ ┇ *    parsing:  62%|██████████████████████████████▊                   | 870/1411 [02:27<01:28,  6.11batch/s]
[10.06 05:27:46] ┇ INFO     ┇                 __main__ ┇ *    parsing:  62%|███████████████████████████████▏                  | 880/1411 [02:29<01:25,  6.25batch/s]
[10.06 05:27:47] ┇ INFO     ┇                 __main__ ┇ *    parsing:  63%|███████████████████████████████▌                  | 890/1411 [02:30<01:11,  7.30batch/s]
[10.06 05:27:49] ┇ INFO     ┇                 __main__ ┇ *    parsing:  64%|███████████████████████████████▉                  | 900/1411 [02:32<01:21,  6.24batch/s]
[10.06 05:27:51] ┇ INFO     ┇                 __main__ ┇ *    parsing:  64%|████████████████████████████████▏                 | 910/1411 [02:33<01:21,  6.18batch/s]
[10.06 05:27:52] ┇ INFO     ┇                 __main__ ┇ *    parsing:  65%|████████████████████████████████▌                 | 920/1411 [02:35<01:17,  6.31batch/s]
[10.06 05:27:54] ┇ INFO     ┇                 __main__ ┇ *    parsing:  66%|████████████████████████████████▉                 | 930/1411 [02:37<01:15,  6.39batch/s]
[10.06 05:27:55] ┇ INFO     ┇                 __main__ ┇ *    parsing:  67%|█████████████████████████████████▎                | 940/1411 [02:38<01:03,  7.38batch/s]
[10.06 05:27:57] ┇ INFO     ┇                 __main__ ┇ *    parsing:  67%|█████████████████████████████████▋                | 950/1411 [02:39<01:09,  6.62batch/s]
[10.06 05:27:58] ┇ INFO     ┇                 __main__ ┇ *    parsing:  68%|██████████████████████████████████                | 960/1411 [02:41<01:14,  6.01batch/s]
[10.06 05:28:00] ┇ INFO     ┇                 __main__ ┇ *    parsing:  69%|██████████████████████████████████▎               | 970/1411 [02:43<01:13,  5.98batch/s]
[10.06 05:28:01] ┇ INFO     ┇                 __main__ ┇ *    parsing:  69%|██████████████████████████████████▋               | 980/1411 [02:44<01:11,  6.02batch/s]
[10.06 05:28:03] ┇ INFO     ┇                 __main__ ┇ *    parsing:  70%|███████████████████████████████████               | 990/1411 [02:46<01:05,  6.42batch/s]
[10.06 05:28:05] ┇ INFO     ┇                 __main__ ┇ *    parsing:  71%|███████████████████████████████████▍              | 1000/1411 [02:48<01:03,  6.44batch/s]
[10.06 05:28:06] ┇ INFO     ┇                 __main__ ┇ *    parsing:  72%|███████████████████████████████████▊              | 1010/1411 [02:49<01:06,  6.06batch/s]
[10.06 05:28:08] ┇ INFO     ┇                 __main__ ┇ *    parsing:  72%|████████████████████████████████████▏             | 1020/1411 [02:51<01:01,  6.32batch/s]
[10.06 05:28:10] ┇ INFO     ┇                 __main__ ┇ *    parsing:  73%|████████████████████████████████████▍             | 1030/1411 [02:52<01:08,  5.56batch/s]
[10.06 05:28:11] ┇ INFO     ┇                 __main__ ┇ *    parsing:  74%|████████████████████████████████████▊             | 1040/1411 [02:54<01:02,  5.96batch/s]
[10.06 05:28:13] ┇ INFO     ┇                 __main__ ┇ *    parsing:  74%|█████████████████████████████████████▏            | 1050/1411 [02:56<01:02,  5.81batch/s]
[10.06 05:28:15] ┇ INFO     ┇                 __main__ ┇ *    parsing:  75%|█████████████████████████████████████▌            | 1060/1411 [02:58<00:57,  6.14batch/s]
[10.06 05:28:16] ┇ INFO     ┇                 __main__ ┇ *    parsing:  76%|█████████████████████████████████████▉            | 1070/1411 [02:59<00:57,  5.95batch/s]
[10.06 05:28:18] ┇ INFO     ┇                 __main__ ┇ *    parsing:  77%|██████████████████████████████████████▎           | 1080/1411 [03:01<01:10,  4.68batch/s]
[10.06 05:28:20] ┇ INFO     ┇                 __main__ ┇ *    parsing:  77%|██████████████████████████████████████▋           | 1090/1411 [03:03<01:00,  5.32batch/s]
[10.06 05:28:22] ┇ INFO     ┇                 __main__ ┇ *    parsing:  78%|██████████████████████████████████████▉           | 1100/1411 [03:05<00:43,  7.18batch/s]
[10.06 05:28:24] ┇ INFO     ┇                 __main__ ┇ *    parsing:  79%|███████████████████████████████████████▎          | 1110/1411 [03:06<00:58,  5.15batch/s]
[10.06 05:28:25] ┇ INFO     ┇                 __main__ ┇ *    parsing:  79%|███████████████████████████████████████▋          | 1120/1411 [03:08<00:46,  6.31batch/s]
[10.06 05:28:27] ┇ INFO     ┇                 __main__ ┇ *    parsing:  80%|████████████████████████████████████████          | 1130/1411 [03:10<00:45,  6.17batch/s]
[10.06 05:28:28] ┇ INFO     ┇                 __main__ ┇ *    parsing:  81%|████████████████████████████████████████▍         | 1140/1411 [03:11<00:39,  6.84batch/s]
[10.06 05:28:30] ┇ INFO     ┇                 __main__ ┇ *    parsing:  82%|████████████████████████████████████████▊         | 1150/1411 [03:13<00:43,  6.02batch/s]
[10.06 05:28:31] ┇ INFO     ┇                 __main__ ┇ *    parsing:  82%|█████████████████████████████████████████         | 1160/1411 [03:14<00:39,  6.32batch/s]
[10.06 05:28:33] ┇ INFO     ┇                 __main__ ┇ *    parsing:  83%|█████████████████████████████████████████▍        | 1170/1411 [03:16<00:40,  6.00batch/s]
[10.06 05:28:35] ┇ INFO     ┇                 __main__ ┇ *    parsing:  84%|█████████████████████████████████████████▊        | 1180/1411 [03:18<00:37,  6.11batch/s]
[10.06 05:28:36] ┇ INFO     ┇                 __main__ ┇ *    parsing:  84%|██████████████████████████████████████████▏       | 1190/1411 [03:19<00:30,  7.21batch/s]
[10.06 05:28:38] ┇ INFO     ┇                 __main__ ┇ *    parsing:  85%|██████████████████████████████████████████▌       | 1200/1411 [03:20<00:27,  7.57batch/s]
[10.06 05:28:39] ┇ INFO     ┇                 __main__ ┇ *    parsing:  86%|██████████████████████████████████████████▉       | 1210/1411 [03:22<00:29,  6.91batch/s]
[10.06 05:28:41] ┇ INFO     ┇                 __main__ ┇ *    parsing:  86%|███████████████████████████████████████████▏      | 1220/1411 [03:23<00:27,  7.03batch/s]
[10.06 05:28:42] ┇ INFO     ┇                 __main__ ┇ *    parsing:  87%|███████████████████████████████████████████▌      | 1230/1411 [03:25<00:26,  6.86batch/s]
[10.06 05:28:43] ┇ INFO     ┇                 __main__ ┇ *    parsing:  88%|███████████████████████████████████████████▉      | 1240/1411 [03:26<00:23,  7.39batch/s]
[10.06 05:28:45] ┇ INFO     ┇                 __main__ ┇ *    parsing:  89%|████████████████████████████████████████████▎     | 1250/1411 [03:28<00:25,  6.27batch/s]
[10.06 05:28:47] ┇ INFO     ┇                 __main__ ┇ *    parsing:  89%|████████████████████████████████████████████▋     | 1260/1411 [03:29<00:23,  6.50batch/s]
[10.06 05:28:48] ┇ INFO     ┇                 __main__ ┇ *    parsing:  90%|█████████████████████████████████████████████     | 1270/1411 [03:31<00:20,  6.90batch/s]
[10.06 05:28:50] ┇ INFO     ┇                 __main__ ┇ *    parsing:  91%|█████████████████████████████████████████████▎    | 1280/1411 [03:32<00:19,  6.63batch/s]
[10.06 05:28:51] ┇ INFO     ┇                 __main__ ┇ *    parsing:  91%|█████████████████████████████████████████████▋    | 1290/1411 [03:34<00:17,  6.99batch/s]
[10.06 05:28:53] ┇ INFO     ┇                 __main__ ┇ *    parsing:  92%|██████████████████████████████████████████████    | 1300/1411 [03:35<00:18,  6.05batch/s]
[10.06 05:28:54] ┇ INFO     ┇                 __main__ ┇ *    parsing:  93%|██████████████████████████████████████████████▍   | 1310/1411 [03:37<00:15,  6.57batch/s]
[10.06 05:28:56] ┇ INFO     ┇                 __main__ ┇ *    parsing:  94%|██████████████████████████████████████████████▊   | 1320/1411 [03:38<00:13,  6.50batch/s]
[10.06 05:28:57] ┇ INFO     ┇                 __main__ ┇ *    parsing:  94%|███████████████████████████████████████████████▏  | 1330/1411 [03:40<00:11,  7.08batch/s]
[10.06 05:28:59] ┇ INFO     ┇                 __main__ ┇ *    parsing:  95%|███████████████████████████████████████████████▍  | 1340/1411 [03:42<00:10,  6.56batch/s]
[10.06 05:29:00] ┇ INFO     ┇                 __main__ ┇ *    parsing:  96%|███████████████████████████████████████████████▊  | 1350/1411 [03:43<00:12,  5.04batch/s]
[10.06 05:29:02] ┇ INFO     ┇                 __main__ ┇ *    parsing:  96%|████████████████████████████████████████████████▏ | 1360/1411 [03:45<00:08,  6.37batch/s]
[10.06 05:29:04] ┇ INFO     ┇                 __main__ ┇ *    parsing:  97%|████████████████████████████████████████████████▌ | 1370/1411 [03:46<00:06,  6.66batch/s]
[10.06 05:29:05] ┇ INFO     ┇                 __main__ ┇ *    parsing:  98%|████████████████████████████████████████████████▉ | 1380/1411 [03:48<00:04,  6.51batch/s]
[10.06 05:29:07] ┇ INFO     ┇                 __main__ ┇ *    parsing:  99%|█████████████████████████████████████████████████▎| 1390/1411 [03:50<00:03,  6.23batch/s]
[10.06 05:29:08] ┇ INFO     ┇                 __main__ ┇ *    parsing:  99%|█████████████████████████████████████████████████▌| 1400/1411 [03:51<00:01,  6.57batch/s]
[10.06 05:29:10] ┇ INFO     ┇                 __main__ ┇ *    parsing: 100%|█████████████████████████████████████████████████▉| 1410/1411 [03:53<00:00,  6.89batch/s]
[10.06 05:29:10] ┇ INFO     ┇                 __main__ ┇ *    parsing: 100%|██████████████████████████████████████████████████| 1411/1411 [03:53<00:00,  6.05batch/s]
[10.06 05:29:18] ┇ INFO     ┇                 __main__ ┇ *     saving:  49%|████████████████████████▎                         | 979513/2009658 [00:06<00:07, 142346.52row/s]
[10.06 05:29:25] ┇ INFO     ┇                 __main__ ┇ *     saving:  99%|█████████████████████████████████████████████████▋| 1997379/2009658 [00:13<00:00, 158845.88row/s]
[10.06 05:29:25] ┇ INFO     ┇                 __main__ ┇ *     saving: 100%|██████████████████████████████████████████████████| 2009658/2009658 [00:13<00:00, 147649.04row/s]
[10.06 05:29:25] ┇ INFO     ┇                 __main__ ┇ Saved 2009658 rows to [input/wikimedia/wikipedia-20230920-parse-kowiki-new.jsonl]
[10.06 05:29:25] ┇ INFO     ┇           chrisbase.data ┇ =========================================================================================================================================
[10.06 05:29:25] ┇ INFO     ┇           chrisbase.data ┇ [EXIT] python parse_wikipedia.py  ($=00:04:07.954)
[10.06 05:29:25] ┇ INFO     ┇           chrisbase.data ┇ =========================================================================================================================================
