[09.27 16:48:20] ┇ INFO     ┇           chrisbase.data ┇ =========================================================================================================================================
[09.27 16:48:20] ┇ INFO     ┇           chrisbase.data ┇ [INIT] python parse_wikipedia.py 
[09.27 16:48:20] ┇ INFO     ┇           chrisbase.data ┇ =========================================================================================================================================
[09.27 16:48:21] ┇ INFO     ┇           chrisbase.data ┇ -----+--------------------+----------------------------------------------------------
[09.27 16:48:21] ┇ INFO     ┇           chrisbase.data ┇    # | ProgramArguments   | value
[09.27 16:48:21] ┇ INFO     ┇           chrisbase.data ┇ -----+--------------------+----------------------------------------------------------
[09.27 16:48:21] ┇ INFO     ┇           chrisbase.data ┇    1 | time.started       | [09.27 16:48:21]
[09.27 16:48:21] ┇ INFO     ┇           chrisbase.data ┇    2 | time.settled       |
[09.27 16:48:21] ┇ INFO     ┇           chrisbase.data ┇    3 | time.elapsed       |
[09.27 16:48:21] ┇ INFO     ┇           chrisbase.data ┇    4 | env.project        | WiseData
[09.27 16:48:21] ┇ INFO     ┇           chrisbase.data ┇    5 | env.job_name       | parse_wikipedia
[09.27 16:48:21] ┇ INFO     ┇           chrisbase.data ┇    6 | env.hostname       | chrisBookPro.local
[09.27 16:48:21] ┇ INFO     ┇           chrisbase.data ┇    7 | env.hostaddr       | 192.168.0.2
[09.27 16:48:21] ┇ INFO     ┇           chrisbase.data ┇    8 | env.python_path    | /Users/chris/miniforge3/envs/WiseData-2023.08/bin/python
[09.27 16:48:21] ┇ INFO     ┇           chrisbase.data ┇    9 | env.working_path   | /Users/chris/proj/WiseData-2023.08
[09.27 16:48:21] ┇ INFO     ┇           chrisbase.data ┇   10 | env.running_file   | parse_wikipedia.py
[09.27 16:48:21] ┇ INFO     ┇           chrisbase.data ┇   11 | env.command_args   | []
[09.27 16:48:21] ┇ INFO     ┇           chrisbase.data ┇   12 | env.num_ip_addrs   | 0
[09.27 16:48:21] ┇ INFO     ┇           chrisbase.data ┇   13 | env.max_workers    | 1
[09.27 16:48:21] ┇ INFO     ┇           chrisbase.data ┇   14 | env.output_home    | output-parse_wikipedia
[09.27 16:48:21] ┇ INFO     ┇           chrisbase.data ┇   15 | env.logging_file   | logging-0927.164819.out
[09.27 16:48:21] ┇ INFO     ┇           chrisbase.data ┇   16 | env.argument_file  | arguments-0927.164819.json
[09.27 16:48:21] ┇ INFO     ┇           chrisbase.data ┇   17 | env.debugging      | False
[09.27 16:48:21] ┇ INFO     ┇           chrisbase.data ┇   18 | env.msg_level      | 20
[09.27 16:48:21] ┇ INFO     ┇           chrisbase.data ┇   19 | env.msg_format     | %(asctime)s ┇ %(levelname)-8s ┇ %(name)24s ┇ %(message)s
[09.27 16:48:21] ┇ INFO     ┇           chrisbase.data ┇   20 | env.date_format    | [%m.%d %H:%M:%S]
[09.27 16:48:21] ┇ INFO     ┇           chrisbase.data ┇   21 | env.time_stamp     | 0927.164819
[09.27 16:48:21] ┇ INFO     ┇           chrisbase.data ┇   22 | data.home          | input/Wikidata-parse
[09.27 16:48:21] ┇ INFO     ┇           chrisbase.data ┇   23 | data.name          | Wikipedia-20230920-crawl-kowiki.jsonl.bz2
[09.27 16:48:21] ┇ INFO     ┇           chrisbase.data ┇   24 | data.total         | 1410203
[09.27 16:48:21] ┇ INFO     ┇           chrisbase.data ┇   25 | data.start         | 0
[09.27 16:48:21] ┇ INFO     ┇           chrisbase.data ┇   26 | data.limit         | -1
[09.27 16:48:21] ┇ INFO     ┇           chrisbase.data ┇   27 | data.batch         | 1000
[09.27 16:48:21] ┇ INFO     ┇           chrisbase.data ┇   28 | data.from_scratch  | True
[09.27 16:48:21] ┇ INFO     ┇           chrisbase.data ┇   29 | data.prog_interval | 10000
[09.27 16:48:21] ┇ INFO     ┇           chrisbase.data ┇   30 | other              |
[09.27 16:48:21] ┇ INFO     ┇           chrisbase.data ┇ -----+--------------------+----------------------------------------------------------
[09.27 16:48:21] ┇ INFO     ┇                 __main__ ┇ Clear database table: localhost:6382/WiseData/parse_wikipedia
[09.27 16:48:21] ┇ INFO     ┇                 __main__ ┇ Parse 1410203 inputs with 1411 batches
[09.27 16:48:27] ┇ INFO     ┇                 __main__ ┇ *  importing:   1%|▎                                                 | 10/1411 [00:06<09:19,  2.51batch/s]
[09.27 16:48:30] ┇ INFO     ┇                 __main__ ┇ *  importing:   1%|▋                                                 | 20/1411 [00:09<08:39,  2.68batch/s]
[09.27 16:48:36] ┇ INFO     ┇                 __main__ ┇ *  importing:   2%|█                                                 | 30/1411 [00:15<11:50,  1.94batch/s]
[09.27 16:48:42] ┇ INFO     ┇                 __main__ ┇ *  importing:   3%|█▍                                                | 40/1411 [00:21<15:42,  1.45batch/s]
[09.27 16:48:48] ┇ INFO     ┇                 __main__ ┇ *  importing:   4%|█▊                                                | 50/1411 [00:27<15:19,  1.48batch/s]
[09.27 16:48:54] ┇ INFO     ┇                 __main__ ┇ *  importing:   4%|██▏                                               | 60/1411 [00:33<11:13,  2.01batch/s]
[09.27 16:48:57] ┇ INFO     ┇                 __main__ ┇ *  importing:   5%|██▍                                               | 70/1411 [00:36<08:29,  2.63batch/s]
[09.27 16:49:02] ┇ INFO     ┇                 __main__ ┇ *  importing:   6%|██▊                                               | 80/1411 [00:41<09:41,  2.29batch/s]
[09.27 16:49:06] ┇ INFO     ┇                 __main__ ┇ *  importing:   6%|███▏                                              | 90/1411 [00:45<09:09,  2.41batch/s]
[09.27 16:49:10] ┇ INFO     ┇                 __main__ ┇ *  importing:   7%|███▌                                              | 100/1411 [00:49<08:07,  2.69batch/s]
[09.27 16:49:14] ┇ INFO     ┇                 __main__ ┇ *  importing:   8%|███▉                                              | 110/1411 [00:53<07:22,  2.94batch/s]
[09.27 16:49:19] ┇ INFO     ┇                 __main__ ┇ *  importing:   9%|████▎                                             | 120/1411 [00:58<10:11,  2.11batch/s]
[09.27 16:49:23] ┇ INFO     ┇                 __main__ ┇ *  importing:   9%|████▌                                             | 130/1411 [01:02<08:52,  2.41batch/s]
[09.27 16:49:27] ┇ INFO     ┇                 __main__ ┇ *  importing:  10%|████▉                                             | 140/1411 [01:06<08:14,  2.57batch/s]
[09.27 16:49:31] ┇ INFO     ┇                 __main__ ┇ *  importing:  11%|█████▎                                            | 150/1411 [01:10<09:37,  2.18batch/s]
[09.27 16:49:36] ┇ INFO     ┇                 __main__ ┇ *  importing:  11%|█████▋                                            | 160/1411 [01:15<09:39,  2.16batch/s]
[09.27 16:49:39] ┇ INFO     ┇                 __main__ ┇ *  importing:  12%|██████                                            | 170/1411 [01:18<07:17,  2.84batch/s]
[09.27 16:49:44] ┇ INFO     ┇                 __main__ ┇ *  importing:  13%|██████▍                                           | 180/1411 [01:23<09:17,  2.21batch/s]
[09.27 16:49:48] ┇ INFO     ┇                 __main__ ┇ *  importing:  13%|██████▋                                           | 190/1411 [01:27<10:00,  2.03batch/s]
[09.27 16:49:54] ┇ INFO     ┇                 __main__ ┇ *  importing:  14%|███████                                           | 200/1411 [01:33<10:41,  1.89batch/s]
[09.27 16:49:59] ┇ INFO     ┇                 __main__ ┇ *  importing:  15%|███████▍                                          | 210/1411 [01:38<09:18,  2.15batch/s]
[09.27 16:50:05] ┇ INFO     ┇                 __main__ ┇ *  importing:  16%|███████▊                                          | 220/1411 [01:44<10:57,  1.81batch/s]
[09.27 16:50:09] ┇ INFO     ┇                 __main__ ┇ *  importing:  16%|████████▏                                         | 230/1411 [01:48<08:43,  2.26batch/s]
[09.27 16:50:15] ┇ INFO     ┇                 __main__ ┇ *  importing:  17%|████████▌                                         | 240/1411 [01:54<09:46,  2.00batch/s]
[09.27 16:50:19] ┇ INFO     ┇                 __main__ ┇ *  importing:  18%|████████▊                                         | 250/1411 [01:58<08:27,  2.29batch/s]
[09.27 16:50:24] ┇ INFO     ┇                 __main__ ┇ *  importing:  18%|█████████▏                                        | 260/1411 [02:03<09:38,  1.99batch/s]
[09.27 16:50:29] ┇ INFO     ┇                 __main__ ┇ *  importing:  19%|█████████▌                                        | 270/1411 [02:08<09:57,  1.91batch/s]
[09.27 16:50:34] ┇ INFO     ┇                 __main__ ┇ *  importing:  20%|█████████▉                                        | 280/1411 [02:13<08:59,  2.10batch/s]
[09.27 16:50:38] ┇ INFO     ┇                 __main__ ┇ *  importing:  21%|██████████▎                                       | 290/1411 [02:17<10:13,  1.83batch/s]
[09.27 16:50:44] ┇ INFO     ┇                 __main__ ┇ *  importing:  21%|██████████▋                                       | 300/1411 [02:23<09:54,  1.87batch/s]
[09.27 16:50:49] ┇ INFO     ┇                 __main__ ┇ *  importing:  22%|██████████▉                                       | 310/1411 [02:27<07:39,  2.39batch/s]
[09.27 16:50:52] ┇ INFO     ┇                 __main__ ┇ *  importing:  23%|███████████▎                                      | 320/1411 [02:31<07:02,  2.58batch/s]
[09.27 16:50:57] ┇ INFO     ┇                 __main__ ┇ *  importing:  23%|███████████▋                                      | 330/1411 [02:36<06:41,  2.69batch/s]
[09.27 16:51:01] ┇ INFO     ┇                 __main__ ┇ *  importing:  24%|████████████                                      | 340/1411 [02:40<07:14,  2.47batch/s]
[09.27 16:51:04] ┇ INFO     ┇                 __main__ ┇ *  importing:  25%|████████████▍                                     | 350/1411 [02:43<06:17,  2.81batch/s]
[09.27 16:51:08] ┇ INFO     ┇                 __main__ ┇ *  importing:  26%|████████████▊                                     | 360/1411 [02:47<06:27,  2.71batch/s]
[09.27 16:51:13] ┇ INFO     ┇                 __main__ ┇ *  importing:  26%|█████████████                                     | 370/1411 [02:52<07:57,  2.18batch/s]
[09.27 16:51:19] ┇ INFO     ┇                 __main__ ┇ *  importing:  27%|█████████████▍                                    | 380/1411 [02:58<09:17,  1.85batch/s]
[09.27 16:51:23] ┇ INFO     ┇                 __main__ ┇ *  importing:  28%|█████████████▊                                    | 390/1411 [03:02<06:59,  2.44batch/s]
[09.27 16:51:26] ┇ INFO     ┇                 __main__ ┇ *  importing:  28%|██████████████▏                                   | 400/1411 [03:05<05:36,  3.00batch/s]
[09.27 16:51:30] ┇ INFO     ┇                 __main__ ┇ *  importing:  29%|██████████████▌                                   | 410/1411 [03:09<07:04,  2.36batch/s]
[09.27 16:51:35] ┇ INFO     ┇                 __main__ ┇ *  importing:  30%|██████████████▉                                   | 420/1411 [03:14<07:19,  2.25batch/s]
[09.27 16:51:39] ┇ INFO     ┇                 __main__ ┇ *  importing:  30%|███████████████▏                                  | 430/1411 [03:18<07:08,  2.29batch/s]
[09.27 16:51:43] ┇ INFO     ┇                 __main__ ┇ *  importing:  31%|███████████████▌                                  | 440/1411 [03:22<06:11,  2.61batch/s]
[09.27 16:51:47] ┇ INFO     ┇                 __main__ ┇ *  importing:  32%|███████████████▉                                  | 450/1411 [03:26<05:48,  2.76batch/s]
[09.27 16:51:50] ┇ INFO     ┇                 __main__ ┇ *  importing:  33%|████████████████▎                                 | 460/1411 [03:29<06:52,  2.31batch/s]
[09.27 16:51:54] ┇ INFO     ┇                 __main__ ┇ *  importing:  33%|████████████████▋                                 | 470/1411 [03:33<05:46,  2.72batch/s]
[09.27 16:51:58] ┇ INFO     ┇                 __main__ ┇ *  importing:  34%|█████████████████                                 | 480/1411 [03:37<08:02,  1.93batch/s]
[09.27 16:52:02] ┇ INFO     ┇                 __main__ ┇ *  importing:  35%|█████████████████▎                                | 490/1411 [03:41<05:07,  3.00batch/s]
[09.27 16:52:05] ┇ INFO     ┇                 __main__ ┇ *  importing:  35%|█████████████████▋                                | 500/1411 [03:44<04:52,  3.11batch/s]
[09.27 16:52:09] ┇ INFO     ┇                 __main__ ┇ *  importing:  36%|██████████████████                                | 510/1411 [03:48<05:00,  3.00batch/s]
[09.27 16:52:13] ┇ INFO     ┇                 __main__ ┇ *  importing:  37%|██████████████████▍                               | 520/1411 [03:52<05:47,  2.57batch/s]
[09.27 16:52:16] ┇ INFO     ┇                 __main__ ┇ *  importing:  38%|██████████████████▊                               | 530/1411 [03:55<05:22,  2.73batch/s]
[09.27 16:52:21] ┇ INFO     ┇                 __main__ ┇ *  importing:  38%|███████████████████▏                              | 540/1411 [04:00<05:58,  2.43batch/s]
[09.27 16:52:25] ┇ INFO     ┇                 __main__ ┇ *  importing:  39%|███████████████████▍                              | 550/1411 [04:04<07:02,  2.04batch/s]
[09.27 16:52:29] ┇ INFO     ┇                 __main__ ┇ *  importing:  40%|███████████████████▊                              | 560/1411 [04:08<06:15,  2.27batch/s]
[09.27 16:52:34] ┇ INFO     ┇                 __main__ ┇ *  importing:  40%|████████████████████▏                             | 570/1411 [04:13<06:02,  2.32batch/s]
[09.27 16:52:38] ┇ INFO     ┇                 __main__ ┇ *  importing:  41%|████████████████████▌                             | 580/1411 [04:17<06:23,  2.17batch/s]
[09.27 16:52:43] ┇ INFO     ┇                 __main__ ┇ *  importing:  42%|████████████████████▉                             | 590/1411 [04:22<05:40,  2.41batch/s]
[09.27 16:52:47] ┇ INFO     ┇                 __main__ ┇ *  importing:  43%|█████████████████████▎                            | 600/1411 [04:26<05:11,  2.61batch/s]
[09.27 16:52:51] ┇ INFO     ┇                 __main__ ┇ *  importing:  43%|█████████████████████▌                            | 610/1411 [04:30<05:20,  2.50batch/s]
[09.27 16:52:56] ┇ INFO     ┇                 __main__ ┇ *  importing:  44%|█████████████████████▉                            | 620/1411 [04:35<07:06,  1.86batch/s]
[09.27 16:53:00] ┇ INFO     ┇                 __main__ ┇ *  importing:  45%|██████████████████████▎                           | 630/1411 [04:39<05:03,  2.58batch/s]
[09.27 16:53:04] ┇ INFO     ┇                 __main__ ┇ *  importing:  45%|██████████████████████▋                           | 640/1411 [04:43<05:12,  2.47batch/s]
[09.27 16:53:08] ┇ INFO     ┇                 __main__ ┇ *  importing:  46%|███████████████████████                           | 650/1411 [04:47<04:52,  2.61batch/s]
[09.27 16:53:12] ┇ INFO     ┇                 __main__ ┇ *  importing:  47%|███████████████████████▍                          | 660/1411 [04:51<04:47,  2.61batch/s]
[09.27 16:53:16] ┇ INFO     ┇                 __main__ ┇ *  importing:  47%|███████████████████████▋                          | 670/1411 [04:55<04:53,  2.53batch/s]
[09.27 16:53:19] ┇ INFO     ┇                 __main__ ┇ *  importing:  48%|████████████████████████                          | 680/1411 [04:58<04:02,  3.02batch/s]
[09.27 16:53:24] ┇ INFO     ┇                 __main__ ┇ *  importing:  49%|████████████████████████▍                         | 690/1411 [05:03<05:03,  2.38batch/s]
[09.27 16:53:27] ┇ INFO     ┇                 __main__ ┇ *  importing:  50%|████████████████████████▊                         | 700/1411 [05:06<04:07,  2.87batch/s]
[09.27 16:53:31] ┇ INFO     ┇                 __main__ ┇ *  importing:  50%|█████████████████████████▏                        | 710/1411 [05:10<04:41,  2.49batch/s]
[09.27 16:53:36] ┇ INFO     ┇                 __main__ ┇ *  importing:  51%|█████████████████████████▌                        | 720/1411 [05:15<04:19,  2.67batch/s]
[09.27 16:53:39] ┇ INFO     ┇                 __main__ ┇ *  importing:  52%|█████████████████████████▊                        | 730/1411 [05:18<04:11,  2.71batch/s]
[09.27 16:53:44] ┇ INFO     ┇                 __main__ ┇ *  importing:  52%|██████████████████████████▏                       | 740/1411 [05:23<04:57,  2.25batch/s]
[09.27 16:53:48] ┇ INFO     ┇                 __main__ ┇ *  importing:  53%|██████████████████████████▌                       | 750/1411 [05:27<05:25,  2.03batch/s]
[09.27 16:53:52] ┇ INFO     ┇                 __main__ ┇ *  importing:  54%|██████████████████████████▉                       | 760/1411 [05:31<03:56,  2.75batch/s]
[09.27 16:53:56] ┇ INFO     ┇                 __main__ ┇ *  importing:  55%|███████████████████████████▎                      | 770/1411 [05:35<04:32,  2.35batch/s]
[09.27 16:53:59] ┇ INFO     ┇                 __main__ ┇ *  importing:  55%|███████████████████████████▋                      | 780/1411 [05:38<03:20,  3.14batch/s]
[09.27 16:54:04] ┇ INFO     ┇                 __main__ ┇ *  importing:  56%|███████████████████████████▉                      | 790/1411 [05:43<04:43,  2.19batch/s]
[09.27 16:54:08] ┇ INFO     ┇                 __main__ ┇ *  importing:  57%|████████████████████████████▎                     | 800/1411 [05:47<04:33,  2.23batch/s]
[09.27 16:54:12] ┇ INFO     ┇                 __main__ ┇ *  importing:  57%|████████████████████████████▋                     | 810/1411 [05:51<03:52,  2.59batch/s]
[09.27 16:54:16] ┇ INFO     ┇                 __main__ ┇ *  importing:  58%|█████████████████████████████                     | 820/1411 [05:55<03:42,  2.65batch/s]
[09.27 16:54:19] ┇ INFO     ┇                 __main__ ┇ *  importing:  59%|█████████████████████████████▍                    | 830/1411 [05:58<03:43,  2.60batch/s]
[09.27 16:54:23] ┇ INFO     ┇                 __main__ ┇ *  importing:  60%|█████████████████████████████▊                    | 840/1411 [06:02<03:56,  2.41batch/s]
[09.27 16:54:26] ┇ INFO     ┇                 __main__ ┇ *  importing:  60%|██████████████████████████████                    | 850/1411 [06:05<02:47,  3.34batch/s]
[09.27 16:54:30] ┇ INFO     ┇                 __main__ ┇ *  importing:  61%|██████████████████████████████▍                   | 860/1411 [06:08<02:36,  3.53batch/s]
[09.27 16:54:33] ┇ INFO     ┇                 __main__ ┇ *  importing:  62%|██████████████████████████████▊                   | 870/1411 [06:12<04:09,  2.17batch/s]
[09.27 16:54:37] ┇ INFO     ┇                 __main__ ┇ *  importing:  62%|███████████████████████████████▏                  | 880/1411 [06:16<03:17,  2.69batch/s]
[09.27 16:54:40] ┇ INFO     ┇                 __main__ ┇ *  importing:  63%|███████████████████████████████▌                  | 890/1411 [06:19<02:42,  3.21batch/s]
[09.27 16:54:44] ┇ INFO     ┇                 __main__ ┇ *  importing:  64%|███████████████████████████████▉                  | 900/1411 [06:23<03:04,  2.76batch/s]
[09.27 16:54:48] ┇ INFO     ┇                 __main__ ┇ *  importing:  64%|████████████████████████████████▏                 | 910/1411 [06:27<03:23,  2.46batch/s]
[09.27 16:54:52] ┇ INFO     ┇                 __main__ ┇ *  importing:  65%|████████████████████████████████▌                 | 920/1411 [06:31<02:56,  2.79batch/s]
[09.27 16:54:55] ┇ INFO     ┇                 __main__ ┇ *  importing:  66%|████████████████████████████████▉                 | 930/1411 [06:34<03:21,  2.39batch/s]
[09.27 16:54:59] ┇ INFO     ┇                 __main__ ┇ *  importing:  67%|█████████████████████████████████▎                | 940/1411 [06:38<02:23,  3.28batch/s]
[09.27 16:55:02] ┇ INFO     ┇                 __main__ ┇ *  importing:  67%|█████████████████████████████████▋                | 950/1411 [06:41<02:43,  2.81batch/s]
[09.27 16:55:06] ┇ INFO     ┇                 __main__ ┇ *  importing:  68%|██████████████████████████████████                | 960/1411 [06:45<02:50,  2.64batch/s]
[09.27 16:55:10] ┇ INFO     ┇                 __main__ ┇ *  importing:  69%|██████████████████████████████████▎               | 970/1411 [06:49<03:09,  2.33batch/s]
[09.27 16:55:14] ┇ INFO     ┇                 __main__ ┇ *  importing:  69%|██████████████████████████████████▋               | 980/1411 [06:53<02:52,  2.49batch/s]
[09.27 16:55:18] ┇ INFO     ┇                 __main__ ┇ *  importing:  70%|███████████████████████████████████               | 990/1411 [06:57<02:49,  2.48batch/s]
[09.27 16:55:22] ┇ INFO     ┇                 __main__ ┇ *  importing:  71%|███████████████████████████████████▍              | 1000/1411 [07:01<02:51,  2.40batch/s]
[09.27 16:55:27] ┇ INFO     ┇                 __main__ ┇ *  importing:  72%|███████████████████████████████████▊              | 1010/1411 [07:06<02:39,  2.51batch/s]
[09.27 16:55:31] ┇ INFO     ┇                 __main__ ┇ *  importing:  72%|████████████████████████████████████▏             | 1020/1411 [07:10<02:44,  2.38batch/s]
[09.27 16:55:36] ┇ INFO     ┇                 __main__ ┇ *  importing:  73%|████████████████████████████████████▍             | 1030/1411 [07:15<03:00,  2.11batch/s]
[09.27 16:55:40] ┇ INFO     ┇                 __main__ ┇ *  importing:  74%|████████████████████████████████████▊             | 1040/1411 [07:19<02:25,  2.55batch/s]
[09.27 16:55:45] ┇ INFO     ┇                 __main__ ┇ *  importing:  74%|█████████████████████████████████████▏            | 1050/1411 [07:24<02:47,  2.15batch/s]
[09.27 16:55:49] ┇ INFO     ┇                 __main__ ┇ *  importing:  75%|█████████████████████████████████████▌            | 1060/1411 [07:28<02:19,  2.52batch/s]
[09.27 16:55:53] ┇ INFO     ┇                 __main__ ┇ *  importing:  76%|█████████████████████████████████████▉            | 1070/1411 [07:32<02:14,  2.53batch/s]
[09.27 16:55:58] ┇ INFO     ┇                 __main__ ┇ *  importing:  77%|██████████████████████████████████████▎           | 1080/1411 [07:37<02:46,  1.99batch/s]
[09.27 16:56:03] ┇ INFO     ┇                 __main__ ┇ *  importing:  77%|██████████████████████████████████████▋           | 1090/1411 [07:42<02:25,  2.20batch/s]
[09.27 16:56:06] ┇ INFO     ┇                 __main__ ┇ *  importing:  78%|██████████████████████████████████████▉           | 1100/1411 [07:45<01:48,  2.88batch/s]
[09.27 16:56:10] ┇ INFO     ┇                 __main__ ┇ *  importing:  79%|███████████████████████████████████████▎          | 1110/1411 [07:49<02:36,  1.92batch/s]
[09.27 16:56:14] ┇ INFO     ┇                 __main__ ┇ *  importing:  79%|███████████████████████████████████████▋          | 1120/1411 [07:53<01:54,  2.55batch/s]
[09.27 16:56:18] ┇ INFO     ┇                 __main__ ┇ *  importing:  80%|████████████████████████████████████████          | 1130/1411 [07:57<01:49,  2.57batch/s]
[09.27 16:56:22] ┇ INFO     ┇                 __main__ ┇ *  importing:  81%|████████████████████████████████████████▍         | 1140/1411 [08:01<01:42,  2.65batch/s]
[09.27 16:56:26] ┇ INFO     ┇                 __main__ ┇ *  importing:  82%|████████████████████████████████████████▊         | 1150/1411 [08:05<01:39,  2.63batch/s]
[09.27 16:56:29] ┇ INFO     ┇                 __main__ ┇ *  importing:  82%|█████████████████████████████████████████         | 1160/1411 [08:08<01:45,  2.39batch/s]
[09.27 16:56:34] ┇ INFO     ┇                 __main__ ┇ *  importing:  83%|█████████████████████████████████████████▍        | 1170/1411 [08:13<01:51,  2.17batch/s]
[09.27 16:56:39] ┇ INFO     ┇                 __main__ ┇ *  importing:  84%|█████████████████████████████████████████▊        | 1180/1411 [08:18<01:36,  2.40batch/s]
[09.27 16:56:42] ┇ INFO     ┇                 __main__ ┇ *  importing:  84%|██████████████████████████████████████████▏       | 1190/1411 [08:21<01:10,  3.12batch/s]
[09.27 16:56:45] ┇ INFO     ┇                 __main__ ┇ *  importing:  85%|██████████████████████████████████████████▌       | 1200/1411 [08:24<01:09,  3.04batch/s]
[09.27 16:56:49] ┇ INFO     ┇                 __main__ ┇ *  importing:  86%|██████████████████████████████████████████▉       | 1210/1411 [08:28<01:13,  2.73batch/s]
[09.27 16:56:52] ┇ INFO     ┇                 __main__ ┇ *  importing:  86%|███████████████████████████████████████████▏      | 1220/1411 [08:31<01:02,  3.04batch/s]
[09.27 16:56:56] ┇ INFO     ┇                 __main__ ┇ *  importing:  87%|███████████████████████████████████████████▌      | 1230/1411 [08:35<01:04,  2.79batch/s]
[09.27 16:56:59] ┇ INFO     ┇                 __main__ ┇ *  importing:  88%|███████████████████████████████████████████▉      | 1240/1411 [08:38<00:54,  3.16batch/s]
[09.27 16:57:03] ┇ INFO     ┇                 __main__ ┇ *  importing:  89%|████████████████████████████████████████████▎     | 1250/1411 [08:42<00:59,  2.72batch/s]
[09.27 16:57:06] ┇ INFO     ┇                 __main__ ┇ *  importing:  89%|████████████████████████████████████████████▋     | 1260/1411 [08:45<00:49,  3.05batch/s]
[09.27 16:57:10] ┇ INFO     ┇                 __main__ ┇ *  importing:  90%|█████████████████████████████████████████████     | 1270/1411 [08:49<00:45,  3.08batch/s]
[09.27 16:57:13] ┇ INFO     ┇                 __main__ ┇ *  importing:  91%|█████████████████████████████████████████████▎    | 1280/1411 [08:52<00:42,  3.06batch/s]
[09.27 16:57:17] ┇ INFO     ┇                 __main__ ┇ *  importing:  91%|█████████████████████████████████████████████▋    | 1290/1411 [08:56<00:40,  2.96batch/s]
[09.27 16:57:20] ┇ INFO     ┇                 __main__ ┇ *  importing:  92%|██████████████████████████████████████████████    | 1300/1411 [08:59<00:42,  2.64batch/s]
[09.27 16:57:24] ┇ INFO     ┇                 __main__ ┇ *  importing:  93%|██████████████████████████████████████████████▍   | 1310/1411 [09:03<00:40,  2.50batch/s]
[09.27 16:57:28] ┇ INFO     ┇                 __main__ ┇ *  importing:  94%|██████████████████████████████████████████████▊   | 1320/1411 [09:07<00:35,  2.59batch/s]
[09.27 16:57:31] ┇ INFO     ┇                 __main__ ┇ *  importing:  94%|███████████████████████████████████████████████▏  | 1330/1411 [09:10<00:26,  3.00batch/s]
[09.27 16:57:35] ┇ INFO     ┇                 __main__ ┇ *  importing:  95%|███████████████████████████████████████████████▍  | 1340/1411 [09:14<00:25,  2.80batch/s]
[09.27 16:57:39] ┇ INFO     ┇                 __main__ ┇ *  importing:  96%|███████████████████████████████████████████████▊  | 1350/1411 [09:18<00:32,  1.87batch/s]
[09.27 16:57:43] ┇ INFO     ┇                 __main__ ┇ *  importing:  96%|████████████████████████████████████████████████▏ | 1360/1411 [09:22<00:19,  2.62batch/s]
[09.27 16:57:47] ┇ INFO     ┇                 __main__ ┇ *  importing:  97%|████████████████████████████████████████████████▌ | 1370/1411 [09:26<00:14,  2.77batch/s]
[09.27 16:57:51] ┇ INFO     ┇                 __main__ ┇ *  importing:  98%|████████████████████████████████████████████████▉ | 1380/1411 [09:30<00:11,  2.71batch/s]
[09.27 16:57:55] ┇ INFO     ┇                 __main__ ┇ *  importing:  99%|█████████████████████████████████████████████████▎| 1390/1411 [09:34<00:08,  2.42batch/s]
[09.27 16:57:59] ┇ INFO     ┇                 __main__ ┇ *  importing:  99%|█████████████████████████████████████████████████▌| 1400/1411 [09:38<00:04,  2.74batch/s]
[09.27 16:58:02] ┇ INFO     ┇                 __main__ ┇ *  importing: 100%|█████████████████████████████████████████████████▉| 1410/1411 [09:41<00:00,  2.68batch/s]
[09.27 16:58:03] ┇ INFO     ┇                 __main__ ┇ *  importing: 100%|██████████████████████████████████████████████████| 1411/1411 [09:42<00:00,  2.42batch/s]
[09.27 16:58:11] ┇ INFO     ┇                 __main__ ┇ *  exporting:  10%|█████                                             | 982110/9740173 [00:04<00:48, 181846.26row/s]
[09.27 16:58:15] ┇ INFO     ┇                 __main__ ┇ *  exporting:  20%|██████████▏                                       | 1977554/9740173 [00:09<00:35, 219170.62row/s]
[09.27 16:58:20] ┇ INFO     ┇                 __main__ ┇ *  exporting:  31%|███████████████▎                                  | 2991510/9740173 [00:14<00:29, 232206.72row/s]
[09.27 16:58:25] ┇ INFO     ┇                 __main__ ┇ *  exporting:  41%|████████████████████▌                             | 3997354/9740173 [00:18<00:25, 228035.15row/s]
[09.27 16:58:29] ┇ INFO     ┇                 __main__ ┇ *  exporting:  51%|█████████████████████████▌                        | 4968372/9740173 [00:23<00:20, 235810.59row/s]
[09.27 16:58:33] ┇ INFO     ┇                 __main__ ┇ *  exporting:  61%|██████████████████████████████▋                   | 5987840/9740173 [00:27<00:15, 238172.91row/s]
[09.27 16:58:38] ┇ INFO     ┇                 __main__ ┇ *  exporting:  72%|███████████████████████████████████▊              | 6988442/9740173 [00:31<00:11, 243921.99row/s]
[09.27 16:58:42] ┇ INFO     ┇                 __main__ ┇ *  exporting:  82%|████████████████████████████████████████▉         | 7983238/9740173 [00:36<00:08, 201545.22row/s]
[09.27 16:58:47] ┇ INFO     ┇                 __main__ ┇ *  exporting:  92%|██████████████████████████████████████████████▏   | 8987433/9740173 [00:40<00:02, 254543.02row/s]
[09.27 16:58:50] ┇ INFO     ┇                 __main__ ┇ *  exporting: 100%|██████████████████████████████████████████████████| 9740173/9740173 [00:44<00:00, 220877.28row/s]
[09.27 16:58:50] ┇ INFO     ┇                 __main__ ┇ Export 9740173 rows to output-parse_wikipedia/Wikipedia-20230920-parse-kowiki-0927.164819.jsonl
[09.27 16:58:50] ┇ INFO     ┇           chrisbase.data ┇ =========================================================================================================================================
[09.27 16:58:50] ┇ INFO     ┇           chrisbase.data ┇ [EXIT] python parse_wikipedia.py  ($=00:10:29.327)
[09.27 16:58:50] ┇ INFO     ┇           chrisbase.data ┇ =========================================================================================================================================
