[10.05 19:16:33] ┇ INFO     ┇           chrisbase.data ┇ =========================================================================================================================================
[10.05 19:16:33] ┇ INFO     ┇           chrisbase.data ┇ [INIT] python parse_wikipedia.py 
[10.05 19:16:33] ┇ INFO     ┇           chrisbase.data ┇ =========================================================================================================================================
[10.05 19:16:34] ┇ INFO     ┇           chrisbase.data ┇ -----+-----------------------+----------------------------------------------------------
[10.05 19:16:34] ┇ INFO     ┇           chrisbase.data ┇    # | ProgramArguments      | value
[10.05 19:16:34] ┇ INFO     ┇           chrisbase.data ┇ -----+-----------------------+----------------------------------------------------------
[10.05 19:16:34] ┇ INFO     ┇           chrisbase.data ┇    1 | env.project           | WiseData
[10.05 19:16:34] ┇ INFO     ┇           chrisbase.data ┇    2 | env.job_name          | parse_wikipedia
[10.05 19:16:34] ┇ INFO     ┇           chrisbase.data ┇    3 | env.hostname          | chrisBookPro.local
[10.05 19:16:34] ┇ INFO     ┇           chrisbase.data ┇    4 | env.hostaddr          | 192.168.0.2
[10.05 19:16:34] ┇ INFO     ┇           chrisbase.data ┇    5 | env.python_path       | /Users/chris/miniforge3/envs/WiseData-2023.08/bin/python
[10.05 19:16:34] ┇ INFO     ┇           chrisbase.data ┇    6 | env.working_path      | /Users/chris/proj/WiseData-2023.08
[10.05 19:16:34] ┇ INFO     ┇           chrisbase.data ┇    7 | env.running_file      | parse_wikipedia.py
[10.05 19:16:34] ┇ INFO     ┇           chrisbase.data ┇    8 | env.command_args      | []
[10.05 19:16:34] ┇ INFO     ┇           chrisbase.data ┇    9 | env.num_ip_addrs      | 0
[10.05 19:16:34] ┇ INFO     ┇           chrisbase.data ┇   10 | env.max_workers       | 1
[10.05 19:16:34] ┇ INFO     ┇           chrisbase.data ┇   11 | env.output_home       | output-parse_wikipedia
[10.05 19:16:34] ┇ INFO     ┇           chrisbase.data ┇   12 | env.logging_file      | logging-1005.191632.out
[10.05 19:16:34] ┇ INFO     ┇           chrisbase.data ┇   13 | env.argument_file     | arguments-1005.191632.json
[10.05 19:16:34] ┇ INFO     ┇           chrisbase.data ┇   14 | env.debugging         | False
[10.05 19:16:34] ┇ INFO     ┇           chrisbase.data ┇   15 | env.msg_level         | 20
[10.05 19:16:34] ┇ INFO     ┇           chrisbase.data ┇   16 | env.msg_format        | %(asctime)s ┇ %(levelname)-8s ┇ %(name)24s ┇ %(message)s
[10.05 19:16:34] ┇ INFO     ┇           chrisbase.data ┇   17 | env.date_format       | [%m.%d %H:%M:%S]
[10.05 19:16:34] ┇ INFO     ┇           chrisbase.data ┇   18 | env.time_stamp        | 1005.191632
[10.05 19:16:34] ┇ INFO     ┇           chrisbase.data ┇   19 | data.start            | 0
[10.05 19:16:34] ┇ INFO     ┇           chrisbase.data ┇   20 | data.limit            | -1
[10.05 19:16:34] ┇ INFO     ┇           chrisbase.data ┇   21 | data.batch            | 1000
[10.05 19:16:34] ┇ INFO     ┇           chrisbase.data ┇   22 | data.inter            | 10000
[10.05 19:16:34] ┇ INFO     ┇           chrisbase.data ┇   23 | data.total            | 1410203
[10.05 19:16:34] ┇ INFO     ┇           chrisbase.data ┇   24 | data.file.home        | input/wikimedia
[10.05 19:16:34] ┇ INFO     ┇           chrisbase.data ┇   25 | data.file.name        | wikipedia-20230920-crawl-kowiki.jsonl
[10.05 19:16:34] ┇ INFO     ┇           chrisbase.data ┇   26 | data.file.encoding    | utf-8
[10.05 19:16:34] ┇ INFO     ┇           chrisbase.data ┇   27 | data.table.home       | localhost:6382/wikimedia
[10.05 19:16:34] ┇ INFO     ┇           chrisbase.data ┇   28 | data.table.name       | wikipedia-20230920-parse-kowiki
[10.05 19:16:34] ┇ INFO     ┇           chrisbase.data ┇   29 | data.table.sort       | _id
[10.05 19:16:34] ┇ INFO     ┇           chrisbase.data ┇   30 | data.table.find       | {}
[10.05 19:16:34] ┇ INFO     ┇           chrisbase.data ┇   31 | data.table.reset      | True
[10.05 19:16:34] ┇ INFO     ┇           chrisbase.data ┇   32 | data.table.timeout    | 5000
[10.05 19:16:34] ┇ INFO     ┇           chrisbase.data ┇   33 | filter.min_char       | 40
[10.05 19:16:34] ┇ INFO     ┇           chrisbase.data ┇   34 | filter.min_word       | 5
[10.05 19:16:34] ┇ INFO     ┇           chrisbase.data ┇   35 | filter.black_sect     | input/wikimedia/wikipedia-black_sect.txt
[10.05 19:16:34] ┇ INFO     ┇           chrisbase.data ┇   36 | filter.num_black_sect | 16
[10.05 19:16:34] ┇ INFO     ┇           chrisbase.data ┇ -----+-----------------------+----------------------------------------------------------
[10.05 19:16:34] ┇ INFO     ┇           chrisbase.data ┇ Drop an existing table: localhost:6382/wikimedia/wikipedia-20230920-parse-kowiki
[10.05 19:16:34] ┇ INFO     ┇                 __main__ ┇ Parse from [input/wikimedia/wikipedia-20230920-crawl-kowiki.jsonl] to [localhost:6382/wikimedia/wikipedia-20230920-parse-kowiki]
[10.05 19:16:34] ┇ INFO     ┇                 __main__ ┇ - amount: inputs=1410203, batches=1411
[10.05 19:16:34] ┇ INFO     ┇                 __main__ ┇ - filter: num_black_sect=16, min_char=40, min_word=5
[10.05 19:16:36] ┇ INFO     ┇                 __main__ ┇ *  importing:   1%|▎                                                 | 10/1411 [00:02<03:32,  6.58batch/s]
[10.05 19:16:37] ┇ INFO     ┇                 __main__ ┇ *  importing:   1%|▋                                                 | 20/1411 [00:03<03:17,  7.03batch/s]
[10.05 19:16:39] ┇ INFO     ┇                 __main__ ┇ *  importing:   2%|█                                                 | 30/1411 [00:05<04:29,  5.11batch/s]
[10.05 19:16:41] ┇ INFO     ┇                 __main__ ┇ *  importing:   3%|█▍                                                | 40/1411 [00:07<04:59,  4.57batch/s]
[10.05 19:16:43] ┇ INFO     ┇                 __main__ ┇ *  importing:   4%|█▊                                                | 50/1411 [00:09<04:34,  4.96batch/s]
[10.05 19:16:45] ┇ INFO     ┇                 __main__ ┇ *  importing:   4%|██▏                                               | 60/1411 [00:11<03:53,  5.78batch/s]
[10.05 19:16:46] ┇ INFO     ┇                 __main__ ┇ *  importing:   5%|██▍                                               | 70/1411 [00:12<03:30,  6.38batch/s]
[10.05 19:16:48] ┇ INFO     ┇                 __main__ ┇ *  importing:   6%|██▊                                               | 80/1411 [00:14<03:46,  5.88batch/s]
[10.05 19:16:50] ┇ INFO     ┇                 __main__ ┇ *  importing:   6%|███▏                                              | 90/1411 [00:16<03:56,  5.59batch/s]
[10.05 19:16:52] ┇ INFO     ┇                 __main__ ┇ *  importing:   7%|███▌                                              | 100/1411 [00:17<03:23,  6.44batch/s]
[10.05 19:16:53] ┇ INFO     ┇                 __main__ ┇ *  importing:   8%|███▉                                              | 110/1411 [00:19<03:17,  6.58batch/s]
[10.05 19:16:55] ┇ INFO     ┇                 __main__ ┇ *  importing:   9%|████▎                                             | 120/1411 [00:21<03:48,  5.64batch/s]
[10.05 19:16:57] ┇ INFO     ┇                 __main__ ┇ *  importing:   9%|████▌                                             | 130/1411 [00:22<03:31,  6.05batch/s]
[10.05 19:16:58] ┇ INFO     ┇                 __main__ ┇ *  importing:  10%|████▉                                             | 140/1411 [00:24<03:23,  6.24batch/s]
[10.05 19:17:00] ┇ INFO     ┇                 __main__ ┇ *  importing:  11%|█████▎                                            | 150/1411 [00:26<03:31,  5.98batch/s]
[10.05 19:17:02] ┇ INFO     ┇                 __main__ ┇ *  importing:  11%|█████▋                                            | 160/1411 [00:27<03:31,  5.92batch/s]
[10.05 19:17:03] ┇ INFO     ┇                 __main__ ┇ *  importing:  12%|██████                                            | 170/1411 [00:29<03:05,  6.68batch/s]
[10.05 19:17:05] ┇ INFO     ┇                 __main__ ┇ *  importing:  13%|██████▍                                           | 180/1411 [00:30<03:17,  6.22batch/s]
[10.05 19:17:06] ┇ INFO     ┇                 __main__ ┇ *  importing:  13%|██████▋                                           | 190/1411 [00:32<03:29,  5.82batch/s]
[10.05 19:17:08] ┇ INFO     ┇                 __main__ ┇ *  importing:  14%|███████                                           | 200/1411 [00:34<03:29,  5.78batch/s]
[10.05 19:17:10] ┇ INFO     ┇                 __main__ ┇ *  importing:  15%|███████▍                                          | 210/1411 [00:36<03:21,  5.97batch/s]
[10.05 19:17:12] ┇ INFO     ┇                 __main__ ┇ *  importing:  16%|███████▊                                          | 220/1411 [00:38<04:04,  4.88batch/s]
[10.05 19:17:14] ┇ INFO     ┇                 __main__ ┇ *  importing:  16%|████████▏                                         | 230/1411 [00:40<03:13,  6.10batch/s]
[10.05 19:17:16] ┇ INFO     ┇                 __main__ ┇ *  importing:  17%|████████▌                                         | 240/1411 [00:41<03:34,  5.46batch/s]
[10.05 19:17:17] ┇ INFO     ┇                 __main__ ┇ *  importing:  18%|████████▊                                         | 250/1411 [00:43<03:08,  6.15batch/s]
[10.05 19:17:19] ┇ INFO     ┇                 __main__ ┇ *  importing:  18%|█████████▏                                        | 260/1411 [00:45<03:13,  5.95batch/s]
[10.05 19:17:21] ┇ INFO     ┇                 __main__ ┇ *  importing:  19%|█████████▌                                        | 270/1411 [00:46<03:09,  6.03batch/s]
[10.05 19:17:22] ┇ INFO     ┇                 __main__ ┇ *  importing:  20%|█████████▉                                        | 280/1411 [00:48<03:10,  5.94batch/s]
[10.05 19:17:24] ┇ INFO     ┇                 __main__ ┇ *  importing:  21%|██████████▎                                       | 290/1411 [00:50<03:17,  5.67batch/s]
[10.05 19:17:26] ┇ INFO     ┇                 __main__ ┇ *  importing:  21%|██████████▋                                       | 300/1411 [00:51<03:07,  5.91batch/s]
[10.05 19:17:27] ┇ INFO     ┇                 __main__ ┇ *  importing:  22%|██████████▉                                       | 310/1411 [00:53<02:48,  6.55batch/s]
[10.05 19:17:29] ┇ INFO     ┇                 __main__ ┇ *  importing:  23%|███████████▎                                      | 320/1411 [00:55<02:45,  6.59batch/s]
[10.05 19:17:30] ┇ INFO     ┇                 __main__ ┇ *  importing:  23%|███████████▋                                      | 330/1411 [00:56<02:42,  6.67batch/s]
[10.05 19:17:32] ┇ INFO     ┇                 __main__ ┇ *  importing:  24%|████████████                                      | 340/1411 [00:58<02:59,  5.98batch/s]
[10.05 19:17:33] ┇ INFO     ┇                 __main__ ┇ *  importing:  25%|████████████▍                                     | 350/1411 [00:59<02:36,  6.78batch/s]
[10.05 19:17:35] ┇ INFO     ┇                 __main__ ┇ *  importing:  26%|████████████▊                                     | 360/1411 [01:01<02:32,  6.89batch/s]
[10.05 19:17:37] ┇ INFO     ┇                 __main__ ┇ *  importing:  26%|█████████████                                     | 370/1411 [01:02<02:43,  6.37batch/s]
[10.05 19:17:39] ┇ INFO     ┇                 __main__ ┇ *  importing:  27%|█████████████▍                                    | 380/1411 [01:04<03:29,  4.92batch/s]
[10.05 19:17:40] ┇ INFO     ┇                 __main__ ┇ *  importing:  28%|█████████████▊                                    | 390/1411 [01:06<02:36,  6.51batch/s]
[10.05 19:17:41] ┇ INFO     ┇                 __main__ ┇ *  importing:  28%|██████████████▏                                   | 400/1411 [01:07<02:24,  6.99batch/s]
[10.05 19:17:43] ┇ INFO     ┇                 __main__ ┇ *  importing:  29%|██████████████▌                                   | 410/1411 [01:09<02:40,  6.23batch/s]
[10.05 19:17:45] ┇ INFO     ┇                 __main__ ┇ *  importing:  30%|██████████████▉                                   | 420/1411 [01:11<02:44,  6.01batch/s]
[10.05 19:17:46] ┇ INFO     ┇                 __main__ ┇ *  importing:  30%|███████████████▏                                  | 430/1411 [01:12<02:30,  6.54batch/s]
[10.05 19:17:48] ┇ INFO     ┇                 __main__ ┇ *  importing:  31%|███████████████▌                                  | 440/1411 [01:14<02:20,  6.89batch/s]
[10.05 19:17:49] ┇ INFO     ┇                 __main__ ┇ *  importing:  32%|███████████████▉                                  | 450/1411 [01:15<02:22,  6.76batch/s]
[10.05 19:17:51] ┇ INFO     ┇                 __main__ ┇ *  importing:  33%|████████████████▎                                 | 460/1411 [01:17<02:37,  6.03batch/s]
[10.05 19:17:52] ┇ INFO     ┇                 __main__ ┇ *  importing:  33%|████████████████▋                                 | 470/1411 [01:18<02:22,  6.58batch/s]
[10.05 19:17:54] ┇ INFO     ┇                 __main__ ┇ *  importing:  34%|█████████████████                                 | 480/1411 [01:20<02:38,  5.86batch/s]
[10.05 19:17:55] ┇ INFO     ┇                 __main__ ┇ *  importing:  35%|█████████████████▎                                | 490/1411 [01:21<02:10,  7.03batch/s]
[10.05 19:17:57] ┇ INFO     ┇                 __main__ ┇ *  importing:  35%|█████████████████▋                                | 500/1411 [01:22<02:08,  7.10batch/s]
[10.05 19:17:58] ┇ INFO     ┇                 __main__ ┇ *  importing:  36%|██████████████████                                | 510/1411 [01:24<02:01,  7.40batch/s]
[10.05 19:18:00] ┇ INFO     ┇                 __main__ ┇ *  importing:  37%|██████████████████▍                               | 520/1411 [01:25<02:06,  7.02batch/s]
[10.05 19:18:01] ┇ INFO     ┇                 __main__ ┇ *  importing:  38%|██████████████████▊                               | 530/1411 [01:27<02:08,  6.84batch/s]
[10.05 19:18:03] ┇ INFO     ┇                 __main__ ┇ *  importing:  38%|███████████████████▏                              | 540/1411 [01:28<02:12,  6.59batch/s]
[10.05 19:18:04] ┇ INFO     ┇                 __main__ ┇ *  importing:  39%|███████████████████▍                              | 550/1411 [01:30<02:28,  5.78batch/s]
[10.05 19:18:06] ┇ INFO     ┇                 __main__ ┇ *  importing:  40%|███████████████████▊                              | 560/1411 [01:32<02:21,  6.03batch/s]
[10.05 19:18:07] ┇ INFO     ┇                 __main__ ┇ *  importing:  40%|████████████████████▏                             | 570/1411 [01:33<02:14,  6.24batch/s]
[10.05 19:18:09] ┇ INFO     ┇                 __main__ ┇ *  importing:  41%|████████████████████▌                             | 580/1411 [01:35<02:15,  6.12batch/s]
[10.05 19:18:11] ┇ INFO     ┇                 __main__ ┇ *  importing:  42%|████████████████████▉                             | 590/1411 [01:37<02:12,  6.20batch/s]
[10.05 19:18:12] ┇ INFO     ┇                 __main__ ┇ *  importing:  43%|█████████████████████▎                            | 600/1411 [01:38<01:59,  6.76batch/s]
[10.05 19:18:14] ┇ INFO     ┇                 __main__ ┇ *  importing:  43%|█████████████████████▌                            | 610/1411 [01:40<02:05,  6.37batch/s]
[10.05 19:18:16] ┇ INFO     ┇                 __main__ ┇ *  importing:  44%|█████████████████████▉                            | 620/1411 [01:41<02:17,  5.73batch/s]
[10.05 19:18:17] ┇ INFO     ┇                 __main__ ┇ *  importing:  45%|██████████████████████▎                           | 630/1411 [01:43<01:57,  6.65batch/s]
[10.05 19:18:19] ┇ INFO     ┇                 __main__ ┇ *  importing:  45%|██████████████████████▋                           | 640/1411 [01:45<01:57,  6.58batch/s]
[10.05 19:18:20] ┇ INFO     ┇                 __main__ ┇ *  importing:  46%|███████████████████████                           | 650/1411 [01:46<01:55,  6.58batch/s]
[10.05 19:18:22] ┇ INFO     ┇                 __main__ ┇ *  importing:  47%|███████████████████████▍                          | 660/1411 [01:48<01:59,  6.30batch/s]
[10.05 19:18:23] ┇ INFO     ┇                 __main__ ┇ *  importing:  47%|███████████████████████▋                          | 670/1411 [01:49<01:56,  6.37batch/s]
[10.05 19:18:25] ┇ INFO     ┇                 __main__ ┇ *  importing:  48%|████████████████████████                          | 680/1411 [01:51<01:43,  7.07batch/s]
[10.05 19:18:26] ┇ INFO     ┇                 __main__ ┇ *  importing:  49%|████████████████████████▍                         | 690/1411 [01:52<01:54,  6.29batch/s]
[10.05 19:18:28] ┇ INFO     ┇                 __main__ ┇ *  importing:  50%|████████████████████████▊                         | 700/1411 [01:54<01:39,  7.12batch/s]
[10.05 19:18:29] ┇ INFO     ┇                 __main__ ┇ *  importing:  50%|█████████████████████████▏                        | 710/1411 [01:55<01:48,  6.48batch/s]
[10.05 19:18:31] ┇ INFO     ┇                 __main__ ┇ *  importing:  51%|█████████████████████████▌                        | 720/1411 [01:57<01:41,  6.79batch/s]
[10.05 19:18:32] ┇ INFO     ┇                 __main__ ┇ *  importing:  52%|█████████████████████████▊                        | 730/1411 [01:58<01:40,  6.78batch/s]
[10.05 19:18:34] ┇ INFO     ┇                 __main__ ┇ *  importing:  52%|██████████████████████████▏                       | 740/1411 [02:00<01:44,  6.42batch/s]
[10.05 19:18:36] ┇ INFO     ┇                 __main__ ┇ *  importing:  53%|██████████████████████████▌                       | 750/1411 [02:01<01:50,  6.00batch/s]
[10.05 19:18:37] ┇ INFO     ┇                 __main__ ┇ *  importing:  54%|██████████████████████████▉                       | 760/1411 [02:03<01:32,  7.01batch/s]
[10.05 19:18:39] ┇ INFO     ┇                 __main__ ┇ *  importing:  55%|███████████████████████████▎                      | 770/1411 [02:04<01:42,  6.28batch/s]
[10.05 19:18:40] ┇ INFO     ┇                 __main__ ┇ *  importing:  55%|███████████████████████████▋                      | 780/1411 [02:06<01:25,  7.41batch/s]
[10.05 19:18:42] ┇ INFO     ┇                 __main__ ┇ *  importing:  56%|███████████████████████████▉                      | 790/1411 [02:07<01:44,  5.94batch/s]
[10.05 19:18:43] ┇ INFO     ┇                 __main__ ┇ *  importing:  57%|████████████████████████████▎                     | 800/1411 [02:09<01:35,  6.40batch/s]
[10.05 19:18:45] ┇ INFO     ┇                 __main__ ┇ *  importing:  57%|████████████████████████████▋                     | 810/1411 [02:11<01:31,  6.55batch/s]
[10.05 19:18:46] ┇ INFO     ┇                 __main__ ┇ *  importing:  58%|█████████████████████████████                     | 820/1411 [02:12<01:30,  6.56batch/s]
[10.05 19:18:48] ┇ INFO     ┇                 __main__ ┇ *  importing:  59%|█████████████████████████████▍                    | 830/1411 [02:14<01:24,  6.84batch/s]
[10.05 19:18:49] ┇ INFO     ┇                 __main__ ┇ *  importing:  60%|█████████████████████████████▊                    | 840/1411 [02:15<01:24,  6.75batch/s]
[10.05 19:18:51] ┇ INFO     ┇                 __main__ ┇ *  importing:  60%|██████████████████████████████                    | 850/1411 [02:16<01:14,  7.53batch/s]
[10.05 19:18:52] ┇ INFO     ┇                 __main__ ┇ *  importing:  61%|██████████████████████████████▍                   | 860/1411 [02:18<01:07,  8.11batch/s]
[10.05 19:18:53] ┇ INFO     ┇                 __main__ ┇ *  importing:  62%|██████████████████████████████▊                   | 870/1411 [02:19<01:26,  6.24batch/s]
[10.05 19:18:55] ┇ INFO     ┇                 __main__ ┇ *  importing:  62%|███████████████████████████████▏                  | 880/1411 [02:21<01:18,  6.76batch/s]
[10.05 19:18:56] ┇ INFO     ┇                 __main__ ┇ *  importing:  63%|███████████████████████████████▌                  | 890/1411 [02:22<01:06,  7.79batch/s]
[10.05 19:18:58] ┇ INFO     ┇                 __main__ ┇ *  importing:  64%|███████████████████████████████▉                  | 900/1411 [02:23<01:12,  7.02batch/s]
[10.05 19:18:59] ┇ INFO     ┇                 __main__ ┇ *  importing:  64%|████████████████████████████████▏                 | 910/1411 [02:25<01:18,  6.40batch/s]
[10.05 19:19:01] ┇ INFO     ┇                 __main__ ┇ *  importing:  65%|████████████████████████████████▌                 | 920/1411 [02:26<01:09,  7.02batch/s]
[10.05 19:19:02] ┇ INFO     ┇                 __main__ ┇ *  importing:  66%|████████████████████████████████▉                 | 930/1411 [02:28<01:12,  6.68batch/s]
[10.05 19:19:03] ┇ INFO     ┇                 __main__ ┇ *  importing:  67%|█████████████████████████████████▎                | 940/1411 [02:29<01:01,  7.68batch/s]
[10.05 19:19:05] ┇ INFO     ┇                 __main__ ┇ *  importing:  67%|█████████████████████████████████▋                | 950/1411 [02:31<01:07,  6.88batch/s]
[10.05 19:19:06] ┇ INFO     ┇                 __main__ ┇ *  importing:  68%|██████████████████████████████████                | 960/1411 [02:32<01:08,  6.60batch/s]
[10.05 19:19:08] ┇ INFO     ┇                 __main__ ┇ *  importing:  69%|██████████████████████████████████▎               | 970/1411 [02:34<01:10,  6.24batch/s]
[10.05 19:19:09] ┇ INFO     ┇                 __main__ ┇ *  importing:  69%|██████████████████████████████████▋               | 980/1411 [02:35<01:05,  6.61batch/s]
[10.05 19:19:11] ┇ INFO     ┇                 __main__ ┇ *  importing:  70%|███████████████████████████████████               | 990/1411 [02:37<01:02,  6.73batch/s]
[10.05 19:19:12] ┇ INFO     ┇                 __main__ ┇ *  importing:  71%|███████████████████████████████████▍              | 1000/1411 [02:38<00:59,  6.87batch/s]
[10.05 19:19:14] ┇ INFO     ┇                 __main__ ┇ *  importing:  72%|███████████████████████████████████▊              | 1010/1411 [02:40<01:00,  6.63batch/s]
[10.05 19:19:15] ┇ INFO     ┇                 __main__ ┇ *  importing:  72%|████████████████████████████████████▏             | 1020/1411 [02:41<00:58,  6.70batch/s]
[10.05 19:19:17] ┇ INFO     ┇                 __main__ ┇ *  importing:  73%|████████████████████████████████████▍             | 1030/1411 [02:43<01:03,  6.00batch/s]
[10.05 19:19:19] ┇ INFO     ┇                 __main__ ┇ *  importing:  74%|████████████████████████████████████▊             | 1040/1411 [02:44<00:54,  6.77batch/s]
[10.05 19:19:20] ┇ INFO     ┇                 __main__ ┇ *  importing:  74%|█████████████████████████████████████▏            | 1050/1411 [02:46<00:58,  6.21batch/s]
[10.05 19:19:22] ┇ INFO     ┇                 __main__ ┇ *  importing:  75%|█████████████████████████████████████▌            | 1060/1411 [02:48<00:52,  6.63batch/s]
[10.05 19:19:23] ┇ INFO     ┇                 __main__ ┇ *  importing:  76%|█████████████████████████████████████▉            | 1070/1411 [02:49<00:50,  6.76batch/s]
[10.05 19:19:25] ┇ INFO     ┇                 __main__ ┇ *  importing:  77%|██████████████████████████████████████▎           | 1080/1411 [02:51<00:56,  5.87batch/s]
[10.05 19:19:27] ┇ INFO     ┇                 __main__ ┇ *  importing:  77%|██████████████████████████████████████▋           | 1090/1411 [02:53<00:54,  5.86batch/s]
[10.05 19:19:28] ┇ INFO     ┇                 __main__ ┇ *  importing:  78%|██████████████████████████████████████▉           | 1100/1411 [02:54<00:41,  7.49batch/s]
[10.05 19:19:30] ┇ INFO     ┇                 __main__ ┇ *  importing:  79%|███████████████████████████████████████▎          | 1110/1411 [02:55<00:53,  5.60batch/s]
[10.05 19:19:31] ┇ INFO     ┇                 __main__ ┇ *  importing:  79%|███████████████████████████████████████▋          | 1120/1411 [02:57<00:43,  6.62batch/s]
[10.05 19:19:33] ┇ INFO     ┇                 __main__ ┇ *  importing:  80%|████████████████████████████████████████          | 1130/1411 [02:58<00:41,  6.72batch/s]
[10.05 19:19:34] ┇ INFO     ┇                 __main__ ┇ *  importing:  81%|████████████████████████████████████████▍         | 1140/1411 [03:00<00:37,  7.14batch/s]
[10.05 19:19:36] ┇ INFO     ┇                 __main__ ┇ *  importing:  82%|████████████████████████████████████████▊         | 1150/1411 [03:01<00:38,  6.74batch/s]
[10.05 19:19:37] ┇ INFO     ┇                 __main__ ┇ *  importing:  82%|█████████████████████████████████████████         | 1160/1411 [03:03<00:37,  6.69batch/s]
[10.05 19:19:39] ┇ INFO     ┇                 __main__ ┇ *  importing:  83%|█████████████████████████████████████████▍        | 1170/1411 [03:04<00:37,  6.39batch/s]
[10.05 19:19:40] ┇ INFO     ┇                 __main__ ┇ *  importing:  84%|█████████████████████████████████████████▊        | 1180/1411 [03:06<00:34,  6.70batch/s]
[10.05 19:19:42] ┇ INFO     ┇                 __main__ ┇ *  importing:  84%|██████████████████████████████████████████▏       | 1190/1411 [03:07<00:31,  7.13batch/s]
[10.05 19:19:43] ┇ INFO     ┇                 __main__ ┇ *  importing:  85%|██████████████████████████████████████████▌       | 1200/1411 [03:09<00:27,  7.77batch/s]
[10.05 19:19:44] ┇ INFO     ┇                 __main__ ┇ *  importing:  86%|██████████████████████████████████████████▉       | 1210/1411 [03:10<00:26,  7.49batch/s]
[10.05 19:19:46] ┇ INFO     ┇                 __main__ ┇ *  importing:  86%|███████████████████████████████████████████▏      | 1220/1411 [03:11<00:25,  7.53batch/s]
[10.05 19:19:47] ┇ INFO     ┇                 __main__ ┇ *  importing:  87%|███████████████████████████████████████████▌      | 1230/1411 [03:13<00:24,  7.39batch/s]
[10.05 19:19:48] ┇ INFO     ┇                 __main__ ┇ *  importing:  88%|███████████████████████████████████████████▉      | 1240/1411 [03:14<00:21,  7.93batch/s]
[10.05 19:19:50] ┇ INFO     ┇                 __main__ ┇ *  importing:  89%|████████████████████████████████████████████▎     | 1250/1411 [03:16<00:23,  6.97batch/s]
[10.05 19:19:51] ┇ INFO     ┇                 __main__ ┇ *  importing:  89%|████████████████████████████████████████████▋     | 1260/1411 [03:17<00:20,  7.35batch/s]
[10.05 19:19:53] ┇ INFO     ┇                 __main__ ┇ *  importing:  90%|█████████████████████████████████████████████     | 1270/1411 [03:18<00:19,  7.34batch/s]
[10.05 19:19:54] ┇ INFO     ┇                 __main__ ┇ *  importing:  91%|█████████████████████████████████████████████▎    | 1280/1411 [03:20<00:17,  7.47batch/s]
[10.05 19:19:55] ┇ INFO     ┇                 __main__ ┇ *  importing:  91%|█████████████████████████████████████████████▋    | 1290/1411 [03:21<00:17,  6.95batch/s]
[10.05 19:19:57] ┇ INFO     ┇                 __main__ ┇ *  importing:  92%|██████████████████████████████████████████████    | 1300/1411 [03:23<00:16,  6.78batch/s]
[10.05 19:19:58] ┇ INFO     ┇                 __main__ ┇ *  importing:  93%|██████████████████████████████████████████████▍   | 1310/1411 [03:24<00:14,  6.99batch/s]
[10.05 19:20:00] ┇ INFO     ┇                 __main__ ┇ *  importing:  94%|██████████████████████████████████████████████▊   | 1320/1411 [03:25<00:12,  7.09batch/s]
[10.05 19:20:01] ┇ INFO     ┇                 __main__ ┇ *  importing:  94%|███████████████████████████████████████████████▏  | 1330/1411 [03:27<00:10,  7.52batch/s]
[10.05 19:20:02] ┇ INFO     ┇                 __main__ ┇ *  importing:  95%|███████████████████████████████████████████████▍  | 1340/1411 [03:28<00:10,  6.95batch/s]
[10.05 19:20:04] ┇ INFO     ┇                 __main__ ┇ *  importing:  96%|███████████████████████████████████████████████▊  | 1350/1411 [03:30<00:10,  5.70batch/s]
[10.05 19:20:05] ┇ INFO     ┇                 __main__ ┇ *  importing:  96%|████████████████████████████████████████████████▏ | 1360/1411 [03:31<00:07,  6.86batch/s]
[10.05 19:20:07] ┇ INFO     ┇                 __main__ ┇ *  importing:  97%|████████████████████████████████████████████████▌ | 1370/1411 [03:33<00:05,  7.11batch/s]
[10.05 19:20:08] ┇ INFO     ┇                 __main__ ┇ *  importing:  98%|████████████████████████████████████████████████▉ | 1380/1411 [03:34<00:04,  6.73batch/s]
[10.05 19:20:10] ┇ INFO     ┇                 __main__ ┇ *  importing:  99%|█████████████████████████████████████████████████▎| 1390/1411 [03:36<00:03,  6.69batch/s]
[10.05 19:20:11] ┇ INFO     ┇                 __main__ ┇ *  importing:  99%|█████████████████████████████████████████████████▌| 1400/1411 [03:37<00:01,  6.94batch/s]
[10.05 19:20:13] ┇ INFO     ┇                 __main__ ┇ *  importing: 100%|█████████████████████████████████████████████████▉| 1410/1411 [03:39<00:00,  7.33batch/s]
[10.05 19:20:13] ┇ INFO     ┇                 __main__ ┇ *  importing: 100%|██████████████████████████████████████████████████| 1411/1411 [03:39<00:00,  6.44batch/s]
[10.05 19:20:21] ┇ INFO     ┇                 __main__ ┇ *  exporting:  49%|████████████████████████▍                         | 984335/2013506 [00:06<00:06, 148326.29row/s]
[10.05 19:20:27] ┇ INFO     ┇                 __main__ ┇ *  exporting:  99%|█████████████████████████████████████████████████▋| 1998942/2013506 [00:13<00:00, 159460.66row/s]
[10.05 19:20:27] ┇ INFO     ┇                 __main__ ┇ *  exporting: 100%|██████████████████████████████████████████████████| 2013506/2013506 [00:13<00:00, 151577.56row/s]
[10.05 19:20:27] ┇ INFO     ┇                 __main__ ┇ Export 2013506 rows to output-parse_wikipedia/wikipedia-20230920-parse-kowiki-1005.191632.jsonl
[10.05 19:20:28] ┇ INFO     ┇           chrisbase.data ┇ =========================================================================================================================================
[10.05 19:20:28] ┇ INFO     ┇           chrisbase.data ┇ [EXIT] python parse_wikipedia.py  ($=00:03:53.503)
[10.05 19:20:28] ┇ INFO     ┇           chrisbase.data ┇ =========================================================================================================================================
