[09.24 16:28:51] ┇ INFO     ┇           chrisbase.data ┇ =========================================================================================================================================
[09.24 16:28:51] ┇ INFO     ┇           chrisbase.data ┇ [INIT] python /home/chris/proj/WiseData-2023.08/parse_wikipedia.py 
[09.24 16:28:51] ┇ INFO     ┇           chrisbase.data ┇ =========================================================================================================================================
[09.24 16:28:51] ┇ INFO     ┇           chrisbase.data ┇ -----+-----------------------+----------------------------------------------------------
[09.24 16:28:51] ┇ INFO     ┇           chrisbase.data ┇    # | ParseArguments        | value
[09.24 16:28:51] ┇ INFO     ┇           chrisbase.data ┇ -----+-----------------------+----------------------------------------------------------
[09.24 16:28:51] ┇ INFO     ┇           chrisbase.data ┇    1 | env.project           | WiseData
[09.24 16:28:51] ┇ INFO     ┇           chrisbase.data ┇    2 | env.job_name          | parse_wikipedia
[09.24 16:28:51] ┇ INFO     ┇           chrisbase.data ┇    3 | env.job_version       |
[09.24 16:28:51] ┇ INFO     ┇           chrisbase.data ┇    4 | env.hostname          | chris463
[09.24 16:28:51] ┇ INFO     ┇           chrisbase.data ┇    5 | env.hostaddr          | 129.254.181.36
[09.24 16:28:51] ┇ INFO     ┇           chrisbase.data ┇    6 | env.time_stamp        | 0924.162851
[09.24 16:28:51] ┇ INFO     ┇           chrisbase.data ┇    7 | env.python_path       | /home/chris/miniforge3/envs/WiseData/bin/python
[09.24 16:28:51] ┇ INFO     ┇           chrisbase.data ┇    8 | env.current_dir       | /mnt/dat/proj/WiseData-2023.08
[09.24 16:28:51] ┇ INFO     ┇           chrisbase.data ┇    9 | env.current_file      | /home/chris/proj/WiseData-2023.08/parse_wikipedia.py
[09.24 16:28:51] ┇ INFO     ┇           chrisbase.data ┇   10 | env.working_dir       | /mnt/dat/proj/WiseData-2023.08
[09.24 16:28:51] ┇ INFO     ┇           chrisbase.data ┇   11 | env.command_args      | []
[09.24 16:28:51] ┇ INFO     ┇           chrisbase.data ┇   12 | env.num_ip_addrs      | 41
[09.24 16:28:51] ┇ INFO     ┇           chrisbase.data ┇   13 | env.max_workers       | 1
[09.24 16:28:51] ┇ INFO     ┇           chrisbase.data ┇   14 | env.debugging         | False
[09.24 16:28:51] ┇ INFO     ┇           chrisbase.data ┇   15 | env.msg_level         | 20
[09.24 16:28:51] ┇ INFO     ┇           chrisbase.data ┇   16 | env.msg_format        | %(asctime)s ┇ %(levelname)-8s ┇ %(name)24s ┇ %(message)s
[09.24 16:28:51] ┇ INFO     ┇           chrisbase.data ┇   17 | env.date_format       | [%m.%d %H:%M:%S]
[09.24 16:28:51] ┇ INFO     ┇           chrisbase.data ┇   18 | env.output_home       | /mnt/dat/proj/WiseData-2023.08/output-parse_wikipedia
[09.24 16:28:51] ┇ INFO     ┇           chrisbase.data ┇   19 | env.logging_file      | logging.out
[09.24 16:28:51] ┇ INFO     ┇           chrisbase.data ┇   20 | env.argument_file     |
[09.24 16:28:51] ┇ INFO     ┇           chrisbase.data ┇   21 | input.start           | 0
[09.24 16:28:51] ┇ INFO     ┇           chrisbase.data ┇   22 | input.limit           | -1
[09.24 16:28:51] ┇ INFO     ┇           chrisbase.data ┇   23 | input.batch           | 1000
[09.24 16:28:51] ┇ INFO     ┇           chrisbase.data ┇   24 | input.inter           | 10000
[09.24 16:28:51] ┇ INFO     ┇           chrisbase.data ┇   25 | input.file.name       | kowiki-20230701-all-titles-in-ns0.jsonl
[09.24 16:28:51] ┇ INFO     ┇           chrisbase.data ┇   26 | input.file.home       | input/Wikipedia
[09.24 16:28:51] ┇ INFO     ┇           chrisbase.data ┇   27 | input.file.user       |
[09.24 16:28:51] ┇ INFO     ┇           chrisbase.data ┇   28 | input.file.pswd       |
[09.24 16:28:51] ┇ INFO     ┇           chrisbase.data ┇   29 | input.file.reset      | False
[09.24 16:28:51] ┇ INFO     ┇           chrisbase.data ┇   30 | input.file.strict     | False
[09.24 16:28:51] ┇ INFO     ┇           chrisbase.data ┇   31 | input.file.mode       | rb
[09.24 16:28:51] ┇ INFO     ┇           chrisbase.data ┇   32 | input.file.encoding   | utf-8
[09.24 16:28:51] ┇ INFO     ┇           chrisbase.data ┇   33 | output.file.name      | kowiki-20230701-all-titles-in-ns0-parse.jsonl
[09.24 16:28:51] ┇ INFO     ┇           chrisbase.data ┇   34 | output.file.home      | input/Wikipedia
[09.24 16:28:51] ┇ INFO     ┇           chrisbase.data ┇   35 | output.file.user      |
[09.24 16:28:51] ┇ INFO     ┇           chrisbase.data ┇   36 | output.file.pswd      |
[09.24 16:28:51] ┇ INFO     ┇           chrisbase.data ┇   37 | output.file.reset     | False
[09.24 16:28:51] ┇ INFO     ┇           chrisbase.data ┇   38 | output.file.strict    | False
[09.24 16:28:51] ┇ INFO     ┇           chrisbase.data ┇   39 | output.file.mode      | w
[09.24 16:28:51] ┇ INFO     ┇           chrisbase.data ┇   40 | output.file.encoding  | utf-8
[09.24 16:28:51] ┇ INFO     ┇           chrisbase.data ┇   41 | output.table.name     | kowiki-20230701-all-titles-in-ns0-parse
[09.24 16:28:51] ┇ INFO     ┇           chrisbase.data ┇   42 | output.table.home     | localhost:6382/wikimedia
[09.24 16:28:51] ┇ INFO     ┇           chrisbase.data ┇   43 | output.table.user     |
[09.24 16:28:51] ┇ INFO     ┇           chrisbase.data ┇   44 | output.table.pswd     |
[09.24 16:28:51] ┇ INFO     ┇           chrisbase.data ┇   45 | output.table.reset    | True
[09.24 16:28:51] ┇ INFO     ┇           chrisbase.data ┇   46 | output.table.strict   | False
[09.24 16:28:51] ┇ INFO     ┇           chrisbase.data ┇   47 | output.table.sort     | _id
[09.24 16:28:51] ┇ INFO     ┇           chrisbase.data ┇   48 | output.table.find     | {}
[09.24 16:28:51] ┇ INFO     ┇           chrisbase.data ┇   49 | output.table.timeout  | 5000
[09.24 16:28:51] ┇ INFO     ┇           chrisbase.data ┇   50 | filter.min_char       | 40
[09.24 16:28:51] ┇ INFO     ┇           chrisbase.data ┇   51 | filter.min_word       | 5
[09.24 16:28:51] ┇ INFO     ┇           chrisbase.data ┇   52 | filter.black_sect     | input/Wikipedia/wikipedia-black_sect.txt
[09.24 16:28:51] ┇ INFO     ┇           chrisbase.data ┇   53 | filter.num_black_sect | 0
[09.24 16:28:51] ┇ INFO     ┇           chrisbase.data ┇ -----+-----------------------+----------------------------------------------------------
[09.24 16:28:51] ┇ INFO     ┇           chrisbase.data ┇ Drop an existing table: localhost:6382/wikimedia/kowiki-20230701-all-titles-in-ns0-parse
[09.24 16:28:51] ┇ INFO     ┇                 __main__ ┇ Parse from [input/Wikipedia/kowiki-20230701-all-titles-in-ns0.jsonl] to [localhost:6382/wikimedia/kowiki-20230701-all-titles-in-ns0-parse]
[09.24 16:28:51] ┇ INFO     ┇                 __main__ ┇ - amount: total=1410203, batch=1000
[09.24 16:28:51] ┇ INFO     ┇                 __main__ ┇ - filter: num_black_sect=0, min_char=40, min_word=5
[09.24 16:28:54] ┇ INFO     ┇                 __main__ ┇ *    parsing:   1%|▎                                                 | 10/1411 [00:02<05:15,  4.44batch/s]
[09.24 16:28:56] ┇ INFO     ┇                 __main__ ┇ *    parsing:   1%|▋                                                 | 20/1411 [00:04<05:25,  4.27batch/s]
[09.24 16:28:59] ┇ INFO     ┇                 __main__ ┇ *    parsing:   2%|█                                                 | 30/1411 [00:07<06:44,  3.42batch/s]
[09.24 16:29:02] ┇ INFO     ┇                 __main__ ┇ *    parsing:   3%|█▍                                                | 40/1411 [00:10<07:31,  3.04batch/s]
[09.24 16:29:05] ┇ INFO     ┇                 __main__ ┇ *    parsing:   4%|█▊                                                | 50/1411 [00:13<06:46,  3.35batch/s]
[09.24 16:29:08] ┇ INFO     ┇                 __main__ ┇ *    parsing:   4%|██▏                                               | 60/1411 [00:16<06:06,  3.69batch/s]
[09.24 16:29:10] ┇ INFO     ┇                 __main__ ┇ *    parsing:   5%|██▍                                               | 70/1411 [00:18<05:21,  4.18batch/s]
[09.24 16:29:13] ┇ INFO     ┇                 __main__ ┇ *    parsing:   6%|██▊                                               | 80/1411 [00:21<05:47,  3.84batch/s]
[09.24 16:29:16] ┇ INFO     ┇                 __main__ ┇ *    parsing:   6%|███▏                                              | 90/1411 [00:24<05:27,  4.03batch/s]
[09.24 16:29:18] ┇ INFO     ┇                 __main__ ┇ *    parsing:   7%|███▌                                              | 100/1411 [00:26<05:02,  4.33batch/s]
[09.24 16:29:20] ┇ INFO     ┇                 __main__ ┇ *    parsing:   8%|███▉                                              | 110/1411 [00:28<05:11,  4.18batch/s]
[09.24 16:29:23] ┇ INFO     ┇                 __main__ ┇ *    parsing:   9%|████▎                                             | 120/1411 [00:31<06:04,  3.55batch/s]
[09.24 16:29:26] ┇ INFO     ┇                 __main__ ┇ *    parsing:   9%|████▌                                             | 130/1411 [00:34<05:24,  3.95batch/s]
[09.24 16:29:28] ┇ INFO     ┇                 __main__ ┇ *    parsing:  10%|████▉                                             | 140/1411 [00:36<04:54,  4.31batch/s]
[09.24 16:29:31] ┇ INFO     ┇                 __main__ ┇ *    parsing:  11%|█████▎                                            | 150/1411 [00:39<05:17,  3.97batch/s]
[09.24 16:29:33] ┇ INFO     ┇                 __main__ ┇ *    parsing:  11%|█████▋                                            | 160/1411 [00:41<05:29,  3.80batch/s]
[09.24 16:29:35] ┇ INFO     ┇                 __main__ ┇ *    parsing:  12%|██████                                            | 170/1411 [00:44<04:45,  4.35batch/s]
[09.24 16:29:38] ┇ INFO     ┇                 __main__ ┇ *    parsing:  13%|██████▍                                           | 180/1411 [00:46<05:26,  3.77batch/s]
[09.24 16:29:41] ┇ INFO     ┇                 __main__ ┇ *    parsing:  13%|██████▋                                           | 190/1411 [00:49<05:19,  3.82batch/s]
[09.24 16:29:43] ┇ INFO     ┇                 __main__ ┇ *    parsing:  14%|███████                                           | 200/1411 [00:52<05:37,  3.59batch/s]
[09.24 16:29:46] ┇ INFO     ┇                 __main__ ┇ *    parsing:  15%|███████▍                                          | 210/1411 [00:54<04:57,  4.03batch/s]
[09.24 16:29:49] ┇ INFO     ┇                 __main__ ┇ *    parsing:  16%|███████▊                                          | 220/1411 [00:57<05:50,  3.40batch/s]
[09.24 16:29:52] ┇ INFO     ┇                 __main__ ┇ *    parsing:  16%|████████▏                                         | 230/1411 [01:00<05:10,  3.80batch/s]
[09.24 16:29:55] ┇ INFO     ┇                 __main__ ┇ *    parsing:  17%|████████▌                                         | 240/1411 [01:03<05:34,  3.50batch/s]
[09.24 16:29:57] ┇ INFO     ┇                 __main__ ┇ *    parsing:  18%|████████▊                                         | 250/1411 [01:05<04:51,  3.98batch/s]
[09.24 16:30:00] ┇ INFO     ┇                 __main__ ┇ *    parsing:  18%|█████████▏                                        | 260/1411 [01:08<05:04,  3.78batch/s]
[09.24 16:30:02] ┇ INFO     ┇                 __main__ ┇ *    parsing:  19%|█████████▌                                        | 270/1411 [01:11<04:42,  4.04batch/s]
[09.24 16:30:05] ┇ INFO     ┇                 __main__ ┇ *    parsing:  20%|█████████▉                                        | 280/1411 [01:13<04:56,  3.82batch/s]
[09.24 16:30:08] ┇ INFO     ┇                 __main__ ┇ *    parsing:  21%|██████████▎                                       | 290/1411 [01:16<04:52,  3.84batch/s]
[09.24 16:30:10] ┇ INFO     ┇                 __main__ ┇ *    parsing:  21%|██████████▋                                       | 300/1411 [01:18<05:00,  3.70batch/s]
[09.24 16:30:13] ┇ INFO     ┇                 __main__ ┇ *    parsing:  22%|██████████▉                                       | 310/1411 [01:21<04:23,  4.18batch/s]
[09.24 16:30:15] ┇ INFO     ┇                 __main__ ┇ *    parsing:  23%|███████████▎                                      | 320/1411 [01:24<04:28,  4.06batch/s]
[09.24 16:30:18] ┇ INFO     ┇                 __main__ ┇ *    parsing:  23%|███████████▋                                      | 330/1411 [01:26<04:11,  4.29batch/s]
[09.24 16:30:20] ┇ INFO     ┇                 __main__ ┇ *    parsing:  24%|████████████                                      | 340/1411 [01:29<04:33,  3.91batch/s]
[09.24 16:30:23] ┇ INFO     ┇                 __main__ ┇ *    parsing:  25%|████████████▍                                     | 350/1411 [01:31<04:14,  4.16batch/s]
[09.24 16:30:25] ┇ INFO     ┇                 __main__ ┇ *    parsing:  26%|████████████▊                                     | 360/1411 [01:33<04:09,  4.21batch/s]
[09.24 16:30:28] ┇ INFO     ┇                 __main__ ┇ *    parsing:  26%|█████████████                                     | 370/1411 [01:36<04:08,  4.19batch/s]
[09.24 16:30:31] ┇ INFO     ┇                 __main__ ┇ *    parsing:  27%|█████████████▍                                    | 380/1411 [01:39<05:50,  2.94batch/s]
[09.24 16:30:34] ┇ INFO     ┇                 __main__ ┇ *    parsing:  28%|█████████████▊                                    | 390/1411 [01:42<04:03,  4.19batch/s]
[09.24 16:30:36] ┇ INFO     ┇                 __main__ ┇ *    parsing:  28%|██████████████▏                                   | 400/1411 [01:44<03:32,  4.75batch/s]
[09.24 16:30:38] ┇ INFO     ┇                 __main__ ┇ *    parsing:  29%|██████████████▌                                   | 410/1411 [01:46<04:10,  4.00batch/s]
[09.24 16:30:41] ┇ INFO     ┇                 __main__ ┇ *    parsing:  30%|██████████████▉                                   | 420/1411 [01:49<04:24,  3.74batch/s]
[09.24 16:30:43] ┇ INFO     ┇                 __main__ ┇ *    parsing:  30%|███████████████▏                                  | 430/1411 [01:51<03:48,  4.30batch/s]
[09.24 16:30:45] ┇ INFO     ┇                 __main__ ┇ *    parsing:  31%|███████████████▌                                  | 440/1411 [01:54<03:33,  4.55batch/s]
[09.24 16:30:48] ┇ INFO     ┇                 __main__ ┇ *    parsing:  32%|███████████████▉                                  | 450/1411 [01:56<03:53,  4.12batch/s]
[09.24 16:30:50] ┇ INFO     ┇                 __main__ ┇ *    parsing:  33%|████████████████▎                                 | 460/1411 [01:58<03:57,  4.00batch/s]
[09.24 16:30:53] ┇ INFO     ┇                 __main__ ┇ *    parsing:  33%|████████████████▋                                 | 470/1411 [02:01<03:40,  4.26batch/s]
[09.24 16:30:55] ┇ INFO     ┇                 __main__ ┇ *    parsing:  34%|█████████████████                                 | 480/1411 [02:03<04:08,  3.74batch/s]
[09.24 16:30:57] ┇ INFO     ┇                 __main__ ┇ *    parsing:  35%|█████████████████▎                                | 490/1411 [02:05<03:26,  4.46batch/s]
[09.24 16:31:00] ┇ INFO     ┇                 __main__ ┇ *    parsing:  35%|█████████████████▋                                | 500/1411 [02:08<03:19,  4.56batch/s]
[09.24 16:31:02] ┇ INFO     ┇                 __main__ ┇ *    parsing:  36%|██████████████████                                | 510/1411 [02:10<03:17,  4.57batch/s]
[09.24 16:31:04] ┇ INFO     ┇                 __main__ ┇ *    parsing:  37%|██████████████████▍                               | 520/1411 [02:12<03:19,  4.48batch/s]
[09.24 16:31:07] ┇ INFO     ┇                 __main__ ┇ *    parsing:  38%|██████████████████▊                               | 530/1411 [02:15<03:39,  4.01batch/s]
[09.24 16:31:09] ┇ INFO     ┇                 __main__ ┇ *    parsing:  38%|███████████████████▏                              | 540/1411 [02:17<03:28,  4.17batch/s]
[09.24 16:31:12] ┇ INFO     ┇                 __main__ ┇ *    parsing:  39%|███████████████████▍                              | 550/1411 [02:20<03:48,  3.77batch/s]
[09.24 16:31:14] ┇ INFO     ┇                 __main__ ┇ *    parsing:  40%|███████████████████▊                              | 560/1411 [02:22<03:37,  3.91batch/s]
[09.24 16:31:17] ┇ INFO     ┇                 __main__ ┇ *    parsing:  40%|████████████████████▏                             | 570/1411 [02:25<03:27,  4.05batch/s]
[09.24 16:31:19] ┇ INFO     ┇                 __main__ ┇ *    parsing:  41%|████████████████████▌                             | 580/1411 [02:27<03:37,  3.81batch/s]
[09.24 16:31:22] ┇ INFO     ┇                 __main__ ┇ *    parsing:  42%|████████████████████▉                             | 590/1411 [02:30<03:22,  4.06batch/s]
[09.24 16:31:24] ┇ INFO     ┇                 __main__ ┇ *    parsing:  43%|█████████████████████▎                            | 600/1411 [02:32<03:13,  4.19batch/s]
[09.24 16:31:27] ┇ INFO     ┇                 __main__ ┇ *    parsing:  43%|█████████████████████▌                            | 610/1411 [02:35<03:08,  4.25batch/s]
[09.24 16:31:29] ┇ INFO     ┇                 __main__ ┇ *    parsing:  44%|█████████████████████▉                            | 620/1411 [02:38<03:31,  3.74batch/s]
[09.24 16:31:32] ┇ INFO     ┇                 __main__ ┇ *    parsing:  45%|██████████████████████▎                           | 630/1411 [02:40<03:12,  4.05batch/s]
[09.24 16:31:35] ┇ INFO     ┇                 __main__ ┇ *    parsing:  45%|██████████████████████▋                           | 640/1411 [02:43<03:17,  3.89batch/s]
[09.24 16:31:37] ┇ INFO     ┇                 __main__ ┇ *    parsing:  46%|███████████████████████                           | 650/1411 [02:45<02:57,  4.30batch/s]
[09.24 16:31:39] ┇ INFO     ┇                 __main__ ┇ *    parsing:  47%|███████████████████████▍                          | 660/1411 [02:47<03:03,  4.10batch/s]
[09.24 16:31:42] ┇ INFO     ┇                 __main__ ┇ *    parsing:  47%|███████████████████████▋                          | 670/1411 [02:50<03:06,  3.98batch/s]
[09.24 16:31:44] ┇ INFO     ┇                 __main__ ┇ *    parsing:  48%|████████████████████████                          | 680/1411 [02:52<02:35,  4.69batch/s]
[09.24 16:31:47] ┇ INFO     ┇                 __main__ ┇ *    parsing:  49%|████████████████████████▍                         | 690/1411 [02:55<02:56,  4.09batch/s]
[09.24 16:31:49] ┇ INFO     ┇                 __main__ ┇ *    parsing:  50%|████████████████████████▊                         | 700/1411 [02:57<02:31,  4.70batch/s]
[09.24 16:31:51] ┇ INFO     ┇                 __main__ ┇ *    parsing:  50%|█████████████████████████▏                        | 710/1411 [02:59<02:50,  4.12batch/s]
[09.24 16:31:54] ┇ INFO     ┇                 __main__ ┇ *    parsing:  51%|█████████████████████████▌                        | 720/1411 [03:02<02:38,  4.36batch/s]
[09.24 16:31:56] ┇ INFO     ┇                 __main__ ┇ *    parsing:  52%|█████████████████████████▊                        | 730/1411 [03:04<02:43,  4.16batch/s]
[09.24 16:31:59] ┇ INFO     ┇                 __main__ ┇ *    parsing:  52%|██████████████████████████▏                       | 740/1411 [03:07<02:42,  4.12batch/s]
[09.24 16:32:01] ┇ INFO     ┇                 __main__ ┇ *    parsing:  53%|██████████████████████████▌                       | 750/1411 [03:09<02:58,  3.70batch/s]
[09.24 16:32:03] ┇ INFO     ┇                 __main__ ┇ *    parsing:  54%|██████████████████████████▉                       | 760/1411 [03:12<02:27,  4.42batch/s]
[09.24 16:32:06] ┇ INFO     ┇                 __main__ ┇ *    parsing:  55%|███████████████████████████▎                      | 770/1411 [03:14<02:36,  4.09batch/s]
[09.24 16:32:08] ┇ INFO     ┇                 __main__ ┇ *    parsing:  55%|███████████████████████████▋                      | 780/1411 [03:16<02:21,  4.46batch/s]
[09.24 16:32:11] ┇ INFO     ┇                 __main__ ┇ *    parsing:  56%|███████████████████████████▉                      | 790/1411 [03:19<02:34,  4.03batch/s]
[09.24 16:32:13] ┇ INFO     ┇                 __main__ ┇ *    parsing:  57%|████████████████████████████▎                     | 800/1411 [03:21<02:39,  3.84batch/s]
[09.24 16:32:15] ┇ INFO     ┇                 __main__ ┇ *    parsing:  57%|████████████████████████████▋                     | 810/1411 [03:24<02:27,  4.08batch/s]
[09.24 16:32:18] ┇ INFO     ┇                 __main__ ┇ *    parsing:  58%|█████████████████████████████                     | 820/1411 [03:26<02:20,  4.20batch/s]
[09.24 16:32:20] ┇ INFO     ┇                 __main__ ┇ *    parsing:  59%|█████████████████████████████▍                    | 830/1411 [03:28<02:19,  4.17batch/s]
[09.24 16:32:22] ┇ INFO     ┇                 __main__ ┇ *    parsing:  60%|█████████████████████████████▊                    | 840/1411 [03:31<02:15,  4.22batch/s]
[09.24 16:32:25] ┇ INFO     ┇                 __main__ ┇ *    parsing:  60%|██████████████████████████████                    | 850/1411 [03:33<01:57,  4.79batch/s]
[09.24 16:32:27] ┇ INFO     ┇                 __main__ ┇ *    parsing:  61%|██████████████████████████████▍                   | 860/1411 [03:35<01:55,  4.78batch/s]
[09.24 16:32:29] ┇ INFO     ┇                 __main__ ┇ *    parsing:  62%|██████████████████████████████▊                   | 870/1411 [03:37<02:14,  4.02batch/s]
[09.24 16:32:31] ┇ INFO     ┇                 __main__ ┇ *    parsing:  62%|███████████████████████████████▏                  | 880/1411 [03:40<02:03,  4.29batch/s]
[09.24 16:32:34] ┇ INFO     ┇                 __main__ ┇ *    parsing:  63%|███████████████████████████████▌                  | 890/1411 [03:42<01:56,  4.49batch/s]
[09.24 16:32:36] ┇ INFO     ┇                 __main__ ┇ *    parsing:  64%|███████████████████████████████▉                  | 900/1411 [03:44<01:58,  4.31batch/s]
[09.24 16:32:39] ┇ INFO     ┇                 __main__ ┇ *    parsing:  64%|████████████████████████████████▏                 | 910/1411 [03:47<02:13,  3.74batch/s]
[09.24 16:32:41] ┇ INFO     ┇                 __main__ ┇ *    parsing:  65%|████████████████████████████████▌                 | 920/1411 [03:49<01:52,  4.38batch/s]
[09.24 16:32:43] ┇ INFO     ┇                 __main__ ┇ *    parsing:  66%|████████████████████████████████▉                 | 930/1411 [03:51<01:52,  4.28batch/s]
[09.24 16:32:45] ┇ INFO     ┇                 __main__ ┇ *    parsing:  67%|█████████████████████████████████▎                | 940/1411 [03:53<01:44,  4.53batch/s]
[09.24 16:32:48] ┇ INFO     ┇                 __main__ ┇ *    parsing:  67%|█████████████████████████████████▋                | 950/1411 [03:56<01:46,  4.34batch/s]
[09.24 16:32:50] ┇ INFO     ┇                 __main__ ┇ *    parsing:  68%|██████████████████████████████████                | 960/1411 [03:58<01:53,  3.97batch/s]
[09.24 16:32:52] ┇ INFO     ┇                 __main__ ┇ *    parsing:  69%|██████████████████████████████████▎               | 970/1411 [04:01<01:54,  3.87batch/s]
[09.24 16:32:55] ┇ INFO     ┇                 __main__ ┇ *    parsing:  69%|██████████████████████████████████▋               | 980/1411 [04:03<01:45,  4.10batch/s]
[09.24 16:32:57] ┇ INFO     ┇                 __main__ ┇ *    parsing:  70%|███████████████████████████████████               | 990/1411 [04:06<01:41,  4.14batch/s]
[09.24 16:33:00] ┇ INFO     ┇                 __main__ ┇ *    parsing:  71%|███████████████████████████████████▍              | 1000/1411 [04:08<01:35,  4.33batch/s]
[09.24 16:33:02] ┇ INFO     ┇                 __main__ ┇ *    parsing:  72%|███████████████████████████████████▊              | 1010/1411 [04:11<01:38,  4.08batch/s]
[09.24 16:33:05] ┇ INFO     ┇                 __main__ ┇ *    parsing:  72%|████████████████████████████████████▏             | 1020/1411 [04:13<01:34,  4.12batch/s]
[09.24 16:33:07] ┇ INFO     ┇                 __main__ ┇ *    parsing:  73%|████████████████████████████████████▍             | 1030/1411 [04:16<01:42,  3.71batch/s]
[09.24 16:33:10] ┇ INFO     ┇                 __main__ ┇ *    parsing:  74%|████████████████████████████████████▊             | 1040/1411 [04:18<01:30,  4.10batch/s]
[09.24 16:33:13] ┇ INFO     ┇                 __main__ ┇ *    parsing:  74%|█████████████████████████████████████▏            | 1050/1411 [04:21<01:38,  3.65batch/s]
[09.24 16:33:15] ┇ INFO     ┇                 __main__ ┇ *    parsing:  75%|█████████████████████████████████████▌            | 1060/1411 [04:24<01:23,  4.22batch/s]
[09.24 16:33:18] ┇ INFO     ┇                 __main__ ┇ *    parsing:  76%|█████████████████████████████████████▉            | 1070/1411 [04:26<01:20,  4.26batch/s]
[09.24 16:33:21] ┇ INFO     ┇                 __main__ ┇ *    parsing:  77%|██████████████████████████████████████▎           | 1080/1411 [04:29<01:29,  3.68batch/s]
[09.24 16:33:23] ┇ INFO     ┇                 __main__ ┇ *    parsing:  77%|██████████████████████████████████████▋           | 1090/1411 [04:32<01:35,  3.36batch/s]
[09.24 16:33:26] ┇ INFO     ┇                 __main__ ┇ *    parsing:  78%|██████████████████████████████████████▉           | 1100/1411 [04:34<01:10,  4.44batch/s]
[09.24 16:33:28] ┇ INFO     ┇                 __main__ ┇ *    parsing:  79%|███████████████████████████████████████▎          | 1110/1411 [04:36<01:26,  3.48batch/s]
[09.24 16:33:31] ┇ INFO     ┇                 __main__ ┇ *    parsing:  79%|███████████████████████████████████████▋          | 1120/1411 [04:39<01:08,  4.27batch/s]
[09.24 16:33:33] ┇ INFO     ┇                 __main__ ┇ *    parsing:  80%|████████████████████████████████████████          | 1130/1411 [04:41<01:09,  4.02batch/s]
[09.24 16:33:35] ┇ INFO     ┇                 __main__ ┇ *    parsing:  81%|████████████████████████████████████████▍         | 1140/1411 [04:44<01:00,  4.49batch/s]
[09.24 16:33:38] ┇ INFO     ┇                 __main__ ┇ *    parsing:  82%|████████████████████████████████████████▊         | 1150/1411 [04:46<01:03,  4.09batch/s]
[09.24 16:33:40] ┇ INFO     ┇                 __main__ ┇ *    parsing:  82%|█████████████████████████████████████████         | 1160/1411 [04:48<00:59,  4.21batch/s]
[09.24 16:33:42] ┇ INFO     ┇                 __main__ ┇ *    parsing:  83%|█████████████████████████████████████████▍        | 1170/1411 [04:51<00:57,  4.21batch/s]
[09.24 16:33:45] ┇ INFO     ┇                 __main__ ┇ *    parsing:  84%|█████████████████████████████████████████▊        | 1180/1411 [04:53<00:54,  4.26batch/s]
[09.24 16:33:47] ┇ INFO     ┇                 __main__ ┇ *    parsing:  84%|██████████████████████████████████████████▏       | 1190/1411 [04:55<00:45,  4.86batch/s]
[09.24 16:33:49] ┇ INFO     ┇                 __main__ ┇ *    parsing:  85%|██████████████████████████████████████████▌       | 1200/1411 [04:58<00:44,  4.72batch/s]
[09.24 16:33:51] ┇ INFO     ┇                 __main__ ┇ *    parsing:  86%|██████████████████████████████████████████▉       | 1210/1411 [05:00<00:42,  4.74batch/s]
[09.24 16:33:54] ┇ INFO     ┇                 __main__ ┇ *    parsing:  86%|███████████████████████████████████████████▏      | 1220/1411 [05:02<00:40,  4.74batch/s]
[09.24 16:33:56] ┇ INFO     ┇                 __main__ ┇ *    parsing:  87%|███████████████████████████████████████████▌      | 1230/1411 [05:04<00:40,  4.46batch/s]
[09.24 16:33:58] ┇ INFO     ┇                 __main__ ┇ *    parsing:  88%|███████████████████████████████████████████▉      | 1240/1411 [05:06<00:35,  4.84batch/s]
[09.24 16:34:00] ┇ INFO     ┇                 __main__ ┇ *    parsing:  89%|████████████████████████████████████████████▎     | 1250/1411 [05:08<00:35,  4.49batch/s]
[09.24 16:34:03] ┇ INFO     ┇                 __main__ ┇ *    parsing:  89%|████████████████████████████████████████████▋     | 1260/1411 [05:11<00:32,  4.68batch/s]
[09.24 16:34:05] ┇ INFO     ┇                 __main__ ┇ *    parsing:  90%|█████████████████████████████████████████████     | 1270/1411 [05:13<00:30,  4.70batch/s]
[09.24 16:34:07] ┇ INFO     ┇                 __main__ ┇ *    parsing:  91%|█████████████████████████████████████████████▎    | 1280/1411 [05:15<00:30,  4.31batch/s]
[09.24 16:34:09] ┇ INFO     ┇                 __main__ ┇ *    parsing:  91%|█████████████████████████████████████████████▋    | 1290/1411 [05:17<00:25,  4.67batch/s]
[09.24 16:34:12] ┇ INFO     ┇                 __main__ ┇ *    parsing:  92%|██████████████████████████████████████████████    | 1300/1411 [05:20<00:25,  4.31batch/s]
[09.24 16:34:14] ┇ INFO     ┇                 __main__ ┇ *    parsing:  93%|██████████████████████████████████████████████▍   | 1310/1411 [05:22<00:23,  4.27batch/s]
[09.24 16:34:16] ┇ INFO     ┇                 __main__ ┇ *    parsing:  94%|██████████████████████████████████████████████▊   | 1320/1411 [05:24<00:19,  4.64batch/s]
[09.24 16:34:18] ┇ INFO     ┇                 __main__ ┇ *    parsing:  94%|███████████████████████████████████████████████▏  | 1330/1411 [05:26<00:16,  4.92batch/s]
[09.24 16:34:21] ┇ INFO     ┇                 __main__ ┇ *    parsing:  95%|███████████████████████████████████████████████▍  | 1340/1411 [05:29<00:15,  4.46batch/s]
[09.24 16:34:23] ┇ INFO     ┇                 __main__ ┇ *    parsing:  96%|███████████████████████████████████████████████▊  | 1350/1411 [05:31<00:17,  3.51batch/s]
[09.24 16:34:26] ┇ INFO     ┇                 __main__ ┇ *    parsing:  96%|████████████████████████████████████████████████▏ | 1360/1411 [05:34<00:11,  4.36batch/s]
[09.24 16:34:28] ┇ INFO     ┇                 __main__ ┇ *    parsing:  97%|████████████████████████████████████████████████▌ | 1370/1411 [05:36<00:09,  4.27batch/s]
[09.24 16:34:30] ┇ INFO     ┇                 __main__ ┇ *    parsing:  98%|████████████████████████████████████████████████▉ | 1380/1411 [05:39<00:07,  4.26batch/s]
[09.24 16:34:33] ┇ INFO     ┇                 __main__ ┇ *    parsing:  99%|█████████████████████████████████████████████████▎| 1390/1411 [05:41<00:05,  4.00batch/s]
[09.24 16:34:35] ┇ INFO     ┇                 __main__ ┇ *    parsing:  99%|█████████████████████████████████████████████████▌| 1400/1411 [05:43<00:02,  4.38batch/s]
[09.24 16:34:38] ┇ INFO     ┇                 __main__ ┇ *    parsing: 100%|█████████████████████████████████████████████████▉| 1410/1411 [05:46<00:00,  4.17batch/s]
[09.24 16:34:38] ┇ INFO     ┇                 __main__ ┇ *    parsing: 100%|██████████████████████████████████████████████████| 1411/1411 [05:46<00:00,  4.08batch/s]
[09.24 16:34:49] ┇ INFO     ┇                 __main__ ┇ *     saving:  49%|████████████████████████▌                         | 991296/2013506 [00:10<00:10, 100078.90row/s]
[09.24 16:34:59] ┇ INFO     ┇                 __main__ ┇ *     saving:  99%|█████████████████████████████████████████████████▌| 1993601/2013506 [00:21<00:00, 110745.39row/s]
[09.24 16:34:59] ┇ INFO     ┇                 __main__ ┇ *     saving: 100%|██████████████████████████████████████████████████| 2013506/2013506 [00:21<00:00, 95080.69row/s]
[09.24 16:34:59] ┇ INFO     ┇                 __main__ ┇ Saved 2013506 rows to [input/Wikipedia/kowiki-20230701-all-titles-in-ns0-parse.jsonl]
[09.24 16:34:59] ┇ INFO     ┇           chrisbase.data ┇ =========================================================================================================================================
[09.24 16:34:59] ┇ INFO     ┇           chrisbase.data ┇ [EXIT] python /home/chris/proj/WiseData-2023.08/parse_wikipedia.py  ($=00:06:07.403)
[09.24 16:34:59] ┇ INFO     ┇           chrisbase.data ┇ =========================================================================================================================================
