[09.27 16:30:46] ┇ INFO     ┇ =========================================================================================================================================
[09.27 16:30:46] ┇ INFO     ┇ [INIT] python /home/chris/proj/WiseData-2023.08/src/chrisdata/cli.py wikidata extract
[09.27 16:30:46] ┇ INFO     ┇ =========================================================================================================================================
[09.27 16:30:46] ┇ INFO     ┇ -----+-----------------------+--------------------------------------------------------
[09.27 16:30:46] ┇ INFO     ┇    # | IOArguments           | value
[09.27 16:30:46] ┇ INFO     ┇ -----+-----------------------+--------------------------------------------------------
[09.27 16:30:46] ┇ INFO     ┇    1 | tag                   |
[09.27 16:30:46] ┇ INFO     ┇    2 | env.project           | WiseData
[09.27 16:30:46] ┇ INFO     ┇    3 | env.job_name          | extract_wikidata
[09.27 16:30:46] ┇ INFO     ┇    4 | env.job_version       |
[09.27 16:30:46] ┇ INFO     ┇    5 | env.hostname          | chris463
[09.27 16:30:46] ┇ INFO     ┇    6 | env.hostaddr          | 129.254.181.36
[09.27 16:30:46] ┇ INFO     ┇    7 | env.time_stamp        | 0927.163046
[09.27 16:30:46] ┇ INFO     ┇    8 | env.python_path       | /home/chris/miniforge3/envs/WiseData/bin/python
[09.27 16:30:46] ┇ INFO     ┇    9 | env.current_dir       | /mnt/dat/proj/WiseData-2023.08
[09.27 16:30:46] ┇ INFO     ┇   10 | env.current_file      | /home/chris/proj/WiseData-2023.08/src/chrisdata/cli.py
[09.27 16:30:46] ┇ INFO     ┇   11 | env.working_dir       | /mnt/dat/proj/WiseData-2023.08
[09.27 16:30:46] ┇ INFO     ┇   12 | env.command_args      | ['wikidata', 'extract']
[09.27 16:30:46] ┇ INFO     ┇   13 | env.num_ip_addrs      | 1
[09.27 16:30:46] ┇ INFO     ┇   14 | env.max_workers       | 1
[09.27 16:30:46] ┇ INFO     ┇   15 | env.calling_sec       | 0.001
[09.27 16:30:46] ┇ INFO     ┇   16 | env.waiting_sec       | 300.0
[09.27 16:30:46] ┇ INFO     ┇   17 | env.debugging         | True
[09.27 16:30:46] ┇ INFO     ┇   18 | env.logging_home      | /mnt/dat/proj/WiseData-2023.08/output/wikidata/extract
[09.27 16:30:46] ┇ INFO     ┇   19 | env.logging_file      | logging-0927.163046.out
[09.27 16:30:46] ┇ INFO     ┇   20 | env.argument_file     |
[09.27 16:30:46] ┇ INFO     ┇   21 | env.date_format       | [%m.%d %H:%M:%S]
[09.27 16:30:46] ┇ INFO     ┇   22 | env.message_level     | 20
[09.27 16:30:46] ┇ INFO     ┇   23 | env.message_format    | %(asctime)s ┇ %(levelname)-8s ┇ %(message)s
[09.27 16:30:46] ┇ INFO     ┇   24 | time.started          | [09.27 16:30:46]
[09.27 16:30:46] ┇ INFO     ┇   25 | time.settled          |
[09.27 16:30:46] ┇ INFO     ┇   26 | time.elapsed          |
[09.27 16:30:46] ┇ INFO     ┇   27 | input.start           | 0.0
[09.27 16:30:46] ┇ INFO     ┇   28 | input.limit           | 2.0
[09.27 16:30:46] ┇ INFO     ┇   29 | input.batch           | 1.0
[09.27 16:30:46] ┇ INFO     ┇   30 | input.inter           | 1.0
[09.27 16:30:46] ┇ INFO     ┇   31 | input.total           | 105485440.0
[09.27 16:30:46] ┇ INFO     ┇   32 | input.data            | nan
[09.27 16:30:46] ┇ INFO     ┇   33 | input.table.name      | wikidata-20230911-all-parse-ko-en
[09.27 16:30:46] ┇ INFO     ┇   34 | input.table.home      | localhost:8800/Wikidata
[09.27 16:30:46] ┇ INFO     ┇   35 | input.table.user      |
[09.27 16:30:46] ┇ INFO     ┇   36 | input.table.pswd      |
[09.27 16:30:46] ┇ INFO     ┇   37 | input.table.reset     | False
[09.27 16:30:46] ┇ INFO     ┇   38 | input.table.required  | True
[09.27 16:30:46] ┇ INFO     ┇   39 | input.table.sort      | _id
[09.27 16:30:46] ┇ INFO     ┇   40 | input.table.find      | {}
[09.27 16:30:46] ┇ INFO     ┇   41 | input.table.timeout   | 10000
[09.27 16:30:46] ┇ INFO     ┇   42 | output.file.name      | wikidata-20230911-all-extract-0927.163046.jsonl
[09.27 16:30:46] ┇ INFO     ┇   43 | output.file.home      | output/wikidata
[09.27 16:30:46] ┇ INFO     ┇   44 | output.file.user      |
[09.27 16:30:46] ┇ INFO     ┇   45 | output.file.pswd      |
[09.27 16:30:46] ┇ INFO     ┇   46 | output.file.reset     | False
[09.27 16:30:46] ┇ INFO     ┇   47 | output.file.required  | True
[09.27 16:30:46] ┇ INFO     ┇   48 | output.file.mode      | w
[09.27 16:30:46] ┇ INFO     ┇   49 | output.file.encoding  | utf-8
[09.27 16:30:46] ┇ INFO     ┇   50 | output.table.name     | wikidata-20230911-all-extract
[09.27 16:30:46] ┇ INFO     ┇   51 | output.table.home     | localhost:8800/Wikidata
[09.27 16:30:46] ┇ INFO     ┇   52 | output.table.user     |
[09.27 16:30:46] ┇ INFO     ┇   53 | output.table.pswd     |
[09.27 16:30:46] ┇ INFO     ┇   54 | output.table.reset    | True
[09.27 16:30:46] ┇ INFO     ┇   55 | output.table.required | True
[09.27 16:30:46] ┇ INFO     ┇   56 | output.table.sort     | _id
[09.27 16:30:46] ┇ INFO     ┇   57 | output.table.find     | {}
[09.27 16:30:46] ┇ INFO     ┇   58 | output.table.timeout  | 10000
[09.27 16:30:46] ┇ INFO     ┇ -----+-----------------------+--------------------------------------------------------
[09.27 16:30:46] ┇ INFO     ┇ Drop an existing table: localhost:8800/Wikidata/wikidata-20230911-all-extract
[09.27 16:30:46] ┇ INFO     ┇ Extract from [localhost:8800/Wikidata/wikidata-20230911-all-parse-ko-en] to [localhost:8800/Wikidata/wikidata-20230911-all-extract]
[09.27 16:30:46] ┇ INFO     ┇ - [input] total=105485440 | start=0 | limit=2 | SingleItems=2
[09.27 16:30:46] ┇ INFO     ┇ - [output] table.reset=True | table.timeout=10000
[09.27 16:30:46] ┇ INFO     ┇ => extracting:  50%|█████████████████████████                         | 1/2 [00:00<00:00, 13.08item/s]
[09.27 16:30:47] ┇ INFO     ┇ => extracting: 100%|██████████████████████████████████████████████████| 2/2 [00:00<00:00,  4.77item/s]
[09.27 16:30:47] ┇ INFO     ┇ =========================================================================================================================================
[09.27 16:30:47] ┇ INFO     ┇ [EXIT] python /home/chris/proj/WiseData-2023.08/src/chrisdata/cli.py wikidata extract ($=00:00:00.434)
[09.27 16:30:47] ┇ INFO     ┇ =========================================================================================================================================
